<?xml version="1.0" encoding="UTF-8"?>
<testsuite name="projecttwo.app.server.service.appbasicsetup.usermanagement.UserAccessLevelTestCase" tests="5" skipped="0" failures="0" errors="0" timestamp="2016-08-24T09:13:21" hostname="779044df1698" time="0.383">
  <properties/>
  <testcase name="test1Save" classname="projecttwo.app.server.service.appbasicsetup.usermanagement.UserAccessLevelTestCase" time="0.102"/>
  <testcase name="test2Update" classname="projecttwo.app.server.service.appbasicsetup.usermanagement.UserAccessLevelTestCase" time="0.082"/>
  <testcase name="test3FindById" classname="projecttwo.app.server.service.appbasicsetup.usermanagement.UserAccessLevelTestCase" time="0.022"/>
  <testcase name="test5NegativeTesting" classname="projecttwo.app.server.service.appbasicsetup.usermanagement.UserAccessLevelTestCase" time="0.104"/>
  <testcase name="test6Delete" classname="projecttwo.app.server.service.appbasicsetup.usermanagement.UserAccessLevelTestCase" time="0.072"/>
  <system-out><![CDATA[Wed Aug 24 09:13:21 UTC 2016|Log Manager Factory|Initialization Process started.....
Wed Aug 24 09:13:21 UTC 2016|Log Manager|Initialized with Path = [/home/applifire/workspace/project2/src/main/webapp/WEB-INF/conf]
Wed Aug 24 09:13:21 UTC 2016|Alarm Manager|Initialized with Path = [/home/applifire/workspace/project2/src/main/webapp/WEB-INF/conf]
Wed Aug 24 09:13:21 UTC 2016|Alarm Manager|Loading Alarms ......
Wed Aug 24 09:13:21 UTC 2016|Alarm XML Parser|FWA|XML Parsing Complete........ 
Wed Aug 24 09:13:21 UTC 2016|Alarm File Manager|FWA|Alarm File Status.. [ApplicationFrameworkAlarms.xml]|Version=15|Status=Done 
Wed Aug 24 09:13:21 UTC 2016|Alarm File Manager|FWA|Alarm Stats = ( BC/AL=5/786 SYS=5/11 [786/0]  TPL=0/0 [0/0]  APP= A.Map=[875]  E.Map EC/RC=[391/79] )
Wed Aug 24 09:13:21 UTC 2016|Alarm XML Parser|APP|XML Parsing Complete........ 
Wed Aug 24 09:13:21 UTC 2016|Alarm File Manager|APP|Alarm File Status.. [ApplicationAlarms.xml]|Version=1|Status=Done 
Wed Aug 24 09:13:21 UTC 2016|Alarm File Manager|APP|Alarm Stats = ( BC/AL=5/786 SYS=5/11 [786/0]  TPL=0/0 [0/0]  APP=0/0 [0/0]  A.Map=[875]  E.Map EC/RC=[391/79] )
Wed Aug 24 09:13:21 UTC 2016|ApplicationAlarmContext| <><><><><> Create App Alarms ....  <><><><><> 
Wed Aug 24 09:13:21 UTC 2016|ApplicationAlarmContext|Alarms are generated ONLY in Development Mode.. 
Wed Aug 24 09:13:21 UTC 2016|Alarm Manager|APP|Alarm Stats = ( BC/AL=5/786 SYS=5/11 [786/0]  TPL=0/0 [0/0]  APP=0/0 [0/0]  A.Map=[875]  E.Map EC/RC=[391/79] )
Wed Aug 24 09:13:21 UTC 2016|Alarm Manager|Initialized Exception Lookup...
Wed Aug 24 09:13:21 UTC 2016|Log Manager|Initialize Log Config File ......
Wed Aug 24 09:13:21 UTC 2016|Pluggable Connectors|Adding Connectors : StandardOutputConnector isEnabled=true isDefault=false isFallBack=true
Wed Aug 24 09:13:21 UTC 2016|Pluggable Connectors|Adding Connectors : StandardFileConnector isEnabled=true isDefault=false isFallBack=false
Wed Aug 24 09:13:21 UTC 2016|Pluggable Connectors|Adding Connectors : Sprinkler isEnabled=true isDefault=true isFallBack=false
Wed Aug 24 09:13:21 UTC 2016|Pluggable Connectors|Default Connector Name : com.spartan.logger.core.LogMessenger
Wed Aug 24 09:13:21 UTC 2016|Log Config Parser|Connector Least Log Level =[4]  FallBack Log Level =[3]
Wed Aug 24 09:13:21 UTC 2016|Log Manager|Loading Default Connector for Logging ......
Wed Aug 24 09:13:21 UTC 2016|Log Manager|Loading class .. com.spartan.logger.core.LogMessenger
Wed Aug 24 09:13:21 UTC 2016|Plugggable Connector|Connector class com.spartan.logger.core.LogMessenger Initialized... @ Log Level = 3
Wed Aug 24 09:13:21 UTC 2016|Log Manager|Starting the Default Connector [com.spartan.logger.core.LogMessenger@32bc15b4] ....
Wed Aug 24 09:13:21 UTC 2016|Scheduler|Starting the Scheduler ......
Wed Aug 24 09:13:21 UTC 2016|Scheduler|Adding [LMID=[48db90a1-da1c-4294-b0dc-2cb1386596b8]] Delay=5 Time Unit=MINUTES
Wed Aug 24 09:13:21 UTC 2016|Scheduler|Adding [App Alarm Manager File=[ApplicationAlarms.xml]] Delay=30 Time Unit=MINUTES
Wed Aug 24 09:13:21 UTC 2016|Scheduler|Adding [FW Alarm Manager File=[ApplicationFrameworkAlarms.xml]] Delay=3 Time Unit=MINUTES
Wed Aug 24 09:13:21 UTC 2016|Scheduler|Startup Completed..
Wed Aug 24 09:13:21 UTC 2016|Log Manager|Initialization Process Complete ......
Wed Aug 24 09:13:21 UTC 2016|Log Manager Factory|Log Manager READY! ID = 48db90a1-da1c-4294-b0dc-2cb1386596b8
[EL Finer]: connection: 2016-08-24 09:13:21.761--ServerSession(516354556)--Thread(Thread[Test worker,5,main])--client acquired: 1335270285
[EL Finer]: transaction: 2016-08-24 09:13:21.761--ClientSession(1335270285)--Thread(Thread[Test worker,5,main])--acquire unit of work: 683568845
[EL Finest]: connection: 2016-08-24 09:13:21.761--ServerSession(516354556)--Connection(1851550112)--Thread(Thread[Test worker,5,main])--Connection acquired from connection pool [default].
[EL Finer]: transaction: 2016-08-24 09:13:21.761--ClientSession(1335270285)--Connection(1851550112)--Thread(Thread[Test worker,5,main])--begin transaction
[EL Finest]: connection: 2016-08-24 09:13:21.761--ClientSession(1335270285)--Thread(Thread[Test worker,5,main])--reconnecting to external connection pool
[EL Finest]: transaction: 2016-08-24 09:13:21.762--UnitOfWork(683568845)--Thread(Thread[Test worker,5,main])--persist() operation called on: 88471,ZqdtXoBAUDx8Ynk0nC2zrEklbxlCEB9m4SZgU3tGlTRNN1vkp2,aHbXHfhfL5HKn9Y85TyzqcUKgLjv70HucUqoFglGoBMYa48nyG.
[EL Finest]: sequencing: 2016-08-24 09:13:21.763--UnitOfWork(683568845)--Thread(Thread[Test worker,5,main])--assign sequence to the object (C2938851-09FF-414C-B6B0-1D22BAA5397A -> 88471,ZqdtXoBAUDx8Ynk0nC2zrEklbxlCEB9m4SZgU3tGlTRNN1vkp2,aHbXHfhfL5HKn9Y85TyzqcUKgLjv70HucUqoFglGoBMYa48nyG)
[EL Finer]: transaction: 2016-08-24 09:13:21.763--UnitOfWork(683568845)--Thread(Thread[Test worker,5,main])--begin unit of work commit
[EL Finest]: query: 2016-08-24 09:13:21.763--UnitOfWork(683568845)--Thread(Thread[Test worker,5,main])--Execute query InsertObjectQuery(88471,ZqdtXoBAUDx8Ynk0nC2zrEklbxlCEB9m4SZgU3tGlTRNN1vkp2,aHbXHfhfL5HKn9Y85TyzqcUKgLjv70HucUqoFglGoBMYa48nyG)
[EL Fine]: sql: 2016-08-24 09:13:21.764--ClientSession(1335270285)--Connection(2081350929)--Thread(Thread[Test worker,5,main])--INSERT INTO ast_UserAccessLevel_M (userAccessLevelId, levelDescription, levelHelp, levelIcon, levelName, userAccessLevel, versionId, createdBy, createdDate, updatedBy, updatedDate, activeStatus, txnAccessCode) VALUES (?, ?, ?, ?, ?, ?, ?, ?, ?, ?, ?, ?, ?)
	bind => [C2938851-09FF-414C-B6B0-1D22BAA5397A, aHbXHfhfL5HKn9Y85TyzqcUKgLjv70HucUqoFglGoBMYa48nyG, t8Pn1eO0xjZ89EXvORwXa5Cbkmo30ALdkrqKnUUY6nCF4d25iT, W4DAyQ76qhN4cCzTgnyLtVbQMoxzjVBcOcEDAa9AufQtRBf34f, ZqdtXoBAUDx8Ynk0nC2zrEklbxlCEB9m4SZgU3tGlTRNN1vkp2, 88471, 1, AAAAA, 2016-08-24 09:13:21.744, AAAAA, 2016-08-24 09:13:21.744, 1, 51000]
[EL Finer]: transaction: 2016-08-24 09:13:21.765--ClientSession(1335270285)--Connection(2081350929)--Thread(Thread[Test worker,5,main])--commit transaction
[EL Finest]: connection: 2016-08-24 09:13:21.819--ServerSession(516354556)--Connection(1851550112)--Thread(Thread[Test worker,5,main])--Connection released to connection pool [default].
[EL Finer]: transaction: 2016-08-24 09:13:21.819--UnitOfWork(683568845)--Thread(Thread[Test worker,5,main])--end unit of work commit
[EL Finer]: transaction: 2016-08-24 09:13:21.82--UnitOfWork(683568845)--Thread(Thread[Test worker,5,main])--resume unit of work
[EL Finer]: transaction: 2016-08-24 09:13:21.82--UnitOfWork(683568845)--Thread(Thread[Test worker,5,main])--release unit of work
[EL Finer]: connection: 2016-08-24 09:13:21.82--ClientSession(1335270285)--Thread(Thread[Test worker,5,main])--client released
[EL Finer]: connection: 2016-08-24 09:13:21.843--ServerSession(516354556)--Thread(Thread[Test worker,5,main])--client acquired: 1393845019
[EL Finer]: transaction: 2016-08-24 09:13:21.843--ClientSession(1393845019)--Thread(Thread[Test worker,5,main])--acquire unit of work: 1601612857
[EL Finest]: connection: 2016-08-24 09:13:21.843--ServerSession(516354556)--Connection(1747256101)--Thread(Thread[Test worker,5,main])--Connection acquired from connection pool [default].
[EL Finer]: transaction: 2016-08-24 09:13:21.844--ClientSession(1393845019)--Connection(1747256101)--Thread(Thread[Test worker,5,main])--begin transaction
[EL Finest]: connection: 2016-08-24 09:13:21.844--ClientSession(1393845019)--Thread(Thread[Test worker,5,main])--reconnecting to external connection pool
[EL Finer]: transaction: 2016-08-24 09:13:21.845--UnitOfWork(1601612857)--Thread(Thread[Test worker,5,main])--begin unit of work flush
[EL Finer]: transaction: 2016-08-24 09:13:21.845--UnitOfWork(1601612857)--Thread(Thread[Test worker,5,main])--end unit of work flush
[EL Finest]: query: 2016-08-24 09:13:21.846--UnitOfWork(1601612857)--Thread(Thread[Test worker,5,main])--Execute query ReadAllQuery(name="UserAccessLevel.findById" referenceClass=UserAccessLevel sql="SELECT userAccessLevelId, levelDescription, levelHelp, levelIcon, levelName, userAccessLevel, versionId, createdBy, createdDate, updatedBy, updatedDate, activeStatus, txnAccessCode FROM ast_UserAccessLevel_M WHERE ((activeStatus = ?) AND (userAccessLevelId = ?))")
[EL Fine]: sql: 2016-08-24 09:13:21.846--ClientSession(1393845019)--Connection(118153690)--Thread(Thread[Test worker,5,main])--SELECT userAccessLevelId, levelDescription, levelHelp, levelIcon, levelName, userAccessLevel, versionId, createdBy, createdDate, updatedBy, updatedDate, activeStatus, txnAccessCode FROM ast_UserAccessLevel_M WHERE ((activeStatus = ?) AND (userAccessLevelId = ?))
	bind => [1, C2938851-09FF-414C-B6B0-1D22BAA5397A]
[EL Finer]: transaction: 2016-08-24 09:13:21.848--UnitOfWork(1601612857)--Thread(Thread[Test worker,5,main])--begin unit of work commit
[EL Finer]: transaction: 2016-08-24 09:13:21.848--ClientSession(1393845019)--Connection(118153690)--Thread(Thread[Test worker,5,main])--commit transaction
[EL Finest]: connection: 2016-08-24 09:13:21.848--ServerSession(516354556)--Connection(1747256101)--Thread(Thread[Test worker,5,main])--Connection released to connection pool [default].
[EL Finer]: transaction: 2016-08-24 09:13:21.848--UnitOfWork(1601612857)--Thread(Thread[Test worker,5,main])--end unit of work commit
[EL Finer]: transaction: 2016-08-24 09:13:21.849--UnitOfWork(1601612857)--Thread(Thread[Test worker,5,main])--resume unit of work
[EL Finer]: transaction: 2016-08-24 09:13:21.849--UnitOfWork(1601612857)--Thread(Thread[Test worker,5,main])--release unit of work
[EL Finer]: connection: 2016-08-24 09:13:21.849--ClientSession(1393845019)--Thread(Thread[Test worker,5,main])--client released
[EL Finer]: connection: 2016-08-24 09:13:21.849--ServerSession(516354556)--Thread(Thread[Test worker,5,main])--client acquired: 974837247
[EL Finer]: transaction: 2016-08-24 09:13:21.849--ClientSession(974837247)--Thread(Thread[Test worker,5,main])--acquire unit of work: 936867366
[EL Finest]: connection: 2016-08-24 09:13:21.849--ServerSession(516354556)--Connection(230111867)--Thread(Thread[Test worker,5,main])--Connection acquired from connection pool [default].
[EL Finer]: transaction: 2016-08-24 09:13:21.85--ClientSession(974837247)--Connection(230111867)--Thread(Thread[Test worker,5,main])--begin transaction
[EL Finest]: connection: 2016-08-24 09:13:21.85--ClientSession(974837247)--Thread(Thread[Test worker,5,main])--reconnecting to external connection pool
[EL Finest]: transaction: 2016-08-24 09:13:21.853--UnitOfWork(936867366)--Thread(Thread[Test worker,5,main])--Merge clone with references 96869,tc97tdBD3Ters08YuEkuMHK7XAjhi9wKOaT9DMluzBWyWp2bKO,iLyK26OOXhxOrCDiDA9a73OnEJH9miT4Q9bSY32zo203a2KWl0
[EL Finest]: query: 2016-08-24 09:13:21.853--UnitOfWork(936867366)--Thread(Thread[Test worker,5,main])--Execute query ReadObjectQuery(referenceClass=UserAccessLevel )
[EL Fine]: sql: 2016-08-24 09:13:21.853--ClientSession(974837247)--Connection(941919001)--Thread(Thread[Test worker,5,main])--SELECT userAccessLevelId, levelDescription, levelHelp, levelIcon, levelName, userAccessLevel, versionId, createdBy, createdDate, updatedBy, updatedDate, activeStatus, txnAccessCode FROM ast_UserAccessLevel_M WHERE (userAccessLevelId = ?)
	bind => [C2938851-09FF-414C-B6B0-1D22BAA5397A]
[EL Finer]: transaction: 2016-08-24 09:13:21.855--UnitOfWork(936867366)--Thread(Thread[Test worker,5,main])--begin unit of work commit
[EL Finest]: query: 2016-08-24 09:13:21.855--UnitOfWork(936867366)--Thread(Thread[Test worker,5,main])--Execute query UpdateObjectQuery(96869,tc97tdBD3Ters08YuEkuMHK7XAjhi9wKOaT9DMluzBWyWp2bKO,iLyK26OOXhxOrCDiDA9a73OnEJH9miT4Q9bSY32zo203a2KWl0)
[EL Fine]: sql: 2016-08-24 09:13:21.856--ClientSession(974837247)--Connection(941919001)--Thread(Thread[Test worker,5,main])--UPDATE ast_UserAccessLevel_M SET levelDescription = ?, levelHelp = ?, levelIcon = ?, levelName = ?, userAccessLevel = ?, versionId = ? WHERE ((userAccessLevelId = ?) AND (versionId = ?))
	bind => [iLyK26OOXhxOrCDiDA9a73OnEJH9miT4Q9bSY32zo203a2KWl0, iekuBT7eHRck05sbCzDZwCQV6TXpK12a4bvhYBEYCADhtduVDI, TlxztAH5EcokP5HgHsd7DOpa70nkgKx5U0fvlv1G5GVIi87AnT, tc97tdBD3Ters08YuEkuMHK7XAjhi9wKOaT9DMluzBWyWp2bKO, 96869, 2, C2938851-09FF-414C-B6B0-1D22BAA5397A, 1]
[EL Finer]: transaction: 2016-08-24 09:13:21.857--ClientSession(974837247)--Connection(941919001)--Thread(Thread[Test worker,5,main])--commit transaction
[EL Finest]: connection: 2016-08-24 09:13:21.902--ServerSession(516354556)--Connection(230111867)--Thread(Thread[Test worker,5,main])--Connection released to connection pool [default].
[EL Finer]: transaction: 2016-08-24 09:13:21.902--UnitOfWork(936867366)--Thread(Thread[Test worker,5,main])--end unit of work commit
[EL Finer]: transaction: 2016-08-24 09:13:21.902--UnitOfWork(936867366)--Thread(Thread[Test worker,5,main])--resume unit of work
[EL Finer]: transaction: 2016-08-24 09:13:21.903--UnitOfWork(936867366)--Thread(Thread[Test worker,5,main])--release unit of work
[EL Finer]: connection: 2016-08-24 09:13:21.903--ClientSession(974837247)--Thread(Thread[Test worker,5,main])--client released
[EL Finer]: connection: 2016-08-24 09:13:21.92--ServerSession(516354556)--Thread(Thread[Test worker,5,main])--client acquired: 1042765111
[EL Finer]: transaction: 2016-08-24 09:13:21.921--ClientSession(1042765111)--Thread(Thread[Test worker,5,main])--acquire unit of work: 139177410
[EL Finest]: connection: 2016-08-24 09:13:21.921--ServerSession(516354556)--Connection(545038287)--Thread(Thread[Test worker,5,main])--Connection acquired from connection pool [default].
[EL Finer]: transaction: 2016-08-24 09:13:21.921--ClientSession(1042765111)--Connection(545038287)--Thread(Thread[Test worker,5,main])--begin transaction
[EL Finest]: connection: 2016-08-24 09:13:21.921--ClientSession(1042765111)--Thread(Thread[Test worker,5,main])--reconnecting to external connection pool
[EL Finer]: transaction: 2016-08-24 09:13:21.922--UnitOfWork(139177410)--Thread(Thread[Test worker,5,main])--begin unit of work flush
[EL Finer]: transaction: 2016-08-24 09:13:21.922--UnitOfWork(139177410)--Thread(Thread[Test worker,5,main])--end unit of work flush
[EL Finest]: query: 2016-08-24 09:13:21.922--UnitOfWork(139177410)--Thread(Thread[Test worker,5,main])--Execute query ReadAllQuery(name="UserAccessLevel.findById" referenceClass=UserAccessLevel sql="SELECT userAccessLevelId, levelDescription, levelHelp, levelIcon, levelName, userAccessLevel, versionId, createdBy, createdDate, updatedBy, updatedDate, activeStatus, txnAccessCode FROM ast_UserAccessLevel_M WHERE ((activeStatus = ?) AND (userAccessLevelId = ?))")
[EL Fine]: sql: 2016-08-24 09:13:21.922--ClientSession(1042765111)--Connection(1557613353)--Thread(Thread[Test worker,5,main])--SELECT userAccessLevelId, levelDescription, levelHelp, levelIcon, levelName, userAccessLevel, versionId, createdBy, createdDate, updatedBy, updatedDate, activeStatus, txnAccessCode FROM ast_UserAccessLevel_M WHERE ((activeStatus = ?) AND (userAccessLevelId = ?))
	bind => [1, C2938851-09FF-414C-B6B0-1D22BAA5397A]
[EL Finer]: transaction: 2016-08-24 09:13:21.924--UnitOfWork(139177410)--Thread(Thread[Test worker,5,main])--begin unit of work commit
[EL Finer]: transaction: 2016-08-24 09:13:21.924--ClientSession(1042765111)--Connection(1557613353)--Thread(Thread[Test worker,5,main])--commit transaction
[EL Finest]: connection: 2016-08-24 09:13:21.925--ServerSession(516354556)--Connection(545038287)--Thread(Thread[Test worker,5,main])--Connection released to connection pool [default].
[EL Finer]: transaction: 2016-08-24 09:13:21.925--UnitOfWork(139177410)--Thread(Thread[Test worker,5,main])--end unit of work commit
[EL Finer]: transaction: 2016-08-24 09:13:21.925--UnitOfWork(139177410)--Thread(Thread[Test worker,5,main])--resume unit of work
[EL Finer]: transaction: 2016-08-24 09:13:21.925--UnitOfWork(139177410)--Thread(Thread[Test worker,5,main])--release unit of work
[EL Finer]: connection: 2016-08-24 09:13:21.925--ClientSession(1042765111)--Thread(Thread[Test worker,5,main])--client released
[EL Finer]: connection: 2016-08-24 09:13:21.942--ServerSession(516354556)--Thread(Thread[Test worker,5,main])--client acquired: 534158148
[EL Finer]: transaction: 2016-08-24 09:13:21.942--ClientSession(534158148)--Thread(Thread[Test worker,5,main])--acquire unit of work: 1114348976
[EL Finest]: connection: 2016-08-24 09:13:21.943--ServerSession(516354556)--Connection(658354145)--Thread(Thread[Test worker,5,main])--Connection acquired from connection pool [default].
[EL Finer]: transaction: 2016-08-24 09:13:21.943--ClientSession(534158148)--Connection(658354145)--Thread(Thread[Test worker,5,main])--begin transaction
[EL Finest]: connection: 2016-08-24 09:13:21.943--ClientSession(534158148)--Thread(Thread[Test worker,5,main])--reconnecting to external connection pool
[EL Finer]: transaction: 2016-08-24 09:13:21.944--UnitOfWork(1114348976)--Thread(Thread[Test worker,5,main])--begin unit of work flush
[EL Finer]: transaction: 2016-08-24 09:13:21.944--UnitOfWork(1114348976)--Thread(Thread[Test worker,5,main])--end unit of work flush
[EL Finest]: query: 2016-08-24 09:13:21.944--UnitOfWork(1114348976)--Thread(Thread[Test worker,5,main])--Execute query ReadAllQuery(name="UserAccessLevel.findById" referenceClass=UserAccessLevel sql="SELECT userAccessLevelId, levelDescription, levelHelp, levelIcon, levelName, userAccessLevel, versionId, createdBy, createdDate, updatedBy, updatedDate, activeStatus, txnAccessCode FROM ast_UserAccessLevel_M WHERE ((activeStatus = ?) AND (userAccessLevelId = ?))")
[EL Fine]: sql: 2016-08-24 09:13:21.944--ClientSession(534158148)--Connection(103477249)--Thread(Thread[Test worker,5,main])--SELECT userAccessLevelId, levelDescription, levelHelp, levelIcon, levelName, userAccessLevel, versionId, createdBy, createdDate, updatedBy, updatedDate, activeStatus, txnAccessCode FROM ast_UserAccessLevel_M WHERE ((activeStatus = ?) AND (userAccessLevelId = ?))
	bind => [1, C2938851-09FF-414C-B6B0-1D22BAA5397A]
[EL Finer]: transaction: 2016-08-24 09:13:21.945--UnitOfWork(1114348976)--Thread(Thread[Test worker,5,main])--begin unit of work commit
[EL Finer]: transaction: 2016-08-24 09:13:21.946--ClientSession(534158148)--Connection(103477249)--Thread(Thread[Test worker,5,main])--commit transaction
[EL Finest]: connection: 2016-08-24 09:13:21.946--ServerSession(516354556)--Connection(658354145)--Thread(Thread[Test worker,5,main])--Connection released to connection pool [default].
[EL Finer]: transaction: 2016-08-24 09:13:21.946--UnitOfWork(1114348976)--Thread(Thread[Test worker,5,main])--end unit of work commit
[EL Finer]: transaction: 2016-08-24 09:13:21.946--UnitOfWork(1114348976)--Thread(Thread[Test worker,5,main])--resume unit of work
[EL Finer]: transaction: 2016-08-24 09:13:21.946--UnitOfWork(1114348976)--Thread(Thread[Test worker,5,main])--release unit of work
[EL Finer]: connection: 2016-08-24 09:13:21.946--ClientSession(534158148)--Thread(Thread[Test worker,5,main])--client released
[EL Finer]: connection: 2016-08-24 09:13:21.972--ServerSession(516354556)--Thread(Thread[Test worker,5,main])--client acquired: 435861393
[EL Finer]: transaction: 2016-08-24 09:13:21.972--ClientSession(435861393)--Thread(Thread[Test worker,5,main])--acquire unit of work: 455712234
[EL Finest]: connection: 2016-08-24 09:13:21.972--ServerSession(516354556)--Connection(1228831636)--Thread(Thread[Test worker,5,main])--Connection acquired from connection pool [default].
[EL Finer]: transaction: 2016-08-24 09:13:21.972--ClientSession(435861393)--Connection(1228831636)--Thread(Thread[Test worker,5,main])--begin transaction
[EL Finest]: connection: 2016-08-24 09:13:21.972--ClientSession(435861393)--Thread(Thread[Test worker,5,main])--reconnecting to external connection pool
[EL Finest]: transaction: 2016-08-24 09:13:21.976--UnitOfWork(455712234)--Thread(Thread[Test worker,5,main])--persist() operation called on: 96869,ZqdtXoBAUDx8Ynk0nC2zrEklbxlCEB9m4SZgU3tGlTRNN1vkp2,aHbXHfhfL5HKn9Y85TyzqcUKgLjv70HucUqoFglGoBMYa48nyG.
[EL Finest]: sequencing: 2016-08-24 09:13:21.976--UnitOfWork(455712234)--Thread(Thread[Test worker,5,main])--assign sequence to the object (E7A97076-6EA8-46D0-845B-349B9C8FE0AD -> 96869,ZqdtXoBAUDx8Ynk0nC2zrEklbxlCEB9m4SZgU3tGlTRNN1vkp2,aHbXHfhfL5HKn9Y85TyzqcUKgLjv70HucUqoFglGoBMYa48nyG)
[EL Finer]: transaction: 2016-08-24 09:13:21.976--UnitOfWork(455712234)--Thread(Thread[Test worker,5,main])--begin unit of work commit
[EL Finest]: query: 2016-08-24 09:13:21.976--UnitOfWork(455712234)--Thread(Thread[Test worker,5,main])--Execute query InsertObjectQuery(96869,ZqdtXoBAUDx8Ynk0nC2zrEklbxlCEB9m4SZgU3tGlTRNN1vkp2,aHbXHfhfL5HKn9Y85TyzqcUKgLjv70HucUqoFglGoBMYa48nyG)
[EL Fine]: sql: 2016-08-24 09:13:21.977--ClientSession(435861393)--Connection(1623662866)--Thread(Thread[Test worker,5,main])--INSERT INTO ast_UserAccessLevel_M (userAccessLevelId, levelDescription, levelHelp, levelIcon, levelName, userAccessLevel, versionId, createdBy, createdDate, updatedBy, updatedDate, activeStatus, txnAccessCode) VALUES (?, ?, ?, ?, ?, ?, ?, ?, ?, ?, ?, ?, ?)
	bind => [E7A97076-6EA8-46D0-845B-349B9C8FE0AD, aHbXHfhfL5HKn9Y85TyzqcUKgLjv70HucUqoFglGoBMYa48nyG, t8Pn1eO0xjZ89EXvORwXa5Cbkmo30ALdkrqKnUUY6nCF4d25iT, W4DAyQ76qhN4cCzTgnyLtVbQMoxzjVBcOcEDAa9AufQtRBf34f, ZqdtXoBAUDx8Ynk0nC2zrEklbxlCEB9m4SZgU3tGlTRNN1vkp2, 96869, 1, AAAAA, 2016-08-24 09:13:21.972, AAAAA, 2016-08-24 09:13:21.972, 1, 51000]
[EL Fine]: sql: 2016-08-24 09:13:21.978--ClientSession(435861393)--Thread(Thread[Test worker,5,main])--SELECT 1
[EL Warning]: 2016-08-24 09:13:21.978--ClientSession(435861393)--Thread(Thread[Test worker,5,main])--Local Exception Stack: 
Exception [EclipseLink-4002] (Eclipse Persistence Services - 2.5.1.v20130918-f2b9fc5): org.eclipse.persistence.exceptions.DatabaseException
Internal Exception: com.mysql.jdbc.exceptions.jdbc4.MySQLIntegrityConstraintViolationException: Duplicate entry '96869' for key 'userAccessLevel'
Error Code: 1062
Call: INSERT INTO ast_UserAccessLevel_M (userAccessLevelId, levelDescription, levelHelp, levelIcon, levelName, userAccessLevel, versionId, createdBy, createdDate, updatedBy, updatedDate, activeStatus, txnAccessCode) VALUES (?, ?, ?, ?, ?, ?, ?, ?, ?, ?, ?, ?, ?)
	bind => [E7A97076-6EA8-46D0-845B-349B9C8FE0AD, aHbXHfhfL5HKn9Y85TyzqcUKgLjv70HucUqoFglGoBMYa48nyG, t8Pn1eO0xjZ89EXvORwXa5Cbkmo30ALdkrqKnUUY6nCF4d25iT, W4DAyQ76qhN4cCzTgnyLtVbQMoxzjVBcOcEDAa9AufQtRBf34f, ZqdtXoBAUDx8Ynk0nC2zrEklbxlCEB9m4SZgU3tGlTRNN1vkp2, 96869, 1, AAAAA, 2016-08-24 09:13:21.972, AAAAA, 2016-08-24 09:13:21.972, 1, 51000]
	at org.eclipse.persistence.exceptions.DatabaseException.sqlException(DatabaseException.java:331)
	at org.eclipse.persistence.internal.databaseaccess.DatabaseAccessor.executeDirectNoSelect(DatabaseAccessor.java:900)
	at org.eclipse.persistence.internal.databaseaccess.DatabaseAccessor.executeNoSelect(DatabaseAccessor.java:962)
	at org.eclipse.persistence.internal.databaseaccess.DatabaseAccessor.basicExecuteCall(DatabaseAccessor.java:631)
	at org.eclipse.persistence.internal.databaseaccess.ParameterizedSQLBatchWritingMechanism.executeBatchedStatements(ParameterizedSQLBatchWritingMechanism.java:130)
	at org.eclipse.persistence.internal.databaseaccess.DatabaseAccessor.writesCompleted(DatabaseAccessor.java:1836)
	at org.eclipse.persistence.internal.databaseaccess.DatabaseAccessor.commitTransaction(DatabaseAccessor.java:426)
	at org.eclipse.persistence.internal.sessions.AbstractSession.basicCommitTransaction(AbstractSession.java:758)
	at org.eclipse.persistence.sessions.server.ClientSession.basicCommitTransaction(ClientSession.java:174)
	at org.eclipse.persistence.internal.sessions.AbstractSession.commitTransaction(AbstractSession.java:962)
	at org.eclipse.persistence.internal.sessions.UnitOfWorkImpl.commitTransaction(UnitOfWorkImpl.java:1600)
	at org.eclipse.persistence.internal.sessions.RepeatableWriteUnitOfWork.commitTransaction(RepeatableWriteUnitOfWork.java:647)
	at org.eclipse.persistence.internal.sessions.UnitOfWorkImpl.commitTransactionAfterWriteChanges(UnitOfWorkImpl.java:1615)
	at org.eclipse.persistence.internal.sessions.RepeatableWriteUnitOfWork.commitRootUnitOfWork(RepeatableWriteUnitOfWork.java:284)
	at org.eclipse.persistence.internal.sessions.UnitOfWorkImpl.commitAndResume(UnitOfWorkImpl.java:1169)
	at org.eclipse.persistence.internal.jpa.transaction.EntityTransactionImpl.commit(EntityTransactionImpl.java:132)
	at org.springframework.orm.jpa.JpaTransactionManager.doCommit(JpaTransactionManager.java:515)
	at org.springframework.transaction.support.AbstractPlatformTransactionManager.processCommit(AbstractPlatformTransactionManager.java:757)
	at org.springframework.transaction.support.AbstractPlatformTransactionManager.commit(AbstractPlatformTransactionManager.java:726)
	at org.springframework.transaction.interceptor.TransactionAspectSupport.commitTransactionAfterReturning(TransactionAspectSupport.java:478)
	at org.springframework.transaction.interceptor.TransactionAspectSupport.invokeWithinTransaction(TransactionAspectSupport.java:272)
	at org.springframework.transaction.interceptor.TransactionInterceptor.invoke(TransactionInterceptor.java:95)
	at org.springframework.aop.framework.ReflectiveMethodInvocation.proceed(ReflectiveMethodInvocation.java:172)
	at org.springframework.aop.interceptor.ExposeInvocationInterceptor.invoke(ExposeInvocationInterceptor.java:91)
	at org.springframework.aop.framework.ReflectiveMethodInvocation.proceed(ReflectiveMethodInvocation.java:172)
	at org.springframework.aop.framework.CglibAopProxy$DynamicAdvisedInterceptor.intercept(CglibAopProxy.java:634)
	at projecttwo.app.server.repository.appbasicsetup.usermanagement.UserAccessLevelRepositoryImpl$$EnhancerByCGLIB$$f32423ad.save(<generated>)
	at projecttwo.app.server.repository.appbasicsetup.usermanagement.UserAccessLevelRepositoryImpl$$FastClassByCGLIB$$cb62ce7e.invoke(<generated>)
	at org.springframework.cglib.proxy.MethodProxy.invoke(MethodProxy.java:204)
	at org.springframework.aop.framework.CglibAopProxy$CglibMethodInvocation.invokeJoinpoint(CglibAopProxy.java:701)
	at org.springframework.aop.framework.ReflectiveMethodInvocation.proceed(ReflectiveMethodInvocation.java:150)
	at org.springframework.aop.support.DelegatingIntroductionInterceptor.doProceed(DelegatingIntroductionInterceptor.java:132)
	at org.springframework.aop.support.DelegatingIntroductionInterceptor.invoke(DelegatingIntroductionInterceptor.java:120)
	at org.springframework.aop.framework.ReflectiveMethodInvocation.proceed(ReflectiveMethodInvocation.java:172)
	at org.springframework.aop.framework.CglibAopProxy$DynamicAdvisedInterceptor.intercept(CglibAopProxy.java:634)
	at projecttwo.app.server.repository.appbasicsetup.usermanagement.UserAccessLevelRepositoryImpl$$EnhancerByCGLIB$$17638a45.save(<generated>)
	at projecttwo.app.server.service.appbasicsetup.usermanagement.UserAccessLevelTestCase.validateUserAccessLevel(UserAccessLevelTestCase.java:216)
	at projecttwo.app.server.service.appbasicsetup.usermanagement.UserAccessLevelTestCase.test5NegativeTesting(UserAccessLevelTestCase.java:293)
	at sun.reflect.NativeMethodAccessorImpl.invoke0(Native Method)
	at sun.reflect.NativeMethodAccessorImpl.invoke(NativeMethodAccessorImpl.java:57)
	at sun.reflect.DelegatingMethodAccessorImpl.invoke(DelegatingMethodAccessorImpl.java:43)
	at java.lang.reflect.Method.invoke(Method.java:606)
	at org.junit.runners.model.FrameworkMethod$1.runReflectiveCall(FrameworkMethod.java:47)
	at org.junit.internal.runners.model.ReflectiveCallable.run(ReflectiveCallable.java:12)
	at org.junit.runners.model.FrameworkMethod.invokeExplosively(FrameworkMethod.java:44)
	at org.junit.internal.runners.statements.InvokeMethod.evaluate(InvokeMethod.java:17)
	at org.junit.internal.runners.statements.RunBefores.evaluate(RunBefores.java:26)
	at org.springframework.test.context.junit4.statements.RunBeforeTestMethodCallbacks.evaluate(RunBeforeTestMethodCallbacks.java:74)
	at org.junit.internal.runners.statements.RunAfters.evaluate(RunAfters.java:27)
	at org.springframework.test.context.junit4.statements.RunAfterTestMethodCallbacks.evaluate(RunAfterTestMethodCallbacks.java:83)
	at org.springframework.test.context.junit4.statements.SpringRepeat.evaluate(SpringRepeat.java:72)
	at org.springframework.test.context.junit4.SpringJUnit4ClassRunner.runChild(SpringJUnit4ClassRunner.java:233)
	at org.springframework.test.context.junit4.SpringJUnit4ClassRunner.runChild(SpringJUnit4ClassRunner.java:87)
	at org.junit.runners.ParentRunner$3.run(ParentRunner.java:238)
	at org.junit.runners.ParentRunner$1.schedule(ParentRunner.java:63)
	at org.junit.runners.ParentRunner.runChildren(ParentRunner.java:236)
	at org.junit.runners.ParentRunner.access$000(ParentRunner.java:53)
	at org.junit.runners.ParentRunner$2.evaluate(ParentRunner.java:229)
	at org.junit.internal.runners.statements.RunBefores.evaluate(RunBefores.java:26)
	at org.springframework.test.context.junit4.statements.RunBeforeTestClassCallbacks.evaluate(RunBeforeTestClassCallbacks.java:61)
	at org.springframework.test.context.junit4.statements.RunAfterTestClassCallbacks.evaluate(RunAfterTestClassCallbacks.java:71)
	at org.junit.runners.ParentRunner.run(ParentRunner.java:309)
	at org.springframework.test.context.junit4.SpringJUnit4ClassRunner.run(SpringJUnit4ClassRunner.java:176)
	at org.gradle.api.internal.tasks.testing.junit.JUnitTestClassExecuter.runTestClass(JUnitTestClassExecuter.java:86)
	at org.gradle.api.internal.tasks.testing.junit.JUnitTestClassExecuter.execute(JUnitTestClassExecuter.java:49)
	at org.gradle.api.internal.tasks.testing.junit.JUnitTestClassProcessor.processTestClass(JUnitTestClassProcessor.java:64)
	at org.gradle.api.internal.tasks.testing.SuiteTestClassProcessor.processTestClass(SuiteTestClassProcessor.java:50)
	at sun.reflect.NativeMethodAccessorImpl.invoke0(Native Method)
	at sun.reflect.NativeMethodAccessorImpl.invoke(NativeMethodAccessorImpl.java:57)
	at sun.reflect.DelegatingMethodAccessorImpl.invoke(DelegatingMethodAccessorImpl.java:43)
	at java.lang.reflect.Method.invoke(Method.java:606)
	at org.gradle.messaging.dispatch.ReflectionDispatch.dispatch(ReflectionDispatch.java:35)
	at org.gradle.messaging.dispatch.ReflectionDispatch.dispatch(ReflectionDispatch.java:24)
	at org.gradle.messaging.dispatch.ContextClassLoaderDispatch.dispatch(ContextClassLoaderDispatch.java:32)
	at org.gradle.messaging.dispatch.ProxyDispatchAdapter$DispatchingInvocationHandler.invoke(ProxyDispatchAdapter.java:93)
	at com.sun.proxy.$Proxy2.processTestClass(Unknown Source)
	at org.gradle.api.internal.tasks.testing.worker.TestWorker.processTestClass(TestWorker.java:106)
	at sun.reflect.NativeMethodAccessorImpl.invoke0(Native Method)
	at sun.reflect.NativeMethodAccessorImpl.invoke(NativeMethodAccessorImpl.java:57)
	at sun.reflect.DelegatingMethodAccessorImpl.invoke(DelegatingMethodAccessorImpl.java:43)
	at java.lang.reflect.Method.invoke(Method.java:606)
	at org.gradle.messaging.dispatch.ReflectionDispatch.dispatch(ReflectionDispatch.java:35)
	at org.gradle.messaging.dispatch.ReflectionDispatch.dispatch(ReflectionDispatch.java:24)
	at org.gradle.messaging.remote.internal.hub.MessageHub$Handler.run(MessageHub.java:360)
	at org.gradle.internal.concurrent.DefaultExecutorFactory$StoppableExecutorImpl$1.run(DefaultExecutorFactory.java:64)
	at java.util.concurrent.ThreadPoolExecutor.runWorker(ThreadPoolExecutor.java:1145)
	at java.util.concurrent.ThreadPoolExecutor$Worker.run(ThreadPoolExecutor.java:615)
	at java.lang.Thread.run(Thread.java:745)
Caused by: com.mysql.jdbc.exceptions.jdbc4.MySQLIntegrityConstraintViolationException: Duplicate entry '96869' for key 'userAccessLevel'
	at sun.reflect.NativeConstructorAccessorImpl.newInstance0(Native Method)
	at sun.reflect.NativeConstructorAccessorImpl.newInstance(NativeConstructorAccessorImpl.java:57)
	at sun.reflect.DelegatingConstructorAccessorImpl.newInstance(DelegatingConstructorAccessorImpl.java:45)
	at java.lang.reflect.Constructor.newInstance(Constructor.java:526)
	at com.mysql.jdbc.Util.handleNewInstance(Util.java:408)
	at com.mysql.jdbc.Util.getInstance(Util.java:383)
	at com.mysql.jdbc.SQLError.createSQLException(SQLError.java:1049)
	at com.mysql.jdbc.MysqlIO.checkErrorPacket(MysqlIO.java:4226)
	at com.mysql.jdbc.MysqlIO.checkErrorPacket(MysqlIO.java:4158)
	at com.mysql.jdbc.MysqlIO.sendCommand(MysqlIO.java:2615)
	at com.mysql.jdbc.MysqlIO.sqlQueryDirect(MysqlIO.java:2776)
	at com.mysql.jdbc.ConnectionImpl.execSQL(ConnectionImpl.java:2840)
	at com.mysql.jdbc.PreparedStatement.executeInternal(PreparedStatement.java:2082)
	at com.mysql.jdbc.PreparedStatement.executeUpdate(PreparedStatement.java:2334)
	at com.mysql.jdbc.PreparedStatement.executeUpdate(PreparedStatement.java:2262)
	at com.mysql.jdbc.PreparedStatement.executeUpdate(PreparedStatement.java:2246)
	at org.apache.commons.dbcp.DelegatingPreparedStatement.executeUpdate(DelegatingPreparedStatement.java:105)
	at org.apache.commons.dbcp.DelegatingPreparedStatement.executeUpdate(DelegatingPreparedStatement.java:105)
	at org.eclipse.persistence.internal.databaseaccess.DatabaseAccessor.executeDirectNoSelect(DatabaseAccessor.java:890)
	... 86 more

[EL Finer]: transaction: 2016-08-24 09:13:21.979--ClientSession(435861393)--Connection(1623662866)--Thread(Thread[Test worker,5,main])--rollback transaction
[EL Finest]: connection: 2016-08-24 09:13:22.025--ServerSession(516354556)--Connection(1228831636)--Thread(Thread[Test worker,5,main])--Connection released to connection pool [default].
[EL Finer]: transaction: 2016-08-24 09:13:22.025--UnitOfWork(455712234)--Thread(Thread[Test worker,5,main])--release unit of work
[EL Finer]: connection: 2016-08-24 09:13:22.026--ClientSession(435861393)--Thread(Thread[Test worker,5,main])--client released
[EL Finer]: connection: 2016-08-24 09:13:22.046--ServerSession(516354556)--Thread(Thread[Test worker,5,main])--client acquired: 1235423825
[EL Finer]: transaction: 2016-08-24 09:13:22.046--ClientSession(1235423825)--Thread(Thread[Test worker,5,main])--acquire unit of work: 1896327579
[EL Finest]: connection: 2016-08-24 09:13:22.046--ServerSession(516354556)--Connection(772815126)--Thread(Thread[Test worker,5,main])--Connection acquired from connection pool [default].
[EL Finer]: transaction: 2016-08-24 09:13:22.046--ClientSession(1235423825)--Connection(772815126)--Thread(Thread[Test worker,5,main])--begin transaction
[EL Finest]: connection: 2016-08-24 09:13:22.047--ClientSession(1235423825)--Thread(Thread[Test worker,5,main])--reconnecting to external connection pool
[EL Finest]: query: 2016-08-24 09:13:22.048--UnitOfWork(1896327579)--Thread(Thread[Test worker,5,main])--Execute query ReadObjectQuery(name="readUserAccessLevel" referenceClass=UserAccessLevel sql="SELECT userAccessLevelId, levelDescription, levelHelp, levelIcon, levelName, userAccessLevel, versionId, createdBy, createdDate, updatedBy, updatedDate, activeStatus, txnAccessCode FROM ast_UserAccessLevel_M WHERE (userAccessLevelId = ?)")
[EL Fine]: sql: 2016-08-24 09:13:22.048--ClientSession(1235423825)--Connection(682088750)--Thread(Thread[Test worker,5,main])--SELECT userAccessLevelId, levelDescription, levelHelp, levelIcon, levelName, userAccessLevel, versionId, createdBy, createdDate, updatedBy, updatedDate, activeStatus, txnAccessCode FROM ast_UserAccessLevel_M WHERE (userAccessLevelId = ?)
	bind => [C2938851-09FF-414C-B6B0-1D22BAA5397A]
[EL Finest]: transaction: 2016-08-24 09:13:22.049--UnitOfWork(1896327579)--Thread(Thread[Test worker,5,main])--remove() operation called on: 96869,tc97tdBD3Ters08YuEkuMHK7XAjhi9wKOaT9DMluzBWyWp2bKO,iLyK26OOXhxOrCDiDA9a73OnEJH9miT4Q9bSY32zo203a2KWl0
[EL Finer]: transaction: 2016-08-24 09:13:22.049--UnitOfWork(1896327579)--Thread(Thread[Test worker,5,main])--begin unit of work commit
[EL Finest]: query: 2016-08-24 09:13:22.049--UnitOfWork(1896327579)--Thread(Thread[Test worker,5,main])--Execute query DoesExistQuery(referenceClass=UserAccessLevel )
[EL Finest]: query: 2016-08-24 09:13:22.05--UnitOfWork(1896327579)--Thread(Thread[Test worker,5,main])--Execute query DeleteObjectQuery(96869,tc97tdBD3Ters08YuEkuMHK7XAjhi9wKOaT9DMluzBWyWp2bKO,iLyK26OOXhxOrCDiDA9a73OnEJH9miT4Q9bSY32zo203a2KWl0)
[EL Fine]: sql: 2016-08-24 09:13:22.05--ClientSession(1235423825)--Connection(682088750)--Thread(Thread[Test worker,5,main])--DELETE FROM ast_UserAccessLevel_M WHERE ((userAccessLevelId = ?) AND (versionId = ?))
	bind => [C2938851-09FF-414C-B6B0-1D22BAA5397A, 2]
[EL Finer]: transaction: 2016-08-24 09:13:22.075--ClientSession(1235423825)--Connection(682088750)--Thread(Thread[Test worker,5,main])--commit transaction
[EL Finest]: connection: 2016-08-24 09:13:22.1--ServerSession(516354556)--Connection(772815126)--Thread(Thread[Test worker,5,main])--Connection released to connection pool [default].
[EL Finer]: transaction: 2016-08-24 09:13:22.1--UnitOfWork(1896327579)--Thread(Thread[Test worker,5,main])--end unit of work commit
[EL Finer]: transaction: 2016-08-24 09:13:22.1--UnitOfWork(1896327579)--Thread(Thread[Test worker,5,main])--resume unit of work
[EL Finer]: transaction: 2016-08-24 09:13:22.1--UnitOfWork(1896327579)--Thread(Thread[Test worker,5,main])--release unit of work
[EL Finer]: connection: 2016-08-24 09:13:22.1--ClientSession(1235423825)--Thread(Thread[Test worker,5,main])--client released
]]></system-out>
  <system-err><![CDATA[UserAccessLevel.userAccessLevel may not be null
java.lang.SecurityException: UserAccessLevel.userAccessLevel may not be null
	at com.athena.server.pluggable.utils.helper.EntityValidatorHelper.validateEntity(EntityValidatorHelper.java:37)
	at projecttwo.app.shared.appbasicsetup.usermanagement.UserAccessLevel.isValid(UserAccessLevel.java:209)
	at projecttwo.app.server.service.appbasicsetup.usermanagement.UserAccessLevelTestCase.validateUserAccessLevel(UserAccessLevelTestCase.java:212)
	at projecttwo.app.server.service.appbasicsetup.usermanagement.UserAccessLevelTestCase.test5NegativeTesting(UserAccessLevelTestCase.java:251)
	at sun.reflect.NativeMethodAccessorImpl.invoke0(Native Method)
	at sun.reflect.NativeMethodAccessorImpl.invoke(NativeMethodAccessorImpl.java:57)
	at sun.reflect.DelegatingMethodAccessorImpl.invoke(DelegatingMethodAccessorImpl.java:43)
	at java.lang.reflect.Method.invoke(Method.java:606)
	at org.junit.runners.model.FrameworkMethod$1.runReflectiveCall(FrameworkMethod.java:47)
	at org.junit.internal.runners.model.ReflectiveCallable.run(ReflectiveCallable.java:12)
	at org.junit.runners.model.FrameworkMethod.invokeExplosively(FrameworkMethod.java:44)
	at org.junit.internal.runners.statements.InvokeMethod.evaluate(InvokeMethod.java:17)
	at org.junit.internal.runners.statements.RunBefores.evaluate(RunBefores.java:26)
	at org.springframework.test.context.junit4.statements.RunBeforeTestMethodCallbacks.evaluate(RunBeforeTestMethodCallbacks.java:74)
	at org.junit.internal.runners.statements.RunAfters.evaluate(RunAfters.java:27)
	at org.springframework.test.context.junit4.statements.RunAfterTestMethodCallbacks.evaluate(RunAfterTestMethodCallbacks.java:83)
	at org.springframework.test.context.junit4.statements.SpringRepeat.evaluate(SpringRepeat.java:72)
	at org.springframework.test.context.junit4.SpringJUnit4ClassRunner.runChild(SpringJUnit4ClassRunner.java:233)
	at org.springframework.test.context.junit4.SpringJUnit4ClassRunner.runChild(SpringJUnit4ClassRunner.java:87)
	at org.junit.runners.ParentRunner$3.run(ParentRunner.java:238)
	at org.junit.runners.ParentRunner$1.schedule(ParentRunner.java:63)
	at org.junit.runners.ParentRunner.runChildren(ParentRunner.java:236)
	at org.junit.runners.ParentRunner.access$000(ParentRunner.java:53)
	at org.junit.runners.ParentRunner$2.evaluate(ParentRunner.java:229)
	at org.junit.internal.runners.statements.RunBefores.evaluate(RunBefores.java:26)
	at org.springframework.test.context.junit4.statements.RunBeforeTestClassCallbacks.evaluate(RunBeforeTestClassCallbacks.java:61)
	at org.springframework.test.context.junit4.statements.RunAfterTestClassCallbacks.evaluate(RunAfterTestClassCallbacks.java:71)
	at org.junit.runners.ParentRunner.run(ParentRunner.java:309)
	at org.springframework.test.context.junit4.SpringJUnit4ClassRunner.run(SpringJUnit4ClassRunner.java:176)
	at org.gradle.api.internal.tasks.testing.junit.JUnitTestClassExecuter.runTestClass(JUnitTestClassExecuter.java:86)
	at org.gradle.api.internal.tasks.testing.junit.JUnitTestClassExecuter.execute(JUnitTestClassExecuter.java:49)
	at org.gradle.api.internal.tasks.testing.junit.JUnitTestClassProcessor.processTestClass(JUnitTestClassProcessor.java:64)
	at org.gradle.api.internal.tasks.testing.SuiteTestClassProcessor.processTestClass(SuiteTestClassProcessor.java:50)
	at sun.reflect.NativeMethodAccessorImpl.invoke0(Native Method)
	at sun.reflect.NativeMethodAccessorImpl.invoke(NativeMethodAccessorImpl.java:57)
	at sun.reflect.DelegatingMethodAccessorImpl.invoke(DelegatingMethodAccessorImpl.java:43)
	at java.lang.reflect.Method.invoke(Method.java:606)
	at org.gradle.messaging.dispatch.ReflectionDispatch.dispatch(ReflectionDispatch.java:35)
	at org.gradle.messaging.dispatch.ReflectionDispatch.dispatch(ReflectionDispatch.java:24)
	at org.gradle.messaging.dispatch.ContextClassLoaderDispatch.dispatch(ContextClassLoaderDispatch.java:32)
	at org.gradle.messaging.dispatch.ProxyDispatchAdapter$DispatchingInvocationHandler.invoke(ProxyDispatchAdapter.java:93)
	at com.sun.proxy.$Proxy2.processTestClass(Unknown Source)
	at org.gradle.api.internal.tasks.testing.worker.TestWorker.processTestClass(TestWorker.java:106)
	at sun.reflect.NativeMethodAccessorImpl.invoke0(Native Method)
	at sun.reflect.NativeMethodAccessorImpl.invoke(NativeMethodAccessorImpl.java:57)
	at sun.reflect.DelegatingMethodAccessorImpl.invoke(DelegatingMethodAccessorImpl.java:43)
	at java.lang.reflect.Method.invoke(Method.java:606)
	at org.gradle.messaging.dispatch.ReflectionDispatch.dispatch(ReflectionDispatch.java:35)
	at org.gradle.messaging.dispatch.ReflectionDispatch.dispatch(ReflectionDispatch.java:24)
	at org.gradle.messaging.remote.internal.hub.MessageHub$Handler.run(MessageHub.java:360)
	at org.gradle.internal.concurrent.DefaultExecutorFactory$StoppableExecutorImpl$1.run(DefaultExecutorFactory.java:64)
	at java.util.concurrent.ThreadPoolExecutor.runWorker(ThreadPoolExecutor.java:1145)
	at java.util.concurrent.ThreadPoolExecutor$Worker.run(ThreadPoolExecutor.java:615)
	at java.lang.Thread.run(Thread.java:745)
UserAccessLevel.userAccessLevel must be less than or equal to 99999
java.lang.SecurityException: UserAccessLevel.userAccessLevel must be less than or equal to 99999
	at com.athena.server.pluggable.utils.helper.EntityValidatorHelper.validateEntity(EntityValidatorHelper.java:37)
	at projecttwo.app.shared.appbasicsetup.usermanagement.UserAccessLevel.isValid(UserAccessLevel.java:209)
	at projecttwo.app.server.service.appbasicsetup.usermanagement.UserAccessLevelTestCase.validateUserAccessLevel(UserAccessLevelTestCase.java:210)
	at projecttwo.app.server.service.appbasicsetup.usermanagement.UserAccessLevelTestCase.test5NegativeTesting(UserAccessLevelTestCase.java:256)
	at sun.reflect.NativeMethodAccessorImpl.invoke0(Native Method)
	at sun.reflect.NativeMethodAccessorImpl.invoke(NativeMethodAccessorImpl.java:57)
	at sun.reflect.DelegatingMethodAccessorImpl.invoke(DelegatingMethodAccessorImpl.java:43)
	at java.lang.reflect.Method.invoke(Method.java:606)
	at org.junit.runners.model.FrameworkMethod$1.runReflectiveCall(FrameworkMethod.java:47)
	at org.junit.internal.runners.model.ReflectiveCallable.run(ReflectiveCallable.java:12)
	at org.junit.runners.model.FrameworkMethod.invokeExplosively(FrameworkMethod.java:44)
	at org.junit.internal.runners.statements.InvokeMethod.evaluate(InvokeMethod.java:17)
	at org.junit.internal.runners.statements.RunBefores.evaluate(RunBefores.java:26)
	at org.springframework.test.context.junit4.statements.RunBeforeTestMethodCallbacks.evaluate(RunBeforeTestMethodCallbacks.java:74)
	at org.junit.internal.runners.statements.RunAfters.evaluate(RunAfters.java:27)
	at org.springframework.test.context.junit4.statements.RunAfterTestMethodCallbacks.evaluate(RunAfterTestMethodCallbacks.java:83)
	at org.springframework.test.context.junit4.statements.SpringRepeat.evaluate(SpringRepeat.java:72)
	at org.springframework.test.context.junit4.SpringJUnit4ClassRunner.runChild(SpringJUnit4ClassRunner.java:233)
	at org.springframework.test.context.junit4.SpringJUnit4ClassRunner.runChild(SpringJUnit4ClassRunner.java:87)
	at org.junit.runners.ParentRunner$3.run(ParentRunner.java:238)
	at org.junit.runners.ParentRunner$1.schedule(ParentRunner.java:63)
	at org.junit.runners.ParentRunner.runChildren(ParentRunner.java:236)
	at org.junit.runners.ParentRunner.access$000(ParentRunner.java:53)
	at org.junit.runners.ParentRunner$2.evaluate(ParentRunner.java:229)
	at org.junit.internal.runners.statements.RunBefores.evaluate(RunBefores.java:26)
	at org.springframework.test.context.junit4.statements.RunBeforeTestClassCallbacks.evaluate(RunBeforeTestClassCallbacks.java:61)
	at org.springframework.test.context.junit4.statements.RunAfterTestClassCallbacks.evaluate(RunAfterTestClassCallbacks.java:71)
	at org.junit.runners.ParentRunner.run(ParentRunner.java:309)
	at org.springframework.test.context.junit4.SpringJUnit4ClassRunner.run(SpringJUnit4ClassRunner.java:176)
	at org.gradle.api.internal.tasks.testing.junit.JUnitTestClassExecuter.runTestClass(JUnitTestClassExecuter.java:86)
	at org.gradle.api.internal.tasks.testing.junit.JUnitTestClassExecuter.execute(JUnitTestClassExecuter.java:49)
	at org.gradle.api.internal.tasks.testing.junit.JUnitTestClassProcessor.processTestClass(JUnitTestClassProcessor.java:64)
	at org.gradle.api.internal.tasks.testing.SuiteTestClassProcessor.processTestClass(SuiteTestClassProcessor.java:50)
	at sun.reflect.NativeMethodAccessorImpl.invoke0(Native Method)
	at sun.reflect.NativeMethodAccessorImpl.invoke(NativeMethodAccessorImpl.java:57)
	at sun.reflect.DelegatingMethodAccessorImpl.invoke(DelegatingMethodAccessorImpl.java:43)
	at java.lang.reflect.Method.invoke(Method.java:606)
	at org.gradle.messaging.dispatch.ReflectionDispatch.dispatch(ReflectionDispatch.java:35)
	at org.gradle.messaging.dispatch.ReflectionDispatch.dispatch(ReflectionDispatch.java:24)
	at org.gradle.messaging.dispatch.ContextClassLoaderDispatch.dispatch(ContextClassLoaderDispatch.java:32)
	at org.gradle.messaging.dispatch.ProxyDispatchAdapter$DispatchingInvocationHandler.invoke(ProxyDispatchAdapter.java:93)
	at com.sun.proxy.$Proxy2.processTestClass(Unknown Source)
	at org.gradle.api.internal.tasks.testing.worker.TestWorker.processTestClass(TestWorker.java:106)
	at sun.reflect.NativeMethodAccessorImpl.invoke0(Native Method)
	at sun.reflect.NativeMethodAccessorImpl.invoke(NativeMethodAccessorImpl.java:57)
	at sun.reflect.DelegatingMethodAccessorImpl.invoke(DelegatingMethodAccessorImpl.java:43)
	at java.lang.reflect.Method.invoke(Method.java:606)
	at org.gradle.messaging.dispatch.ReflectionDispatch.dispatch(ReflectionDispatch.java:35)
	at org.gradle.messaging.dispatch.ReflectionDispatch.dispatch(ReflectionDispatch.java:24)
	at org.gradle.messaging.remote.internal.hub.MessageHub$Handler.run(MessageHub.java:360)
	at org.gradle.internal.concurrent.DefaultExecutorFactory$StoppableExecutorImpl$1.run(DefaultExecutorFactory.java:64)
	at java.util.concurrent.ThreadPoolExecutor.runWorker(ThreadPoolExecutor.java:1145)
	at java.util.concurrent.ThreadPoolExecutor$Worker.run(ThreadPoolExecutor.java:615)
	at java.lang.Thread.run(Thread.java:745)
UserAccessLevel.levelName may not be null
java.lang.SecurityException: UserAccessLevel.levelName may not be null
	at com.athena.server.pluggable.utils.helper.EntityValidatorHelper.validateEntity(EntityValidatorHelper.java:37)
	at projecttwo.app.shared.appbasicsetup.usermanagement.UserAccessLevel.isValid(UserAccessLevel.java:209)
	at projecttwo.app.server.service.appbasicsetup.usermanagement.UserAccessLevelTestCase.validateUserAccessLevel(UserAccessLevelTestCase.java:212)
	at projecttwo.app.server.service.appbasicsetup.usermanagement.UserAccessLevelTestCase.test5NegativeTesting(UserAccessLevelTestCase.java:262)
	at sun.reflect.NativeMethodAccessorImpl.invoke0(Native Method)
	at sun.reflect.NativeMethodAccessorImpl.invoke(NativeMethodAccessorImpl.java:57)
	at sun.reflect.DelegatingMethodAccessorImpl.invoke(DelegatingMethodAccessorImpl.java:43)
	at java.lang.reflect.Method.invoke(Method.java:606)
	at org.junit.runners.model.FrameworkMethod$1.runReflectiveCall(FrameworkMethod.java:47)
	at org.junit.internal.runners.model.ReflectiveCallable.run(ReflectiveCallable.java:12)
	at org.junit.runners.model.FrameworkMethod.invokeExplosively(FrameworkMethod.java:44)
	at org.junit.internal.runners.statements.InvokeMethod.evaluate(InvokeMethod.java:17)
	at org.junit.internal.runners.statements.RunBefores.evaluate(RunBefores.java:26)
	at org.springframework.test.context.junit4.statements.RunBeforeTestMethodCallbacks.evaluate(RunBeforeTestMethodCallbacks.java:74)
	at org.junit.internal.runners.statements.RunAfters.evaluate(RunAfters.java:27)
	at org.springframework.test.context.junit4.statements.RunAfterTestMethodCallbacks.evaluate(RunAfterTestMethodCallbacks.java:83)
	at org.springframework.test.context.junit4.statements.SpringRepeat.evaluate(SpringRepeat.java:72)
	at org.springframework.test.context.junit4.SpringJUnit4ClassRunner.runChild(SpringJUnit4ClassRunner.java:233)
	at org.springframework.test.context.junit4.SpringJUnit4ClassRunner.runChild(SpringJUnit4ClassRunner.java:87)
	at org.junit.runners.ParentRunner$3.run(ParentRunner.java:238)
	at org.junit.runners.ParentRunner$1.schedule(ParentRunner.java:63)
	at org.junit.runners.ParentRunner.runChildren(ParentRunner.java:236)
	at org.junit.runners.ParentRunner.access$000(ParentRunner.java:53)
	at org.junit.runners.ParentRunner$2.evaluate(ParentRunner.java:229)
	at org.junit.internal.runners.statements.RunBefores.evaluate(RunBefores.java:26)
	at org.springframework.test.context.junit4.statements.RunBeforeTestClassCallbacks.evaluate(RunBeforeTestClassCallbacks.java:61)
	at org.springframework.test.context.junit4.statements.RunAfterTestClassCallbacks.evaluate(RunAfterTestClassCallbacks.java:71)
	at org.junit.runners.ParentRunner.run(ParentRunner.java:309)
	at org.springframework.test.context.junit4.SpringJUnit4ClassRunner.run(SpringJUnit4ClassRunner.java:176)
	at org.gradle.api.internal.tasks.testing.junit.JUnitTestClassExecuter.runTestClass(JUnitTestClassExecuter.java:86)
	at org.gradle.api.internal.tasks.testing.junit.JUnitTestClassExecuter.execute(JUnitTestClassExecuter.java:49)
	at org.gradle.api.internal.tasks.testing.junit.JUnitTestClassProcessor.processTestClass(JUnitTestClassProcessor.java:64)
	at org.gradle.api.internal.tasks.testing.SuiteTestClassProcessor.processTestClass(SuiteTestClassProcessor.java:50)
	at sun.reflect.NativeMethodAccessorImpl.invoke0(Native Method)
	at sun.reflect.NativeMethodAccessorImpl.invoke(NativeMethodAccessorImpl.java:57)
	at sun.reflect.DelegatingMethodAccessorImpl.invoke(DelegatingMethodAccessorImpl.java:43)
	at java.lang.reflect.Method.invoke(Method.java:606)
	at org.gradle.messaging.dispatch.ReflectionDispatch.dispatch(ReflectionDispatch.java:35)
	at org.gradle.messaging.dispatch.ReflectionDispatch.dispatch(ReflectionDispatch.java:24)
	at org.gradle.messaging.dispatch.ContextClassLoaderDispatch.dispatch(ContextClassLoaderDispatch.java:32)
	at org.gradle.messaging.dispatch.ProxyDispatchAdapter$DispatchingInvocationHandler.invoke(ProxyDispatchAdapter.java:93)
	at com.sun.proxy.$Proxy2.processTestClass(Unknown Source)
	at org.gradle.api.internal.tasks.testing.worker.TestWorker.processTestClass(TestWorker.java:106)
	at sun.reflect.NativeMethodAccessorImpl.invoke0(Native Method)
	at sun.reflect.NativeMethodAccessorImpl.invoke(NativeMethodAccessorImpl.java:57)
	at sun.reflect.DelegatingMethodAccessorImpl.invoke(DelegatingMethodAccessorImpl.java:43)
	at java.lang.reflect.Method.invoke(Method.java:606)
	at org.gradle.messaging.dispatch.ReflectionDispatch.dispatch(ReflectionDispatch.java:35)
	at org.gradle.messaging.dispatch.ReflectionDispatch.dispatch(ReflectionDispatch.java:24)
	at org.gradle.messaging.remote.internal.hub.MessageHub$Handler.run(MessageHub.java:360)
	at org.gradle.internal.concurrent.DefaultExecutorFactory$StoppableExecutorImpl$1.run(DefaultExecutorFactory.java:64)
	at java.util.concurrent.ThreadPoolExecutor.runWorker(ThreadPoolExecutor.java:1145)
	at java.util.concurrent.ThreadPoolExecutor$Worker.run(ThreadPoolExecutor.java:615)
	at java.lang.Thread.run(Thread.java:745)
UserAccessLevel.levelName size must be between 3 and 256
java.lang.SecurityException: UserAccessLevel.levelName size must be between 3 and 256
	at com.athena.server.pluggable.utils.helper.EntityValidatorHelper.validateEntity(EntityValidatorHelper.java:37)
	at projecttwo.app.shared.appbasicsetup.usermanagement.UserAccessLevel.isValid(UserAccessLevel.java:209)
	at projecttwo.app.server.service.appbasicsetup.usermanagement.UserAccessLevelTestCase.validateUserAccessLevel(UserAccessLevelTestCase.java:210)
	at projecttwo.app.server.service.appbasicsetup.usermanagement.UserAccessLevelTestCase.test5NegativeTesting(UserAccessLevelTestCase.java:267)
	at sun.reflect.NativeMethodAccessorImpl.invoke0(Native Method)
	at sun.reflect.NativeMethodAccessorImpl.invoke(NativeMethodAccessorImpl.java:57)
	at sun.reflect.DelegatingMethodAccessorImpl.invoke(DelegatingMethodAccessorImpl.java:43)
	at java.lang.reflect.Method.invoke(Method.java:606)
	at org.junit.runners.model.FrameworkMethod$1.runReflectiveCall(FrameworkMethod.java:47)
	at org.junit.internal.runners.model.ReflectiveCallable.run(ReflectiveCallable.java:12)
	at org.junit.runners.model.FrameworkMethod.invokeExplosively(FrameworkMethod.java:44)
	at org.junit.internal.runners.statements.InvokeMethod.evaluate(InvokeMethod.java:17)
	at org.junit.internal.runners.statements.RunBefores.evaluate(RunBefores.java:26)
	at org.springframework.test.context.junit4.statements.RunBeforeTestMethodCallbacks.evaluate(RunBeforeTestMethodCallbacks.java:74)
	at org.junit.internal.runners.statements.RunAfters.evaluate(RunAfters.java:27)
	at org.springframework.test.context.junit4.statements.RunAfterTestMethodCallbacks.evaluate(RunAfterTestMethodCallbacks.java:83)
	at org.springframework.test.context.junit4.statements.SpringRepeat.evaluate(SpringRepeat.java:72)
	at org.springframework.test.context.junit4.SpringJUnit4ClassRunner.runChild(SpringJUnit4ClassRunner.java:233)
	at org.springframework.test.context.junit4.SpringJUnit4ClassRunner.runChild(SpringJUnit4ClassRunner.java:87)
	at org.junit.runners.ParentRunner$3.run(ParentRunner.java:238)
	at org.junit.runners.ParentRunner$1.schedule(ParentRunner.java:63)
	at org.junit.runners.ParentRunner.runChildren(ParentRunner.java:236)
	at org.junit.runners.ParentRunner.access$000(ParentRunner.java:53)
	at org.junit.runners.ParentRunner$2.evaluate(ParentRunner.java:229)
	at org.junit.internal.runners.statements.RunBefores.evaluate(RunBefores.java:26)
	at org.springframework.test.context.junit4.statements.RunBeforeTestClassCallbacks.evaluate(RunBeforeTestClassCallbacks.java:61)
	at org.springframework.test.context.junit4.statements.RunAfterTestClassCallbacks.evaluate(RunAfterTestClassCallbacks.java:71)
	at org.junit.runners.ParentRunner.run(ParentRunner.java:309)
	at org.springframework.test.context.junit4.SpringJUnit4ClassRunner.run(SpringJUnit4ClassRunner.java:176)
	at org.gradle.api.internal.tasks.testing.junit.JUnitTestClassExecuter.runTestClass(JUnitTestClassExecuter.java:86)
	at org.gradle.api.internal.tasks.testing.junit.JUnitTestClassExecuter.execute(JUnitTestClassExecuter.java:49)
	at org.gradle.api.internal.tasks.testing.junit.JUnitTestClassProcessor.processTestClass(JUnitTestClassProcessor.java:64)
	at org.gradle.api.internal.tasks.testing.SuiteTestClassProcessor.processTestClass(SuiteTestClassProcessor.java:50)
	at sun.reflect.NativeMethodAccessorImpl.invoke0(Native Method)
	at sun.reflect.NativeMethodAccessorImpl.invoke(NativeMethodAccessorImpl.java:57)
	at sun.reflect.DelegatingMethodAccessorImpl.invoke(DelegatingMethodAccessorImpl.java:43)
	at java.lang.reflect.Method.invoke(Method.java:606)
	at org.gradle.messaging.dispatch.ReflectionDispatch.dispatch(ReflectionDispatch.java:35)
	at org.gradle.messaging.dispatch.ReflectionDispatch.dispatch(ReflectionDispatch.java:24)
	at org.gradle.messaging.dispatch.ContextClassLoaderDispatch.dispatch(ContextClassLoaderDispatch.java:32)
	at org.gradle.messaging.dispatch.ProxyDispatchAdapter$DispatchingInvocationHandler.invoke(ProxyDispatchAdapter.java:93)
	at com.sun.proxy.$Proxy2.processTestClass(Unknown Source)
	at org.gradle.api.internal.tasks.testing.worker.TestWorker.processTestClass(TestWorker.java:106)
	at sun.reflect.NativeMethodAccessorImpl.invoke0(Native Method)
	at sun.reflect.NativeMethodAccessorImpl.invoke(NativeMethodAccessorImpl.java:57)
	at sun.reflect.DelegatingMethodAccessorImpl.invoke(DelegatingMethodAccessorImpl.java:43)
	at java.lang.reflect.Method.invoke(Method.java:606)
	at org.gradle.messaging.dispatch.ReflectionDispatch.dispatch(ReflectionDispatch.java:35)
	at org.gradle.messaging.dispatch.ReflectionDispatch.dispatch(ReflectionDispatch.java:24)
	at org.gradle.messaging.remote.internal.hub.MessageHub$Handler.run(MessageHub.java:360)
	at org.gradle.internal.concurrent.DefaultExecutorFactory$StoppableExecutorImpl$1.run(DefaultExecutorFactory.java:64)
	at java.util.concurrent.ThreadPoolExecutor.runWorker(ThreadPoolExecutor.java:1145)
	at java.util.concurrent.ThreadPoolExecutor$Worker.run(ThreadPoolExecutor.java:615)
	at java.lang.Thread.run(Thread.java:745)
UserAccessLevel.levelDescription may not be null
java.lang.SecurityException: UserAccessLevel.levelDescription may not be null
	at com.athena.server.pluggable.utils.helper.EntityValidatorHelper.validateEntity(EntityValidatorHelper.java:37)
	at projecttwo.app.shared.appbasicsetup.usermanagement.UserAccessLevel.isValid(UserAccessLevel.java:209)
	at projecttwo.app.server.service.appbasicsetup.usermanagement.UserAccessLevelTestCase.validateUserAccessLevel(UserAccessLevelTestCase.java:212)
	at projecttwo.app.server.service.appbasicsetup.usermanagement.UserAccessLevelTestCase.test5NegativeTesting(UserAccessLevelTestCase.java:273)
	at sun.reflect.NativeMethodAccessorImpl.invoke0(Native Method)
	at sun.reflect.NativeMethodAccessorImpl.invoke(NativeMethodAccessorImpl.java:57)
	at sun.reflect.DelegatingMethodAccessorImpl.invoke(DelegatingMethodAccessorImpl.java:43)
	at java.lang.reflect.Method.invoke(Method.java:606)
	at org.junit.runners.model.FrameworkMethod$1.runReflectiveCall(FrameworkMethod.java:47)
	at org.junit.internal.runners.model.ReflectiveCallable.run(ReflectiveCallable.java:12)
	at org.junit.runners.model.FrameworkMethod.invokeExplosively(FrameworkMethod.java:44)
	at org.junit.internal.runners.statements.InvokeMethod.evaluate(InvokeMethod.java:17)
	at org.junit.internal.runners.statements.RunBefores.evaluate(RunBefores.java:26)
	at org.springframework.test.context.junit4.statements.RunBeforeTestMethodCallbacks.evaluate(RunBeforeTestMethodCallbacks.java:74)
	at org.junit.internal.runners.statements.RunAfters.evaluate(RunAfters.java:27)
	at org.springframework.test.context.junit4.statements.RunAfterTestMethodCallbacks.evaluate(RunAfterTestMethodCallbacks.java:83)
	at org.springframework.test.context.junit4.statements.SpringRepeat.evaluate(SpringRepeat.java:72)
	at org.springframework.test.context.junit4.SpringJUnit4ClassRunner.runChild(SpringJUnit4ClassRunner.java:233)
	at org.springframework.test.context.junit4.SpringJUnit4ClassRunner.runChild(SpringJUnit4ClassRunner.java:87)
	at org.junit.runners.ParentRunner$3.run(ParentRunner.java:238)
	at org.junit.runners.ParentRunner$1.schedule(ParentRunner.java:63)
	at org.junit.runners.ParentRunner.runChildren(ParentRunner.java:236)
	at org.junit.runners.ParentRunner.access$000(ParentRunner.java:53)
	at org.junit.runners.ParentRunner$2.evaluate(ParentRunner.java:229)
	at org.junit.internal.runners.statements.RunBefores.evaluate(RunBefores.java:26)
	at org.springframework.test.context.junit4.statements.RunBeforeTestClassCallbacks.evaluate(RunBeforeTestClassCallbacks.java:61)
	at org.springframework.test.context.junit4.statements.RunAfterTestClassCallbacks.evaluate(RunAfterTestClassCallbacks.java:71)
	at org.junit.runners.ParentRunner.run(ParentRunner.java:309)
	at org.springframework.test.context.junit4.SpringJUnit4ClassRunner.run(SpringJUnit4ClassRunner.java:176)
	at org.gradle.api.internal.tasks.testing.junit.JUnitTestClassExecuter.runTestClass(JUnitTestClassExecuter.java:86)
	at org.gradle.api.internal.tasks.testing.junit.JUnitTestClassExecuter.execute(JUnitTestClassExecuter.java:49)
	at org.gradle.api.internal.tasks.testing.junit.JUnitTestClassProcessor.processTestClass(JUnitTestClassProcessor.java:64)
	at org.gradle.api.internal.tasks.testing.SuiteTestClassProcessor.processTestClass(SuiteTestClassProcessor.java:50)
	at sun.reflect.NativeMethodAccessorImpl.invoke0(Native Method)
	at sun.reflect.NativeMethodAccessorImpl.invoke(NativeMethodAccessorImpl.java:57)
	at sun.reflect.DelegatingMethodAccessorImpl.invoke(DelegatingMethodAccessorImpl.java:43)
	at java.lang.reflect.Method.invoke(Method.java:606)
	at org.gradle.messaging.dispatch.ReflectionDispatch.dispatch(ReflectionDispatch.java:35)
	at org.gradle.messaging.dispatch.ReflectionDispatch.dispatch(ReflectionDispatch.java:24)
	at org.gradle.messaging.dispatch.ContextClassLoaderDispatch.dispatch(ContextClassLoaderDispatch.java:32)
	at org.gradle.messaging.dispatch.ProxyDispatchAdapter$DispatchingInvocationHandler.invoke(ProxyDispatchAdapter.java:93)
	at com.sun.proxy.$Proxy2.processTestClass(Unknown Source)
	at org.gradle.api.internal.tasks.testing.worker.TestWorker.processTestClass(TestWorker.java:106)
	at sun.reflect.NativeMethodAccessorImpl.invoke0(Native Method)
	at sun.reflect.NativeMethodAccessorImpl.invoke(NativeMethodAccessorImpl.java:57)
	at sun.reflect.DelegatingMethodAccessorImpl.invoke(DelegatingMethodAccessorImpl.java:43)
	at java.lang.reflect.Method.invoke(Method.java:606)
	at org.gradle.messaging.dispatch.ReflectionDispatch.dispatch(ReflectionDispatch.java:35)
	at org.gradle.messaging.dispatch.ReflectionDispatch.dispatch(ReflectionDispatch.java:24)
	at org.gradle.messaging.remote.internal.hub.MessageHub$Handler.run(MessageHub.java:360)
	at org.gradle.internal.concurrent.DefaultExecutorFactory$StoppableExecutorImpl$1.run(DefaultExecutorFactory.java:64)
	at java.util.concurrent.ThreadPoolExecutor.runWorker(ThreadPoolExecutor.java:1145)
	at java.util.concurrent.ThreadPoolExecutor$Worker.run(ThreadPoolExecutor.java:615)
	at java.lang.Thread.run(Thread.java:745)
UserAccessLevel.levelDescription size must be between 3 and 256
java.lang.SecurityException: UserAccessLevel.levelDescription size must be between 3 and 256
	at com.athena.server.pluggable.utils.helper.EntityValidatorHelper.validateEntity(EntityValidatorHelper.java:37)
	at projecttwo.app.shared.appbasicsetup.usermanagement.UserAccessLevel.isValid(UserAccessLevel.java:209)
	at projecttwo.app.server.service.appbasicsetup.usermanagement.UserAccessLevelTestCase.validateUserAccessLevel(UserAccessLevelTestCase.java:210)
	at projecttwo.app.server.service.appbasicsetup.usermanagement.UserAccessLevelTestCase.test5NegativeTesting(UserAccessLevelTestCase.java:278)
	at sun.reflect.NativeMethodAccessorImpl.invoke0(Native Method)
	at sun.reflect.NativeMethodAccessorImpl.invoke(NativeMethodAccessorImpl.java:57)
	at sun.reflect.DelegatingMethodAccessorImpl.invoke(DelegatingMethodAccessorImpl.java:43)
	at java.lang.reflect.Method.invoke(Method.java:606)
	at org.junit.runners.model.FrameworkMethod$1.runReflectiveCall(FrameworkMethod.java:47)
	at org.junit.internal.runners.model.ReflectiveCallable.run(ReflectiveCallable.java:12)
	at org.junit.runners.model.FrameworkMethod.invokeExplosively(FrameworkMethod.java:44)
	at org.junit.internal.runners.statements.InvokeMethod.evaluate(InvokeMethod.java:17)
	at org.junit.internal.runners.statements.RunBefores.evaluate(RunBefores.java:26)
	at org.springframework.test.context.junit4.statements.RunBeforeTestMethodCallbacks.evaluate(RunBeforeTestMethodCallbacks.java:74)
	at org.junit.internal.runners.statements.RunAfters.evaluate(RunAfters.java:27)
	at org.springframework.test.context.junit4.statements.RunAfterTestMethodCallbacks.evaluate(RunAfterTestMethodCallbacks.java:83)
	at org.springframework.test.context.junit4.statements.SpringRepeat.evaluate(SpringRepeat.java:72)
	at org.springframework.test.context.junit4.SpringJUnit4ClassRunner.runChild(SpringJUnit4ClassRunner.java:233)
	at org.springframework.test.context.junit4.SpringJUnit4ClassRunner.runChild(SpringJUnit4ClassRunner.java:87)
	at org.junit.runners.ParentRunner$3.run(ParentRunner.java:238)
	at org.junit.runners.ParentRunner$1.schedule(ParentRunner.java:63)
	at org.junit.runners.ParentRunner.runChildren(ParentRunner.java:236)
	at org.junit.runners.ParentRunner.access$000(ParentRunner.java:53)
	at org.junit.runners.ParentRunner$2.evaluate(ParentRunner.java:229)
	at org.junit.internal.runners.statements.RunBefores.evaluate(RunBefores.java:26)
	at org.springframework.test.context.junit4.statements.RunBeforeTestClassCallbacks.evaluate(RunBeforeTestClassCallbacks.java:61)
	at org.springframework.test.context.junit4.statements.RunAfterTestClassCallbacks.evaluate(RunAfterTestClassCallbacks.java:71)
	at org.junit.runners.ParentRunner.run(ParentRunner.java:309)
	at org.springframework.test.context.junit4.SpringJUnit4ClassRunner.run(SpringJUnit4ClassRunner.java:176)
	at org.gradle.api.internal.tasks.testing.junit.JUnitTestClassExecuter.runTestClass(JUnitTestClassExecuter.java:86)
	at org.gradle.api.internal.tasks.testing.junit.JUnitTestClassExecuter.execute(JUnitTestClassExecuter.java:49)
	at org.gradle.api.internal.tasks.testing.junit.JUnitTestClassProcessor.processTestClass(JUnitTestClassProcessor.java:64)
	at org.gradle.api.internal.tasks.testing.SuiteTestClassProcessor.processTestClass(SuiteTestClassProcessor.java:50)
	at sun.reflect.NativeMethodAccessorImpl.invoke0(Native Method)
	at sun.reflect.NativeMethodAccessorImpl.invoke(NativeMethodAccessorImpl.java:57)
	at sun.reflect.DelegatingMethodAccessorImpl.invoke(DelegatingMethodAccessorImpl.java:43)
	at java.lang.reflect.Method.invoke(Method.java:606)
	at org.gradle.messaging.dispatch.ReflectionDispatch.dispatch(ReflectionDispatch.java:35)
	at org.gradle.messaging.dispatch.ReflectionDispatch.dispatch(ReflectionDispatch.java:24)
	at org.gradle.messaging.dispatch.ContextClassLoaderDispatch.dispatch(ContextClassLoaderDispatch.java:32)
	at org.gradle.messaging.dispatch.ProxyDispatchAdapter$DispatchingInvocationHandler.invoke(ProxyDispatchAdapter.java:93)
	at com.sun.proxy.$Proxy2.processTestClass(Unknown Source)
	at org.gradle.api.internal.tasks.testing.worker.TestWorker.processTestClass(TestWorker.java:106)
	at sun.reflect.NativeMethodAccessorImpl.invoke0(Native Method)
	at sun.reflect.NativeMethodAccessorImpl.invoke(NativeMethodAccessorImpl.java:57)
	at sun.reflect.DelegatingMethodAccessorImpl.invoke(DelegatingMethodAccessorImpl.java:43)
	at java.lang.reflect.Method.invoke(Method.java:606)
	at org.gradle.messaging.dispatch.ReflectionDispatch.dispatch(ReflectionDispatch.java:35)
	at org.gradle.messaging.dispatch.ReflectionDispatch.dispatch(ReflectionDispatch.java:24)
	at org.gradle.messaging.remote.internal.hub.MessageHub$Handler.run(MessageHub.java:360)
	at org.gradle.internal.concurrent.DefaultExecutorFactory$StoppableExecutorImpl$1.run(DefaultExecutorFactory.java:64)
	at java.util.concurrent.ThreadPoolExecutor.runWorker(ThreadPoolExecutor.java:1145)
	at java.util.concurrent.ThreadPoolExecutor$Worker.run(ThreadPoolExecutor.java:615)
	at java.lang.Thread.run(Thread.java:745)
UserAccessLevel.levelHelp size must be between 3 and 2048
java.lang.SecurityException: UserAccessLevel.levelHelp size must be between 3 and 2048
	at com.athena.server.pluggable.utils.helper.EntityValidatorHelper.validateEntity(EntityValidatorHelper.java:37)
	at projecttwo.app.shared.appbasicsetup.usermanagement.UserAccessLevel.isValid(UserAccessLevel.java:209)
	at projecttwo.app.server.service.appbasicsetup.usermanagement.UserAccessLevelTestCase.validateUserAccessLevel(UserAccessLevelTestCase.java:210)
	at projecttwo.app.server.service.appbasicsetup.usermanagement.UserAccessLevelTestCase.test5NegativeTesting(UserAccessLevelTestCase.java:283)
	at sun.reflect.NativeMethodAccessorImpl.invoke0(Native Method)
	at sun.reflect.NativeMethodAccessorImpl.invoke(NativeMethodAccessorImpl.java:57)
	at sun.reflect.DelegatingMethodAccessorImpl.invoke(DelegatingMethodAccessorImpl.java:43)
	at java.lang.reflect.Method.invoke(Method.java:606)
	at org.junit.runners.model.FrameworkMethod$1.runReflectiveCall(FrameworkMethod.java:47)
	at org.junit.internal.runners.model.ReflectiveCallable.run(ReflectiveCallable.java:12)
	at org.junit.runners.model.FrameworkMethod.invokeExplosively(FrameworkMethod.java:44)
	at org.junit.internal.runners.statements.InvokeMethod.evaluate(InvokeMethod.java:17)
	at org.junit.internal.runners.statements.RunBefores.evaluate(RunBefores.java:26)
	at org.springframework.test.context.junit4.statements.RunBeforeTestMethodCallbacks.evaluate(RunBeforeTestMethodCallbacks.java:74)
	at org.junit.internal.runners.statements.RunAfters.evaluate(RunAfters.java:27)
	at org.springframework.test.context.junit4.statements.RunAfterTestMethodCallbacks.evaluate(RunAfterTestMethodCallbacks.java:83)
	at org.springframework.test.context.junit4.statements.SpringRepeat.evaluate(SpringRepeat.java:72)
	at org.springframework.test.context.junit4.SpringJUnit4ClassRunner.runChild(SpringJUnit4ClassRunner.java:233)
	at org.springframework.test.context.junit4.SpringJUnit4ClassRunner.runChild(SpringJUnit4ClassRunner.java:87)
	at org.junit.runners.ParentRunner$3.run(ParentRunner.java:238)
	at org.junit.runners.ParentRunner$1.schedule(ParentRunner.java:63)
	at org.junit.runners.ParentRunner.runChildren(ParentRunner.java:236)
	at org.junit.runners.ParentRunner.access$000(ParentRunner.java:53)
	at org.junit.runners.ParentRunner$2.evaluate(ParentRunner.java:229)
	at org.junit.internal.runners.statements.RunBefores.evaluate(RunBefores.java:26)
	at org.springframework.test.context.junit4.statements.RunBeforeTestClassCallbacks.evaluate(RunBeforeTestClassCallbacks.java:61)
	at org.springframework.test.context.junit4.statements.RunAfterTestClassCallbacks.evaluate(RunAfterTestClassCallbacks.java:71)
	at org.junit.runners.ParentRunner.run(ParentRunner.java:309)
	at org.springframework.test.context.junit4.SpringJUnit4ClassRunner.run(SpringJUnit4ClassRunner.java:176)
	at org.gradle.api.internal.tasks.testing.junit.JUnitTestClassExecuter.runTestClass(JUnitTestClassExecuter.java:86)
	at org.gradle.api.internal.tasks.testing.junit.JUnitTestClassExecuter.execute(JUnitTestClassExecuter.java:49)
	at org.gradle.api.internal.tasks.testing.junit.JUnitTestClassProcessor.processTestClass(JUnitTestClassProcessor.java:64)
	at org.gradle.api.internal.tasks.testing.SuiteTestClassProcessor.processTestClass(SuiteTestClassProcessor.java:50)
	at sun.reflect.NativeMethodAccessorImpl.invoke0(Native Method)
	at sun.reflect.NativeMethodAccessorImpl.invoke(NativeMethodAccessorImpl.java:57)
	at sun.reflect.DelegatingMethodAccessorImpl.invoke(DelegatingMethodAccessorImpl.java:43)
	at java.lang.reflect.Method.invoke(Method.java:606)
	at org.gradle.messaging.dispatch.ReflectionDispatch.dispatch(ReflectionDispatch.java:35)
	at org.gradle.messaging.dispatch.ReflectionDispatch.dispatch(ReflectionDispatch.java:24)
	at org.gradle.messaging.dispatch.ContextClassLoaderDispatch.dispatch(ContextClassLoaderDispatch.java:32)
	at org.gradle.messaging.dispatch.ProxyDispatchAdapter$DispatchingInvocationHandler.invoke(ProxyDispatchAdapter.java:93)
	at com.sun.proxy.$Proxy2.processTestClass(Unknown Source)
	at org.gradle.api.internal.tasks.testing.worker.TestWorker.processTestClass(TestWorker.java:106)
	at sun.reflect.NativeMethodAccessorImpl.invoke0(Native Method)
	at sun.reflect.NativeMethodAccessorImpl.invoke(NativeMethodAccessorImpl.java:57)
	at sun.reflect.DelegatingMethodAccessorImpl.invoke(DelegatingMethodAccessorImpl.java:43)
	at java.lang.reflect.Method.invoke(Method.java:606)
	at org.gradle.messaging.dispatch.ReflectionDispatch.dispatch(ReflectionDispatch.java:35)
	at org.gradle.messaging.dispatch.ReflectionDispatch.dispatch(ReflectionDispatch.java:24)
	at org.gradle.messaging.remote.internal.hub.MessageHub$Handler.run(MessageHub.java:360)
	at org.gradle.internal.concurrent.DefaultExecutorFactory$StoppableExecutorImpl$1.run(DefaultExecutorFactory.java:64)
	at java.util.concurrent.ThreadPoolExecutor.runWorker(ThreadPoolExecutor.java:1145)
	at java.util.concurrent.ThreadPoolExecutor$Worker.run(ThreadPoolExecutor.java:615)
	at java.lang.Thread.run(Thread.java:745)
UserAccessLevel.levelIcon size must be between 3 and 256
java.lang.SecurityException: UserAccessLevel.levelIcon size must be between 3 and 256
	at com.athena.server.pluggable.utils.helper.EntityValidatorHelper.validateEntity(EntityValidatorHelper.java:37)
	at projecttwo.app.shared.appbasicsetup.usermanagement.UserAccessLevel.isValid(UserAccessLevel.java:209)
	at projecttwo.app.server.service.appbasicsetup.usermanagement.UserAccessLevelTestCase.validateUserAccessLevel(UserAccessLevelTestCase.java:210)
	at projecttwo.app.server.service.appbasicsetup.usermanagement.UserAccessLevelTestCase.test5NegativeTesting(UserAccessLevelTestCase.java:288)
	at sun.reflect.NativeMethodAccessorImpl.invoke0(Native Method)
	at sun.reflect.NativeMethodAccessorImpl.invoke(NativeMethodAccessorImpl.java:57)
	at sun.reflect.DelegatingMethodAccessorImpl.invoke(DelegatingMethodAccessorImpl.java:43)
	at java.lang.reflect.Method.invoke(Method.java:606)
	at org.junit.runners.model.FrameworkMethod$1.runReflectiveCall(FrameworkMethod.java:47)
	at org.junit.internal.runners.model.ReflectiveCallable.run(ReflectiveCallable.java:12)
	at org.junit.runners.model.FrameworkMethod.invokeExplosively(FrameworkMethod.java:44)
	at org.junit.internal.runners.statements.InvokeMethod.evaluate(InvokeMethod.java:17)
	at org.junit.internal.runners.statements.RunBefores.evaluate(RunBefores.java:26)
	at org.springframework.test.context.junit4.statements.RunBeforeTestMethodCallbacks.evaluate(RunBeforeTestMethodCallbacks.java:74)
	at org.junit.internal.runners.statements.RunAfters.evaluate(RunAfters.java:27)
	at org.springframework.test.context.junit4.statements.RunAfterTestMethodCallbacks.evaluate(RunAfterTestMethodCallbacks.java:83)
	at org.springframework.test.context.junit4.statements.SpringRepeat.evaluate(SpringRepeat.java:72)
	at org.springframework.test.context.junit4.SpringJUnit4ClassRunner.runChild(SpringJUnit4ClassRunner.java:233)
	at org.springframework.test.context.junit4.SpringJUnit4ClassRunner.runChild(SpringJUnit4ClassRunner.java:87)
	at org.junit.runners.ParentRunner$3.run(ParentRunner.java:238)
	at org.junit.runners.ParentRunner$1.schedule(ParentRunner.java:63)
	at org.junit.runners.ParentRunner.runChildren(ParentRunner.java:236)
	at org.junit.runners.ParentRunner.access$000(ParentRunner.java:53)
	at org.junit.runners.ParentRunner$2.evaluate(ParentRunner.java:229)
	at org.junit.internal.runners.statements.RunBefores.evaluate(RunBefores.java:26)
	at org.springframework.test.context.junit4.statements.RunBeforeTestClassCallbacks.evaluate(RunBeforeTestClassCallbacks.java:61)
	at org.springframework.test.context.junit4.statements.RunAfterTestClassCallbacks.evaluate(RunAfterTestClassCallbacks.java:71)
	at org.junit.runners.ParentRunner.run(ParentRunner.java:309)
	at org.springframework.test.context.junit4.SpringJUnit4ClassRunner.run(SpringJUnit4ClassRunner.java:176)
	at org.gradle.api.internal.tasks.testing.junit.JUnitTestClassExecuter.runTestClass(JUnitTestClassExecuter.java:86)
	at org.gradle.api.internal.tasks.testing.junit.JUnitTestClassExecuter.execute(JUnitTestClassExecuter.java:49)
	at org.gradle.api.internal.tasks.testing.junit.JUnitTestClassProcessor.processTestClass(JUnitTestClassProcessor.java:64)
	at org.gradle.api.internal.tasks.testing.SuiteTestClassProcessor.processTestClass(SuiteTestClassProcessor.java:50)
	at sun.reflect.NativeMethodAccessorImpl.invoke0(Native Method)
	at sun.reflect.NativeMethodAccessorImpl.invoke(NativeMethodAccessorImpl.java:57)
	at sun.reflect.DelegatingMethodAccessorImpl.invoke(DelegatingMethodAccessorImpl.java:43)
	at java.lang.reflect.Method.invoke(Method.java:606)
	at org.gradle.messaging.dispatch.ReflectionDispatch.dispatch(ReflectionDispatch.java:35)
	at org.gradle.messaging.dispatch.ReflectionDispatch.dispatch(ReflectionDispatch.java:24)
	at org.gradle.messaging.dispatch.ContextClassLoaderDispatch.dispatch(ContextClassLoaderDispatch.java:32)
	at org.gradle.messaging.dispatch.ProxyDispatchAdapter$DispatchingInvocationHandler.invoke(ProxyDispatchAdapter.java:93)
	at com.sun.proxy.$Proxy2.processTestClass(Unknown Source)
	at org.gradle.api.internal.tasks.testing.worker.TestWorker.processTestClass(TestWorker.java:106)
	at sun.reflect.NativeMethodAccessorImpl.invoke0(Native Method)
	at sun.reflect.NativeMethodAccessorImpl.invoke(NativeMethodAccessorImpl.java:57)
	at sun.reflect.DelegatingMethodAccessorImpl.invoke(DelegatingMethodAccessorImpl.java:43)
	at java.lang.reflect.Method.invoke(Method.java:606)
	at org.gradle.messaging.dispatch.ReflectionDispatch.dispatch(ReflectionDispatch.java:35)
	at org.gradle.messaging.dispatch.ReflectionDispatch.dispatch(ReflectionDispatch.java:24)
	at org.gradle.messaging.remote.internal.hub.MessageHub$Handler.run(MessageHub.java:360)
	at org.gradle.internal.concurrent.DefaultExecutorFactory$StoppableExecutorImpl$1.run(DefaultExecutorFactory.java:64)
	at java.util.concurrent.ThreadPoolExecutor.runWorker(ThreadPoolExecutor.java:1145)
	at java.util.concurrent.ThreadPoolExecutor$Worker.run(ThreadPoolExecutor.java:615)
	at java.lang.Thread.run(Thread.java:745)
org.springframework.transaction.TransactionSystemException: Could not commit JPA transaction; nested exception is javax.persistence.RollbackException: Exception [EclipseLink-4002] (Eclipse Persistence Services - 2.5.1.v20130918-f2b9fc5): org.eclipse.persistence.exceptions.DatabaseException
Internal Exception: com.mysql.jdbc.exceptions.jdbc4.MySQLIntegrityConstraintViolationException: Duplicate entry '96869' for key 'userAccessLevel'
Error Code: 1062
Call: INSERT INTO ast_UserAccessLevel_M (userAccessLevelId, levelDescription, levelHelp, levelIcon, levelName, userAccessLevel, versionId, createdBy, createdDate, updatedBy, updatedDate, activeStatus, txnAccessCode) VALUES (?, ?, ?, ?, ?, ?, ?, ?, ?, ?, ?, ?, ?)
	bind => [E7A97076-6EA8-46D0-845B-349B9C8FE0AD, aHbXHfhfL5HKn9Y85TyzqcUKgLjv70HucUqoFglGoBMYa48nyG, t8Pn1eO0xjZ89EXvORwXa5Cbkmo30ALdkrqKnUUY6nCF4d25iT, W4DAyQ76qhN4cCzTgnyLtVbQMoxzjVBcOcEDAa9AufQtRBf34f, ZqdtXoBAUDx8Ynk0nC2zrEklbxlCEB9m4SZgU3tGlTRNN1vkp2, 96869, 1, AAAAA, 2016-08-24 09:13:21.972, AAAAA, 2016-08-24 09:13:21.972, 1, 51000]
	at org.springframework.orm.jpa.JpaTransactionManager.doCommit(JpaTransactionManager.java:524)
	at org.springframework.transaction.support.AbstractPlatformTransactionManager.processCommit(AbstractPlatformTransactionManager.java:757)
	at org.springframework.transaction.support.AbstractPlatformTransactionManager.commit(AbstractPlatformTransactionManager.java:726)
	at org.springframework.transaction.interceptor.TransactionAspectSupport.commitTransactionAfterReturning(TransactionAspectSupport.java:478)
	at org.springframework.transaction.interceptor.TransactionAspectSupport.invokeWithinTransaction(TransactionAspectSupport.java:272)
	at org.springframework.transaction.interceptor.TransactionInterceptor.invoke(TransactionInterceptor.java:95)
	at org.springframework.aop.framework.ReflectiveMethodInvocation.proceed(ReflectiveMethodInvocation.java:172)
	at org.springframework.aop.interceptor.ExposeInvocationInterceptor.invoke(ExposeInvocationInterceptor.java:91)
	at org.springframework.aop.framework.ReflectiveMethodInvocation.proceed(ReflectiveMethodInvocation.java:172)
	at org.springframework.aop.framework.CglibAopProxy$DynamicAdvisedInterceptor.intercept(CglibAopProxy.java:634)
	at projecttwo.app.server.repository.appbasicsetup.usermanagement.UserAccessLevelRepositoryImpl$$EnhancerByCGLIB$$f32423ad.save(<generated>)
	at projecttwo.app.server.repository.appbasicsetup.usermanagement.UserAccessLevelRepositoryImpl$$FastClassByCGLIB$$cb62ce7e.invoke(<generated>)
	at org.springframework.cglib.proxy.MethodProxy.invoke(MethodProxy.java:204)
	at org.springframework.aop.framework.CglibAopProxy$CglibMethodInvocation.invokeJoinpoint(CglibAopProxy.java:701)
	at org.springframework.aop.framework.ReflectiveMethodInvocation.proceed(ReflectiveMethodInvocation.java:150)
	at org.springframework.aop.support.DelegatingIntroductionInterceptor.doProceed(DelegatingIntroductionInterceptor.java:132)
	at org.springframework.aop.support.DelegatingIntroductionInterceptor.invoke(DelegatingIntroductionInterceptor.java:120)
	at org.springframework.aop.framework.ReflectiveMethodInvocation.proceed(ReflectiveMethodInvocation.java:172)
	at org.springframework.aop.framework.CglibAopProxy$DynamicAdvisedInterceptor.intercept(CglibAopProxy.java:634)
	at projecttwo.app.server.repository.appbasicsetup.usermanagement.UserAccessLevelRepositoryImpl$$EnhancerByCGLIB$$17638a45.save(<generated>)
	at projecttwo.app.server.service.appbasicsetup.usermanagement.UserAccessLevelTestCase.validateUserAccessLevel(UserAccessLevelTestCase.java:216)
	at projecttwo.app.server.service.appbasicsetup.usermanagement.UserAccessLevelTestCase.test5NegativeTesting(UserAccessLevelTestCase.java:293)
	at sun.reflect.NativeMethodAccessorImpl.invoke0(Native Method)
	at sun.reflect.NativeMethodAccessorImpl.invoke(NativeMethodAccessorImpl.java:57)
	at sun.reflect.DelegatingMethodAccessorImpl.invoke(DelegatingMethodAccessorImpl.java:43)
	at java.lang.reflect.Method.invoke(Method.java:606)
	at org.junit.runners.model.FrameworkMethod$1.runReflectiveCall(FrameworkMethod.java:47)
	at org.junit.internal.runners.model.ReflectiveCallable.run(ReflectiveCallable.java:12)
	at org.junit.runners.model.FrameworkMethod.invokeExplosively(FrameworkMethod.java:44)
	at org.junit.internal.runners.statements.InvokeMethod.evaluate(InvokeMethod.java:17)
	at org.junit.internal.runners.statements.RunBefores.evaluate(RunBefores.java:26)
	at org.springframework.test.context.junit4.statements.RunBeforeTestMethodCallbacks.evaluate(RunBeforeTestMethodCallbacks.java:74)
	at org.junit.internal.runners.statements.RunAfters.evaluate(RunAfters.java:27)
	at org.springframework.test.context.junit4.statements.RunAfterTestMethodCallbacks.evaluate(RunAfterTestMethodCallbacks.java:83)
	at org.springframework.test.context.junit4.statements.SpringRepeat.evaluate(SpringRepeat.java:72)
	at org.springframework.test.context.junit4.SpringJUnit4ClassRunner.runChild(SpringJUnit4ClassRunner.java:233)
	at org.springframework.test.context.junit4.SpringJUnit4ClassRunner.runChild(SpringJUnit4ClassRunner.java:87)
	at org.junit.runners.ParentRunner$3.run(ParentRunner.java:238)
	at org.junit.runners.ParentRunner$1.schedule(ParentRunner.java:63)
	at org.junit.runners.ParentRunner.runChildren(ParentRunner.java:236)
	at org.junit.runners.ParentRunner.access$000(ParentRunner.java:53)
	at org.junit.runners.ParentRunner$2.evaluate(ParentRunner.java:229)
	at org.junit.internal.runners.statements.RunBefores.evaluate(RunBefores.java:26)
	at org.springframework.test.context.junit4.statements.RunBeforeTestClassCallbacks.evaluate(RunBeforeTestClassCallbacks.java:61)
	at org.springframework.test.context.junit4.statements.RunAfterTestClassCallbacks.evaluate(RunAfterTestClassCallbacks.java:71)
	at org.junit.runners.ParentRunner.run(ParentRunner.java:309)
	at org.springframework.test.context.junit4.SpringJUnit4ClassRunner.run(SpringJUnit4ClassRunner.java:176)
	at org.gradle.api.internal.tasks.testing.junit.JUnitTestClassExecuter.runTestClass(JUnitTestClassExecuter.java:86)
	at org.gradle.api.internal.tasks.testing.junit.JUnitTestClassExecuter.execute(JUnitTestClassExecuter.java:49)
	at org.gradle.api.internal.tasks.testing.junit.JUnitTestClassProcessor.processTestClass(JUnitTestClassProcessor.java:64)
	at org.gradle.api.internal.tasks.testing.SuiteTestClassProcessor.processTestClass(SuiteTestClassProcessor.java:50)
	at sun.reflect.NativeMethodAccessorImpl.invoke0(Native Method)
	at sun.reflect.NativeMethodAccessorImpl.invoke(NativeMethodAccessorImpl.java:57)
	at sun.reflect.DelegatingMethodAccessorImpl.invoke(DelegatingMethodAccessorImpl.java:43)
	at java.lang.reflect.Method.invoke(Method.java:606)
	at org.gradle.messaging.dispatch.ReflectionDispatch.dispatch(ReflectionDispatch.java:35)
	at org.gradle.messaging.dispatch.ReflectionDispatch.dispatch(ReflectionDispatch.java:24)
	at org.gradle.messaging.dispatch.ContextClassLoaderDispatch.dispatch(ContextClassLoaderDispatch.java:32)
	at org.gradle.messaging.dispatch.ProxyDispatchAdapter$DispatchingInvocationHandler.invoke(ProxyDispatchAdapter.java:93)
	at com.sun.proxy.$Proxy2.processTestClass(Unknown Source)
	at org.gradle.api.internal.tasks.testing.worker.TestWorker.processTestClass(TestWorker.java:106)
	at sun.reflect.NativeMethodAccessorImpl.invoke0(Native Method)
	at sun.reflect.NativeMethodAccessorImpl.invoke(NativeMethodAccessorImpl.java:57)
	at sun.reflect.DelegatingMethodAccessorImpl.invoke(DelegatingMethodAccessorImpl.java:43)
	at java.lang.reflect.Method.invoke(Method.java:606)
	at org.gradle.messaging.dispatch.ReflectionDispatch.dispatch(ReflectionDispatch.java:35)
	at org.gradle.messaging.dispatch.ReflectionDispatch.dispatch(ReflectionDispatch.java:24)
	at org.gradle.messaging.remote.internal.hub.MessageHub$Handler.run(MessageHub.java:360)
	at org.gradle.internal.concurrent.DefaultExecutorFactory$StoppableExecutorImpl$1.run(DefaultExecutorFactory.java:64)
	at java.util.concurrent.ThreadPoolExecutor.runWorker(ThreadPoolExecutor.java:1145)
	at java.util.concurrent.ThreadPoolExecutor$Worker.run(ThreadPoolExecutor.java:615)
	at java.lang.Thread.run(Thread.java:745)
Caused by: javax.persistence.RollbackException: Exception [EclipseLink-4002] (Eclipse Persistence Services - 2.5.1.v20130918-f2b9fc5): org.eclipse.persistence.exceptions.DatabaseException
Internal Exception: com.mysql.jdbc.exceptions.jdbc4.MySQLIntegrityConstraintViolationException: Duplicate entry '96869' for key 'userAccessLevel'
Error Code: 1062
Call: INSERT INTO ast_UserAccessLevel_M (userAccessLevelId, levelDescription, levelHelp, levelIcon, levelName, userAccessLevel, versionId, createdBy, createdDate, updatedBy, updatedDate, activeStatus, txnAccessCode) VALUES (?, ?, ?, ?, ?, ?, ?, ?, ?, ?, ?, ?, ?)
	bind => [E7A97076-6EA8-46D0-845B-349B9C8FE0AD, aHbXHfhfL5HKn9Y85TyzqcUKgLjv70HucUqoFglGoBMYa48nyG, t8Pn1eO0xjZ89EXvORwXa5Cbkmo30ALdkrqKnUUY6nCF4d25iT, W4DAyQ76qhN4cCzTgnyLtVbQMoxzjVBcOcEDAa9AufQtRBf34f, ZqdtXoBAUDx8Ynk0nC2zrEklbxlCEB9m4SZgU3tGlTRNN1vkp2, 96869, 1, AAAAA, 2016-08-24 09:13:21.972, AAAAA, 2016-08-24 09:13:21.972, 1, 51000]
	at org.eclipse.persistence.internal.jpa.transaction.EntityTransactionImpl.commit(EntityTransactionImpl.java:157)
	at org.springframework.orm.jpa.JpaTransactionManager.doCommit(JpaTransactionManager.java:515)
	... 71 more
Caused by: Exception [EclipseLink-4002] (Eclipse Persistence Services - 2.5.1.v20130918-f2b9fc5): org.eclipse.persistence.exceptions.DatabaseException
Internal Exception: com.mysql.jdbc.exceptions.jdbc4.MySQLIntegrityConstraintViolationException: Duplicate entry '96869' for key 'userAccessLevel'
Error Code: 1062
Call: INSERT INTO ast_UserAccessLevel_M (userAccessLevelId, levelDescription, levelHelp, levelIcon, levelName, userAccessLevel, versionId, createdBy, createdDate, updatedBy, updatedDate, activeStatus, txnAccessCode) VALUES (?, ?, ?, ?, ?, ?, ?, ?, ?, ?, ?, ?, ?)
	bind => [E7A97076-6EA8-46D0-845B-349B9C8FE0AD, aHbXHfhfL5HKn9Y85TyzqcUKgLjv70HucUqoFglGoBMYa48nyG, t8Pn1eO0xjZ89EXvORwXa5Cbkmo30ALdkrqKnUUY6nCF4d25iT, W4DAyQ76qhN4cCzTgnyLtVbQMoxzjVBcOcEDAa9AufQtRBf34f, ZqdtXoBAUDx8Ynk0nC2zrEklbxlCEB9m4SZgU3tGlTRNN1vkp2, 96869, 1, AAAAA, 2016-08-24 09:13:21.972, AAAAA, 2016-08-24 09:13:21.972, 1, 51000]
	at org.eclipse.persistence.exceptions.DatabaseException.sqlException(DatabaseException.java:331)
	at org.eclipse.persistence.internal.databaseaccess.DatabaseAccessor.executeDirectNoSelect(DatabaseAccessor.java:900)
	at org.eclipse.persistence.internal.databaseaccess.DatabaseAccessor.executeNoSelect(DatabaseAccessor.java:962)
	at org.eclipse.persistence.internal.databaseaccess.DatabaseAccessor.basicExecuteCall(DatabaseAccessor.java:631)
	at org.eclipse.persistence.internal.databaseaccess.ParameterizedSQLBatchWritingMechanism.executeBatchedStatements(ParameterizedSQLBatchWritingMechanism.java:130)
	at org.eclipse.persistence.internal.databaseaccess.DatabaseAccessor.writesCompleted(DatabaseAccessor.java:1836)
	at org.eclipse.persistence.internal.databaseaccess.DatabaseAccessor.commitTransaction(DatabaseAccessor.java:426)
	at org.eclipse.persistence.internal.sessions.AbstractSession.basicCommitTransaction(AbstractSession.java:758)
	at org.eclipse.persistence.sessions.server.ClientSession.basicCommitTransaction(ClientSession.java:174)
	at org.eclipse.persistence.internal.sessions.AbstractSession.commitTransaction(AbstractSession.java:962)
	at org.eclipse.persistence.internal.sessions.UnitOfWorkImpl.commitTransaction(UnitOfWorkImpl.java:1600)
	at org.eclipse.persistence.internal.sessions.RepeatableWriteUnitOfWork.commitTransaction(RepeatableWriteUnitOfWork.java:647)
	at org.eclipse.persistence.internal.sessions.UnitOfWorkImpl.commitTransactionAfterWriteChanges(UnitOfWorkImpl.java:1615)
	at org.eclipse.persistence.internal.sessions.RepeatableWriteUnitOfWork.commitRootUnitOfWork(RepeatableWriteUnitOfWork.java:284)
	at org.eclipse.persistence.internal.sessions.UnitOfWorkImpl.commitAndResume(UnitOfWorkImpl.java:1169)
	at org.eclipse.persistence.internal.jpa.transaction.EntityTransactionImpl.commit(EntityTransactionImpl.java:132)
	... 72 more
Caused by: com.mysql.jdbc.exceptions.jdbc4.MySQLIntegrityConstraintViolationException: Duplicate entry '96869' for key 'userAccessLevel'
	at sun.reflect.NativeConstructorAccessorImpl.newInstance0(Native Method)
	at sun.reflect.NativeConstructorAccessorImpl.newInstance(NativeConstructorAccessorImpl.java:57)
	at sun.reflect.DelegatingConstructorAccessorImpl.newInstance(DelegatingConstructorAccessorImpl.java:45)
	at java.lang.reflect.Constructor.newInstance(Constructor.java:526)
	at com.mysql.jdbc.Util.handleNewInstance(Util.java:408)
	at com.mysql.jdbc.Util.getInstance(Util.java:383)
	at com.mysql.jdbc.SQLError.createSQLException(SQLError.java:1049)
	at com.mysql.jdbc.MysqlIO.checkErrorPacket(MysqlIO.java:4226)
	at com.mysql.jdbc.MysqlIO.checkErrorPacket(MysqlIO.java:4158)
	at com.mysql.jdbc.MysqlIO.sendCommand(MysqlIO.java:2615)
	at com.mysql.jdbc.MysqlIO.sqlQueryDirect(MysqlIO.java:2776)
	at com.mysql.jdbc.ConnectionImpl.execSQL(ConnectionImpl.java:2840)
	at com.mysql.jdbc.PreparedStatement.executeInternal(PreparedStatement.java:2082)
	at com.mysql.jdbc.PreparedStatement.executeUpdate(PreparedStatement.java:2334)
	at com.mysql.jdbc.PreparedStatement.executeUpdate(PreparedStatement.java:2262)
	at com.mysql.jdbc.PreparedStatement.executeUpdate(PreparedStatement.java:2246)
	at org.apache.commons.dbcp.DelegatingPreparedStatement.executeUpdate(DelegatingPreparedStatement.java:105)
	at org.apache.commons.dbcp.DelegatingPreparedStatement.executeUpdate(DelegatingPreparedStatement.java:105)
	at org.eclipse.persistence.internal.databaseaccess.DatabaseAccessor.executeDirectNoSelect(DatabaseAccessor.java:890)
	... 86 more
]]></system-err>
</testsuite>
