<?xml version="1.0" encoding="UTF-8"?>
<testsuite name="projecttwo.app.server.service.organization.locationmanagement.CityTestCase" tests="7" skipped="0" failures="0" errors="0" timestamp="2016-08-24T09:13:32" hostname="779044df1698" time="0.804">
  <properties/>
  <testcase name="test1Save" classname="projecttwo.app.server.service.organization.locationmanagement.CityTestCase" time="0.284"/>
  <testcase name="test2Update" classname="projecttwo.app.server.service.organization.locationmanagement.CityTestCase" time="0.124"/>
  <testcase name="test3FindById" classname="projecttwo.app.server.service.organization.locationmanagement.CityTestCase" time="0.04"/>
  <testcase name="test3findBycountryId" classname="projecttwo.app.server.service.organization.locationmanagement.CityTestCase" time="0.035"/>
  <testcase name="test3findBystateId" classname="projecttwo.app.server.service.organization.locationmanagement.CityTestCase" time="0.032"/>
  <testcase name="test5NegativeTesting" classname="projecttwo.app.server.service.organization.locationmanagement.CityTestCase" time="0.034"/>
  <testcase name="test6Delete" classname="projecttwo.app.server.service.organization.locationmanagement.CityTestCase" time="0.253"/>
  <system-out><![CDATA[Wed Aug 24 09:13:32 UTC 2016|Log Manager Factory|Initialization Process started.....
Wed Aug 24 09:13:32 UTC 2016|Log Manager|Initialized with Path = [/home/applifire/workspace/project2/src/main/webapp/WEB-INF/conf]
Wed Aug 24 09:13:32 UTC 2016|Alarm Manager|Initialized with Path = [/home/applifire/workspace/project2/src/main/webapp/WEB-INF/conf]
Wed Aug 24 09:13:32 UTC 2016|Alarm Manager|Loading Alarms ......
Wed Aug 24 09:13:32 UTC 2016|Alarm XML Parser|FWA|XML Parsing Complete........ 
Wed Aug 24 09:13:32 UTC 2016|Alarm File Manager|FWA|Alarm File Status.. [ApplicationFrameworkAlarms.xml]|Version=15|Status=Done 
Wed Aug 24 09:13:32 UTC 2016|Alarm File Manager|FWA|Alarm Stats = ( BC/AL=5/786 SYS=5/11 [786/0]  TPL=0/0 [0/0]  APP= A.Map=[875]  E.Map EC/RC=[391/79] )
Wed Aug 24 09:13:32 UTC 2016|Alarm XML Parser|APP|XML Parsing Complete........ 
Wed Aug 24 09:13:32 UTC 2016|Alarm File Manager|APP|Alarm File Status.. [ApplicationAlarms.xml]|Version=1|Status=Done 
Wed Aug 24 09:13:32 UTC 2016|Alarm File Manager|APP|Alarm Stats = ( BC/AL=5/786 SYS=5/11 [786/0]  TPL=0/0 [0/0]  APP=0/0 [0/0]  A.Map=[875]  E.Map EC/RC=[391/79] )
Wed Aug 24 09:13:32 UTC 2016|ApplicationAlarmContext| <><><><><> Create App Alarms ....  <><><><><> 
Wed Aug 24 09:13:32 UTC 2016|ApplicationAlarmContext|Alarms are generated ONLY in Development Mode.. 
Wed Aug 24 09:13:32 UTC 2016|Alarm Manager|APP|Alarm Stats = ( BC/AL=5/786 SYS=5/11 [786/0]  TPL=0/0 [0/0]  APP=0/0 [0/0]  A.Map=[875]  E.Map EC/RC=[391/79] )
Wed Aug 24 09:13:32 UTC 2016|Alarm Manager|Initialized Exception Lookup...
Wed Aug 24 09:13:32 UTC 2016|Log Manager|Initialize Log Config File ......
Wed Aug 24 09:13:32 UTC 2016|Pluggable Connectors|Adding Connectors : StandardOutputConnector isEnabled=true isDefault=false isFallBack=true
Wed Aug 24 09:13:32 UTC 2016|Pluggable Connectors|Adding Connectors : StandardFileConnector isEnabled=true isDefault=false isFallBack=false
Wed Aug 24 09:13:32 UTC 2016|Pluggable Connectors|Adding Connectors : Sprinkler isEnabled=true isDefault=true isFallBack=false
Wed Aug 24 09:13:32 UTC 2016|Pluggable Connectors|Default Connector Name : com.spartan.logger.core.LogMessenger
Wed Aug 24 09:13:32 UTC 2016|Log Config Parser|Connector Least Log Level =[4]  FallBack Log Level =[3]
Wed Aug 24 09:13:32 UTC 2016|Log Manager|Loading Default Connector for Logging ......
Wed Aug 24 09:13:32 UTC 2016|Log Manager|Loading class .. com.spartan.logger.core.LogMessenger
Wed Aug 24 09:13:32 UTC 2016|Plugggable Connector|Connector class com.spartan.logger.core.LogMessenger Initialized... @ Log Level = 3
Wed Aug 24 09:13:32 UTC 2016|Log Manager|Starting the Default Connector [com.spartan.logger.core.LogMessenger@475937a9] ....
Wed Aug 24 09:13:32 UTC 2016|Scheduler|Starting the Scheduler ......
Wed Aug 24 09:13:32 UTC 2016|Scheduler|Adding [LMID=[48db90a1-da1c-4294-b0dc-2cb1386596b8]] Delay=5 Time Unit=MINUTES
Wed Aug 24 09:13:32 UTC 2016|Scheduler|Adding [App Alarm Manager File=[ApplicationAlarms.xml]] Delay=30 Time Unit=MINUTES
Wed Aug 24 09:13:32 UTC 2016|Scheduler|Adding [FW Alarm Manager File=[ApplicationFrameworkAlarms.xml]] Delay=3 Time Unit=MINUTES
Wed Aug 24 09:13:32 UTC 2016|Scheduler|Startup Completed..
Wed Aug 24 09:13:32 UTC 2016|Log Manager|Initialization Process Complete ......
Wed Aug 24 09:13:32 UTC 2016|Log Manager Factory|Log Manager READY! ID = 48db90a1-da1c-4294-b0dc-2cb1386596b8
[EL Finer]: connection: 2016-08-24 09:13:32.429--ServerSession(516354556)--Thread(Thread[Test worker,5,main])--client acquired: 111695816
[EL Finer]: transaction: 2016-08-24 09:13:32.429--ClientSession(111695816)--Thread(Thread[Test worker,5,main])--acquire unit of work: 370872034
[EL Finest]: connection: 2016-08-24 09:13:32.429--ServerSession(516354556)--Connection(1248731844)--Thread(Thread[Test worker,5,main])--Connection acquired from connection pool [default].
[EL Finer]: transaction: 2016-08-24 09:13:32.429--ClientSession(111695816)--Connection(1248731844)--Thread(Thread[Test worker,5,main])--begin transaction
[EL Finest]: connection: 2016-08-24 09:13:32.429--ClientSession(111695816)--Thread(Thread[Test worker,5,main])--reconnecting to external connection pool
Wed Aug 24 09:13:32 UTC 2016|Unknown Alarm = ORGLM312100100 Alarm Split = ORG-LM-3-1-2-100-100
[EL Finest]: transaction: 2016-08-24 09:13:32.433--UnitOfWork(370872034)--Thread(Thread[Test worker,5,main])--persist() operation called on: Ae9R9Svcla8QkQqD3XzkIH39gzxjx94Mz8F3dI0cJTKuwOjKzX.
[EL Finest]: sequencing: 2016-08-24 09:13:32.433--UnitOfWork(370872034)--Thread(Thread[Test worker,5,main])--assign sequence to the object (7D44FF19-CA0C-45A1-8535-924B6ADCC820 -> Ae9R9Svcla8QkQqD3XzkIH39gzxjx94Mz8F3dI0cJTKuwOjKzX)
[EL Finer]: transaction: 2016-08-24 09:13:32.433--UnitOfWork(370872034)--Thread(Thread[Test worker,5,main])--begin unit of work commit
[EL Finest]: query: 2016-08-24 09:13:32.434--UnitOfWork(370872034)--Thread(Thread[Test worker,5,main])--Execute query InsertObjectQuery(Ae9R9Svcla8QkQqD3XzkIH39gzxjx94Mz8F3dI0cJTKuwOjKzX)
[EL Fine]: sql: 2016-08-24 09:13:32.434--ClientSession(111695816)--Connection(660432213)--Thread(Thread[Test worker,5,main])--INSERT INTO ast_Country_M (countryId, capital, capitalLatitude, capitalLongitude, countryCode1, countryCode2, countryFlag, countryName, currencyCode, currencyName, currencySymbol, isoNumeric, versionId, createdBy, createdDate, updatedBy, updatedDate, activeStatus, txnAccessCode) VALUES (?, ?, ?, ?, ?, ?, ?, ?, ?, ?, ?, ?, ?, ?, ?, ?, ?, ?, ?)
	bind => [7D44FF19-CA0C-45A1-8535-924B6ADCC820, WxZejcFfs3AuX1CWo5M7HZLo6SkxKGkg, 3, 2, eIS, hLg, 2LVXPa9Dc9XKR0dXPDPAEAdEpRT0qBouYV2vPCF4l9VDknKWDU, Ae9R9Svcla8QkQqD3XzkIH39gzxjx94Mz8F3dI0cJTKuwOjKzX, vet, 0gvAUEsRJFRy0THZVTVjbS1MmQJGDGYOelzxUuWmG4ULleZ6BH, cOP7qGNvTlVZogaA4AKDLIyb99HJcM7x, 884, 1, AAAAA, 2016-08-24 09:13:32.417, AAAAA, 2016-08-24 09:13:32.417, 1, 51000]
[EL Finer]: transaction: 2016-08-24 09:13:32.435--ClientSession(111695816)--Connection(660432213)--Thread(Thread[Test worker,5,main])--commit transaction
[EL Finest]: connection: 2016-08-24 09:13:32.514--ServerSession(516354556)--Connection(1248731844)--Thread(Thread[Test worker,5,main])--Connection released to connection pool [default].
[EL Finer]: transaction: 2016-08-24 09:13:32.514--UnitOfWork(370872034)--Thread(Thread[Test worker,5,main])--end unit of work commit
[EL Finer]: transaction: 2016-08-24 09:13:32.514--UnitOfWork(370872034)--Thread(Thread[Test worker,5,main])--resume unit of work
[EL Finer]: transaction: 2016-08-24 09:13:32.514--UnitOfWork(370872034)--Thread(Thread[Test worker,5,main])--release unit of work
[EL Finer]: connection: 2016-08-24 09:13:32.514--ClientSession(111695816)--Thread(Thread[Test worker,5,main])--client released
[EL Finer]: connection: 2016-08-24 09:13:32.534--ServerSession(516354556)--Thread(Thread[Test worker,5,main])--client acquired: 1817318754
[EL Finer]: transaction: 2016-08-24 09:13:32.535--ClientSession(1817318754)--Thread(Thread[Test worker,5,main])--acquire unit of work: 16387197
[EL Finest]: connection: 2016-08-24 09:13:32.535--ServerSession(516354556)--Connection(541713163)--Thread(Thread[Test worker,5,main])--Connection acquired from connection pool [default].
[EL Finer]: transaction: 2016-08-24 09:13:32.535--ClientSession(1817318754)--Connection(541713163)--Thread(Thread[Test worker,5,main])--begin transaction
[EL Finest]: connection: 2016-08-24 09:13:32.535--ClientSession(1817318754)--Thread(Thread[Test worker,5,main])--reconnecting to external connection pool
Wed Aug 24 09:13:32 UTC 2016|Unknown Alarm = ORGLM312100100 Alarm Split = ORG-LM-3-1-2-100-100
[EL Finest]: transaction: 2016-08-24 09:13:32.54--UnitOfWork(16387197)--Thread(Thread[Test worker,5,main])--persist() operation called on: fzdlUpqIODzGfaV4RMnXdu8ut1rmaRLQxxxL7ZfB39lzbIWZtV.
[EL Finest]: sequencing: 2016-08-24 09:13:32.54--UnitOfWork(16387197)--Thread(Thread[Test worker,5,main])--assign sequence to the object (FBF18D47-8AD1-4820-9F15-9BB0D3DCD080 -> fzdlUpqIODzGfaV4RMnXdu8ut1rmaRLQxxxL7ZfB39lzbIWZtV)
[EL Finer]: transaction: 2016-08-24 09:13:32.54--UnitOfWork(16387197)--Thread(Thread[Test worker,5,main])--begin unit of work commit
[EL Finest]: query: 2016-08-24 09:13:32.541--UnitOfWork(16387197)--Thread(Thread[Test worker,5,main])--Execute query InsertObjectQuery(fzdlUpqIODzGfaV4RMnXdu8ut1rmaRLQxxxL7ZfB39lzbIWZtV)
[EL Fine]: sql: 2016-08-24 09:13:32.541--ClientSession(1817318754)--Connection(1571261780)--Thread(Thread[Test worker,5,main])--INSERT INTO ast_State_M (stateId, countryId, stateCapital, stateCapitalLatitude, stateCapitalLongitude, stateCode, stateCodeChar2, stateCodeChar3, stateDescription, stateFlag, stateName, versionId, createdBy, createdDate, updatedBy, updatedDate, activeStatus, txnAccessCode) VALUES (?, ?, ?, ?, ?, ?, ?, ?, ?, ?, ?, ?, ?, ?, ?, ?, ?, ?)
	bind => [FBF18D47-8AD1-4820-9F15-9BB0D3DCD080, 7D44FF19-CA0C-45A1-8535-924B6ADCC820, 1QRcUrjYiXb9QRcPIhvSGKOjIiHqjO3PjdGhBcOGNUHIQszqXv, 10, 7, 2, dPArCRL9yogC3Azdc5cBZg8cTkm8TUh0, 99gvXNj3WQaiYSeBo4lHzb3XtDGtbBXJ, jGdGGbEQuomRWe0WE07LHbkPyUPPZZXvKal4rEsYc9WOZKLGSn, X6VUf47r2RBtjQVSiidDEq5ClalYXXmZ0wq1fdf2swARLD7vft, fzdlUpqIODzGfaV4RMnXdu8ut1rmaRLQxxxL7ZfB39lzbIWZtV, 1, AAAAA, 2016-08-24 09:13:32.514, AAAAA, 2016-08-24 09:13:32.514, 1, 51000]
[EL Finer]: transaction: 2016-08-24 09:13:32.543--ClientSession(1817318754)--Connection(1571261780)--Thread(Thread[Test worker,5,main])--commit transaction
[EL Finest]: connection: 2016-08-24 09:13:32.588--ServerSession(516354556)--Connection(541713163)--Thread(Thread[Test worker,5,main])--Connection released to connection pool [default].
[EL Finer]: transaction: 2016-08-24 09:13:32.588--UnitOfWork(16387197)--Thread(Thread[Test worker,5,main])--end unit of work commit
[EL Finer]: transaction: 2016-08-24 09:13:32.588--UnitOfWork(16387197)--Thread(Thread[Test worker,5,main])--resume unit of work
[EL Finer]: transaction: 2016-08-24 09:13:32.588--UnitOfWork(16387197)--Thread(Thread[Test worker,5,main])--release unit of work
[EL Finer]: connection: 2016-08-24 09:13:32.588--ClientSession(1817318754)--Thread(Thread[Test worker,5,main])--client released
[EL Finer]: connection: 2016-08-24 09:13:32.61--ServerSession(516354556)--Thread(Thread[Test worker,5,main])--client acquired: 755072855
[EL Finer]: transaction: 2016-08-24 09:13:32.61--ClientSession(755072855)--Thread(Thread[Test worker,5,main])--acquire unit of work: 1028603862
[EL Finest]: connection: 2016-08-24 09:13:32.611--ServerSession(516354556)--Connection(501750284)--Thread(Thread[Test worker,5,main])--Connection acquired from connection pool [default].
[EL Finer]: transaction: 2016-08-24 09:13:32.611--ClientSession(755072855)--Connection(501750284)--Thread(Thread[Test worker,5,main])--begin transaction
[EL Finest]: connection: 2016-08-24 09:13:32.611--ClientSession(755072855)--Thread(Thread[Test worker,5,main])--reconnecting to external connection pool
Wed Aug 24 09:13:32 UTC 2016|Unknown Alarm = ORGLM312100100 Alarm Split = ORG-LM-3-1-2-100-100
[EL Finest]: transaction: 2016-08-24 09:13:32.612--UnitOfWork(1028603862)--Thread(Thread[Test worker,5,main])--persist() operation called on: cVRvOjXfVES6Xb3LGv3xmY5LkOpD7uK69GPNJh1b7BcPRvUsLA,nGTsUd1LuYP2rH8eG9gxt7EpfzT2bFgB,2.
[EL Finest]: sequencing: 2016-08-24 09:13:32.612--UnitOfWork(1028603862)--Thread(Thread[Test worker,5,main])--assign sequence to the object (53EA567E-0C8C-42B2-A907-5F6D1DEFACAE -> cVRvOjXfVES6Xb3LGv3xmY5LkOpD7uK69GPNJh1b7BcPRvUsLA,nGTsUd1LuYP2rH8eG9gxt7EpfzT2bFgB,2)
[EL Finer]: transaction: 2016-08-24 09:13:32.612--UnitOfWork(1028603862)--Thread(Thread[Test worker,5,main])--begin unit of work commit
[EL Finest]: query: 2016-08-24 09:13:32.612--UnitOfWork(1028603862)--Thread(Thread[Test worker,5,main])--Execute query InsertObjectQuery(cVRvOjXfVES6Xb3LGv3xmY5LkOpD7uK69GPNJh1b7BcPRvUsLA,nGTsUd1LuYP2rH8eG9gxt7EpfzT2bFgB,2)
[EL Fine]: sql: 2016-08-24 09:13:32.613--ClientSession(755072855)--Connection(1454815656)--Thread(Thread[Test worker,5,main])--INSERT INTO ast_City_M (cityId, cityCode, cityCodeChar2, cityDescription, cityFlag, cityLatitude, cityLongitude, cityName, countryId, stateId, versionId, createdBy, createdDate, updatedBy, updatedDate, activeStatus, txnAccessCode) VALUES (?, ?, ?, ?, ?, ?, ?, ?, ?, ?, ?, ?, ?, ?, ?, ?, ?)
	bind => [53EA567E-0C8C-42B2-A907-5F6D1DEFACAE, 2, nGTsUd1LuYP2rH8eG9gxt7EpfzT2bFgB, C4KMeUISEcljrNW8UyoY0EyCzmh5sglRx4lVk396ip80rBtlPm, OwzF2dJEAz0EBFgVUF67FFEakihVfFzN15oqvWBjp4ePpE4nuw, 11, 7, cVRvOjXfVES6Xb3LGv3xmY5LkOpD7uK69GPNJh1b7BcPRvUsLA, 7D44FF19-CA0C-45A1-8535-924B6ADCC820, FBF18D47-8AD1-4820-9F15-9BB0D3DCD080, 1, AAAAA, 2016-08-24 09:13:32.588, AAAAA, 2016-08-24 09:13:32.588, 1, 51000]
[EL Finer]: transaction: 2016-08-24 09:13:32.614--ClientSession(755072855)--Connection(1454815656)--Thread(Thread[Test worker,5,main])--commit transaction
[EL Finest]: connection: 2016-08-24 09:13:32.678--ServerSession(516354556)--Connection(501750284)--Thread(Thread[Test worker,5,main])--Connection released to connection pool [default].
[EL Finer]: transaction: 2016-08-24 09:13:32.678--UnitOfWork(1028603862)--Thread(Thread[Test worker,5,main])--end unit of work commit
[EL Finer]: transaction: 2016-08-24 09:13:32.678--UnitOfWork(1028603862)--Thread(Thread[Test worker,5,main])--resume unit of work
[EL Finer]: transaction: 2016-08-24 09:13:32.678--UnitOfWork(1028603862)--Thread(Thread[Test worker,5,main])--release unit of work
[EL Finer]: connection: 2016-08-24 09:13:32.678--ClientSession(755072855)--Thread(Thread[Test worker,5,main])--client released
[EL Finer]: connection: 2016-08-24 09:13:32.707--ServerSession(516354556)--Thread(Thread[Test worker,5,main])--client acquired: 946552218
[EL Finer]: transaction: 2016-08-24 09:13:32.708--ClientSession(946552218)--Thread(Thread[Test worker,5,main])--acquire unit of work: 144270950
[EL Finest]: connection: 2016-08-24 09:13:32.708--ServerSession(516354556)--Connection(252819187)--Thread(Thread[Test worker,5,main])--Connection acquired from connection pool [default].
[EL Finer]: transaction: 2016-08-24 09:13:32.708--ClientSession(946552218)--Connection(252819187)--Thread(Thread[Test worker,5,main])--begin transaction
[EL Finest]: connection: 2016-08-24 09:13:32.708--ClientSession(946552218)--Thread(Thread[Test worker,5,main])--reconnecting to external connection pool
[EL Finer]: transaction: 2016-08-24 09:13:32.71--UnitOfWork(144270950)--Thread(Thread[Test worker,5,main])--begin unit of work flush
[EL Finer]: transaction: 2016-08-24 09:13:32.71--UnitOfWork(144270950)--Thread(Thread[Test worker,5,main])--end unit of work flush
[EL Finest]: query: 2016-08-24 09:13:32.71--UnitOfWork(144270950)--Thread(Thread[Test worker,5,main])--Execute query ReadAllQuery(name="City.findById" referenceClass=City sql="SELECT cityId, cityCode, cityCodeChar2, cityDescription, cityFlag, cityLatitude, cityLongitude, cityName, countryId, stateId, versionId, createdBy, createdDate, updatedBy, updatedDate, activeStatus, txnAccessCode FROM ast_City_M WHERE ((activeStatus = ?) AND (cityId = ?))")
[EL Fine]: sql: 2016-08-24 09:13:32.71--ClientSession(946552218)--Connection(1882112530)--Thread(Thread[Test worker,5,main])--SELECT cityId, cityCode, cityCodeChar2, cityDescription, cityFlag, cityLatitude, cityLongitude, cityName, countryId, stateId, versionId, createdBy, createdDate, updatedBy, updatedDate, activeStatus, txnAccessCode FROM ast_City_M WHERE ((activeStatus = ?) AND (cityId = ?))
	bind => [1, 53EA567E-0C8C-42B2-A907-5F6D1DEFACAE]
[EL Finer]: transaction: 2016-08-24 09:13:32.712--UnitOfWork(144270950)--Thread(Thread[Test worker,5,main])--begin unit of work commit
[EL Finer]: transaction: 2016-08-24 09:13:32.713--ClientSession(946552218)--Connection(1882112530)--Thread(Thread[Test worker,5,main])--commit transaction
[EL Finest]: connection: 2016-08-24 09:13:32.713--ServerSession(516354556)--Connection(252819187)--Thread(Thread[Test worker,5,main])--Connection released to connection pool [default].
[EL Finer]: transaction: 2016-08-24 09:13:32.713--UnitOfWork(144270950)--Thread(Thread[Test worker,5,main])--end unit of work commit
[EL Finer]: transaction: 2016-08-24 09:13:32.713--UnitOfWork(144270950)--Thread(Thread[Test worker,5,main])--resume unit of work
[EL Finer]: transaction: 2016-08-24 09:13:32.713--UnitOfWork(144270950)--Thread(Thread[Test worker,5,main])--release unit of work
[EL Finer]: connection: 2016-08-24 09:13:32.714--ClientSession(946552218)--Thread(Thread[Test worker,5,main])--client released
[EL Finer]: connection: 2016-08-24 09:13:32.714--ServerSession(516354556)--Thread(Thread[Test worker,5,main])--client acquired: 335521336
[EL Finer]: transaction: 2016-08-24 09:13:32.714--ClientSession(335521336)--Thread(Thread[Test worker,5,main])--acquire unit of work: 1962520777
[EL Finest]: connection: 2016-08-24 09:13:32.714--ServerSession(516354556)--Connection(885364766)--Thread(Thread[Test worker,5,main])--Connection acquired from connection pool [default].
[EL Finer]: transaction: 2016-08-24 09:13:32.714--ClientSession(335521336)--Connection(885364766)--Thread(Thread[Test worker,5,main])--begin transaction
[EL Finest]: connection: 2016-08-24 09:13:32.714--ClientSession(335521336)--Thread(Thread[Test worker,5,main])--reconnecting to external connection pool
[EL Finest]: transaction: 2016-08-24 09:13:32.718--UnitOfWork(1962520777)--Thread(Thread[Test worker,5,main])--Merge clone with references iE6mkaq6itUL7X26uQAVdhiGnYaOgP8pi3k1dD4lnxPfdg5UoJ,xwQvvtn8eStJY1NjuQBNpu163hZDV3fS,3
[EL Finest]: query: 2016-08-24 09:13:32.718--UnitOfWork(1962520777)--Thread(Thread[Test worker,5,main])--Execute query ReadObjectQuery(referenceClass=City )
[EL Fine]: sql: 2016-08-24 09:13:32.719--ClientSession(335521336)--Connection(1551215409)--Thread(Thread[Test worker,5,main])--SELECT cityId, cityCode, cityCodeChar2, cityDescription, cityFlag, cityLatitude, cityLongitude, cityName, countryId, stateId, versionId, createdBy, createdDate, updatedBy, updatedDate, activeStatus, txnAccessCode FROM ast_City_M WHERE (cityId = ?)
	bind => [53EA567E-0C8C-42B2-A907-5F6D1DEFACAE]
[EL Finer]: transaction: 2016-08-24 09:13:32.72--UnitOfWork(1962520777)--Thread(Thread[Test worker,5,main])--begin unit of work commit
[EL Finest]: query: 2016-08-24 09:13:32.721--UnitOfWork(1962520777)--Thread(Thread[Test worker,5,main])--Execute query UpdateObjectQuery(iE6mkaq6itUL7X26uQAVdhiGnYaOgP8pi3k1dD4lnxPfdg5UoJ,xwQvvtn8eStJY1NjuQBNpu163hZDV3fS,3)
[EL Fine]: sql: 2016-08-24 09:13:32.721--ClientSession(335521336)--Connection(1551215409)--Thread(Thread[Test worker,5,main])--UPDATE ast_City_M SET cityCode = ?, cityCodeChar2 = ?, cityDescription = ?, cityFlag = ?, cityLatitude = ?, cityLongitude = ?, cityName = ?, versionId = ? WHERE ((cityId = ?) AND (versionId = ?))
	bind => [3, xwQvvtn8eStJY1NjuQBNpu163hZDV3fS, WruisffsqomUzooRm30ZRbdL7ZfAYjXmG11Ry2VuPiqC8ighFt, 65AwJcBGfcWs7CsLj7wfMEzhJcn5DpEEDpPpjIvPyUqp0iHr1o, 2, 1, iE6mkaq6itUL7X26uQAVdhiGnYaOgP8pi3k1dD4lnxPfdg5UoJ, 2, 53EA567E-0C8C-42B2-A907-5F6D1DEFACAE, 1]
[EL Finer]: transaction: 2016-08-24 09:13:32.723--ClientSession(335521336)--Connection(1551215409)--Thread(Thread[Test worker,5,main])--commit transaction
[EL Finest]: connection: 2016-08-24 09:13:32.802--ServerSession(516354556)--Connection(885364766)--Thread(Thread[Test worker,5,main])--Connection released to connection pool [default].
[EL Finer]: transaction: 2016-08-24 09:13:32.803--UnitOfWork(1962520777)--Thread(Thread[Test worker,5,main])--end unit of work commit
[EL Finer]: transaction: 2016-08-24 09:13:32.803--UnitOfWork(1962520777)--Thread(Thread[Test worker,5,main])--resume unit of work
[EL Finer]: transaction: 2016-08-24 09:13:32.803--UnitOfWork(1962520777)--Thread(Thread[Test worker,5,main])--release unit of work
[EL Finer]: connection: 2016-08-24 09:13:32.803--ClientSession(335521336)--Thread(Thread[Test worker,5,main])--client released
[EL Finer]: connection: 2016-08-24 09:13:32.838--ServerSession(516354556)--Thread(Thread[Test worker,5,main])--client acquired: 154797546
[EL Finer]: transaction: 2016-08-24 09:13:32.838--ClientSession(154797546)--Thread(Thread[Test worker,5,main])--acquire unit of work: 1079659105
[EL Finest]: connection: 2016-08-24 09:13:32.838--ServerSession(516354556)--Connection(1741244232)--Thread(Thread[Test worker,5,main])--Connection acquired from connection pool [default].
[EL Finer]: transaction: 2016-08-24 09:13:32.838--ClientSession(154797546)--Connection(1741244232)--Thread(Thread[Test worker,5,main])--begin transaction
[EL Finest]: connection: 2016-08-24 09:13:32.838--ClientSession(154797546)--Thread(Thread[Test worker,5,main])--reconnecting to external connection pool
[EL Finer]: transaction: 2016-08-24 09:13:32.84--UnitOfWork(1079659105)--Thread(Thread[Test worker,5,main])--begin unit of work flush
[EL Finer]: transaction: 2016-08-24 09:13:32.84--UnitOfWork(1079659105)--Thread(Thread[Test worker,5,main])--end unit of work flush
[EL Finest]: query: 2016-08-24 09:13:32.84--UnitOfWork(1079659105)--Thread(Thread[Test worker,5,main])--Execute query ReadAllQuery(name="City.findById" referenceClass=City sql="SELECT cityId, cityCode, cityCodeChar2, cityDescription, cityFlag, cityLatitude, cityLongitude, cityName, countryId, stateId, versionId, createdBy, createdDate, updatedBy, updatedDate, activeStatus, txnAccessCode FROM ast_City_M WHERE ((activeStatus = ?) AND (cityId = ?))")
[EL Fine]: sql: 2016-08-24 09:13:32.84--ClientSession(154797546)--Connection(1920550910)--Thread(Thread[Test worker,5,main])--SELECT cityId, cityCode, cityCodeChar2, cityDescription, cityFlag, cityLatitude, cityLongitude, cityName, countryId, stateId, versionId, createdBy, createdDate, updatedBy, updatedDate, activeStatus, txnAccessCode FROM ast_City_M WHERE ((activeStatus = ?) AND (cityId = ?))
	bind => [1, 53EA567E-0C8C-42B2-A907-5F6D1DEFACAE]
[EL Finer]: transaction: 2016-08-24 09:13:32.842--UnitOfWork(1079659105)--Thread(Thread[Test worker,5,main])--begin unit of work commit
[EL Finer]: transaction: 2016-08-24 09:13:32.842--ClientSession(154797546)--Connection(1920550910)--Thread(Thread[Test worker,5,main])--commit transaction
[EL Finest]: connection: 2016-08-24 09:13:32.843--ServerSession(516354556)--Connection(1741244232)--Thread(Thread[Test worker,5,main])--Connection released to connection pool [default].
[EL Finer]: transaction: 2016-08-24 09:13:32.843--UnitOfWork(1079659105)--Thread(Thread[Test worker,5,main])--end unit of work commit
[EL Finer]: transaction: 2016-08-24 09:13:32.843--UnitOfWork(1079659105)--Thread(Thread[Test worker,5,main])--resume unit of work
[EL Finer]: transaction: 2016-08-24 09:13:32.843--UnitOfWork(1079659105)--Thread(Thread[Test worker,5,main])--release unit of work
[EL Finer]: connection: 2016-08-24 09:13:32.843--ClientSession(154797546)--Thread(Thread[Test worker,5,main])--client released
[EL Finer]: connection: 2016-08-24 09:13:32.873--ServerSession(516354556)--Thread(Thread[Test worker,5,main])--client acquired: 717553014
[EL Finer]: transaction: 2016-08-24 09:13:32.873--ClientSession(717553014)--Thread(Thread[Test worker,5,main])--acquire unit of work: 1792828393
[EL Finest]: connection: 2016-08-24 09:13:32.873--ServerSession(516354556)--Connection(723750094)--Thread(Thread[Test worker,5,main])--Connection acquired from connection pool [default].
[EL Finer]: transaction: 2016-08-24 09:13:32.873--ClientSession(717553014)--Connection(723750094)--Thread(Thread[Test worker,5,main])--begin transaction
[EL Finest]: connection: 2016-08-24 09:13:32.873--ClientSession(717553014)--Thread(Thread[Test worker,5,main])--reconnecting to external connection pool
[EL Finer]: transaction: 2016-08-24 09:13:32.875--UnitOfWork(1792828393)--Thread(Thread[Test worker,5,main])--begin unit of work flush
[EL Finer]: transaction: 2016-08-24 09:13:32.875--UnitOfWork(1792828393)--Thread(Thread[Test worker,5,main])--end unit of work flush
[EL Finest]: query: 2016-08-24 09:13:32.875--UnitOfWork(1792828393)--Thread(Thread[Test worker,5,main])--Execute query ReadAllQuery(name="City.findByCountryId" referenceClass=City sql="SELECT cityId, cityCode, cityCodeChar2, cityDescription, cityFlag, cityLatitude, cityLongitude, cityName, countryId, stateId, versionId, createdBy, createdDate, updatedBy, updatedDate, activeStatus, txnAccessCode FROM ast_City_M WHERE ((activeStatus = ?) AND (countryId = ?))")
[EL Fine]: sql: 2016-08-24 09:13:32.876--ClientSession(717553014)--Connection(234765254)--Thread(Thread[Test worker,5,main])--SELECT cityId, cityCode, cityCodeChar2, cityDescription, cityFlag, cityLatitude, cityLongitude, cityName, countryId, stateId, versionId, createdBy, createdDate, updatedBy, updatedDate, activeStatus, txnAccessCode FROM ast_City_M WHERE ((activeStatus = ?) AND (countryId = ?))
	bind => [1, 7D44FF19-CA0C-45A1-8535-924B6ADCC820]
[EL Finer]: transaction: 2016-08-24 09:13:32.877--UnitOfWork(1792828393)--Thread(Thread[Test worker,5,main])--begin unit of work commit
[EL Finer]: transaction: 2016-08-24 09:13:32.878--ClientSession(717553014)--Connection(234765254)--Thread(Thread[Test worker,5,main])--commit transaction
[EL Finest]: connection: 2016-08-24 09:13:32.878--ServerSession(516354556)--Connection(723750094)--Thread(Thread[Test worker,5,main])--Connection released to connection pool [default].
[EL Finer]: transaction: 2016-08-24 09:13:32.878--UnitOfWork(1792828393)--Thread(Thread[Test worker,5,main])--end unit of work commit
[EL Finer]: transaction: 2016-08-24 09:13:32.879--UnitOfWork(1792828393)--Thread(Thread[Test worker,5,main])--resume unit of work
[EL Finer]: transaction: 2016-08-24 09:13:32.879--UnitOfWork(1792828393)--Thread(Thread[Test worker,5,main])--release unit of work
[EL Finer]: connection: 2016-08-24 09:13:32.879--ClientSession(717553014)--Thread(Thread[Test worker,5,main])--client released
[EL Finer]: connection: 2016-08-24 09:13:32.906--ServerSession(516354556)--Thread(Thread[Test worker,5,main])--client acquired: 664207158
[EL Finer]: transaction: 2016-08-24 09:13:32.906--ClientSession(664207158)--Thread(Thread[Test worker,5,main])--acquire unit of work: 709707400
[EL Finest]: connection: 2016-08-24 09:13:32.906--ServerSession(516354556)--Connection(928096362)--Thread(Thread[Test worker,5,main])--Connection acquired from connection pool [default].
[EL Finer]: transaction: 2016-08-24 09:13:32.906--ClientSession(664207158)--Connection(928096362)--Thread(Thread[Test worker,5,main])--begin transaction
[EL Finest]: connection: 2016-08-24 09:13:32.906--ClientSession(664207158)--Thread(Thread[Test worker,5,main])--reconnecting to external connection pool
[EL Finer]: transaction: 2016-08-24 09:13:32.908--UnitOfWork(709707400)--Thread(Thread[Test worker,5,main])--begin unit of work flush
[EL Finer]: transaction: 2016-08-24 09:13:32.908--UnitOfWork(709707400)--Thread(Thread[Test worker,5,main])--end unit of work flush
[EL Finest]: query: 2016-08-24 09:13:32.908--UnitOfWork(709707400)--Thread(Thread[Test worker,5,main])--Execute query ReadAllQuery(name="City.findByStateId" referenceClass=City sql="SELECT cityId, cityCode, cityCodeChar2, cityDescription, cityFlag, cityLatitude, cityLongitude, cityName, countryId, stateId, versionId, createdBy, createdDate, updatedBy, updatedDate, activeStatus, txnAccessCode FROM ast_City_M WHERE ((activeStatus = ?) AND (stateId = ?))")
[EL Fine]: sql: 2016-08-24 09:13:32.908--ClientSession(664207158)--Connection(600236815)--Thread(Thread[Test worker,5,main])--SELECT cityId, cityCode, cityCodeChar2, cityDescription, cityFlag, cityLatitude, cityLongitude, cityName, countryId, stateId, versionId, createdBy, createdDate, updatedBy, updatedDate, activeStatus, txnAccessCode FROM ast_City_M WHERE ((activeStatus = ?) AND (stateId = ?))
	bind => [1, FBF18D47-8AD1-4820-9F15-9BB0D3DCD080]
[EL Finer]: transaction: 2016-08-24 09:13:32.91--UnitOfWork(709707400)--Thread(Thread[Test worker,5,main])--begin unit of work commit
[EL Finer]: transaction: 2016-08-24 09:13:32.91--ClientSession(664207158)--Connection(600236815)--Thread(Thread[Test worker,5,main])--commit transaction
[EL Finest]: connection: 2016-08-24 09:13:32.911--ServerSession(516354556)--Connection(928096362)--Thread(Thread[Test worker,5,main])--Connection released to connection pool [default].
[EL Finer]: transaction: 2016-08-24 09:13:32.911--UnitOfWork(709707400)--Thread(Thread[Test worker,5,main])--end unit of work commit
[EL Finer]: transaction: 2016-08-24 09:13:32.911--UnitOfWork(709707400)--Thread(Thread[Test worker,5,main])--resume unit of work
[EL Finer]: transaction: 2016-08-24 09:13:32.911--UnitOfWork(709707400)--Thread(Thread[Test worker,5,main])--release unit of work
[EL Finer]: connection: 2016-08-24 09:13:32.911--ClientSession(664207158)--Thread(Thread[Test worker,5,main])--client released
[EL Finer]: connection: 2016-08-24 09:13:32.969--ServerSession(516354556)--Thread(Thread[Test worker,5,main])--client acquired: 1967312035
[EL Finer]: transaction: 2016-08-24 09:13:32.969--ClientSession(1967312035)--Thread(Thread[Test worker,5,main])--acquire unit of work: 1955143033
[EL Finest]: connection: 2016-08-24 09:13:32.969--ServerSession(516354556)--Connection(1441672884)--Thread(Thread[Test worker,5,main])--Connection acquired from connection pool [default].
[EL Finer]: transaction: 2016-08-24 09:13:32.969--ClientSession(1967312035)--Connection(1441672884)--Thread(Thread[Test worker,5,main])--begin transaction
[EL Finest]: connection: 2016-08-24 09:13:32.969--ClientSession(1967312035)--Thread(Thread[Test worker,5,main])--reconnecting to external connection pool
[EL Finest]: query: 2016-08-24 09:13:32.97--UnitOfWork(1955143033)--Thread(Thread[Test worker,5,main])--Execute query ReadObjectQuery(name="readCity" referenceClass=City sql="SELECT cityId, cityCode, cityCodeChar2, cityDescription, cityFlag, cityLatitude, cityLongitude, cityName, countryId, stateId, versionId, createdBy, createdDate, updatedBy, updatedDate, activeStatus, txnAccessCode FROM ast_City_M WHERE (cityId = ?)")
[EL Fine]: sql: 2016-08-24 09:13:32.97--ClientSession(1967312035)--Connection(831805202)--Thread(Thread[Test worker,5,main])--SELECT cityId, cityCode, cityCodeChar2, cityDescription, cityFlag, cityLatitude, cityLongitude, cityName, countryId, stateId, versionId, createdBy, createdDate, updatedBy, updatedDate, activeStatus, txnAccessCode FROM ast_City_M WHERE (cityId = ?)
	bind => [53EA567E-0C8C-42B2-A907-5F6D1DEFACAE]
[EL Finest]: transaction: 2016-08-24 09:13:32.972--UnitOfWork(1955143033)--Thread(Thread[Test worker,5,main])--remove() operation called on: iE6mkaq6itUL7X26uQAVdhiGnYaOgP8pi3k1dD4lnxPfdg5UoJ,xwQvvtn8eStJY1NjuQBNpu163hZDV3fS,3
[EL Finer]: transaction: 2016-08-24 09:13:32.972--UnitOfWork(1955143033)--Thread(Thread[Test worker,5,main])--begin unit of work commit
[EL Finest]: query: 2016-08-24 09:13:32.972--UnitOfWork(1955143033)--Thread(Thread[Test worker,5,main])--Execute query DoesExistQuery(referenceClass=City )
[EL Finest]: query: 2016-08-24 09:13:32.972--UnitOfWork(1955143033)--Thread(Thread[Test worker,5,main])--Execute query DeleteObjectQuery(iE6mkaq6itUL7X26uQAVdhiGnYaOgP8pi3k1dD4lnxPfdg5UoJ,xwQvvtn8eStJY1NjuQBNpu163hZDV3fS,3)
[EL Fine]: sql: 2016-08-24 09:13:32.972--ClientSession(1967312035)--Connection(831805202)--Thread(Thread[Test worker,5,main])--DELETE FROM ast_City_M WHERE ((cityId = ?) AND (versionId = ?))
	bind => [53EA567E-0C8C-42B2-A907-5F6D1DEFACAE, 2]
[EL Finer]: transaction: 2016-08-24 09:13:32.974--ClientSession(1967312035)--Connection(831805202)--Thread(Thread[Test worker,5,main])--commit transaction
[EL Finest]: connection: 2016-08-24 09:13:33.039--ServerSession(516354556)--Connection(1441672884)--Thread(Thread[Test worker,5,main])--Connection released to connection pool [default].
[EL Finer]: transaction: 2016-08-24 09:13:33.039--UnitOfWork(1955143033)--Thread(Thread[Test worker,5,main])--end unit of work commit
[EL Finer]: transaction: 2016-08-24 09:13:33.039--UnitOfWork(1955143033)--Thread(Thread[Test worker,5,main])--resume unit of work
[EL Finer]: transaction: 2016-08-24 09:13:33.039--UnitOfWork(1955143033)--Thread(Thread[Test worker,5,main])--release unit of work
[EL Finer]: connection: 2016-08-24 09:13:33.039--ClientSession(1967312035)--Thread(Thread[Test worker,5,main])--client released
[EL Finer]: connection: 2016-08-24 09:13:33.059--ServerSession(516354556)--Thread(Thread[Test worker,5,main])--client acquired: 817893617
[EL Finer]: transaction: 2016-08-24 09:13:33.059--ClientSession(817893617)--Thread(Thread[Test worker,5,main])--acquire unit of work: 295196472
[EL Finest]: connection: 2016-08-24 09:13:33.059--ServerSession(516354556)--Connection(679880334)--Thread(Thread[Test worker,5,main])--Connection acquired from connection pool [default].
[EL Finer]: transaction: 2016-08-24 09:13:33.059--ClientSession(817893617)--Connection(679880334)--Thread(Thread[Test worker,5,main])--begin transaction
[EL Finest]: connection: 2016-08-24 09:13:33.06--ClientSession(817893617)--Thread(Thread[Test worker,5,main])--reconnecting to external connection pool
[EL Finest]: query: 2016-08-24 09:13:33.061--UnitOfWork(295196472)--Thread(Thread[Test worker,5,main])--Execute query ReadObjectQuery(name="readState" referenceClass=State sql="SELECT stateId, countryId, stateCapital, stateCapitalLatitude, stateCapitalLongitude, stateCode, stateCodeChar2, stateCodeChar3, stateDescription, stateFlag, stateName, versionId, createdBy, createdDate, updatedBy, updatedDate, activeStatus, txnAccessCode FROM ast_State_M WHERE (stateId = ?)")
[EL Fine]: sql: 2016-08-24 09:13:33.061--ClientSession(817893617)--Connection(722407281)--Thread(Thread[Test worker,5,main])--SELECT stateId, countryId, stateCapital, stateCapitalLatitude, stateCapitalLongitude, stateCode, stateCodeChar2, stateCodeChar3, stateDescription, stateFlag, stateName, versionId, createdBy, createdDate, updatedBy, updatedDate, activeStatus, txnAccessCode FROM ast_State_M WHERE (stateId = ?)
	bind => [FBF18D47-8AD1-4820-9F15-9BB0D3DCD080]
[EL Finest]: transaction: 2016-08-24 09:13:33.063--UnitOfWork(295196472)--Thread(Thread[Test worker,5,main])--remove() operation called on: fzdlUpqIODzGfaV4RMnXdu8ut1rmaRLQxxxL7ZfB39lzbIWZtV
[EL Finer]: transaction: 2016-08-24 09:13:33.063--UnitOfWork(295196472)--Thread(Thread[Test worker,5,main])--begin unit of work commit
[EL Finest]: query: 2016-08-24 09:13:33.063--UnitOfWork(295196472)--Thread(Thread[Test worker,5,main])--Execute query DoesExistQuery(referenceClass=State )
[EL Finest]: query: 2016-08-24 09:13:33.063--UnitOfWork(295196472)--Thread(Thread[Test worker,5,main])--Execute query DeleteObjectQuery(fzdlUpqIODzGfaV4RMnXdu8ut1rmaRLQxxxL7ZfB39lzbIWZtV)
[EL Fine]: sql: 2016-08-24 09:13:33.063--ClientSession(817893617)--Connection(722407281)--Thread(Thread[Test worker,5,main])--DELETE FROM ast_State_M WHERE ((stateId = ?) AND (versionId = ?))
	bind => [FBF18D47-8AD1-4820-9F15-9BB0D3DCD080, 1]
[EL Finer]: transaction: 2016-08-24 09:13:33.065--ClientSession(817893617)--Connection(722407281)--Thread(Thread[Test worker,5,main])--commit transaction
[EL Finest]: connection: 2016-08-24 09:13:33.105--ServerSession(516354556)--Connection(679880334)--Thread(Thread[Test worker,5,main])--Connection released to connection pool [default].
[EL Finer]: transaction: 2016-08-24 09:13:33.106--UnitOfWork(295196472)--Thread(Thread[Test worker,5,main])--end unit of work commit
[EL Finer]: transaction: 2016-08-24 09:13:33.106--UnitOfWork(295196472)--Thread(Thread[Test worker,5,main])--resume unit of work
[EL Finer]: transaction: 2016-08-24 09:13:33.106--UnitOfWork(295196472)--Thread(Thread[Test worker,5,main])--release unit of work
[EL Finer]: connection: 2016-08-24 09:13:33.106--ClientSession(817893617)--Thread(Thread[Test worker,5,main])--client released
[EL Finer]: connection: 2016-08-24 09:13:33.124--ServerSession(516354556)--Thread(Thread[Test worker,5,main])--client acquired: 782918634
[EL Finer]: transaction: 2016-08-24 09:13:33.124--ClientSession(782918634)--Thread(Thread[Test worker,5,main])--acquire unit of work: 881176469
[EL Finest]: connection: 2016-08-24 09:13:33.125--ServerSession(516354556)--Connection(885684771)--Thread(Thread[Test worker,5,main])--Connection acquired from connection pool [default].
[EL Finer]: transaction: 2016-08-24 09:13:33.125--ClientSession(782918634)--Connection(885684771)--Thread(Thread[Test worker,5,main])--begin transaction
[EL Finest]: connection: 2016-08-24 09:13:33.125--ClientSession(782918634)--Thread(Thread[Test worker,5,main])--reconnecting to external connection pool
[EL Finest]: query: 2016-08-24 09:13:33.126--UnitOfWork(881176469)--Thread(Thread[Test worker,5,main])--Execute query ReadObjectQuery(name="readCountry" referenceClass=Country sql="SELECT countryId, capital, capitalLatitude, capitalLongitude, countryCode1, countryCode2, countryFlag, countryName, currencyCode, currencyName, currencySymbol, isoNumeric, versionId, createdBy, createdDate, updatedBy, updatedDate, activeStatus, txnAccessCode FROM ast_Country_M WHERE (countryId = ?)")
[EL Fine]: sql: 2016-08-24 09:13:33.126--ClientSession(782918634)--Connection(1652331274)--Thread(Thread[Test worker,5,main])--SELECT countryId, capital, capitalLatitude, capitalLongitude, countryCode1, countryCode2, countryFlag, countryName, currencyCode, currencyName, currencySymbol, isoNumeric, versionId, createdBy, createdDate, updatedBy, updatedDate, activeStatus, txnAccessCode FROM ast_Country_M WHERE (countryId = ?)
	bind => [7D44FF19-CA0C-45A1-8535-924B6ADCC820]
[EL Finest]: transaction: 2016-08-24 09:13:33.128--UnitOfWork(881176469)--Thread(Thread[Test worker,5,main])--remove() operation called on: Ae9R9Svcla8QkQqD3XzkIH39gzxjx94Mz8F3dI0cJTKuwOjKzX
[EL Finer]: transaction: 2016-08-24 09:13:33.128--UnitOfWork(881176469)--Thread(Thread[Test worker,5,main])--begin unit of work commit
[EL Finest]: query: 2016-08-24 09:13:33.128--UnitOfWork(881176469)--Thread(Thread[Test worker,5,main])--Execute query DoesExistQuery(referenceClass=Country )
[EL Finest]: query: 2016-08-24 09:13:33.128--UnitOfWork(881176469)--Thread(Thread[Test worker,5,main])--Execute query DeleteObjectQuery(Ae9R9Svcla8QkQqD3XzkIH39gzxjx94Mz8F3dI0cJTKuwOjKzX)
[EL Fine]: sql: 2016-08-24 09:13:33.129--ClientSession(782918634)--Connection(1652331274)--Thread(Thread[Test worker,5,main])--DELETE FROM ast_Country_M WHERE ((countryId = ?) AND (versionId = ?))
	bind => [7D44FF19-CA0C-45A1-8535-924B6ADCC820, 1]
[EL Finer]: transaction: 2016-08-24 09:13:33.13--ClientSession(782918634)--Connection(1652331274)--Thread(Thread[Test worker,5,main])--commit transaction
[EL Finest]: connection: 2016-08-24 09:13:33.198--ServerSession(516354556)--Connection(885684771)--Thread(Thread[Test worker,5,main])--Connection released to connection pool [default].
[EL Finer]: transaction: 2016-08-24 09:13:33.199--UnitOfWork(881176469)--Thread(Thread[Test worker,5,main])--end unit of work commit
[EL Finer]: transaction: 2016-08-24 09:13:33.199--UnitOfWork(881176469)--Thread(Thread[Test worker,5,main])--resume unit of work
[EL Finer]: transaction: 2016-08-24 09:13:33.199--UnitOfWork(881176469)--Thread(Thread[Test worker,5,main])--release unit of work
[EL Finer]: connection: 2016-08-24 09:13:33.199--ClientSession(782918634)--Thread(Thread[Test worker,5,main])--client released
]]></system-out>
  <system-err><![CDATA[City.cityName may not be null
java.lang.SecurityException: City.cityName may not be null
	at com.athena.server.pluggable.utils.helper.EntityValidatorHelper.validateEntity(EntityValidatorHelper.java:37)
	at projecttwo.app.shared.organization.locationmanagement.City.isValid(City.java:261)
	at projecttwo.app.server.service.organization.locationmanagement.CityTestCase.validateCity(CityTestCase.java:292)
	at projecttwo.app.server.service.organization.locationmanagement.CityTestCase.test5NegativeTesting(CityTestCase.java:331)
	at sun.reflect.NativeMethodAccessorImpl.invoke0(Native Method)
	at sun.reflect.NativeMethodAccessorImpl.invoke(NativeMethodAccessorImpl.java:57)
	at sun.reflect.DelegatingMethodAccessorImpl.invoke(DelegatingMethodAccessorImpl.java:43)
	at java.lang.reflect.Method.invoke(Method.java:606)
	at org.junit.runners.model.FrameworkMethod$1.runReflectiveCall(FrameworkMethod.java:47)
	at org.junit.internal.runners.model.ReflectiveCallable.run(ReflectiveCallable.java:12)
	at org.junit.runners.model.FrameworkMethod.invokeExplosively(FrameworkMethod.java:44)
	at org.junit.internal.runners.statements.InvokeMethod.evaluate(InvokeMethod.java:17)
	at org.junit.internal.runners.statements.RunBefores.evaluate(RunBefores.java:26)
	at org.springframework.test.context.junit4.statements.RunBeforeTestMethodCallbacks.evaluate(RunBeforeTestMethodCallbacks.java:74)
	at org.junit.internal.runners.statements.RunAfters.evaluate(RunAfters.java:27)
	at org.springframework.test.context.junit4.statements.RunAfterTestMethodCallbacks.evaluate(RunAfterTestMethodCallbacks.java:83)
	at org.springframework.test.context.junit4.statements.SpringRepeat.evaluate(SpringRepeat.java:72)
	at org.springframework.test.context.junit4.SpringJUnit4ClassRunner.runChild(SpringJUnit4ClassRunner.java:233)
	at org.springframework.test.context.junit4.SpringJUnit4ClassRunner.runChild(SpringJUnit4ClassRunner.java:87)
	at org.junit.runners.ParentRunner$3.run(ParentRunner.java:238)
	at org.junit.runners.ParentRunner$1.schedule(ParentRunner.java:63)
	at org.junit.runners.ParentRunner.runChildren(ParentRunner.java:236)
	at org.junit.runners.ParentRunner.access$000(ParentRunner.java:53)
	at org.junit.runners.ParentRunner$2.evaluate(ParentRunner.java:229)
	at org.junit.internal.runners.statements.RunBefores.evaluate(RunBefores.java:26)
	at org.springframework.test.context.junit4.statements.RunBeforeTestClassCallbacks.evaluate(RunBeforeTestClassCallbacks.java:61)
	at org.springframework.test.context.junit4.statements.RunAfterTestClassCallbacks.evaluate(RunAfterTestClassCallbacks.java:71)
	at org.junit.runners.ParentRunner.run(ParentRunner.java:309)
	at org.springframework.test.context.junit4.SpringJUnit4ClassRunner.run(SpringJUnit4ClassRunner.java:176)
	at org.gradle.api.internal.tasks.testing.junit.JUnitTestClassExecuter.runTestClass(JUnitTestClassExecuter.java:86)
	at org.gradle.api.internal.tasks.testing.junit.JUnitTestClassExecuter.execute(JUnitTestClassExecuter.java:49)
	at org.gradle.api.internal.tasks.testing.junit.JUnitTestClassProcessor.processTestClass(JUnitTestClassProcessor.java:64)
	at org.gradle.api.internal.tasks.testing.SuiteTestClassProcessor.processTestClass(SuiteTestClassProcessor.java:50)
	at sun.reflect.GeneratedMethodAccessor108.invoke(Unknown Source)
	at sun.reflect.DelegatingMethodAccessorImpl.invoke(DelegatingMethodAccessorImpl.java:43)
	at java.lang.reflect.Method.invoke(Method.java:606)
	at org.gradle.messaging.dispatch.ReflectionDispatch.dispatch(ReflectionDispatch.java:35)
	at org.gradle.messaging.dispatch.ReflectionDispatch.dispatch(ReflectionDispatch.java:24)
	at org.gradle.messaging.dispatch.ContextClassLoaderDispatch.dispatch(ContextClassLoaderDispatch.java:32)
	at org.gradle.messaging.dispatch.ProxyDispatchAdapter$DispatchingInvocationHandler.invoke(ProxyDispatchAdapter.java:93)
	at com.sun.proxy.$Proxy2.processTestClass(Unknown Source)
	at org.gradle.api.internal.tasks.testing.worker.TestWorker.processTestClass(TestWorker.java:106)
	at sun.reflect.GeneratedMethodAccessor107.invoke(Unknown Source)
	at sun.reflect.DelegatingMethodAccessorImpl.invoke(DelegatingMethodAccessorImpl.java:43)
	at java.lang.reflect.Method.invoke(Method.java:606)
	at org.gradle.messaging.dispatch.ReflectionDispatch.dispatch(ReflectionDispatch.java:35)
	at org.gradle.messaging.dispatch.ReflectionDispatch.dispatch(ReflectionDispatch.java:24)
	at org.gradle.messaging.remote.internal.hub.MessageHub$Handler.run(MessageHub.java:360)
	at org.gradle.internal.concurrent.DefaultExecutorFactory$StoppableExecutorImpl$1.run(DefaultExecutorFactory.java:64)
	at java.util.concurrent.ThreadPoolExecutor.runWorker(ThreadPoolExecutor.java:1145)
	at java.util.concurrent.ThreadPoolExecutor$Worker.run(ThreadPoolExecutor.java:615)
	at java.lang.Thread.run(Thread.java:745)
City.cityName size must be between 0 and 256
java.lang.SecurityException: City.cityName size must be between 0 and 256
	at com.athena.server.pluggable.utils.helper.EntityValidatorHelper.validateEntity(EntityValidatorHelper.java:37)
	at projecttwo.app.shared.organization.locationmanagement.City.isValid(City.java:261)
	at projecttwo.app.server.service.organization.locationmanagement.CityTestCase.validateCity(CityTestCase.java:290)
	at projecttwo.app.server.service.organization.locationmanagement.CityTestCase.test5NegativeTesting(CityTestCase.java:336)
	at sun.reflect.NativeMethodAccessorImpl.invoke0(Native Method)
	at sun.reflect.NativeMethodAccessorImpl.invoke(NativeMethodAccessorImpl.java:57)
	at sun.reflect.DelegatingMethodAccessorImpl.invoke(DelegatingMethodAccessorImpl.java:43)
	at java.lang.reflect.Method.invoke(Method.java:606)
	at org.junit.runners.model.FrameworkMethod$1.runReflectiveCall(FrameworkMethod.java:47)
	at org.junit.internal.runners.model.ReflectiveCallable.run(ReflectiveCallable.java:12)
	at org.junit.runners.model.FrameworkMethod.invokeExplosively(FrameworkMethod.java:44)
	at org.junit.internal.runners.statements.InvokeMethod.evaluate(InvokeMethod.java:17)
	at org.junit.internal.runners.statements.RunBefores.evaluate(RunBefores.java:26)
	at org.springframework.test.context.junit4.statements.RunBeforeTestMethodCallbacks.evaluate(RunBeforeTestMethodCallbacks.java:74)
	at org.junit.internal.runners.statements.RunAfters.evaluate(RunAfters.java:27)
	at org.springframework.test.context.junit4.statements.RunAfterTestMethodCallbacks.evaluate(RunAfterTestMethodCallbacks.java:83)
	at org.springframework.test.context.junit4.statements.SpringRepeat.evaluate(SpringRepeat.java:72)
	at org.springframework.test.context.junit4.SpringJUnit4ClassRunner.runChild(SpringJUnit4ClassRunner.java:233)
	at org.springframework.test.context.junit4.SpringJUnit4ClassRunner.runChild(SpringJUnit4ClassRunner.java:87)
	at org.junit.runners.ParentRunner$3.run(ParentRunner.java:238)
	at org.junit.runners.ParentRunner$1.schedule(ParentRunner.java:63)
	at org.junit.runners.ParentRunner.runChildren(ParentRunner.java:236)
	at org.junit.runners.ParentRunner.access$000(ParentRunner.java:53)
	at org.junit.runners.ParentRunner$2.evaluate(ParentRunner.java:229)
	at org.junit.internal.runners.statements.RunBefores.evaluate(RunBefores.java:26)
	at org.springframework.test.context.junit4.statements.RunBeforeTestClassCallbacks.evaluate(RunBeforeTestClassCallbacks.java:61)
	at org.springframework.test.context.junit4.statements.RunAfterTestClassCallbacks.evaluate(RunAfterTestClassCallbacks.java:71)
	at org.junit.runners.ParentRunner.run(ParentRunner.java:309)
	at org.springframework.test.context.junit4.SpringJUnit4ClassRunner.run(SpringJUnit4ClassRunner.java:176)
	at org.gradle.api.internal.tasks.testing.junit.JUnitTestClassExecuter.runTestClass(JUnitTestClassExecuter.java:86)
	at org.gradle.api.internal.tasks.testing.junit.JUnitTestClassExecuter.execute(JUnitTestClassExecuter.java:49)
	at org.gradle.api.internal.tasks.testing.junit.JUnitTestClassProcessor.processTestClass(JUnitTestClassProcessor.java:64)
	at org.gradle.api.internal.tasks.testing.SuiteTestClassProcessor.processTestClass(SuiteTestClassProcessor.java:50)
	at sun.reflect.GeneratedMethodAccessor108.invoke(Unknown Source)
	at sun.reflect.DelegatingMethodAccessorImpl.invoke(DelegatingMethodAccessorImpl.java:43)
	at java.lang.reflect.Method.invoke(Method.java:606)
	at org.gradle.messaging.dispatch.ReflectionDispatch.dispatch(ReflectionDispatch.java:35)
	at org.gradle.messaging.dispatch.ReflectionDispatch.dispatch(ReflectionDispatch.java:24)
	at org.gradle.messaging.dispatch.ContextClassLoaderDispatch.dispatch(ContextClassLoaderDispatch.java:32)
	at org.gradle.messaging.dispatch.ProxyDispatchAdapter$DispatchingInvocationHandler.invoke(ProxyDispatchAdapter.java:93)
	at com.sun.proxy.$Proxy2.processTestClass(Unknown Source)
	at org.gradle.api.internal.tasks.testing.worker.TestWorker.processTestClass(TestWorker.java:106)
	at sun.reflect.GeneratedMethodAccessor107.invoke(Unknown Source)
	at sun.reflect.DelegatingMethodAccessorImpl.invoke(DelegatingMethodAccessorImpl.java:43)
	at java.lang.reflect.Method.invoke(Method.java:606)
	at org.gradle.messaging.dispatch.ReflectionDispatch.dispatch(ReflectionDispatch.java:35)
	at org.gradle.messaging.dispatch.ReflectionDispatch.dispatch(ReflectionDispatch.java:24)
	at org.gradle.messaging.remote.internal.hub.MessageHub$Handler.run(MessageHub.java:360)
	at org.gradle.internal.concurrent.DefaultExecutorFactory$StoppableExecutorImpl$1.run(DefaultExecutorFactory.java:64)
	at java.util.concurrent.ThreadPoolExecutor.runWorker(ThreadPoolExecutor.java:1145)
	at java.util.concurrent.ThreadPoolExecutor$Worker.run(ThreadPoolExecutor.java:615)
	at java.lang.Thread.run(Thread.java:745)
City.cityCodeChar2 may not be null
java.lang.SecurityException: City.cityCodeChar2 may not be null
	at com.athena.server.pluggable.utils.helper.EntityValidatorHelper.validateEntity(EntityValidatorHelper.java:37)
	at projecttwo.app.shared.organization.locationmanagement.City.isValid(City.java:261)
	at projecttwo.app.server.service.organization.locationmanagement.CityTestCase.validateCity(CityTestCase.java:292)
	at projecttwo.app.server.service.organization.locationmanagement.CityTestCase.test5NegativeTesting(CityTestCase.java:342)
	at sun.reflect.NativeMethodAccessorImpl.invoke0(Native Method)
	at sun.reflect.NativeMethodAccessorImpl.invoke(NativeMethodAccessorImpl.java:57)
	at sun.reflect.DelegatingMethodAccessorImpl.invoke(DelegatingMethodAccessorImpl.java:43)
	at java.lang.reflect.Method.invoke(Method.java:606)
	at org.junit.runners.model.FrameworkMethod$1.runReflectiveCall(FrameworkMethod.java:47)
	at org.junit.internal.runners.model.ReflectiveCallable.run(ReflectiveCallable.java:12)
	at org.junit.runners.model.FrameworkMethod.invokeExplosively(FrameworkMethod.java:44)
	at org.junit.internal.runners.statements.InvokeMethod.evaluate(InvokeMethod.java:17)
	at org.junit.internal.runners.statements.RunBefores.evaluate(RunBefores.java:26)
	at org.springframework.test.context.junit4.statements.RunBeforeTestMethodCallbacks.evaluate(RunBeforeTestMethodCallbacks.java:74)
	at org.junit.internal.runners.statements.RunAfters.evaluate(RunAfters.java:27)
	at org.springframework.test.context.junit4.statements.RunAfterTestMethodCallbacks.evaluate(RunAfterTestMethodCallbacks.java:83)
	at org.springframework.test.context.junit4.statements.SpringRepeat.evaluate(SpringRepeat.java:72)
	at org.springframework.test.context.junit4.SpringJUnit4ClassRunner.runChild(SpringJUnit4ClassRunner.java:233)
	at org.springframework.test.context.junit4.SpringJUnit4ClassRunner.runChild(SpringJUnit4ClassRunner.java:87)
	at org.junit.runners.ParentRunner$3.run(ParentRunner.java:238)
	at org.junit.runners.ParentRunner$1.schedule(ParentRunner.java:63)
	at org.junit.runners.ParentRunner.runChildren(ParentRunner.java:236)
	at org.junit.runners.ParentRunner.access$000(ParentRunner.java:53)
	at org.junit.runners.ParentRunner$2.evaluate(ParentRunner.java:229)
	at org.junit.internal.runners.statements.RunBefores.evaluate(RunBefores.java:26)
	at org.springframework.test.context.junit4.statements.RunBeforeTestClassCallbacks.evaluate(RunBeforeTestClassCallbacks.java:61)
	at org.springframework.test.context.junit4.statements.RunAfterTestClassCallbacks.evaluate(RunAfterTestClassCallbacks.java:71)
	at org.junit.runners.ParentRunner.run(ParentRunner.java:309)
	at org.springframework.test.context.junit4.SpringJUnit4ClassRunner.run(SpringJUnit4ClassRunner.java:176)
	at org.gradle.api.internal.tasks.testing.junit.JUnitTestClassExecuter.runTestClass(JUnitTestClassExecuter.java:86)
	at org.gradle.api.internal.tasks.testing.junit.JUnitTestClassExecuter.execute(JUnitTestClassExecuter.java:49)
	at org.gradle.api.internal.tasks.testing.junit.JUnitTestClassProcessor.processTestClass(JUnitTestClassProcessor.java:64)
	at org.gradle.api.internal.tasks.testing.SuiteTestClassProcessor.processTestClass(SuiteTestClassProcessor.java:50)
	at sun.reflect.GeneratedMethodAccessor108.invoke(Unknown Source)
	at sun.reflect.DelegatingMethodAccessorImpl.invoke(DelegatingMethodAccessorImpl.java:43)
	at java.lang.reflect.Method.invoke(Method.java:606)
	at org.gradle.messaging.dispatch.ReflectionDispatch.dispatch(ReflectionDispatch.java:35)
	at org.gradle.messaging.dispatch.ReflectionDispatch.dispatch(ReflectionDispatch.java:24)
	at org.gradle.messaging.dispatch.ContextClassLoaderDispatch.dispatch(ContextClassLoaderDispatch.java:32)
	at org.gradle.messaging.dispatch.ProxyDispatchAdapter$DispatchingInvocationHandler.invoke(ProxyDispatchAdapter.java:93)
	at com.sun.proxy.$Proxy2.processTestClass(Unknown Source)
	at org.gradle.api.internal.tasks.testing.worker.TestWorker.processTestClass(TestWorker.java:106)
	at sun.reflect.GeneratedMethodAccessor107.invoke(Unknown Source)
	at sun.reflect.DelegatingMethodAccessorImpl.invoke(DelegatingMethodAccessorImpl.java:43)
	at java.lang.reflect.Method.invoke(Method.java:606)
	at org.gradle.messaging.dispatch.ReflectionDispatch.dispatch(ReflectionDispatch.java:35)
	at org.gradle.messaging.dispatch.ReflectionDispatch.dispatch(ReflectionDispatch.java:24)
	at org.gradle.messaging.remote.internal.hub.MessageHub$Handler.run(MessageHub.java:360)
	at org.gradle.internal.concurrent.DefaultExecutorFactory$StoppableExecutorImpl$1.run(DefaultExecutorFactory.java:64)
	at java.util.concurrent.ThreadPoolExecutor.runWorker(ThreadPoolExecutor.java:1145)
	at java.util.concurrent.ThreadPoolExecutor$Worker.run(ThreadPoolExecutor.java:615)
	at java.lang.Thread.run(Thread.java:745)
City.cityCodeChar2 size must be between 0 and 32
java.lang.SecurityException: City.cityCodeChar2 size must be between 0 and 32
	at com.athena.server.pluggable.utils.helper.EntityValidatorHelper.validateEntity(EntityValidatorHelper.java:37)
	at projecttwo.app.shared.organization.locationmanagement.City.isValid(City.java:261)
	at projecttwo.app.server.service.organization.locationmanagement.CityTestCase.validateCity(CityTestCase.java:290)
	at projecttwo.app.server.service.organization.locationmanagement.CityTestCase.test5NegativeTesting(CityTestCase.java:347)
	at sun.reflect.NativeMethodAccessorImpl.invoke0(Native Method)
	at sun.reflect.NativeMethodAccessorImpl.invoke(NativeMethodAccessorImpl.java:57)
	at sun.reflect.DelegatingMethodAccessorImpl.invoke(DelegatingMethodAccessorImpl.java:43)
	at java.lang.reflect.Method.invoke(Method.java:606)
	at org.junit.runners.model.FrameworkMethod$1.runReflectiveCall(FrameworkMethod.java:47)
	at org.junit.internal.runners.model.ReflectiveCallable.run(ReflectiveCallable.java:12)
	at org.junit.runners.model.FrameworkMethod.invokeExplosively(FrameworkMethod.java:44)
	at org.junit.internal.runners.statements.InvokeMethod.evaluate(InvokeMethod.java:17)
	at org.junit.internal.runners.statements.RunBefores.evaluate(RunBefores.java:26)
	at org.springframework.test.context.junit4.statements.RunBeforeTestMethodCallbacks.evaluate(RunBeforeTestMethodCallbacks.java:74)
	at org.junit.internal.runners.statements.RunAfters.evaluate(RunAfters.java:27)
	at org.springframework.test.context.junit4.statements.RunAfterTestMethodCallbacks.evaluate(RunAfterTestMethodCallbacks.java:83)
	at org.springframework.test.context.junit4.statements.SpringRepeat.evaluate(SpringRepeat.java:72)
	at org.springframework.test.context.junit4.SpringJUnit4ClassRunner.runChild(SpringJUnit4ClassRunner.java:233)
	at org.springframework.test.context.junit4.SpringJUnit4ClassRunner.runChild(SpringJUnit4ClassRunner.java:87)
	at org.junit.runners.ParentRunner$3.run(ParentRunner.java:238)
	at org.junit.runners.ParentRunner$1.schedule(ParentRunner.java:63)
	at org.junit.runners.ParentRunner.runChildren(ParentRunner.java:236)
	at org.junit.runners.ParentRunner.access$000(ParentRunner.java:53)
	at org.junit.runners.ParentRunner$2.evaluate(ParentRunner.java:229)
	at org.junit.internal.runners.statements.RunBefores.evaluate(RunBefores.java:26)
	at org.springframework.test.context.junit4.statements.RunBeforeTestClassCallbacks.evaluate(RunBeforeTestClassCallbacks.java:61)
	at org.springframework.test.context.junit4.statements.RunAfterTestClassCallbacks.evaluate(RunAfterTestClassCallbacks.java:71)
	at org.junit.runners.ParentRunner.run(ParentRunner.java:309)
	at org.springframework.test.context.junit4.SpringJUnit4ClassRunner.run(SpringJUnit4ClassRunner.java:176)
	at org.gradle.api.internal.tasks.testing.junit.JUnitTestClassExecuter.runTestClass(JUnitTestClassExecuter.java:86)
	at org.gradle.api.internal.tasks.testing.junit.JUnitTestClassExecuter.execute(JUnitTestClassExecuter.java:49)
	at org.gradle.api.internal.tasks.testing.junit.JUnitTestClassProcessor.processTestClass(JUnitTestClassProcessor.java:64)
	at org.gradle.api.internal.tasks.testing.SuiteTestClassProcessor.processTestClass(SuiteTestClassProcessor.java:50)
	at sun.reflect.GeneratedMethodAccessor108.invoke(Unknown Source)
	at sun.reflect.DelegatingMethodAccessorImpl.invoke(DelegatingMethodAccessorImpl.java:43)
	at java.lang.reflect.Method.invoke(Method.java:606)
	at org.gradle.messaging.dispatch.ReflectionDispatch.dispatch(ReflectionDispatch.java:35)
	at org.gradle.messaging.dispatch.ReflectionDispatch.dispatch(ReflectionDispatch.java:24)
	at org.gradle.messaging.dispatch.ContextClassLoaderDispatch.dispatch(ContextClassLoaderDispatch.java:32)
	at org.gradle.messaging.dispatch.ProxyDispatchAdapter$DispatchingInvocationHandler.invoke(ProxyDispatchAdapter.java:93)
	at com.sun.proxy.$Proxy2.processTestClass(Unknown Source)
	at org.gradle.api.internal.tasks.testing.worker.TestWorker.processTestClass(TestWorker.java:106)
	at sun.reflect.GeneratedMethodAccessor107.invoke(Unknown Source)
	at sun.reflect.DelegatingMethodAccessorImpl.invoke(DelegatingMethodAccessorImpl.java:43)
	at java.lang.reflect.Method.invoke(Method.java:606)
	at org.gradle.messaging.dispatch.ReflectionDispatch.dispatch(ReflectionDispatch.java:35)
	at org.gradle.messaging.dispatch.ReflectionDispatch.dispatch(ReflectionDispatch.java:24)
	at org.gradle.messaging.remote.internal.hub.MessageHub$Handler.run(MessageHub.java:360)
	at org.gradle.internal.concurrent.DefaultExecutorFactory$StoppableExecutorImpl$1.run(DefaultExecutorFactory.java:64)
	at java.util.concurrent.ThreadPoolExecutor.runWorker(ThreadPoolExecutor.java:1145)
	at java.util.concurrent.ThreadPoolExecutor$Worker.run(ThreadPoolExecutor.java:615)
	at java.lang.Thread.run(Thread.java:745)
City.cityCode may not be null
java.lang.SecurityException: City.cityCode may not be null
	at com.athena.server.pluggable.utils.helper.EntityValidatorHelper.validateEntity(EntityValidatorHelper.java:37)
	at projecttwo.app.shared.organization.locationmanagement.City.isValid(City.java:261)
	at projecttwo.app.server.service.organization.locationmanagement.CityTestCase.validateCity(CityTestCase.java:292)
	at projecttwo.app.server.service.organization.locationmanagement.CityTestCase.test5NegativeTesting(CityTestCase.java:353)
	at sun.reflect.NativeMethodAccessorImpl.invoke0(Native Method)
	at sun.reflect.NativeMethodAccessorImpl.invoke(NativeMethodAccessorImpl.java:57)
	at sun.reflect.DelegatingMethodAccessorImpl.invoke(DelegatingMethodAccessorImpl.java:43)
	at java.lang.reflect.Method.invoke(Method.java:606)
	at org.junit.runners.model.FrameworkMethod$1.runReflectiveCall(FrameworkMethod.java:47)
	at org.junit.internal.runners.model.ReflectiveCallable.run(ReflectiveCallable.java:12)
	at org.junit.runners.model.FrameworkMethod.invokeExplosively(FrameworkMethod.java:44)
	at org.junit.internal.runners.statements.InvokeMethod.evaluate(InvokeMethod.java:17)
	at org.junit.internal.runners.statements.RunBefores.evaluate(RunBefores.java:26)
	at org.springframework.test.context.junit4.statements.RunBeforeTestMethodCallbacks.evaluate(RunBeforeTestMethodCallbacks.java:74)
	at org.junit.internal.runners.statements.RunAfters.evaluate(RunAfters.java:27)
	at org.springframework.test.context.junit4.statements.RunAfterTestMethodCallbacks.evaluate(RunAfterTestMethodCallbacks.java:83)
	at org.springframework.test.context.junit4.statements.SpringRepeat.evaluate(SpringRepeat.java:72)
	at org.springframework.test.context.junit4.SpringJUnit4ClassRunner.runChild(SpringJUnit4ClassRunner.java:233)
	at org.springframework.test.context.junit4.SpringJUnit4ClassRunner.runChild(SpringJUnit4ClassRunner.java:87)
	at org.junit.runners.ParentRunner$3.run(ParentRunner.java:238)
	at org.junit.runners.ParentRunner$1.schedule(ParentRunner.java:63)
	at org.junit.runners.ParentRunner.runChildren(ParentRunner.java:236)
	at org.junit.runners.ParentRunner.access$000(ParentRunner.java:53)
	at org.junit.runners.ParentRunner$2.evaluate(ParentRunner.java:229)
	at org.junit.internal.runners.statements.RunBefores.evaluate(RunBefores.java:26)
	at org.springframework.test.context.junit4.statements.RunBeforeTestClassCallbacks.evaluate(RunBeforeTestClassCallbacks.java:61)
	at org.springframework.test.context.junit4.statements.RunAfterTestClassCallbacks.evaluate(RunAfterTestClassCallbacks.java:71)
	at org.junit.runners.ParentRunner.run(ParentRunner.java:309)
	at org.springframework.test.context.junit4.SpringJUnit4ClassRunner.run(SpringJUnit4ClassRunner.java:176)
	at org.gradle.api.internal.tasks.testing.junit.JUnitTestClassExecuter.runTestClass(JUnitTestClassExecuter.java:86)
	at org.gradle.api.internal.tasks.testing.junit.JUnitTestClassExecuter.execute(JUnitTestClassExecuter.java:49)
	at org.gradle.api.internal.tasks.testing.junit.JUnitTestClassProcessor.processTestClass(JUnitTestClassProcessor.java:64)
	at org.gradle.api.internal.tasks.testing.SuiteTestClassProcessor.processTestClass(SuiteTestClassProcessor.java:50)
	at sun.reflect.GeneratedMethodAccessor108.invoke(Unknown Source)
	at sun.reflect.DelegatingMethodAccessorImpl.invoke(DelegatingMethodAccessorImpl.java:43)
	at java.lang.reflect.Method.invoke(Method.java:606)
	at org.gradle.messaging.dispatch.ReflectionDispatch.dispatch(ReflectionDispatch.java:35)
	at org.gradle.messaging.dispatch.ReflectionDispatch.dispatch(ReflectionDispatch.java:24)
	at org.gradle.messaging.dispatch.ContextClassLoaderDispatch.dispatch(ContextClassLoaderDispatch.java:32)
	at org.gradle.messaging.dispatch.ProxyDispatchAdapter$DispatchingInvocationHandler.invoke(ProxyDispatchAdapter.java:93)
	at com.sun.proxy.$Proxy2.processTestClass(Unknown Source)
	at org.gradle.api.internal.tasks.testing.worker.TestWorker.processTestClass(TestWorker.java:106)
	at sun.reflect.GeneratedMethodAccessor107.invoke(Unknown Source)
	at sun.reflect.DelegatingMethodAccessorImpl.invoke(DelegatingMethodAccessorImpl.java:43)
	at java.lang.reflect.Method.invoke(Method.java:606)
	at org.gradle.messaging.dispatch.ReflectionDispatch.dispatch(ReflectionDispatch.java:35)
	at org.gradle.messaging.dispatch.ReflectionDispatch.dispatch(ReflectionDispatch.java:24)
	at org.gradle.messaging.remote.internal.hub.MessageHub$Handler.run(MessageHub.java:360)
	at org.gradle.internal.concurrent.DefaultExecutorFactory$StoppableExecutorImpl$1.run(DefaultExecutorFactory.java:64)
	at java.util.concurrent.ThreadPoolExecutor.runWorker(ThreadPoolExecutor.java:1145)
	at java.util.concurrent.ThreadPoolExecutor$Worker.run(ThreadPoolExecutor.java:615)
	at java.lang.Thread.run(Thread.java:745)
City.cityCode must be less than or equal to 3
java.lang.SecurityException: City.cityCode must be less than or equal to 3
	at com.athena.server.pluggable.utils.helper.EntityValidatorHelper.validateEntity(EntityValidatorHelper.java:37)
	at projecttwo.app.shared.organization.locationmanagement.City.isValid(City.java:261)
	at projecttwo.app.server.service.organization.locationmanagement.CityTestCase.validateCity(CityTestCase.java:290)
	at projecttwo.app.server.service.organization.locationmanagement.CityTestCase.test5NegativeTesting(CityTestCase.java:358)
	at sun.reflect.NativeMethodAccessorImpl.invoke0(Native Method)
	at sun.reflect.NativeMethodAccessorImpl.invoke(NativeMethodAccessorImpl.java:57)
	at sun.reflect.DelegatingMethodAccessorImpl.invoke(DelegatingMethodAccessorImpl.java:43)
	at java.lang.reflect.Method.invoke(Method.java:606)
	at org.junit.runners.model.FrameworkMethod$1.runReflectiveCall(FrameworkMethod.java:47)
	at org.junit.internal.runners.model.ReflectiveCallable.run(ReflectiveCallable.java:12)
	at org.junit.runners.model.FrameworkMethod.invokeExplosively(FrameworkMethod.java:44)
	at org.junit.internal.runners.statements.InvokeMethod.evaluate(InvokeMethod.java:17)
	at org.junit.internal.runners.statements.RunBefores.evaluate(RunBefores.java:26)
	at org.springframework.test.context.junit4.statements.RunBeforeTestMethodCallbacks.evaluate(RunBeforeTestMethodCallbacks.java:74)
	at org.junit.internal.runners.statements.RunAfters.evaluate(RunAfters.java:27)
	at org.springframework.test.context.junit4.statements.RunAfterTestMethodCallbacks.evaluate(RunAfterTestMethodCallbacks.java:83)
	at org.springframework.test.context.junit4.statements.SpringRepeat.evaluate(SpringRepeat.java:72)
	at org.springframework.test.context.junit4.SpringJUnit4ClassRunner.runChild(SpringJUnit4ClassRunner.java:233)
	at org.springframework.test.context.junit4.SpringJUnit4ClassRunner.runChild(SpringJUnit4ClassRunner.java:87)
	at org.junit.runners.ParentRunner$3.run(ParentRunner.java:238)
	at org.junit.runners.ParentRunner$1.schedule(ParentRunner.java:63)
	at org.junit.runners.ParentRunner.runChildren(ParentRunner.java:236)
	at org.junit.runners.ParentRunner.access$000(ParentRunner.java:53)
	at org.junit.runners.ParentRunner$2.evaluate(ParentRunner.java:229)
	at org.junit.internal.runners.statements.RunBefores.evaluate(RunBefores.java:26)
	at org.springframework.test.context.junit4.statements.RunBeforeTestClassCallbacks.evaluate(RunBeforeTestClassCallbacks.java:61)
	at org.springframework.test.context.junit4.statements.RunAfterTestClassCallbacks.evaluate(RunAfterTestClassCallbacks.java:71)
	at org.junit.runners.ParentRunner.run(ParentRunner.java:309)
	at org.springframework.test.context.junit4.SpringJUnit4ClassRunner.run(SpringJUnit4ClassRunner.java:176)
	at org.gradle.api.internal.tasks.testing.junit.JUnitTestClassExecuter.runTestClass(JUnitTestClassExecuter.java:86)
	at org.gradle.api.internal.tasks.testing.junit.JUnitTestClassExecuter.execute(JUnitTestClassExecuter.java:49)
	at org.gradle.api.internal.tasks.testing.junit.JUnitTestClassProcessor.processTestClass(JUnitTestClassProcessor.java:64)
	at org.gradle.api.internal.tasks.testing.SuiteTestClassProcessor.processTestClass(SuiteTestClassProcessor.java:50)
	at sun.reflect.GeneratedMethodAccessor108.invoke(Unknown Source)
	at sun.reflect.DelegatingMethodAccessorImpl.invoke(DelegatingMethodAccessorImpl.java:43)
	at java.lang.reflect.Method.invoke(Method.java:606)
	at org.gradle.messaging.dispatch.ReflectionDispatch.dispatch(ReflectionDispatch.java:35)
	at org.gradle.messaging.dispatch.ReflectionDispatch.dispatch(ReflectionDispatch.java:24)
	at org.gradle.messaging.dispatch.ContextClassLoaderDispatch.dispatch(ContextClassLoaderDispatch.java:32)
	at org.gradle.messaging.dispatch.ProxyDispatchAdapter$DispatchingInvocationHandler.invoke(ProxyDispatchAdapter.java:93)
	at com.sun.proxy.$Proxy2.processTestClass(Unknown Source)
	at org.gradle.api.internal.tasks.testing.worker.TestWorker.processTestClass(TestWorker.java:106)
	at sun.reflect.GeneratedMethodAccessor107.invoke(Unknown Source)
	at sun.reflect.DelegatingMethodAccessorImpl.invoke(DelegatingMethodAccessorImpl.java:43)
	at java.lang.reflect.Method.invoke(Method.java:606)
	at org.gradle.messaging.dispatch.ReflectionDispatch.dispatch(ReflectionDispatch.java:35)
	at org.gradle.messaging.dispatch.ReflectionDispatch.dispatch(ReflectionDispatch.java:24)
	at org.gradle.messaging.remote.internal.hub.MessageHub$Handler.run(MessageHub.java:360)
	at org.gradle.internal.concurrent.DefaultExecutorFactory$StoppableExecutorImpl$1.run(DefaultExecutorFactory.java:64)
	at java.util.concurrent.ThreadPoolExecutor.runWorker(ThreadPoolExecutor.java:1145)
	at java.util.concurrent.ThreadPoolExecutor$Worker.run(ThreadPoolExecutor.java:615)
	at java.lang.Thread.run(Thread.java:745)
City.cityDescription size must be between 0 and 128
java.lang.SecurityException: City.cityDescription size must be between 0 and 128
	at com.athena.server.pluggable.utils.helper.EntityValidatorHelper.validateEntity(EntityValidatorHelper.java:37)
	at projecttwo.app.shared.organization.locationmanagement.City.isValid(City.java:261)
	at projecttwo.app.server.service.organization.locationmanagement.CityTestCase.validateCity(CityTestCase.java:290)
	at projecttwo.app.server.service.organization.locationmanagement.CityTestCase.test5NegativeTesting(CityTestCase.java:363)
	at sun.reflect.NativeMethodAccessorImpl.invoke0(Native Method)
	at sun.reflect.NativeMethodAccessorImpl.invoke(NativeMethodAccessorImpl.java:57)
	at sun.reflect.DelegatingMethodAccessorImpl.invoke(DelegatingMethodAccessorImpl.java:43)
	at java.lang.reflect.Method.invoke(Method.java:606)
	at org.junit.runners.model.FrameworkMethod$1.runReflectiveCall(FrameworkMethod.java:47)
	at org.junit.internal.runners.model.ReflectiveCallable.run(ReflectiveCallable.java:12)
	at org.junit.runners.model.FrameworkMethod.invokeExplosively(FrameworkMethod.java:44)
	at org.junit.internal.runners.statements.InvokeMethod.evaluate(InvokeMethod.java:17)
	at org.junit.internal.runners.statements.RunBefores.evaluate(RunBefores.java:26)
	at org.springframework.test.context.junit4.statements.RunBeforeTestMethodCallbacks.evaluate(RunBeforeTestMethodCallbacks.java:74)
	at org.junit.internal.runners.statements.RunAfters.evaluate(RunAfters.java:27)
	at org.springframework.test.context.junit4.statements.RunAfterTestMethodCallbacks.evaluate(RunAfterTestMethodCallbacks.java:83)
	at org.springframework.test.context.junit4.statements.SpringRepeat.evaluate(SpringRepeat.java:72)
	at org.springframework.test.context.junit4.SpringJUnit4ClassRunner.runChild(SpringJUnit4ClassRunner.java:233)
	at org.springframework.test.context.junit4.SpringJUnit4ClassRunner.runChild(SpringJUnit4ClassRunner.java:87)
	at org.junit.runners.ParentRunner$3.run(ParentRunner.java:238)
	at org.junit.runners.ParentRunner$1.schedule(ParentRunner.java:63)
	at org.junit.runners.ParentRunner.runChildren(ParentRunner.java:236)
	at org.junit.runners.ParentRunner.access$000(ParentRunner.java:53)
	at org.junit.runners.ParentRunner$2.evaluate(ParentRunner.java:229)
	at org.junit.internal.runners.statements.RunBefores.evaluate(RunBefores.java:26)
	at org.springframework.test.context.junit4.statements.RunBeforeTestClassCallbacks.evaluate(RunBeforeTestClassCallbacks.java:61)
	at org.springframework.test.context.junit4.statements.RunAfterTestClassCallbacks.evaluate(RunAfterTestClassCallbacks.java:71)
	at org.junit.runners.ParentRunner.run(ParentRunner.java:309)
	at org.springframework.test.context.junit4.SpringJUnit4ClassRunner.run(SpringJUnit4ClassRunner.java:176)
	at org.gradle.api.internal.tasks.testing.junit.JUnitTestClassExecuter.runTestClass(JUnitTestClassExecuter.java:86)
	at org.gradle.api.internal.tasks.testing.junit.JUnitTestClassExecuter.execute(JUnitTestClassExecuter.java:49)
	at org.gradle.api.internal.tasks.testing.junit.JUnitTestClassProcessor.processTestClass(JUnitTestClassProcessor.java:64)
	at org.gradle.api.internal.tasks.testing.SuiteTestClassProcessor.processTestClass(SuiteTestClassProcessor.java:50)
	at sun.reflect.GeneratedMethodAccessor108.invoke(Unknown Source)
	at sun.reflect.DelegatingMethodAccessorImpl.invoke(DelegatingMethodAccessorImpl.java:43)
	at java.lang.reflect.Method.invoke(Method.java:606)
	at org.gradle.messaging.dispatch.ReflectionDispatch.dispatch(ReflectionDispatch.java:35)
	at org.gradle.messaging.dispatch.ReflectionDispatch.dispatch(ReflectionDispatch.java:24)
	at org.gradle.messaging.dispatch.ContextClassLoaderDispatch.dispatch(ContextClassLoaderDispatch.java:32)
	at org.gradle.messaging.dispatch.ProxyDispatchAdapter$DispatchingInvocationHandler.invoke(ProxyDispatchAdapter.java:93)
	at com.sun.proxy.$Proxy2.processTestClass(Unknown Source)
	at org.gradle.api.internal.tasks.testing.worker.TestWorker.processTestClass(TestWorker.java:106)
	at sun.reflect.GeneratedMethodAccessor107.invoke(Unknown Source)
	at sun.reflect.DelegatingMethodAccessorImpl.invoke(DelegatingMethodAccessorImpl.java:43)
	at java.lang.reflect.Method.invoke(Method.java:606)
	at org.gradle.messaging.dispatch.ReflectionDispatch.dispatch(ReflectionDispatch.java:35)
	at org.gradle.messaging.dispatch.ReflectionDispatch.dispatch(ReflectionDispatch.java:24)
	at org.gradle.messaging.remote.internal.hub.MessageHub$Handler.run(MessageHub.java:360)
	at org.gradle.internal.concurrent.DefaultExecutorFactory$StoppableExecutorImpl$1.run(DefaultExecutorFactory.java:64)
	at java.util.concurrent.ThreadPoolExecutor.runWorker(ThreadPoolExecutor.java:1145)
	at java.util.concurrent.ThreadPoolExecutor$Worker.run(ThreadPoolExecutor.java:615)
	at java.lang.Thread.run(Thread.java:745)
City.cityFlag size must be between 0 and 128
java.lang.SecurityException: City.cityFlag size must be between 0 and 128
	at com.athena.server.pluggable.utils.helper.EntityValidatorHelper.validateEntity(EntityValidatorHelper.java:37)
	at projecttwo.app.shared.organization.locationmanagement.City.isValid(City.java:261)
	at projecttwo.app.server.service.organization.locationmanagement.CityTestCase.validateCity(CityTestCase.java:290)
	at projecttwo.app.server.service.organization.locationmanagement.CityTestCase.test5NegativeTesting(CityTestCase.java:368)
	at sun.reflect.NativeMethodAccessorImpl.invoke0(Native Method)
	at sun.reflect.NativeMethodAccessorImpl.invoke(NativeMethodAccessorImpl.java:57)
	at sun.reflect.DelegatingMethodAccessorImpl.invoke(DelegatingMethodAccessorImpl.java:43)
	at java.lang.reflect.Method.invoke(Method.java:606)
	at org.junit.runners.model.FrameworkMethod$1.runReflectiveCall(FrameworkMethod.java:47)
	at org.junit.internal.runners.model.ReflectiveCallable.run(ReflectiveCallable.java:12)
	at org.junit.runners.model.FrameworkMethod.invokeExplosively(FrameworkMethod.java:44)
	at org.junit.internal.runners.statements.InvokeMethod.evaluate(InvokeMethod.java:17)
	at org.junit.internal.runners.statements.RunBefores.evaluate(RunBefores.java:26)
	at org.springframework.test.context.junit4.statements.RunBeforeTestMethodCallbacks.evaluate(RunBeforeTestMethodCallbacks.java:74)
	at org.junit.internal.runners.statements.RunAfters.evaluate(RunAfters.java:27)
	at org.springframework.test.context.junit4.statements.RunAfterTestMethodCallbacks.evaluate(RunAfterTestMethodCallbacks.java:83)
	at org.springframework.test.context.junit4.statements.SpringRepeat.evaluate(SpringRepeat.java:72)
	at org.springframework.test.context.junit4.SpringJUnit4ClassRunner.runChild(SpringJUnit4ClassRunner.java:233)
	at org.springframework.test.context.junit4.SpringJUnit4ClassRunner.runChild(SpringJUnit4ClassRunner.java:87)
	at org.junit.runners.ParentRunner$3.run(ParentRunner.java:238)
	at org.junit.runners.ParentRunner$1.schedule(ParentRunner.java:63)
	at org.junit.runners.ParentRunner.runChildren(ParentRunner.java:236)
	at org.junit.runners.ParentRunner.access$000(ParentRunner.java:53)
	at org.junit.runners.ParentRunner$2.evaluate(ParentRunner.java:229)
	at org.junit.internal.runners.statements.RunBefores.evaluate(RunBefores.java:26)
	at org.springframework.test.context.junit4.statements.RunBeforeTestClassCallbacks.evaluate(RunBeforeTestClassCallbacks.java:61)
	at org.springframework.test.context.junit4.statements.RunAfterTestClassCallbacks.evaluate(RunAfterTestClassCallbacks.java:71)
	at org.junit.runners.ParentRunner.run(ParentRunner.java:309)
	at org.springframework.test.context.junit4.SpringJUnit4ClassRunner.run(SpringJUnit4ClassRunner.java:176)
	at org.gradle.api.internal.tasks.testing.junit.JUnitTestClassExecuter.runTestClass(JUnitTestClassExecuter.java:86)
	at org.gradle.api.internal.tasks.testing.junit.JUnitTestClassExecuter.execute(JUnitTestClassExecuter.java:49)
	at org.gradle.api.internal.tasks.testing.junit.JUnitTestClassProcessor.processTestClass(JUnitTestClassProcessor.java:64)
	at org.gradle.api.internal.tasks.testing.SuiteTestClassProcessor.processTestClass(SuiteTestClassProcessor.java:50)
	at sun.reflect.GeneratedMethodAccessor108.invoke(Unknown Source)
	at sun.reflect.DelegatingMethodAccessorImpl.invoke(DelegatingMethodAccessorImpl.java:43)
	at java.lang.reflect.Method.invoke(Method.java:606)
	at org.gradle.messaging.dispatch.ReflectionDispatch.dispatch(ReflectionDispatch.java:35)
	at org.gradle.messaging.dispatch.ReflectionDispatch.dispatch(ReflectionDispatch.java:24)
	at org.gradle.messaging.dispatch.ContextClassLoaderDispatch.dispatch(ContextClassLoaderDispatch.java:32)
	at org.gradle.messaging.dispatch.ProxyDispatchAdapter$DispatchingInvocationHandler.invoke(ProxyDispatchAdapter.java:93)
	at com.sun.proxy.$Proxy2.processTestClass(Unknown Source)
	at org.gradle.api.internal.tasks.testing.worker.TestWorker.processTestClass(TestWorker.java:106)
	at sun.reflect.GeneratedMethodAccessor107.invoke(Unknown Source)
	at sun.reflect.DelegatingMethodAccessorImpl.invoke(DelegatingMethodAccessorImpl.java:43)
	at java.lang.reflect.Method.invoke(Method.java:606)
	at org.gradle.messaging.dispatch.ReflectionDispatch.dispatch(ReflectionDispatch.java:35)
	at org.gradle.messaging.dispatch.ReflectionDispatch.dispatch(ReflectionDispatch.java:24)
	at org.gradle.messaging.remote.internal.hub.MessageHub$Handler.run(MessageHub.java:360)
	at org.gradle.internal.concurrent.DefaultExecutorFactory$StoppableExecutorImpl$1.run(DefaultExecutorFactory.java:64)
	at java.util.concurrent.ThreadPoolExecutor.runWorker(ThreadPoolExecutor.java:1145)
	at java.util.concurrent.ThreadPoolExecutor$Worker.run(ThreadPoolExecutor.java:615)
	at java.lang.Thread.run(Thread.java:745)
City.cityLatitude must be less than or equal to 11
java.lang.SecurityException: City.cityLatitude must be less than or equal to 11
	at com.athena.server.pluggable.utils.helper.EntityValidatorHelper.validateEntity(EntityValidatorHelper.java:37)
	at projecttwo.app.shared.organization.locationmanagement.City.isValid(City.java:261)
	at projecttwo.app.server.service.organization.locationmanagement.CityTestCase.validateCity(CityTestCase.java:290)
	at projecttwo.app.server.service.organization.locationmanagement.CityTestCase.test5NegativeTesting(CityTestCase.java:373)
	at sun.reflect.NativeMethodAccessorImpl.invoke0(Native Method)
	at sun.reflect.NativeMethodAccessorImpl.invoke(NativeMethodAccessorImpl.java:57)
	at sun.reflect.DelegatingMethodAccessorImpl.invoke(DelegatingMethodAccessorImpl.java:43)
	at java.lang.reflect.Method.invoke(Method.java:606)
	at org.junit.runners.model.FrameworkMethod$1.runReflectiveCall(FrameworkMethod.java:47)
	at org.junit.internal.runners.model.ReflectiveCallable.run(ReflectiveCallable.java:12)
	at org.junit.runners.model.FrameworkMethod.invokeExplosively(FrameworkMethod.java:44)
	at org.junit.internal.runners.statements.InvokeMethod.evaluate(InvokeMethod.java:17)
	at org.junit.internal.runners.statements.RunBefores.evaluate(RunBefores.java:26)
	at org.springframework.test.context.junit4.statements.RunBeforeTestMethodCallbacks.evaluate(RunBeforeTestMethodCallbacks.java:74)
	at org.junit.internal.runners.statements.RunAfters.evaluate(RunAfters.java:27)
	at org.springframework.test.context.junit4.statements.RunAfterTestMethodCallbacks.evaluate(RunAfterTestMethodCallbacks.java:83)
	at org.springframework.test.context.junit4.statements.SpringRepeat.evaluate(SpringRepeat.java:72)
	at org.springframework.test.context.junit4.SpringJUnit4ClassRunner.runChild(SpringJUnit4ClassRunner.java:233)
	at org.springframework.test.context.junit4.SpringJUnit4ClassRunner.runChild(SpringJUnit4ClassRunner.java:87)
	at org.junit.runners.ParentRunner$3.run(ParentRunner.java:238)
	at org.junit.runners.ParentRunner$1.schedule(ParentRunner.java:63)
	at org.junit.runners.ParentRunner.runChildren(ParentRunner.java:236)
	at org.junit.runners.ParentRunner.access$000(ParentRunner.java:53)
	at org.junit.runners.ParentRunner$2.evaluate(ParentRunner.java:229)
	at org.junit.internal.runners.statements.RunBefores.evaluate(RunBefores.java:26)
	at org.springframework.test.context.junit4.statements.RunBeforeTestClassCallbacks.evaluate(RunBeforeTestClassCallbacks.java:61)
	at org.springframework.test.context.junit4.statements.RunAfterTestClassCallbacks.evaluate(RunAfterTestClassCallbacks.java:71)
	at org.junit.runners.ParentRunner.run(ParentRunner.java:309)
	at org.springframework.test.context.junit4.SpringJUnit4ClassRunner.run(SpringJUnit4ClassRunner.java:176)
	at org.gradle.api.internal.tasks.testing.junit.JUnitTestClassExecuter.runTestClass(JUnitTestClassExecuter.java:86)
	at org.gradle.api.internal.tasks.testing.junit.JUnitTestClassExecuter.execute(JUnitTestClassExecuter.java:49)
	at org.gradle.api.internal.tasks.testing.junit.JUnitTestClassProcessor.processTestClass(JUnitTestClassProcessor.java:64)
	at org.gradle.api.internal.tasks.testing.SuiteTestClassProcessor.processTestClass(SuiteTestClassProcessor.java:50)
	at sun.reflect.GeneratedMethodAccessor108.invoke(Unknown Source)
	at sun.reflect.DelegatingMethodAccessorImpl.invoke(DelegatingMethodAccessorImpl.java:43)
	at java.lang.reflect.Method.invoke(Method.java:606)
	at org.gradle.messaging.dispatch.ReflectionDispatch.dispatch(ReflectionDispatch.java:35)
	at org.gradle.messaging.dispatch.ReflectionDispatch.dispatch(ReflectionDispatch.java:24)
	at org.gradle.messaging.dispatch.ContextClassLoaderDispatch.dispatch(ContextClassLoaderDispatch.java:32)
	at org.gradle.messaging.dispatch.ProxyDispatchAdapter$DispatchingInvocationHandler.invoke(ProxyDispatchAdapter.java:93)
	at com.sun.proxy.$Proxy2.processTestClass(Unknown Source)
	at org.gradle.api.internal.tasks.testing.worker.TestWorker.processTestClass(TestWorker.java:106)
	at sun.reflect.GeneratedMethodAccessor107.invoke(Unknown Source)
	at sun.reflect.DelegatingMethodAccessorImpl.invoke(DelegatingMethodAccessorImpl.java:43)
	at java.lang.reflect.Method.invoke(Method.java:606)
	at org.gradle.messaging.dispatch.ReflectionDispatch.dispatch(ReflectionDispatch.java:35)
	at org.gradle.messaging.dispatch.ReflectionDispatch.dispatch(ReflectionDispatch.java:24)
	at org.gradle.messaging.remote.internal.hub.MessageHub$Handler.run(MessageHub.java:360)
	at org.gradle.internal.concurrent.DefaultExecutorFactory$StoppableExecutorImpl$1.run(DefaultExecutorFactory.java:64)
	at java.util.concurrent.ThreadPoolExecutor.runWorker(ThreadPoolExecutor.java:1145)
	at java.util.concurrent.ThreadPoolExecutor$Worker.run(ThreadPoolExecutor.java:615)
	at java.lang.Thread.run(Thread.java:745)
City.cityLongitude must be less than or equal to 11
java.lang.SecurityException: City.cityLongitude must be less than or equal to 11
	at com.athena.server.pluggable.utils.helper.EntityValidatorHelper.validateEntity(EntityValidatorHelper.java:37)
	at projecttwo.app.shared.organization.locationmanagement.City.isValid(City.java:261)
	at projecttwo.app.server.service.organization.locationmanagement.CityTestCase.validateCity(CityTestCase.java:290)
	at projecttwo.app.server.service.organization.locationmanagement.CityTestCase.test5NegativeTesting(CityTestCase.java:378)
	at sun.reflect.NativeMethodAccessorImpl.invoke0(Native Method)
	at sun.reflect.NativeMethodAccessorImpl.invoke(NativeMethodAccessorImpl.java:57)
	at sun.reflect.DelegatingMethodAccessorImpl.invoke(DelegatingMethodAccessorImpl.java:43)
	at java.lang.reflect.Method.invoke(Method.java:606)
	at org.junit.runners.model.FrameworkMethod$1.runReflectiveCall(FrameworkMethod.java:47)
	at org.junit.internal.runners.model.ReflectiveCallable.run(ReflectiveCallable.java:12)
	at org.junit.runners.model.FrameworkMethod.invokeExplosively(FrameworkMethod.java:44)
	at org.junit.internal.runners.statements.InvokeMethod.evaluate(InvokeMethod.java:17)
	at org.junit.internal.runners.statements.RunBefores.evaluate(RunBefores.java:26)
	at org.springframework.test.context.junit4.statements.RunBeforeTestMethodCallbacks.evaluate(RunBeforeTestMethodCallbacks.java:74)
	at org.junit.internal.runners.statements.RunAfters.evaluate(RunAfters.java:27)
	at org.springframework.test.context.junit4.statements.RunAfterTestMethodCallbacks.evaluate(RunAfterTestMethodCallbacks.java:83)
	at org.springframework.test.context.junit4.statements.SpringRepeat.evaluate(SpringRepeat.java:72)
	at org.springframework.test.context.junit4.SpringJUnit4ClassRunner.runChild(SpringJUnit4ClassRunner.java:233)
	at org.springframework.test.context.junit4.SpringJUnit4ClassRunner.runChild(SpringJUnit4ClassRunner.java:87)
	at org.junit.runners.ParentRunner$3.run(ParentRunner.java:238)
	at org.junit.runners.ParentRunner$1.schedule(ParentRunner.java:63)
	at org.junit.runners.ParentRunner.runChildren(ParentRunner.java:236)
	at org.junit.runners.ParentRunner.access$000(ParentRunner.java:53)
	at org.junit.runners.ParentRunner$2.evaluate(ParentRunner.java:229)
	at org.junit.internal.runners.statements.RunBefores.evaluate(RunBefores.java:26)
	at org.springframework.test.context.junit4.statements.RunBeforeTestClassCallbacks.evaluate(RunBeforeTestClassCallbacks.java:61)
	at org.springframework.test.context.junit4.statements.RunAfterTestClassCallbacks.evaluate(RunAfterTestClassCallbacks.java:71)
	at org.junit.runners.ParentRunner.run(ParentRunner.java:309)
	at org.springframework.test.context.junit4.SpringJUnit4ClassRunner.run(SpringJUnit4ClassRunner.java:176)
	at org.gradle.api.internal.tasks.testing.junit.JUnitTestClassExecuter.runTestClass(JUnitTestClassExecuter.java:86)
	at org.gradle.api.internal.tasks.testing.junit.JUnitTestClassExecuter.execute(JUnitTestClassExecuter.java:49)
	at org.gradle.api.internal.tasks.testing.junit.JUnitTestClassProcessor.processTestClass(JUnitTestClassProcessor.java:64)
	at org.gradle.api.internal.tasks.testing.SuiteTestClassProcessor.processTestClass(SuiteTestClassProcessor.java:50)
	at sun.reflect.GeneratedMethodAccessor108.invoke(Unknown Source)
	at sun.reflect.DelegatingMethodAccessorImpl.invoke(DelegatingMethodAccessorImpl.java:43)
	at java.lang.reflect.Method.invoke(Method.java:606)
	at org.gradle.messaging.dispatch.ReflectionDispatch.dispatch(ReflectionDispatch.java:35)
	at org.gradle.messaging.dispatch.ReflectionDispatch.dispatch(ReflectionDispatch.java:24)
	at org.gradle.messaging.dispatch.ContextClassLoaderDispatch.dispatch(ContextClassLoaderDispatch.java:32)
	at org.gradle.messaging.dispatch.ProxyDispatchAdapter$DispatchingInvocationHandler.invoke(ProxyDispatchAdapter.java:93)
	at com.sun.proxy.$Proxy2.processTestClass(Unknown Source)
	at org.gradle.api.internal.tasks.testing.worker.TestWorker.processTestClass(TestWorker.java:106)
	at sun.reflect.GeneratedMethodAccessor107.invoke(Unknown Source)
	at sun.reflect.DelegatingMethodAccessorImpl.invoke(DelegatingMethodAccessorImpl.java:43)
	at java.lang.reflect.Method.invoke(Method.java:606)
	at org.gradle.messaging.dispatch.ReflectionDispatch.dispatch(ReflectionDispatch.java:35)
	at org.gradle.messaging.dispatch.ReflectionDispatch.dispatch(ReflectionDispatch.java:24)
	at org.gradle.messaging.remote.internal.hub.MessageHub$Handler.run(MessageHub.java:360)
	at org.gradle.internal.concurrent.DefaultExecutorFactory$StoppableExecutorImpl$1.run(DefaultExecutorFactory.java:64)
	at java.util.concurrent.ThreadPoolExecutor.runWorker(ThreadPoolExecutor.java:1145)
	at java.util.concurrent.ThreadPoolExecutor$Worker.run(ThreadPoolExecutor.java:615)
	at java.lang.Thread.run(Thread.java:745)
]]></system-err>
</testsuite>
