<?xml version="1.0" encoding="UTF-8"?>
<testsuite name="projecttwo.app.server.service.organization.locationmanagement.AddressTypeTestCase" tests="5" skipped="0" failures="0" errors="0" timestamp="2016-08-24T09:13:32" hostname="779044df1698" time="0.301">
  <properties/>
  <testcase name="test1Save" classname="projecttwo.app.server.service.organization.locationmanagement.AddressTypeTestCase" time="0.112"/>
  <testcase name="test2Update" classname="projecttwo.app.server.service.organization.locationmanagement.AddressTypeTestCase" time="0.083"/>
  <testcase name="test3FindById" classname="projecttwo.app.server.service.organization.locationmanagement.AddressTypeTestCase" time="0.021"/>
  <testcase name="test5NegativeTesting" classname="projecttwo.app.server.service.organization.locationmanagement.AddressTypeTestCase" time="0.012"/>
  <testcase name="test6Delete" classname="projecttwo.app.server.service.organization.locationmanagement.AddressTypeTestCase" time="0.073"/>
  <system-out><![CDATA[Wed Aug 24 09:13:32 UTC 2016|Log Manager Factory|Initialization Process started.....
Wed Aug 24 09:13:32 UTC 2016|Log Manager|Initialized with Path = [/home/applifire/workspace/project2/src/main/webapp/WEB-INF/conf]
Wed Aug 24 09:13:32 UTC 2016|Alarm Manager|Initialized with Path = [/home/applifire/workspace/project2/src/main/webapp/WEB-INF/conf]
Wed Aug 24 09:13:32 UTC 2016|Alarm Manager|Loading Alarms ......
Wed Aug 24 09:13:32 UTC 2016|Alarm XML Parser|FWA|XML Parsing Complete........ 
Wed Aug 24 09:13:32 UTC 2016|Alarm File Manager|FWA|Alarm File Status.. [ApplicationFrameworkAlarms.xml]|Version=15|Status=Done 
Wed Aug 24 09:13:32 UTC 2016|Alarm File Manager|FWA|Alarm Stats = ( BC/AL=5/786 SYS=5/11 [786/0]  TPL=0/0 [0/0]  APP= A.Map=[875]  E.Map EC/RC=[391/79] )
Wed Aug 24 09:13:32 UTC 2016|Alarm XML Parser|APP|XML Parsing Complete........ 
Wed Aug 24 09:13:32 UTC 2016|Alarm File Manager|APP|Alarm File Status.. [ApplicationAlarms.xml]|Version=1|Status=Done 
Wed Aug 24 09:13:32 UTC 2016|Alarm File Manager|APP|Alarm Stats = ( BC/AL=5/786 SYS=5/11 [786/0]  TPL=0/0 [0/0]  APP=0/0 [0/0]  A.Map=[875]  E.Map EC/RC=[391/79] )
Wed Aug 24 09:13:32 UTC 2016|ApplicationAlarmContext| <><><><><> Create App Alarms ....  <><><><><> 
Wed Aug 24 09:13:32 UTC 2016|ApplicationAlarmContext|Alarms are generated ONLY in Development Mode.. 
Wed Aug 24 09:13:32 UTC 2016|Alarm Manager|APP|Alarm Stats = ( BC/AL=5/786 SYS=5/11 [786/0]  TPL=0/0 [0/0]  APP=0/0 [0/0]  A.Map=[875]  E.Map EC/RC=[391/79] )
Wed Aug 24 09:13:32 UTC 2016|Alarm Manager|Initialized Exception Lookup...
Wed Aug 24 09:13:32 UTC 2016|Log Manager|Initialize Log Config File ......
Wed Aug 24 09:13:32 UTC 2016|Pluggable Connectors|Adding Connectors : StandardOutputConnector isEnabled=true isDefault=false isFallBack=true
Wed Aug 24 09:13:32 UTC 2016|Pluggable Connectors|Adding Connectors : StandardFileConnector isEnabled=true isDefault=false isFallBack=false
Wed Aug 24 09:13:32 UTC 2016|Pluggable Connectors|Adding Connectors : Sprinkler isEnabled=true isDefault=true isFallBack=false
Wed Aug 24 09:13:32 UTC 2016|Pluggable Connectors|Default Connector Name : com.spartan.logger.core.LogMessenger
Wed Aug 24 09:13:32 UTC 2016|Log Config Parser|Connector Least Log Level =[4]  FallBack Log Level =[3]
Wed Aug 24 09:13:32 UTC 2016|Log Manager|Loading Default Connector for Logging ......
Wed Aug 24 09:13:32 UTC 2016|Log Manager|Loading class .. com.spartan.logger.core.LogMessenger
Wed Aug 24 09:13:32 UTC 2016|Plugggable Connector|Connector class com.spartan.logger.core.LogMessenger Initialized... @ Log Level = 3
Wed Aug 24 09:13:32 UTC 2016|Log Manager|Starting the Default Connector [com.spartan.logger.core.LogMessenger@2900b850] ....
Wed Aug 24 09:13:32 UTC 2016|Scheduler|Starting the Scheduler ......
Wed Aug 24 09:13:32 UTC 2016|Scheduler|Adding [LMID=[48db90a1-da1c-4294-b0dc-2cb1386596b8]] Delay=5 Time Unit=MINUTES
Wed Aug 24 09:13:32 UTC 2016|Scheduler|Adding [App Alarm Manager File=[ApplicationAlarms.xml]] Delay=30 Time Unit=MINUTES
Wed Aug 24 09:13:32 UTC 2016|Scheduler|Adding [FW Alarm Manager File=[ApplicationFrameworkAlarms.xml]] Delay=3 Time Unit=MINUTES
Wed Aug 24 09:13:32 UTC 2016|Scheduler|Startup Completed..
Wed Aug 24 09:13:32 UTC 2016|Log Manager|Initialization Process Complete ......
Wed Aug 24 09:13:32 UTC 2016|Log Manager Factory|Log Manager READY! ID = 48db90a1-da1c-4294-b0dc-2cb1386596b8
[EL Finer]: connection: 2016-08-24 09:13:32.125--ServerSession(516354556)--Thread(Thread[Test worker,5,main])--client acquired: 542853801
[EL Finer]: transaction: 2016-08-24 09:13:32.125--ClientSession(542853801)--Thread(Thread[Test worker,5,main])--acquire unit of work: 1233300951
[EL Finest]: connection: 2016-08-24 09:13:32.125--ServerSession(516354556)--Connection(576922613)--Thread(Thread[Test worker,5,main])--Connection acquired from connection pool [default].
[EL Finer]: transaction: 2016-08-24 09:13:32.125--ClientSession(542853801)--Connection(576922613)--Thread(Thread[Test worker,5,main])--begin transaction
[EL Finest]: connection: 2016-08-24 09:13:32.125--ClientSession(542853801)--Thread(Thread[Test worker,5,main])--reconnecting to external connection pool
Wed Aug 24 09:13:32 UTC 2016|Unknown Alarm = ORGLM312100100 Alarm Split = ORG-LM-3-1-2-100-100
[EL Finest]: transaction: 2016-08-24 09:13:32.126--UnitOfWork(1233300951)--Thread(Thread[Test worker,5,main])--persist() operation called on: AELnmOesOIzJhMPCxDqqQilFLh5Wm0t1gcfOlCjEMOGEEnz2gA.
[EL Finest]: sequencing: 2016-08-24 09:13:32.127--UnitOfWork(1233300951)--Thread(Thread[Test worker,5,main])--assign sequence to the object (042777B1-A988-4B40-BECF-ED844861C6E4 -> AELnmOesOIzJhMPCxDqqQilFLh5Wm0t1gcfOlCjEMOGEEnz2gA)
[EL Finer]: transaction: 2016-08-24 09:13:32.127--UnitOfWork(1233300951)--Thread(Thread[Test worker,5,main])--begin unit of work commit
[EL Finest]: query: 2016-08-24 09:13:32.127--UnitOfWork(1233300951)--Thread(Thread[Test worker,5,main])--Execute query InsertObjectQuery(AELnmOesOIzJhMPCxDqqQilFLh5Wm0t1gcfOlCjEMOGEEnz2gA)
[EL Fine]: sql: 2016-08-24 09:13:32.128--ClientSession(542853801)--Connection(1968718001)--Thread(Thread[Test worker,5,main])--INSERT INTO ast_AddressType_M (addressTypeId, addressType, addressTypeDesc, addressTypeIcon, versionId, createdBy, createdDate, updatedBy, updatedDate, activeStatus, txnAccessCode) VALUES (?, ?, ?, ?, ?, ?, ?, ?, ?, ?, ?)
	bind => [042777B1-A988-4B40-BECF-ED844861C6E4, AELnmOesOIzJhMPCxDqqQilFLh5Wm0t1gcfOlCjEMOGEEnz2gA, WswfPvDXYaLd8MZppuujKR8KsxsxGDkzMBCuJ5bIN2sf7LIBpS, CdWQYZPweF6HngWDvORUAh7RZYbqApHn3MRqkjMSofyIcUn56j, 1, AAAAA, 2016-08-24 09:13:32.107, AAAAA, 2016-08-24 09:13:32.107, 1, 51000]
[EL Finer]: transaction: 2016-08-24 09:13:32.129--ClientSession(542853801)--Connection(1968718001)--Thread(Thread[Test worker,5,main])--commit transaction
[EL Finest]: connection: 2016-08-24 09:13:32.19--ServerSession(516354556)--Connection(576922613)--Thread(Thread[Test worker,5,main])--Connection released to connection pool [default].
[EL Finer]: transaction: 2016-08-24 09:13:32.19--UnitOfWork(1233300951)--Thread(Thread[Test worker,5,main])--end unit of work commit
[EL Finer]: transaction: 2016-08-24 09:13:32.19--UnitOfWork(1233300951)--Thread(Thread[Test worker,5,main])--resume unit of work
[EL Finer]: transaction: 2016-08-24 09:13:32.19--UnitOfWork(1233300951)--Thread(Thread[Test worker,5,main])--release unit of work
[EL Finer]: connection: 2016-08-24 09:13:32.19--ClientSession(542853801)--Thread(Thread[Test worker,5,main])--client released
[EL Finer]: connection: 2016-08-24 09:13:32.213--ServerSession(516354556)--Thread(Thread[Test worker,5,main])--client acquired: 417521677
[EL Finer]: transaction: 2016-08-24 09:13:32.213--ClientSession(417521677)--Thread(Thread[Test worker,5,main])--acquire unit of work: 1457750590
[EL Finest]: connection: 2016-08-24 09:13:32.213--ServerSession(516354556)--Connection(1920721154)--Thread(Thread[Test worker,5,main])--Connection acquired from connection pool [default].
[EL Finer]: transaction: 2016-08-24 09:13:32.213--ClientSession(417521677)--Connection(1920721154)--Thread(Thread[Test worker,5,main])--begin transaction
[EL Finest]: connection: 2016-08-24 09:13:32.213--ClientSession(417521677)--Thread(Thread[Test worker,5,main])--reconnecting to external connection pool
[EL Finer]: transaction: 2016-08-24 09:13:32.215--UnitOfWork(1457750590)--Thread(Thread[Test worker,5,main])--begin unit of work flush
[EL Finer]: transaction: 2016-08-24 09:13:32.215--UnitOfWork(1457750590)--Thread(Thread[Test worker,5,main])--end unit of work flush
[EL Finest]: query: 2016-08-24 09:13:32.215--UnitOfWork(1457750590)--Thread(Thread[Test worker,5,main])--Execute query ReadAllQuery(name="AddressType.findById" referenceClass=AddressType sql="SELECT addressTypeId, addressType, addressTypeDesc, addressTypeIcon, versionId, createdBy, createdDate, updatedBy, updatedDate, activeStatus, txnAccessCode FROM ast_AddressType_M WHERE ((activeStatus = ?) AND (addressTypeId = ?))")
[EL Fine]: sql: 2016-08-24 09:13:32.215--ClientSession(417521677)--Connection(1213016999)--Thread(Thread[Test worker,5,main])--SELECT addressTypeId, addressType, addressTypeDesc, addressTypeIcon, versionId, createdBy, createdDate, updatedBy, updatedDate, activeStatus, txnAccessCode FROM ast_AddressType_M WHERE ((activeStatus = ?) AND (addressTypeId = ?))
	bind => [1, 042777B1-A988-4B40-BECF-ED844861C6E4]
[EL Finer]: transaction: 2016-08-24 09:13:32.217--UnitOfWork(1457750590)--Thread(Thread[Test worker,5,main])--begin unit of work commit
[EL Finer]: transaction: 2016-08-24 09:13:32.217--ClientSession(417521677)--Connection(1213016999)--Thread(Thread[Test worker,5,main])--commit transaction
[EL Finest]: connection: 2016-08-24 09:13:32.218--ServerSession(516354556)--Connection(1920721154)--Thread(Thread[Test worker,5,main])--Connection released to connection pool [default].
[EL Finer]: transaction: 2016-08-24 09:13:32.218--UnitOfWork(1457750590)--Thread(Thread[Test worker,5,main])--end unit of work commit
[EL Finer]: transaction: 2016-08-24 09:13:32.218--UnitOfWork(1457750590)--Thread(Thread[Test worker,5,main])--resume unit of work
[EL Finer]: transaction: 2016-08-24 09:13:32.218--UnitOfWork(1457750590)--Thread(Thread[Test worker,5,main])--release unit of work
[EL Finer]: connection: 2016-08-24 09:13:32.218--ClientSession(417521677)--Thread(Thread[Test worker,5,main])--client released
[EL Finer]: connection: 2016-08-24 09:13:32.219--ServerSession(516354556)--Thread(Thread[Test worker,5,main])--client acquired: 1884068299
[EL Finer]: transaction: 2016-08-24 09:13:32.219--ClientSession(1884068299)--Thread(Thread[Test worker,5,main])--acquire unit of work: 889526278
[EL Finest]: connection: 2016-08-24 09:13:32.219--ServerSession(516354556)--Connection(1634487579)--Thread(Thread[Test worker,5,main])--Connection acquired from connection pool [default].
[EL Finer]: transaction: 2016-08-24 09:13:32.219--ClientSession(1884068299)--Connection(1634487579)--Thread(Thread[Test worker,5,main])--begin transaction
[EL Finest]: connection: 2016-08-24 09:13:32.219--ClientSession(1884068299)--Thread(Thread[Test worker,5,main])--reconnecting to external connection pool
[EL Finest]: transaction: 2016-08-24 09:13:32.221--UnitOfWork(889526278)--Thread(Thread[Test worker,5,main])--Merge clone with references Rzs7z1jDrTprgivhIMSyA0WLncNmLLRC6fQed19GcLNNzehY9D
[EL Finest]: query: 2016-08-24 09:13:32.222--UnitOfWork(889526278)--Thread(Thread[Test worker,5,main])--Execute query ReadObjectQuery(referenceClass=AddressType )
[EL Fine]: sql: 2016-08-24 09:13:32.222--ClientSession(1884068299)--Connection(1849841496)--Thread(Thread[Test worker,5,main])--SELECT addressTypeId, addressType, addressTypeDesc, addressTypeIcon, versionId, createdBy, createdDate, updatedBy, updatedDate, activeStatus, txnAccessCode FROM ast_AddressType_M WHERE (addressTypeId = ?)
	bind => [042777B1-A988-4B40-BECF-ED844861C6E4]
[EL Finer]: transaction: 2016-08-24 09:13:32.224--UnitOfWork(889526278)--Thread(Thread[Test worker,5,main])--begin unit of work commit
[EL Finest]: query: 2016-08-24 09:13:32.224--UnitOfWork(889526278)--Thread(Thread[Test worker,5,main])--Execute query UpdateObjectQuery(Rzs7z1jDrTprgivhIMSyA0WLncNmLLRC6fQed19GcLNNzehY9D)
[EL Fine]: sql: 2016-08-24 09:13:32.224--ClientSession(1884068299)--Connection(1849841496)--Thread(Thread[Test worker,5,main])--UPDATE ast_AddressType_M SET addressType = ?, addressTypeDesc = ?, addressTypeIcon = ?, versionId = ? WHERE ((addressTypeId = ?) AND (versionId = ?))
	bind => [Rzs7z1jDrTprgivhIMSyA0WLncNmLLRC6fQed19GcLNNzehY9D, AQ7W90pCloeJTt2kj7zKmefoshOpv5An0uC3O7g93VRLxoyKct, aC19skvhXjNk2jTTSj12RiOU5LcoyCac9oC1CuTg4StMREkr5f, 2, 042777B1-A988-4B40-BECF-ED844861C6E4, 1]
[EL Finer]: transaction: 2016-08-24 09:13:32.226--ClientSession(1884068299)--Connection(1849841496)--Thread(Thread[Test worker,5,main])--commit transaction
[EL Finest]: connection: 2016-08-24 09:13:32.273--ServerSession(516354556)--Connection(1634487579)--Thread(Thread[Test worker,5,main])--Connection released to connection pool [default].
[EL Finer]: transaction: 2016-08-24 09:13:32.273--UnitOfWork(889526278)--Thread(Thread[Test worker,5,main])--end unit of work commit
[EL Finer]: transaction: 2016-08-24 09:13:32.273--UnitOfWork(889526278)--Thread(Thread[Test worker,5,main])--resume unit of work
[EL Finer]: transaction: 2016-08-24 09:13:32.273--UnitOfWork(889526278)--Thread(Thread[Test worker,5,main])--release unit of work
[EL Finer]: connection: 2016-08-24 09:13:32.273--ClientSession(1884068299)--Thread(Thread[Test worker,5,main])--client released
[EL Finer]: connection: 2016-08-24 09:13:32.291--ServerSession(516354556)--Thread(Thread[Test worker,5,main])--client acquired: 638480256
[EL Finer]: transaction: 2016-08-24 09:13:32.291--ClientSession(638480256)--Thread(Thread[Test worker,5,main])--acquire unit of work: 2109362180
[EL Finest]: connection: 2016-08-24 09:13:32.291--ServerSession(516354556)--Connection(1390114584)--Thread(Thread[Test worker,5,main])--Connection acquired from connection pool [default].
[EL Finer]: transaction: 2016-08-24 09:13:32.291--ClientSession(638480256)--Connection(1390114584)--Thread(Thread[Test worker,5,main])--begin transaction
[EL Finest]: connection: 2016-08-24 09:13:32.291--ClientSession(638480256)--Thread(Thread[Test worker,5,main])--reconnecting to external connection pool
[EL Finer]: transaction: 2016-08-24 09:13:32.292--UnitOfWork(2109362180)--Thread(Thread[Test worker,5,main])--begin unit of work flush
[EL Finer]: transaction: 2016-08-24 09:13:32.292--UnitOfWork(2109362180)--Thread(Thread[Test worker,5,main])--end unit of work flush
[EL Finest]: query: 2016-08-24 09:13:32.293--UnitOfWork(2109362180)--Thread(Thread[Test worker,5,main])--Execute query ReadAllQuery(name="AddressType.findById" referenceClass=AddressType sql="SELECT addressTypeId, addressType, addressTypeDesc, addressTypeIcon, versionId, createdBy, createdDate, updatedBy, updatedDate, activeStatus, txnAccessCode FROM ast_AddressType_M WHERE ((activeStatus = ?) AND (addressTypeId = ?))")
[EL Fine]: sql: 2016-08-24 09:13:32.293--ClientSession(638480256)--Connection(1384950157)--Thread(Thread[Test worker,5,main])--SELECT addressTypeId, addressType, addressTypeDesc, addressTypeIcon, versionId, createdBy, createdDate, updatedBy, updatedDate, activeStatus, txnAccessCode FROM ast_AddressType_M WHERE ((activeStatus = ?) AND (addressTypeId = ?))
	bind => [1, 042777B1-A988-4B40-BECF-ED844861C6E4]
[EL Finer]: transaction: 2016-08-24 09:13:32.294--UnitOfWork(2109362180)--Thread(Thread[Test worker,5,main])--begin unit of work commit
[EL Finer]: transaction: 2016-08-24 09:13:32.294--ClientSession(638480256)--Connection(1384950157)--Thread(Thread[Test worker,5,main])--commit transaction
[EL Finest]: connection: 2016-08-24 09:13:32.295--ServerSession(516354556)--Connection(1390114584)--Thread(Thread[Test worker,5,main])--Connection released to connection pool [default].
[EL Finer]: transaction: 2016-08-24 09:13:32.295--UnitOfWork(2109362180)--Thread(Thread[Test worker,5,main])--end unit of work commit
[EL Finer]: transaction: 2016-08-24 09:13:32.295--UnitOfWork(2109362180)--Thread(Thread[Test worker,5,main])--resume unit of work
[EL Finer]: transaction: 2016-08-24 09:13:32.295--UnitOfWork(2109362180)--Thread(Thread[Test worker,5,main])--release unit of work
[EL Finer]: connection: 2016-08-24 09:13:32.295--ClientSession(638480256)--Thread(Thread[Test worker,5,main])--client released
[EL Finer]: connection: 2016-08-24 09:13:32.323--ServerSession(516354556)--Thread(Thread[Test worker,5,main])--client acquired: 844708601
[EL Finer]: transaction: 2016-08-24 09:13:32.323--ClientSession(844708601)--Thread(Thread[Test worker,5,main])--acquire unit of work: 3066690
[EL Finest]: connection: 2016-08-24 09:13:32.323--ServerSession(516354556)--Connection(2251302)--Thread(Thread[Test worker,5,main])--Connection acquired from connection pool [default].
[EL Finer]: transaction: 2016-08-24 09:13:32.323--ClientSession(844708601)--Connection(2251302)--Thread(Thread[Test worker,5,main])--begin transaction
[EL Finest]: connection: 2016-08-24 09:13:32.323--ClientSession(844708601)--Thread(Thread[Test worker,5,main])--reconnecting to external connection pool
[EL Finest]: query: 2016-08-24 09:13:32.324--UnitOfWork(3066690)--Thread(Thread[Test worker,5,main])--Execute query ReadObjectQuery(name="readAddressType" referenceClass=AddressType sql="SELECT addressTypeId, addressType, addressTypeDesc, addressTypeIcon, versionId, createdBy, createdDate, updatedBy, updatedDate, activeStatus, txnAccessCode FROM ast_AddressType_M WHERE (addressTypeId = ?)")
[EL Fine]: sql: 2016-08-24 09:13:32.325--ClientSession(844708601)--Connection(613154441)--Thread(Thread[Test worker,5,main])--SELECT addressTypeId, addressType, addressTypeDesc, addressTypeIcon, versionId, createdBy, createdDate, updatedBy, updatedDate, activeStatus, txnAccessCode FROM ast_AddressType_M WHERE (addressTypeId = ?)
	bind => [042777B1-A988-4B40-BECF-ED844861C6E4]
[EL Finest]: transaction: 2016-08-24 09:13:32.326--UnitOfWork(3066690)--Thread(Thread[Test worker,5,main])--remove() operation called on: Rzs7z1jDrTprgivhIMSyA0WLncNmLLRC6fQed19GcLNNzehY9D
[EL Finer]: transaction: 2016-08-24 09:13:32.326--UnitOfWork(3066690)--Thread(Thread[Test worker,5,main])--begin unit of work commit
[EL Finest]: query: 2016-08-24 09:13:32.326--UnitOfWork(3066690)--Thread(Thread[Test worker,5,main])--Execute query DoesExistQuery(referenceClass=AddressType )
[EL Finest]: query: 2016-08-24 09:13:32.326--UnitOfWork(3066690)--Thread(Thread[Test worker,5,main])--Execute query DeleteObjectQuery(Rzs7z1jDrTprgivhIMSyA0WLncNmLLRC6fQed19GcLNNzehY9D)
[EL Fine]: sql: 2016-08-24 09:13:32.326--ClientSession(844708601)--Connection(613154441)--Thread(Thread[Test worker,5,main])--DELETE FROM ast_AddressType_M WHERE ((addressTypeId = ?) AND (versionId = ?))
	bind => [042777B1-A988-4B40-BECF-ED844861C6E4, 2]
[EL Finer]: transaction: 2016-08-24 09:13:32.327--ClientSession(844708601)--Connection(613154441)--Thread(Thread[Test worker,5,main])--commit transaction
[EL Finest]: connection: 2016-08-24 09:13:32.38--ServerSession(516354556)--Connection(2251302)--Thread(Thread[Test worker,5,main])--Connection released to connection pool [default].
[EL Finer]: transaction: 2016-08-24 09:13:32.38--UnitOfWork(3066690)--Thread(Thread[Test worker,5,main])--end unit of work commit
[EL Finer]: transaction: 2016-08-24 09:13:32.38--UnitOfWork(3066690)--Thread(Thread[Test worker,5,main])--resume unit of work
[EL Finer]: transaction: 2016-08-24 09:13:32.38--UnitOfWork(3066690)--Thread(Thread[Test worker,5,main])--release unit of work
[EL Finer]: connection: 2016-08-24 09:13:32.38--ClientSession(844708601)--Thread(Thread[Test worker,5,main])--client released
]]></system-out>
  <system-err><![CDATA[AddressType.addressType may not be null
java.lang.SecurityException: AddressType.addressType may not be null
	at com.athena.server.pluggable.utils.helper.EntityValidatorHelper.validateEntity(EntityValidatorHelper.java:37)
	at projecttwo.app.shared.organization.locationmanagement.AddressType.isValid(AddressType.java:174)
	at projecttwo.app.server.service.organization.locationmanagement.AddressTypeTestCase.validateAddressType(AddressTypeTestCase.java:208)
	at projecttwo.app.server.service.organization.locationmanagement.AddressTypeTestCase.test5NegativeTesting(AddressTypeTestCase.java:241)
	at sun.reflect.NativeMethodAccessorImpl.invoke0(Native Method)
	at sun.reflect.NativeMethodAccessorImpl.invoke(NativeMethodAccessorImpl.java:57)
	at sun.reflect.DelegatingMethodAccessorImpl.invoke(DelegatingMethodAccessorImpl.java:43)
	at java.lang.reflect.Method.invoke(Method.java:606)
	at org.junit.runners.model.FrameworkMethod$1.runReflectiveCall(FrameworkMethod.java:47)
	at org.junit.internal.runners.model.ReflectiveCallable.run(ReflectiveCallable.java:12)
	at org.junit.runners.model.FrameworkMethod.invokeExplosively(FrameworkMethod.java:44)
	at org.junit.internal.runners.statements.InvokeMethod.evaluate(InvokeMethod.java:17)
	at org.junit.internal.runners.statements.RunBefores.evaluate(RunBefores.java:26)
	at org.springframework.test.context.junit4.statements.RunBeforeTestMethodCallbacks.evaluate(RunBeforeTestMethodCallbacks.java:74)
	at org.junit.internal.runners.statements.RunAfters.evaluate(RunAfters.java:27)
	at org.springframework.test.context.junit4.statements.RunAfterTestMethodCallbacks.evaluate(RunAfterTestMethodCallbacks.java:83)
	at org.springframework.test.context.junit4.statements.SpringRepeat.evaluate(SpringRepeat.java:72)
	at org.springframework.test.context.junit4.SpringJUnit4ClassRunner.runChild(SpringJUnit4ClassRunner.java:233)
	at org.springframework.test.context.junit4.SpringJUnit4ClassRunner.runChild(SpringJUnit4ClassRunner.java:87)
	at org.junit.runners.ParentRunner$3.run(ParentRunner.java:238)
	at org.junit.runners.ParentRunner$1.schedule(ParentRunner.java:63)
	at org.junit.runners.ParentRunner.runChildren(ParentRunner.java:236)
	at org.junit.runners.ParentRunner.access$000(ParentRunner.java:53)
	at org.junit.runners.ParentRunner$2.evaluate(ParentRunner.java:229)
	at org.junit.internal.runners.statements.RunBefores.evaluate(RunBefores.java:26)
	at org.springframework.test.context.junit4.statements.RunBeforeTestClassCallbacks.evaluate(RunBeforeTestClassCallbacks.java:61)
	at org.springframework.test.context.junit4.statements.RunAfterTestClassCallbacks.evaluate(RunAfterTestClassCallbacks.java:71)
	at org.junit.runners.ParentRunner.run(ParentRunner.java:309)
	at org.springframework.test.context.junit4.SpringJUnit4ClassRunner.run(SpringJUnit4ClassRunner.java:176)
	at org.gradle.api.internal.tasks.testing.junit.JUnitTestClassExecuter.runTestClass(JUnitTestClassExecuter.java:86)
	at org.gradle.api.internal.tasks.testing.junit.JUnitTestClassExecuter.execute(JUnitTestClassExecuter.java:49)
	at org.gradle.api.internal.tasks.testing.junit.JUnitTestClassProcessor.processTestClass(JUnitTestClassProcessor.java:64)
	at org.gradle.api.internal.tasks.testing.SuiteTestClassProcessor.processTestClass(SuiteTestClassProcessor.java:50)
	at sun.reflect.GeneratedMethodAccessor108.invoke(Unknown Source)
	at sun.reflect.DelegatingMethodAccessorImpl.invoke(DelegatingMethodAccessorImpl.java:43)
	at java.lang.reflect.Method.invoke(Method.java:606)
	at org.gradle.messaging.dispatch.ReflectionDispatch.dispatch(ReflectionDispatch.java:35)
	at org.gradle.messaging.dispatch.ReflectionDispatch.dispatch(ReflectionDispatch.java:24)
	at org.gradle.messaging.dispatch.ContextClassLoaderDispatch.dispatch(ContextClassLoaderDispatch.java:32)
	at org.gradle.messaging.dispatch.ProxyDispatchAdapter$DispatchingInvocationHandler.invoke(ProxyDispatchAdapter.java:93)
	at com.sun.proxy.$Proxy2.processTestClass(Unknown Source)
	at org.gradle.api.internal.tasks.testing.worker.TestWorker.processTestClass(TestWorker.java:106)
	at sun.reflect.GeneratedMethodAccessor107.invoke(Unknown Source)
	at sun.reflect.DelegatingMethodAccessorImpl.invoke(DelegatingMethodAccessorImpl.java:43)
	at java.lang.reflect.Method.invoke(Method.java:606)
	at org.gradle.messaging.dispatch.ReflectionDispatch.dispatch(ReflectionDispatch.java:35)
	at org.gradle.messaging.dispatch.ReflectionDispatch.dispatch(ReflectionDispatch.java:24)
	at org.gradle.messaging.remote.internal.hub.MessageHub$Handler.run(MessageHub.java:360)
	at org.gradle.internal.concurrent.DefaultExecutorFactory$StoppableExecutorImpl$1.run(DefaultExecutorFactory.java:64)
	at java.util.concurrent.ThreadPoolExecutor.runWorker(ThreadPoolExecutor.java:1145)
	at java.util.concurrent.ThreadPoolExecutor$Worker.run(ThreadPoolExecutor.java:615)
	at java.lang.Thread.run(Thread.java:745)
AddressType.addressType size must be between 0 and 128
java.lang.SecurityException: AddressType.addressType size must be between 0 and 128
	at com.athena.server.pluggable.utils.helper.EntityValidatorHelper.validateEntity(EntityValidatorHelper.java:37)
	at projecttwo.app.shared.organization.locationmanagement.AddressType.isValid(AddressType.java:174)
	at projecttwo.app.server.service.organization.locationmanagement.AddressTypeTestCase.validateAddressType(AddressTypeTestCase.java:206)
	at projecttwo.app.server.service.organization.locationmanagement.AddressTypeTestCase.test5NegativeTesting(AddressTypeTestCase.java:246)
	at sun.reflect.NativeMethodAccessorImpl.invoke0(Native Method)
	at sun.reflect.NativeMethodAccessorImpl.invoke(NativeMethodAccessorImpl.java:57)
	at sun.reflect.DelegatingMethodAccessorImpl.invoke(DelegatingMethodAccessorImpl.java:43)
	at java.lang.reflect.Method.invoke(Method.java:606)
	at org.junit.runners.model.FrameworkMethod$1.runReflectiveCall(FrameworkMethod.java:47)
	at org.junit.internal.runners.model.ReflectiveCallable.run(ReflectiveCallable.java:12)
	at org.junit.runners.model.FrameworkMethod.invokeExplosively(FrameworkMethod.java:44)
	at org.junit.internal.runners.statements.InvokeMethod.evaluate(InvokeMethod.java:17)
	at org.junit.internal.runners.statements.RunBefores.evaluate(RunBefores.java:26)
	at org.springframework.test.context.junit4.statements.RunBeforeTestMethodCallbacks.evaluate(RunBeforeTestMethodCallbacks.java:74)
	at org.junit.internal.runners.statements.RunAfters.evaluate(RunAfters.java:27)
	at org.springframework.test.context.junit4.statements.RunAfterTestMethodCallbacks.evaluate(RunAfterTestMethodCallbacks.java:83)
	at org.springframework.test.context.junit4.statements.SpringRepeat.evaluate(SpringRepeat.java:72)
	at org.springframework.test.context.junit4.SpringJUnit4ClassRunner.runChild(SpringJUnit4ClassRunner.java:233)
	at org.springframework.test.context.junit4.SpringJUnit4ClassRunner.runChild(SpringJUnit4ClassRunner.java:87)
	at org.junit.runners.ParentRunner$3.run(ParentRunner.java:238)
	at org.junit.runners.ParentRunner$1.schedule(ParentRunner.java:63)
	at org.junit.runners.ParentRunner.runChildren(ParentRunner.java:236)
	at org.junit.runners.ParentRunner.access$000(ParentRunner.java:53)
	at org.junit.runners.ParentRunner$2.evaluate(ParentRunner.java:229)
	at org.junit.internal.runners.statements.RunBefores.evaluate(RunBefores.java:26)
	at org.springframework.test.context.junit4.statements.RunBeforeTestClassCallbacks.evaluate(RunBeforeTestClassCallbacks.java:61)
	at org.springframework.test.context.junit4.statements.RunAfterTestClassCallbacks.evaluate(RunAfterTestClassCallbacks.java:71)
	at org.junit.runners.ParentRunner.run(ParentRunner.java:309)
	at org.springframework.test.context.junit4.SpringJUnit4ClassRunner.run(SpringJUnit4ClassRunner.java:176)
	at org.gradle.api.internal.tasks.testing.junit.JUnitTestClassExecuter.runTestClass(JUnitTestClassExecuter.java:86)
	at org.gradle.api.internal.tasks.testing.junit.JUnitTestClassExecuter.execute(JUnitTestClassExecuter.java:49)
	at org.gradle.api.internal.tasks.testing.junit.JUnitTestClassProcessor.processTestClass(JUnitTestClassProcessor.java:64)
	at org.gradle.api.internal.tasks.testing.SuiteTestClassProcessor.processTestClass(SuiteTestClassProcessor.java:50)
	at sun.reflect.GeneratedMethodAccessor108.invoke(Unknown Source)
	at sun.reflect.DelegatingMethodAccessorImpl.invoke(DelegatingMethodAccessorImpl.java:43)
	at java.lang.reflect.Method.invoke(Method.java:606)
	at org.gradle.messaging.dispatch.ReflectionDispatch.dispatch(ReflectionDispatch.java:35)
	at org.gradle.messaging.dispatch.ReflectionDispatch.dispatch(ReflectionDispatch.java:24)
	at org.gradle.messaging.dispatch.ContextClassLoaderDispatch.dispatch(ContextClassLoaderDispatch.java:32)
	at org.gradle.messaging.dispatch.ProxyDispatchAdapter$DispatchingInvocationHandler.invoke(ProxyDispatchAdapter.java:93)
	at com.sun.proxy.$Proxy2.processTestClass(Unknown Source)
	at org.gradle.api.internal.tasks.testing.worker.TestWorker.processTestClass(TestWorker.java:106)
	at sun.reflect.GeneratedMethodAccessor107.invoke(Unknown Source)
	at sun.reflect.DelegatingMethodAccessorImpl.invoke(DelegatingMethodAccessorImpl.java:43)
	at java.lang.reflect.Method.invoke(Method.java:606)
	at org.gradle.messaging.dispatch.ReflectionDispatch.dispatch(ReflectionDispatch.java:35)
	at org.gradle.messaging.dispatch.ReflectionDispatch.dispatch(ReflectionDispatch.java:24)
	at org.gradle.messaging.remote.internal.hub.MessageHub$Handler.run(MessageHub.java:360)
	at org.gradle.internal.concurrent.DefaultExecutorFactory$StoppableExecutorImpl$1.run(DefaultExecutorFactory.java:64)
	at java.util.concurrent.ThreadPoolExecutor.runWorker(ThreadPoolExecutor.java:1145)
	at java.util.concurrent.ThreadPoolExecutor$Worker.run(ThreadPoolExecutor.java:615)
	at java.lang.Thread.run(Thread.java:745)
AddressType.addressTypeDesc size must be between 0 and 256
java.lang.SecurityException: AddressType.addressTypeDesc size must be between 0 and 256
	at com.athena.server.pluggable.utils.helper.EntityValidatorHelper.validateEntity(EntityValidatorHelper.java:37)
	at projecttwo.app.shared.organization.locationmanagement.AddressType.isValid(AddressType.java:174)
	at projecttwo.app.server.service.organization.locationmanagement.AddressTypeTestCase.validateAddressType(AddressTypeTestCase.java:206)
	at projecttwo.app.server.service.organization.locationmanagement.AddressTypeTestCase.test5NegativeTesting(AddressTypeTestCase.java:251)
	at sun.reflect.NativeMethodAccessorImpl.invoke0(Native Method)
	at sun.reflect.NativeMethodAccessorImpl.invoke(NativeMethodAccessorImpl.java:57)
	at sun.reflect.DelegatingMethodAccessorImpl.invoke(DelegatingMethodAccessorImpl.java:43)
	at java.lang.reflect.Method.invoke(Method.java:606)
	at org.junit.runners.model.FrameworkMethod$1.runReflectiveCall(FrameworkMethod.java:47)
	at org.junit.internal.runners.model.ReflectiveCallable.run(ReflectiveCallable.java:12)
	at org.junit.runners.model.FrameworkMethod.invokeExplosively(FrameworkMethod.java:44)
	at org.junit.internal.runners.statements.InvokeMethod.evaluate(InvokeMethod.java:17)
	at org.junit.internal.runners.statements.RunBefores.evaluate(RunBefores.java:26)
	at org.springframework.test.context.junit4.statements.RunBeforeTestMethodCallbacks.evaluate(RunBeforeTestMethodCallbacks.java:74)
	at org.junit.internal.runners.statements.RunAfters.evaluate(RunAfters.java:27)
	at org.springframework.test.context.junit4.statements.RunAfterTestMethodCallbacks.evaluate(RunAfterTestMethodCallbacks.java:83)
	at org.springframework.test.context.junit4.statements.SpringRepeat.evaluate(SpringRepeat.java:72)
	at org.springframework.test.context.junit4.SpringJUnit4ClassRunner.runChild(SpringJUnit4ClassRunner.java:233)
	at org.springframework.test.context.junit4.SpringJUnit4ClassRunner.runChild(SpringJUnit4ClassRunner.java:87)
	at org.junit.runners.ParentRunner$3.run(ParentRunner.java:238)
	at org.junit.runners.ParentRunner$1.schedule(ParentRunner.java:63)
	at org.junit.runners.ParentRunner.runChildren(ParentRunner.java:236)
	at org.junit.runners.ParentRunner.access$000(ParentRunner.java:53)
	at org.junit.runners.ParentRunner$2.evaluate(ParentRunner.java:229)
	at org.junit.internal.runners.statements.RunBefores.evaluate(RunBefores.java:26)
	at org.springframework.test.context.junit4.statements.RunBeforeTestClassCallbacks.evaluate(RunBeforeTestClassCallbacks.java:61)
	at org.springframework.test.context.junit4.statements.RunAfterTestClassCallbacks.evaluate(RunAfterTestClassCallbacks.java:71)
	at org.junit.runners.ParentRunner.run(ParentRunner.java:309)
	at org.springframework.test.context.junit4.SpringJUnit4ClassRunner.run(SpringJUnit4ClassRunner.java:176)
	at org.gradle.api.internal.tasks.testing.junit.JUnitTestClassExecuter.runTestClass(JUnitTestClassExecuter.java:86)
	at org.gradle.api.internal.tasks.testing.junit.JUnitTestClassExecuter.execute(JUnitTestClassExecuter.java:49)
	at org.gradle.api.internal.tasks.testing.junit.JUnitTestClassProcessor.processTestClass(JUnitTestClassProcessor.java:64)
	at org.gradle.api.internal.tasks.testing.SuiteTestClassProcessor.processTestClass(SuiteTestClassProcessor.java:50)
	at sun.reflect.GeneratedMethodAccessor108.invoke(Unknown Source)
	at sun.reflect.DelegatingMethodAccessorImpl.invoke(DelegatingMethodAccessorImpl.java:43)
	at java.lang.reflect.Method.invoke(Method.java:606)
	at org.gradle.messaging.dispatch.ReflectionDispatch.dispatch(ReflectionDispatch.java:35)
	at org.gradle.messaging.dispatch.ReflectionDispatch.dispatch(ReflectionDispatch.java:24)
	at org.gradle.messaging.dispatch.ContextClassLoaderDispatch.dispatch(ContextClassLoaderDispatch.java:32)
	at org.gradle.messaging.dispatch.ProxyDispatchAdapter$DispatchingInvocationHandler.invoke(ProxyDispatchAdapter.java:93)
	at com.sun.proxy.$Proxy2.processTestClass(Unknown Source)
	at org.gradle.api.internal.tasks.testing.worker.TestWorker.processTestClass(TestWorker.java:106)
	at sun.reflect.GeneratedMethodAccessor107.invoke(Unknown Source)
	at sun.reflect.DelegatingMethodAccessorImpl.invoke(DelegatingMethodAccessorImpl.java:43)
	at java.lang.reflect.Method.invoke(Method.java:606)
	at org.gradle.messaging.dispatch.ReflectionDispatch.dispatch(ReflectionDispatch.java:35)
	at org.gradle.messaging.dispatch.ReflectionDispatch.dispatch(ReflectionDispatch.java:24)
	at org.gradle.messaging.remote.internal.hub.MessageHub$Handler.run(MessageHub.java:360)
	at org.gradle.internal.concurrent.DefaultExecutorFactory$StoppableExecutorImpl$1.run(DefaultExecutorFactory.java:64)
	at java.util.concurrent.ThreadPoolExecutor.runWorker(ThreadPoolExecutor.java:1145)
	at java.util.concurrent.ThreadPoolExecutor$Worker.run(ThreadPoolExecutor.java:615)
	at java.lang.Thread.run(Thread.java:745)
AddressType.addressTypeIcon size must be between 0 and 128
java.lang.SecurityException: AddressType.addressTypeIcon size must be between 0 and 128
	at com.athena.server.pluggable.utils.helper.EntityValidatorHelper.validateEntity(EntityValidatorHelper.java:37)
	at projecttwo.app.shared.organization.locationmanagement.AddressType.isValid(AddressType.java:174)
	at projecttwo.app.server.service.organization.locationmanagement.AddressTypeTestCase.validateAddressType(AddressTypeTestCase.java:206)
	at projecttwo.app.server.service.organization.locationmanagement.AddressTypeTestCase.test5NegativeTesting(AddressTypeTestCase.java:256)
	at sun.reflect.NativeMethodAccessorImpl.invoke0(Native Method)
	at sun.reflect.NativeMethodAccessorImpl.invoke(NativeMethodAccessorImpl.java:57)
	at sun.reflect.DelegatingMethodAccessorImpl.invoke(DelegatingMethodAccessorImpl.java:43)
	at java.lang.reflect.Method.invoke(Method.java:606)
	at org.junit.runners.model.FrameworkMethod$1.runReflectiveCall(FrameworkMethod.java:47)
	at org.junit.internal.runners.model.ReflectiveCallable.run(ReflectiveCallable.java:12)
	at org.junit.runners.model.FrameworkMethod.invokeExplosively(FrameworkMethod.java:44)
	at org.junit.internal.runners.statements.InvokeMethod.evaluate(InvokeMethod.java:17)
	at org.junit.internal.runners.statements.RunBefores.evaluate(RunBefores.java:26)
	at org.springframework.test.context.junit4.statements.RunBeforeTestMethodCallbacks.evaluate(RunBeforeTestMethodCallbacks.java:74)
	at org.junit.internal.runners.statements.RunAfters.evaluate(RunAfters.java:27)
	at org.springframework.test.context.junit4.statements.RunAfterTestMethodCallbacks.evaluate(RunAfterTestMethodCallbacks.java:83)
	at org.springframework.test.context.junit4.statements.SpringRepeat.evaluate(SpringRepeat.java:72)
	at org.springframework.test.context.junit4.SpringJUnit4ClassRunner.runChild(SpringJUnit4ClassRunner.java:233)
	at org.springframework.test.context.junit4.SpringJUnit4ClassRunner.runChild(SpringJUnit4ClassRunner.java:87)
	at org.junit.runners.ParentRunner$3.run(ParentRunner.java:238)
	at org.junit.runners.ParentRunner$1.schedule(ParentRunner.java:63)
	at org.junit.runners.ParentRunner.runChildren(ParentRunner.java:236)
	at org.junit.runners.ParentRunner.access$000(ParentRunner.java:53)
	at org.junit.runners.ParentRunner$2.evaluate(ParentRunner.java:229)
	at org.junit.internal.runners.statements.RunBefores.evaluate(RunBefores.java:26)
	at org.springframework.test.context.junit4.statements.RunBeforeTestClassCallbacks.evaluate(RunBeforeTestClassCallbacks.java:61)
	at org.springframework.test.context.junit4.statements.RunAfterTestClassCallbacks.evaluate(RunAfterTestClassCallbacks.java:71)
	at org.junit.runners.ParentRunner.run(ParentRunner.java:309)
	at org.springframework.test.context.junit4.SpringJUnit4ClassRunner.run(SpringJUnit4ClassRunner.java:176)
	at org.gradle.api.internal.tasks.testing.junit.JUnitTestClassExecuter.runTestClass(JUnitTestClassExecuter.java:86)
	at org.gradle.api.internal.tasks.testing.junit.JUnitTestClassExecuter.execute(JUnitTestClassExecuter.java:49)
	at org.gradle.api.internal.tasks.testing.junit.JUnitTestClassProcessor.processTestClass(JUnitTestClassProcessor.java:64)
	at org.gradle.api.internal.tasks.testing.SuiteTestClassProcessor.processTestClass(SuiteTestClassProcessor.java:50)
	at sun.reflect.GeneratedMethodAccessor108.invoke(Unknown Source)
	at sun.reflect.DelegatingMethodAccessorImpl.invoke(DelegatingMethodAccessorImpl.java:43)
	at java.lang.reflect.Method.invoke(Method.java:606)
	at org.gradle.messaging.dispatch.ReflectionDispatch.dispatch(ReflectionDispatch.java:35)
	at org.gradle.messaging.dispatch.ReflectionDispatch.dispatch(ReflectionDispatch.java:24)
	at org.gradle.messaging.dispatch.ContextClassLoaderDispatch.dispatch(ContextClassLoaderDispatch.java:32)
	at org.gradle.messaging.dispatch.ProxyDispatchAdapter$DispatchingInvocationHandler.invoke(ProxyDispatchAdapter.java:93)
	at com.sun.proxy.$Proxy2.processTestClass(Unknown Source)
	at org.gradle.api.internal.tasks.testing.worker.TestWorker.processTestClass(TestWorker.java:106)
	at sun.reflect.GeneratedMethodAccessor107.invoke(Unknown Source)
	at sun.reflect.DelegatingMethodAccessorImpl.invoke(DelegatingMethodAccessorImpl.java:43)
	at java.lang.reflect.Method.invoke(Method.java:606)
	at org.gradle.messaging.dispatch.ReflectionDispatch.dispatch(ReflectionDispatch.java:35)
	at org.gradle.messaging.dispatch.ReflectionDispatch.dispatch(ReflectionDispatch.java:24)
	at org.gradle.messaging.remote.internal.hub.MessageHub$Handler.run(MessageHub.java:360)
	at org.gradle.internal.concurrent.DefaultExecutorFactory$StoppableExecutorImpl$1.run(DefaultExecutorFactory.java:64)
	at java.util.concurrent.ThreadPoolExecutor.runWorker(ThreadPoolExecutor.java:1145)
	at java.util.concurrent.ThreadPoolExecutor$Worker.run(ThreadPoolExecutor.java:615)
	at java.lang.Thread.run(Thread.java:745)
]]></system-err>
</testsuite>
