<?xml version="1.0" encoding="UTF-8"?>
<testsuite name="projecttwo.app.server.service.organization.locationmanagement.AddressTestCase" tests="9" skipped="0" failures="0" errors="0" timestamp="2016-08-24T09:13:30" hostname="779044df1698" time="1.161">
  <properties/>
  <testcase name="test1Save" classname="projecttwo.app.server.service.organization.locationmanagement.AddressTestCase" time="0.468"/>
  <testcase name="test2Update" classname="projecttwo.app.server.service.organization.locationmanagement.AddressTestCase" time="0.075"/>
  <testcase name="test3FindById" classname="projecttwo.app.server.service.organization.locationmanagement.AddressTestCase" time="0.023"/>
  <testcase name="test3findByaddressTypeId" classname="projecttwo.app.server.service.organization.locationmanagement.AddressTestCase" time="0.03"/>
  <testcase name="test3findBycityId" classname="projecttwo.app.server.service.organization.locationmanagement.AddressTestCase" time="0.023"/>
  <testcase name="test3findBycountryId" classname="projecttwo.app.server.service.organization.locationmanagement.AddressTestCase" time="0.023"/>
  <testcase name="test3findBystateId" classname="projecttwo.app.server.service.organization.locationmanagement.AddressTestCase" time="0.022"/>
  <testcase name="test5NegativeTesting" classname="projecttwo.app.server.service.organization.locationmanagement.AddressTestCase" time="0.022"/>
  <testcase name="test6Delete" classname="projecttwo.app.server.service.organization.locationmanagement.AddressTestCase" time="0.474"/>
  <system-out><![CDATA[Wed Aug 24 09:13:30 UTC 2016|Log Manager Factory|Initialization Process started.....
Wed Aug 24 09:13:30 UTC 2016|Log Manager|Initialized with Path = [/home/applifire/workspace/project2/src/main/webapp/WEB-INF/conf]
Wed Aug 24 09:13:30 UTC 2016|Alarm Manager|Initialized with Path = [/home/applifire/workspace/project2/src/main/webapp/WEB-INF/conf]
Wed Aug 24 09:13:30 UTC 2016|Alarm Manager|Loading Alarms ......
Wed Aug 24 09:13:30 UTC 2016|Alarm XML Parser|FWA|XML Parsing Complete........ 
Wed Aug 24 09:13:30 UTC 2016|Alarm File Manager|FWA|Alarm File Status.. [ApplicationFrameworkAlarms.xml]|Version=15|Status=Done 
Wed Aug 24 09:13:30 UTC 2016|Alarm File Manager|FWA|Alarm Stats = ( BC/AL=5/786 SYS=5/11 [786/0]  TPL=0/0 [0/0]  APP= A.Map=[875]  E.Map EC/RC=[391/79] )
Wed Aug 24 09:13:30 UTC 2016|Alarm XML Parser|APP|XML Parsing Complete........ 
Wed Aug 24 09:13:30 UTC 2016|Alarm File Manager|APP|Alarm File Status.. [ApplicationAlarms.xml]|Version=1|Status=Done 
Wed Aug 24 09:13:30 UTC 2016|Alarm File Manager|APP|Alarm Stats = ( BC/AL=5/786 SYS=5/11 [786/0]  TPL=0/0 [0/0]  APP=0/0 [0/0]  A.Map=[875]  E.Map EC/RC=[391/79] )
Wed Aug 24 09:13:30 UTC 2016|ApplicationAlarmContext| <><><><><> Create App Alarms ....  <><><><><> 
Wed Aug 24 09:13:30 UTC 2016|ApplicationAlarmContext|Alarms are generated ONLY in Development Mode.. 
Wed Aug 24 09:13:30 UTC 2016|Alarm Manager|APP|Alarm Stats = ( BC/AL=5/786 SYS=5/11 [786/0]  TPL=0/0 [0/0]  APP=0/0 [0/0]  A.Map=[875]  E.Map EC/RC=[391/79] )
Wed Aug 24 09:13:30 UTC 2016|Alarm Manager|Initialized Exception Lookup...
Wed Aug 24 09:13:30 UTC 2016|Log Manager|Initialize Log Config File ......
Wed Aug 24 09:13:30 UTC 2016|Pluggable Connectors|Adding Connectors : StandardOutputConnector isEnabled=true isDefault=false isFallBack=true
Wed Aug 24 09:13:30 UTC 2016|Pluggable Connectors|Adding Connectors : StandardFileConnector isEnabled=true isDefault=false isFallBack=false
Wed Aug 24 09:13:30 UTC 2016|Pluggable Connectors|Adding Connectors : Sprinkler isEnabled=true isDefault=true isFallBack=false
Wed Aug 24 09:13:30 UTC 2016|Pluggable Connectors|Default Connector Name : com.spartan.logger.core.LogMessenger
Wed Aug 24 09:13:30 UTC 2016|Log Config Parser|Connector Least Log Level =[4]  FallBack Log Level =[3]
Wed Aug 24 09:13:30 UTC 2016|Log Manager|Loading Default Connector for Logging ......
Wed Aug 24 09:13:30 UTC 2016|Log Manager|Loading class .. com.spartan.logger.core.LogMessenger
Wed Aug 24 09:13:30 UTC 2016|Plugggable Connector|Connector class com.spartan.logger.core.LogMessenger Initialized... @ Log Level = 3
Wed Aug 24 09:13:30 UTC 2016|Log Manager|Starting the Default Connector [com.spartan.logger.core.LogMessenger@4b802e47] ....
Wed Aug 24 09:13:30 UTC 2016|Scheduler|Starting the Scheduler ......
Wed Aug 24 09:13:30 UTC 2016|Scheduler|Adding [LMID=[48db90a1-da1c-4294-b0dc-2cb1386596b8]] Delay=5 Time Unit=MINUTES
Wed Aug 24 09:13:30 UTC 2016|Scheduler|Adding [App Alarm Manager File=[ApplicationAlarms.xml]] Delay=30 Time Unit=MINUTES
Wed Aug 24 09:13:30 UTC 2016|Scheduler|Adding [FW Alarm Manager File=[ApplicationFrameworkAlarms.xml]] Delay=3 Time Unit=MINUTES
Wed Aug 24 09:13:30 UTC 2016|Scheduler|Startup Completed..
Wed Aug 24 09:13:30 UTC 2016|Log Manager|Initialization Process Complete ......
Wed Aug 24 09:13:30 UTC 2016|Log Manager Factory|Log Manager READY! ID = 48db90a1-da1c-4294-b0dc-2cb1386596b8
[EL Finer]: connection: 2016-08-24 09:13:30.937--ServerSession(516354556)--Thread(Thread[Test worker,5,main])--client acquired: 380757937
[EL Finer]: transaction: 2016-08-24 09:13:30.937--ClientSession(380757937)--Thread(Thread[Test worker,5,main])--acquire unit of work: 2044862746
[EL Finest]: connection: 2016-08-24 09:13:30.937--ServerSession(516354556)--Connection(1827369081)--Thread(Thread[Test worker,5,main])--Connection acquired from connection pool [default].
[EL Finer]: transaction: 2016-08-24 09:13:30.937--ClientSession(380757937)--Connection(1827369081)--Thread(Thread[Test worker,5,main])--begin transaction
[EL Finest]: connection: 2016-08-24 09:13:30.937--ClientSession(380757937)--Thread(Thread[Test worker,5,main])--reconnecting to external connection pool
Wed Aug 24 09:13:30 UTC 2016|Unknown Alarm = ORGLM312100100 Alarm Split = ORG-LM-3-1-2-100-100
[EL Finest]: transaction: 2016-08-24 09:13:30.941--UnitOfWork(2044862746)--Thread(Thread[Test worker,5,main])--persist() operation called on: XZtm3fKbFHSUoyyayZdXeiV20PNLFbfLPcaORbsKVCRu1CcRHl.
[EL Finest]: sequencing: 2016-08-24 09:13:30.941--UnitOfWork(2044862746)--Thread(Thread[Test worker,5,main])--assign sequence to the object (941341C5-3FAE-4915-9F7E-CFD02421B1E4 -> XZtm3fKbFHSUoyyayZdXeiV20PNLFbfLPcaORbsKVCRu1CcRHl)
[EL Finer]: transaction: 2016-08-24 09:13:30.942--UnitOfWork(2044862746)--Thread(Thread[Test worker,5,main])--begin unit of work commit
[EL Finest]: query: 2016-08-24 09:13:30.942--UnitOfWork(2044862746)--Thread(Thread[Test worker,5,main])--Execute query InsertObjectQuery(XZtm3fKbFHSUoyyayZdXeiV20PNLFbfLPcaORbsKVCRu1CcRHl)
[EL Fine]: sql: 2016-08-24 09:13:30.942--ClientSession(380757937)--Connection(1262181647)--Thread(Thread[Test worker,5,main])--INSERT INTO ast_Country_M (countryId, capital, capitalLatitude, capitalLongitude, countryCode1, countryCode2, countryFlag, countryName, currencyCode, currencyName, currencySymbol, isoNumeric, versionId, createdBy, createdDate, updatedBy, updatedDate, activeStatus, txnAccessCode) VALUES (?, ?, ?, ?, ?, ?, ?, ?, ?, ?, ?, ?, ?, ?, ?, ?, ?, ?, ?)
	bind => [941341C5-3FAE-4915-9F7E-CFD02421B1E4, vK0IQaCpEXM0su8ce36UcW5Mzi18Wo3E, 7, 4, gOU, ck1, w3ocwRC1maFbf5Lkem59PUbTZG7vvdB5Yv44SnMsF3SHRH7Te0, XZtm3fKbFHSUoyyayZdXeiV20PNLFbfLPcaORbsKVCRu1CcRHl, TFO, wOnzlsJ2DbWMuzC83d05JdsdAuZWN6HcO26bXmsdC6qfkEZ6QC, 2Y71nCKSIFlWJj5PLYzNCRs5kALGgSLJ, 914, 1, AAAAA, 2016-08-24 09:13:30.924, AAAAA, 2016-08-24 09:13:30.924, 1, 51000]
[EL Finer]: transaction: 2016-08-24 09:13:30.944--ClientSession(380757937)--Connection(1262181647)--Thread(Thread[Test worker,5,main])--commit transaction
[EL Finest]: connection: 2016-08-24 09:13:31.035--ServerSession(516354556)--Connection(1827369081)--Thread(Thread[Test worker,5,main])--Connection released to connection pool [default].
[EL Finer]: transaction: 2016-08-24 09:13:31.035--UnitOfWork(2044862746)--Thread(Thread[Test worker,5,main])--end unit of work commit
[EL Finer]: transaction: 2016-08-24 09:13:31.035--UnitOfWork(2044862746)--Thread(Thread[Test worker,5,main])--resume unit of work
[EL Finer]: transaction: 2016-08-24 09:13:31.035--UnitOfWork(2044862746)--Thread(Thread[Test worker,5,main])--release unit of work
[EL Finer]: connection: 2016-08-24 09:13:31.035--ClientSession(380757937)--Thread(Thread[Test worker,5,main])--client released
[EL Finer]: connection: 2016-08-24 09:13:31.049--ServerSession(516354556)--Thread(Thread[Test worker,5,main])--client acquired: 945628849
[EL Finer]: transaction: 2016-08-24 09:13:31.049--ClientSession(945628849)--Thread(Thread[Test worker,5,main])--acquire unit of work: 1805077343
[EL Finest]: connection: 2016-08-24 09:13:31.049--ServerSession(516354556)--Connection(433422632)--Thread(Thread[Test worker,5,main])--Connection acquired from connection pool [default].
[EL Finer]: transaction: 2016-08-24 09:13:31.05--ClientSession(945628849)--Connection(433422632)--Thread(Thread[Test worker,5,main])--begin transaction
[EL Finest]: connection: 2016-08-24 09:13:31.05--ClientSession(945628849)--Thread(Thread[Test worker,5,main])--reconnecting to external connection pool
Wed Aug 24 09:13:31 UTC 2016|Unknown Alarm = ORGLM312100100 Alarm Split = ORG-LM-3-1-2-100-100
[EL Finest]: transaction: 2016-08-24 09:13:31.053--UnitOfWork(1805077343)--Thread(Thread[Test worker,5,main])--persist() operation called on: 6RZgymAXmqmY6sSCKKr43nhnVsEK1Qjpc3T2gbHqZbVAqfpAZ4.
[EL Finest]: sequencing: 2016-08-24 09:13:31.053--UnitOfWork(1805077343)--Thread(Thread[Test worker,5,main])--assign sequence to the object (B91121A7-625A-4A4C-AD3E-F7D9ECC41B8D -> 6RZgymAXmqmY6sSCKKr43nhnVsEK1Qjpc3T2gbHqZbVAqfpAZ4)
[EL Finer]: transaction: 2016-08-24 09:13:31.054--UnitOfWork(1805077343)--Thread(Thread[Test worker,5,main])--begin unit of work commit
[EL Finest]: query: 2016-08-24 09:13:31.054--UnitOfWork(1805077343)--Thread(Thread[Test worker,5,main])--Execute query InsertObjectQuery(6RZgymAXmqmY6sSCKKr43nhnVsEK1Qjpc3T2gbHqZbVAqfpAZ4)
[EL Fine]: sql: 2016-08-24 09:13:31.054--ClientSession(945628849)--Connection(1575245606)--Thread(Thread[Test worker,5,main])--INSERT INTO ast_State_M (stateId, countryId, stateCapital, stateCapitalLatitude, stateCapitalLongitude, stateCode, stateCodeChar2, stateCodeChar3, stateDescription, stateFlag, stateName, versionId, createdBy, createdDate, updatedBy, updatedDate, activeStatus, txnAccessCode) VALUES (?, ?, ?, ?, ?, ?, ?, ?, ?, ?, ?, ?, ?, ?, ?, ?, ?, ?)
	bind => [B91121A7-625A-4A4C-AD3E-F7D9ECC41B8D, 941341C5-3FAE-4915-9F7E-CFD02421B1E4, dAFdcwBTT7mwSSNiXSZZHzkm6pQGyTTmNbBrMgFjUR1gherzoG, 4, 2, 2, iZOplO5mkuCb19K9MnC8f7ot1ihajliJ, DSd4ypjlymRNxsn8EjzFKs0lcrNiphbr, JSDGby0RtE0dzbE6nXO848yCfSqSUR500vAzGOex1f1xFzvJNU, 3159NpabKjhW8tIHujFmLwbOKrouAxJMVDJGZZbnriCKF0HCiO, 6RZgymAXmqmY6sSCKKr43nhnVsEK1Qjpc3T2gbHqZbVAqfpAZ4, 1, AAAAA, 2016-08-24 09:13:30.924, AAAAA, 2016-08-24 09:13:30.924, 1, 51000]
[EL Finer]: transaction: 2016-08-24 09:13:31.056--ClientSession(945628849)--Connection(1575245606)--Thread(Thread[Test worker,5,main])--commit transaction
[EL Finest]: connection: 2016-08-24 09:13:31.133--ServerSession(516354556)--Connection(433422632)--Thread(Thread[Test worker,5,main])--Connection released to connection pool [default].
[EL Finer]: transaction: 2016-08-24 09:13:31.133--UnitOfWork(1805077343)--Thread(Thread[Test worker,5,main])--end unit of work commit
[EL Finer]: transaction: 2016-08-24 09:13:31.133--UnitOfWork(1805077343)--Thread(Thread[Test worker,5,main])--resume unit of work
[EL Finer]: transaction: 2016-08-24 09:13:31.134--UnitOfWork(1805077343)--Thread(Thread[Test worker,5,main])--release unit of work
[EL Finer]: connection: 2016-08-24 09:13:31.134--ClientSession(945628849)--Thread(Thread[Test worker,5,main])--client released
[EL Finer]: connection: 2016-08-24 09:13:31.156--ServerSession(516354556)--Thread(Thread[Test worker,5,main])--client acquired: 983059226
[EL Finer]: transaction: 2016-08-24 09:13:31.156--ClientSession(983059226)--Thread(Thread[Test worker,5,main])--acquire unit of work: 1684715011
[EL Finest]: connection: 2016-08-24 09:13:31.156--ServerSession(516354556)--Connection(433304182)--Thread(Thread[Test worker,5,main])--Connection acquired from connection pool [default].
[EL Finer]: transaction: 2016-08-24 09:13:31.156--ClientSession(983059226)--Connection(433304182)--Thread(Thread[Test worker,5,main])--begin transaction
[EL Finest]: connection: 2016-08-24 09:13:31.156--ClientSession(983059226)--Thread(Thread[Test worker,5,main])--reconnecting to external connection pool
Wed Aug 24 09:13:31 UTC 2016|Unknown Alarm = ORGLM312100100 Alarm Split = ORG-LM-3-1-2-100-100
[EL Finest]: transaction: 2016-08-24 09:13:31.16--UnitOfWork(1684715011)--Thread(Thread[Test worker,5,main])--persist() operation called on: QARXopiW50SgjHHYkY8vH2WRZD5V7wIDFfJwfyha43elKa9R4R,yZzVesVq80nKZWvhScHbY6A3uK5WGve3,2.
[EL Finest]: sequencing: 2016-08-24 09:13:31.16--UnitOfWork(1684715011)--Thread(Thread[Test worker,5,main])--assign sequence to the object (1F79ED6E-E1C9-4D18-A21F-ACE20C377BF3 -> QARXopiW50SgjHHYkY8vH2WRZD5V7wIDFfJwfyha43elKa9R4R,yZzVesVq80nKZWvhScHbY6A3uK5WGve3,2)
[EL Finer]: transaction: 2016-08-24 09:13:31.161--UnitOfWork(1684715011)--Thread(Thread[Test worker,5,main])--begin unit of work commit
[EL Finest]: query: 2016-08-24 09:13:31.161--UnitOfWork(1684715011)--Thread(Thread[Test worker,5,main])--Execute query InsertObjectQuery(QARXopiW50SgjHHYkY8vH2WRZD5V7wIDFfJwfyha43elKa9R4R,yZzVesVq80nKZWvhScHbY6A3uK5WGve3,2)
[EL Fine]: sql: 2016-08-24 09:13:31.161--ClientSession(983059226)--Connection(2027729832)--Thread(Thread[Test worker,5,main])--INSERT INTO ast_City_M (cityId, cityCode, cityCodeChar2, cityDescription, cityFlag, cityLatitude, cityLongitude, cityName, countryId, stateId, versionId, createdBy, createdDate, updatedBy, updatedDate, activeStatus, txnAccessCode) VALUES (?, ?, ?, ?, ?, ?, ?, ?, ?, ?, ?, ?, ?, ?, ?, ?, ?)
	bind => [1F79ED6E-E1C9-4D18-A21F-ACE20C377BF3, 2, yZzVesVq80nKZWvhScHbY6A3uK5WGve3, NJYymGKhxNJbi09GQG9S3ZXvDVXygpu4ayVixOPidHhX08Pvft, xqc2QRyJx1NpFhKQJJWCqSCKoTBCdpgEIQHw5Hp5yXMG9cJlHk, 1, 3, QARXopiW50SgjHHYkY8vH2WRZD5V7wIDFfJwfyha43elKa9R4R, 941341C5-3FAE-4915-9F7E-CFD02421B1E4, B91121A7-625A-4A4C-AD3E-F7D9ECC41B8D, 1, AAAAA, 2016-08-24 09:13:31.134, AAAAA, 2016-08-24 09:13:31.134, 1, 51000]
[EL Finer]: transaction: 2016-08-24 09:13:31.163--ClientSession(983059226)--Connection(2027729832)--Thread(Thread[Test worker,5,main])--commit transaction
[EL Finest]: connection: 2016-08-24 09:13:31.208--ServerSession(516354556)--Connection(433304182)--Thread(Thread[Test worker,5,main])--Connection released to connection pool [default].
[EL Finer]: transaction: 2016-08-24 09:13:31.208--UnitOfWork(1684715011)--Thread(Thread[Test worker,5,main])--end unit of work commit
[EL Finer]: transaction: 2016-08-24 09:13:31.208--UnitOfWork(1684715011)--Thread(Thread[Test worker,5,main])--resume unit of work
[EL Finer]: transaction: 2016-08-24 09:13:31.208--UnitOfWork(1684715011)--Thread(Thread[Test worker,5,main])--release unit of work
[EL Finer]: connection: 2016-08-24 09:13:31.208--ClientSession(983059226)--Thread(Thread[Test worker,5,main])--client released
[EL Finer]: connection: 2016-08-24 09:13:31.225--ServerSession(516354556)--Thread(Thread[Test worker,5,main])--client acquired: 1872036291
[EL Finer]: transaction: 2016-08-24 09:13:31.225--ClientSession(1872036291)--Thread(Thread[Test worker,5,main])--acquire unit of work: 531030640
[EL Finest]: connection: 2016-08-24 09:13:31.225--ServerSession(516354556)--Connection(89929548)--Thread(Thread[Test worker,5,main])--Connection acquired from connection pool [default].
[EL Finer]: transaction: 2016-08-24 09:13:31.225--ClientSession(1872036291)--Connection(89929548)--Thread(Thread[Test worker,5,main])--begin transaction
[EL Finest]: connection: 2016-08-24 09:13:31.225--ClientSession(1872036291)--Thread(Thread[Test worker,5,main])--reconnecting to external connection pool
Wed Aug 24 09:13:31 UTC 2016|Unknown Alarm = ORGLM312100100 Alarm Split = ORG-LM-3-1-2-100-100
[EL Finest]: transaction: 2016-08-24 09:13:31.228--UnitOfWork(531030640)--Thread(Thread[Test worker,5,main])--persist() operation called on: 2cZK0aTctnQyPhChF5qUR37IRT4n2lGYJBaiNuWQRZkYrv2Fa1.
[EL Finest]: sequencing: 2016-08-24 09:13:31.228--UnitOfWork(531030640)--Thread(Thread[Test worker,5,main])--assign sequence to the object (1753E7B1-F106-4198-92E8-C3F42A1E220C -> 2cZK0aTctnQyPhChF5qUR37IRT4n2lGYJBaiNuWQRZkYrv2Fa1)
[EL Finer]: transaction: 2016-08-24 09:13:31.228--UnitOfWork(531030640)--Thread(Thread[Test worker,5,main])--begin unit of work commit
[EL Finest]: query: 2016-08-24 09:13:31.228--UnitOfWork(531030640)--Thread(Thread[Test worker,5,main])--Execute query InsertObjectQuery(2cZK0aTctnQyPhChF5qUR37IRT4n2lGYJBaiNuWQRZkYrv2Fa1)
[EL Fine]: sql: 2016-08-24 09:13:31.229--ClientSession(1872036291)--Connection(1043084424)--Thread(Thread[Test worker,5,main])--INSERT INTO ast_AddressType_M (addressTypeId, addressType, addressTypeDesc, addressTypeIcon, versionId, createdBy, createdDate, updatedBy, updatedDate, activeStatus, txnAccessCode) VALUES (?, ?, ?, ?, ?, ?, ?, ?, ?, ?, ?)
	bind => [1753E7B1-F106-4198-92E8-C3F42A1E220C, 2cZK0aTctnQyPhChF5qUR37IRT4n2lGYJBaiNuWQRZkYrv2Fa1, 7RunufXzD0HUtyBtABcae9vW1C8M42TGdJnOE0EZJrtFE5xbIi, oUVYkODIklWTON1D30gbIpYz0m9tuTtD1yzovceRsxno4iQOZQ, 1, AAAAA, 2016-08-24 09:13:31.208, AAAAA, 2016-08-24 09:13:31.208, 1, 51000]
[EL Finer]: transaction: 2016-08-24 09:13:31.23--ClientSession(1872036291)--Connection(1043084424)--Thread(Thread[Test worker,5,main])--commit transaction
[EL Finest]: connection: 2016-08-24 09:13:31.256--ServerSession(516354556)--Connection(89929548)--Thread(Thread[Test worker,5,main])--Connection released to connection pool [default].
[EL Finer]: transaction: 2016-08-24 09:13:31.256--UnitOfWork(531030640)--Thread(Thread[Test worker,5,main])--end unit of work commit
[EL Finer]: transaction: 2016-08-24 09:13:31.256--UnitOfWork(531030640)--Thread(Thread[Test worker,5,main])--resume unit of work
[EL Finer]: transaction: 2016-08-24 09:13:31.257--UnitOfWork(531030640)--Thread(Thread[Test worker,5,main])--release unit of work
[EL Finer]: connection: 2016-08-24 09:13:31.257--ClientSession(1872036291)--Thread(Thread[Test worker,5,main])--client released
[EL Finer]: connection: 2016-08-24 09:13:31.327--ServerSession(516354556)--Thread(Thread[Test worker,5,main])--client acquired: 509460411
[EL Finer]: transaction: 2016-08-24 09:13:31.327--ClientSession(509460411)--Thread(Thread[Test worker,5,main])--acquire unit of work: 483827088
[EL Finest]: connection: 2016-08-24 09:13:31.327--ServerSession(516354556)--Connection(1308780474)--Thread(Thread[Test worker,5,main])--Connection acquired from connection pool [default].
[EL Finer]: transaction: 2016-08-24 09:13:31.327--ClientSession(509460411)--Connection(1308780474)--Thread(Thread[Test worker,5,main])--begin transaction
[EL Finest]: connection: 2016-08-24 09:13:31.327--ClientSession(509460411)--Thread(Thread[Test worker,5,main])--reconnecting to external connection pool
Wed Aug 24 09:13:31 UTC 2016|Unknown Alarm = ORGLM312100100 Alarm Split = ORG-LM-3-1-2-100-100
[EL Finest]: transaction: 2016-08-24 09:13:31.332--UnitOfWork(483827088)--Thread(Thread[Test worker,5,main])--persist() operation called on: 8VQ1u1.
[EL Finest]: sequencing: 2016-08-24 09:13:31.332--UnitOfWork(483827088)--Thread(Thread[Test worker,5,main])--assign sequence to the object (F866E66E-A78F-453A-972F-6BC65D8D94BB -> 8VQ1u1)
[EL Finer]: transaction: 2016-08-24 09:13:31.332--UnitOfWork(483827088)--Thread(Thread[Test worker,5,main])--begin unit of work commit
[EL Finest]: query: 2016-08-24 09:13:31.332--UnitOfWork(483827088)--Thread(Thread[Test worker,5,main])--Execute query InsertObjectQuery(8VQ1u1)
[EL Fine]: sql: 2016-08-24 09:13:31.333--ClientSession(509460411)--Connection(1985980577)--Thread(Thread[Test worker,5,main])--INSERT INTO ast_Address_T (addressId, address1, address2, address3, addressLabel, addressTypeId, cityId, countryId, latitude, longitude, stateId, versionId, zipcode, createdBy, createdDate, updatedBy, updatedDate, activeStatus, txnAccessCode) VALUES (?, ?, ?, ?, ?, ?, ?, ?, ?, ?, ?, ?, ?, ?, ?, ?, ?, ?, ?)
	bind => [F866E66E-A78F-453A-972F-6BC65D8D94BB, vP9GFjYIJoadDSfpf7DSBXPhFLQMW5lzzAjNs2bUuwMpk4bQrI, UzXZ3VNI8UYTbPNvW7rx4vCxCGPedltAkmvoHE3m62ntpxej6X, 0snlb2m3orWgrV44RwYfmFGTmXSwytjWZnbl2zKoU9HEZigMvr, xYYodEqxSUb, 1753E7B1-F106-4198-92E8-C3F42A1E220C, 1F79ED6E-E1C9-4D18-A21F-ACE20C377BF3, 941341C5-3FAE-4915-9F7E-CFD02421B1E4, o5E3oppcMHTLU8N35NlIHHkTrF4YtjVIkTGiHhxDSAkk5Nfm96, yop20OJdVo7NdnMseUggulooEwSJPpHOgGLVmlLRZ64YxSiw6g, B91121A7-625A-4A4C-AD3E-F7D9ECC41B8D, 1, 8VQ1u1, AAAAA, 2016-08-24 09:13:31.257, AAAAA, 2016-08-24 09:13:31.257, 1, 51000]
[EL Finer]: transaction: 2016-08-24 09:13:31.334--ClientSession(509460411)--Connection(1985980577)--Thread(Thread[Test worker,5,main])--commit transaction
[EL Finest]: connection: 2016-08-24 09:13:31.364--ServerSession(516354556)--Connection(1308780474)--Thread(Thread[Test worker,5,main])--Connection released to connection pool [default].
[EL Finer]: transaction: 2016-08-24 09:13:31.364--UnitOfWork(483827088)--Thread(Thread[Test worker,5,main])--end unit of work commit
[EL Finer]: transaction: 2016-08-24 09:13:31.364--UnitOfWork(483827088)--Thread(Thread[Test worker,5,main])--resume unit of work
[EL Finer]: transaction: 2016-08-24 09:13:31.365--UnitOfWork(483827088)--Thread(Thread[Test worker,5,main])--release unit of work
[EL Finer]: connection: 2016-08-24 09:13:31.365--ClientSession(509460411)--Thread(Thread[Test worker,5,main])--client released
[EL Finer]: connection: 2016-08-24 09:13:31.383--ServerSession(516354556)--Thread(Thread[Test worker,5,main])--client acquired: 37411775
[EL Finer]: transaction: 2016-08-24 09:13:31.384--ClientSession(37411775)--Thread(Thread[Test worker,5,main])--acquire unit of work: 1714477501
[EL Finest]: connection: 2016-08-24 09:13:31.384--ServerSession(516354556)--Connection(287783861)--Thread(Thread[Test worker,5,main])--Connection acquired from connection pool [default].
[EL Finer]: transaction: 2016-08-24 09:13:31.384--ClientSession(37411775)--Connection(287783861)--Thread(Thread[Test worker,5,main])--begin transaction
[EL Finest]: connection: 2016-08-24 09:13:31.384--ClientSession(37411775)--Thread(Thread[Test worker,5,main])--reconnecting to external connection pool
[EL Finer]: transaction: 2016-08-24 09:13:31.385--UnitOfWork(1714477501)--Thread(Thread[Test worker,5,main])--begin unit of work flush
[EL Finer]: transaction: 2016-08-24 09:13:31.385--UnitOfWork(1714477501)--Thread(Thread[Test worker,5,main])--end unit of work flush
[EL Finest]: query: 2016-08-24 09:13:31.385--UnitOfWork(1714477501)--Thread(Thread[Test worker,5,main])--Execute query ReadAllQuery(name="Address.findById" referenceClass=Address sql="SELECT addressId, address1, address2, address3, addressLabel, addressTypeId, cityId, countryId, latitude, longitude, stateId, versionId, zipcode, createdBy, createdDate, updatedBy, updatedDate, activeStatus, txnAccessCode FROM ast_Address_T WHERE ((activeStatus = ?) AND (addressId = ?))")
[EL Fine]: sql: 2016-08-24 09:13:31.386--ClientSession(37411775)--Connection(43655162)--Thread(Thread[Test worker,5,main])--SELECT addressId, address1, address2, address3, addressLabel, addressTypeId, cityId, countryId, latitude, longitude, stateId, versionId, zipcode, createdBy, createdDate, updatedBy, updatedDate, activeStatus, txnAccessCode FROM ast_Address_T WHERE ((activeStatus = ?) AND (addressId = ?))
	bind => [1, F866E66E-A78F-453A-972F-6BC65D8D94BB]
[EL Finer]: transaction: 2016-08-24 09:13:31.387--UnitOfWork(1714477501)--Thread(Thread[Test worker,5,main])--begin unit of work commit
[EL Finer]: transaction: 2016-08-24 09:13:31.388--ClientSession(37411775)--Connection(43655162)--Thread(Thread[Test worker,5,main])--commit transaction
[EL Finest]: connection: 2016-08-24 09:13:31.388--ServerSession(516354556)--Connection(287783861)--Thread(Thread[Test worker,5,main])--Connection released to connection pool [default].
[EL Finer]: transaction: 2016-08-24 09:13:31.388--UnitOfWork(1714477501)--Thread(Thread[Test worker,5,main])--end unit of work commit
[EL Finer]: transaction: 2016-08-24 09:13:31.388--UnitOfWork(1714477501)--Thread(Thread[Test worker,5,main])--resume unit of work
[EL Finer]: transaction: 2016-08-24 09:13:31.388--UnitOfWork(1714477501)--Thread(Thread[Test worker,5,main])--release unit of work
[EL Finer]: connection: 2016-08-24 09:13:31.388--ClientSession(37411775)--Thread(Thread[Test worker,5,main])--client released
[EL Finer]: connection: 2016-08-24 09:13:31.389--ServerSession(516354556)--Thread(Thread[Test worker,5,main])--client acquired: 1701979515
[EL Finer]: transaction: 2016-08-24 09:13:31.389--ClientSession(1701979515)--Thread(Thread[Test worker,5,main])--acquire unit of work: 687530565
[EL Finest]: connection: 2016-08-24 09:13:31.389--ServerSession(516354556)--Connection(1864185095)--Thread(Thread[Test worker,5,main])--Connection acquired from connection pool [default].
[EL Finer]: transaction: 2016-08-24 09:13:31.389--ClientSession(1701979515)--Connection(1864185095)--Thread(Thread[Test worker,5,main])--begin transaction
[EL Finest]: connection: 2016-08-24 09:13:31.389--ClientSession(1701979515)--Thread(Thread[Test worker,5,main])--reconnecting to external connection pool
[EL Finest]: transaction: 2016-08-24 09:13:31.392--UnitOfWork(687530565)--Thread(Thread[Test worker,5,main])--Merge clone with references 0Tw2FE
[EL Finest]: query: 2016-08-24 09:13:31.392--UnitOfWork(687530565)--Thread(Thread[Test worker,5,main])--Execute query ReadObjectQuery(referenceClass=Address )
[EL Fine]: sql: 2016-08-24 09:13:31.392--ClientSession(1701979515)--Connection(502572150)--Thread(Thread[Test worker,5,main])--SELECT addressId, address1, address2, address3, addressLabel, addressTypeId, cityId, countryId, latitude, longitude, stateId, versionId, zipcode, createdBy, createdDate, updatedBy, updatedDate, activeStatus, txnAccessCode FROM ast_Address_T WHERE (addressId = ?)
	bind => [F866E66E-A78F-453A-972F-6BC65D8D94BB]
[EL Finer]: transaction: 2016-08-24 09:13:31.394--UnitOfWork(687530565)--Thread(Thread[Test worker,5,main])--begin unit of work commit
[EL Finest]: query: 2016-08-24 09:13:31.394--UnitOfWork(687530565)--Thread(Thread[Test worker,5,main])--Execute query UpdateObjectQuery(0Tw2FE)
[EL Fine]: sql: 2016-08-24 09:13:31.395--ClientSession(1701979515)--Connection(502572150)--Thread(Thread[Test worker,5,main])--UPDATE ast_Address_T SET address1 = ?, address2 = ?, address3 = ?, addressLabel = ?, latitude = ?, longitude = ?, zipcode = ?, versionId = ? WHERE ((addressId = ?) AND (versionId = ?))
	bind => [EfnotzmwoI210fyDoZiNQ2B6hCfaRi570gkJMcjbZJIB2lcYig, CszVeep1PDB69y5VKw4zsfPEwmVHQsKvX6HvdS25YHgtclvKpX, G5ZxQk1SjMwEQ2szqOco58Jy60tqDoFmkcvbesfg0NU9jrvDQ3, byQuo9h7cUQ, LSAN01uwgZNGRoLT0fZPs7oGIeDX8BjnWI8dQhKdFvgzzC2bSm, eKxROggUZBEAsHNBffgmDKFSkUjUykzVOIqeHXjK8eJb4nObJR, 0Tw2FE, 2, F866E66E-A78F-453A-972F-6BC65D8D94BB, 1]
[EL Finer]: transaction: 2016-08-24 09:13:31.396--ClientSession(1701979515)--Connection(502572150)--Thread(Thread[Test worker,5,main])--commit transaction
[EL Finest]: connection: 2016-08-24 09:13:31.439--ServerSession(516354556)--Connection(1864185095)--Thread(Thread[Test worker,5,main])--Connection released to connection pool [default].
[EL Finer]: transaction: 2016-08-24 09:13:31.439--UnitOfWork(687530565)--Thread(Thread[Test worker,5,main])--end unit of work commit
[EL Finer]: transaction: 2016-08-24 09:13:31.439--UnitOfWork(687530565)--Thread(Thread[Test worker,5,main])--resume unit of work
[EL Finer]: transaction: 2016-08-24 09:13:31.44--UnitOfWork(687530565)--Thread(Thread[Test worker,5,main])--release unit of work
[EL Finer]: connection: 2016-08-24 09:13:31.44--ClientSession(1701979515)--Thread(Thread[Test worker,5,main])--client released
[EL Finer]: connection: 2016-08-24 09:13:31.459--ServerSession(516354556)--Thread(Thread[Test worker,5,main])--client acquired: 2137254579
[EL Finer]: transaction: 2016-08-24 09:13:31.459--ClientSession(2137254579)--Thread(Thread[Test worker,5,main])--acquire unit of work: 2026229531
[EL Finest]: connection: 2016-08-24 09:13:31.459--ServerSession(516354556)--Connection(44053391)--Thread(Thread[Test worker,5,main])--Connection acquired from connection pool [default].
[EL Finer]: transaction: 2016-08-24 09:13:31.459--ClientSession(2137254579)--Connection(44053391)--Thread(Thread[Test worker,5,main])--begin transaction
[EL Finest]: connection: 2016-08-24 09:13:31.459--ClientSession(2137254579)--Thread(Thread[Test worker,5,main])--reconnecting to external connection pool
[EL Finer]: transaction: 2016-08-24 09:13:31.46--UnitOfWork(2026229531)--Thread(Thread[Test worker,5,main])--begin unit of work flush
[EL Finer]: transaction: 2016-08-24 09:13:31.46--UnitOfWork(2026229531)--Thread(Thread[Test worker,5,main])--end unit of work flush
[EL Finest]: query: 2016-08-24 09:13:31.46--UnitOfWork(2026229531)--Thread(Thread[Test worker,5,main])--Execute query ReadAllQuery(name="Address.findById" referenceClass=Address sql="SELECT addressId, address1, address2, address3, addressLabel, addressTypeId, cityId, countryId, latitude, longitude, stateId, versionId, zipcode, createdBy, createdDate, updatedBy, updatedDate, activeStatus, txnAccessCode FROM ast_Address_T WHERE ((activeStatus = ?) AND (addressId = ?))")
[EL Fine]: sql: 2016-08-24 09:13:31.461--ClientSession(2137254579)--Connection(1315003164)--Thread(Thread[Test worker,5,main])--SELECT addressId, address1, address2, address3, addressLabel, addressTypeId, cityId, countryId, latitude, longitude, stateId, versionId, zipcode, createdBy, createdDate, updatedBy, updatedDate, activeStatus, txnAccessCode FROM ast_Address_T WHERE ((activeStatus = ?) AND (addressId = ?))
	bind => [1, F866E66E-A78F-453A-972F-6BC65D8D94BB]
[EL Finer]: transaction: 2016-08-24 09:13:31.462--UnitOfWork(2026229531)--Thread(Thread[Test worker,5,main])--begin unit of work commit
[EL Finer]: transaction: 2016-08-24 09:13:31.462--ClientSession(2137254579)--Connection(1315003164)--Thread(Thread[Test worker,5,main])--commit transaction
[EL Finest]: connection: 2016-08-24 09:13:31.463--ServerSession(516354556)--Connection(44053391)--Thread(Thread[Test worker,5,main])--Connection released to connection pool [default].
[EL Finer]: transaction: 2016-08-24 09:13:31.463--UnitOfWork(2026229531)--Thread(Thread[Test worker,5,main])--end unit of work commit
[EL Finer]: transaction: 2016-08-24 09:13:31.463--UnitOfWork(2026229531)--Thread(Thread[Test worker,5,main])--resume unit of work
[EL Finer]: transaction: 2016-08-24 09:13:31.463--UnitOfWork(2026229531)--Thread(Thread[Test worker,5,main])--release unit of work
[EL Finer]: connection: 2016-08-24 09:13:31.463--ClientSession(2137254579)--Thread(Thread[Test worker,5,main])--client released
[EL Finer]: connection: 2016-08-24 09:13:31.488--ServerSession(516354556)--Thread(Thread[Test worker,5,main])--client acquired: 1567168090
[EL Finer]: transaction: 2016-08-24 09:13:31.488--ClientSession(1567168090)--Thread(Thread[Test worker,5,main])--acquire unit of work: 507158175
[EL Finest]: connection: 2016-08-24 09:13:31.488--ServerSession(516354556)--Connection(444852282)--Thread(Thread[Test worker,5,main])--Connection acquired from connection pool [default].
[EL Finer]: transaction: 2016-08-24 09:13:31.488--ClientSession(1567168090)--Connection(444852282)--Thread(Thread[Test worker,5,main])--begin transaction
[EL Finest]: connection: 2016-08-24 09:13:31.488--ClientSession(1567168090)--Thread(Thread[Test worker,5,main])--reconnecting to external connection pool
[EL Finer]: transaction: 2016-08-24 09:13:31.49--UnitOfWork(507158175)--Thread(Thread[Test worker,5,main])--begin unit of work flush
[EL Finer]: transaction: 2016-08-24 09:13:31.49--UnitOfWork(507158175)--Thread(Thread[Test worker,5,main])--end unit of work flush
[EL Finest]: query: 2016-08-24 09:13:31.49--UnitOfWork(507158175)--Thread(Thread[Test worker,5,main])--Execute query ReadAllQuery(name="Address.findByAddressTypeId" referenceClass=Address sql="SELECT addressId, address1, address2, address3, addressLabel, addressTypeId, cityId, countryId, latitude, longitude, stateId, versionId, zipcode, createdBy, createdDate, updatedBy, updatedDate, activeStatus, txnAccessCode FROM ast_Address_T WHERE ((activeStatus = ?) AND (addressTypeId = ?))")
[EL Fine]: sql: 2016-08-24 09:13:31.49--ClientSession(1567168090)--Connection(907506504)--Thread(Thread[Test worker,5,main])--SELECT addressId, address1, address2, address3, addressLabel, addressTypeId, cityId, countryId, latitude, longitude, stateId, versionId, zipcode, createdBy, createdDate, updatedBy, updatedDate, activeStatus, txnAccessCode FROM ast_Address_T WHERE ((activeStatus = ?) AND (addressTypeId = ?))
	bind => [1, 1753E7B1-F106-4198-92E8-C3F42A1E220C]
[EL Finer]: transaction: 2016-08-24 09:13:31.492--UnitOfWork(507158175)--Thread(Thread[Test worker,5,main])--begin unit of work commit
[EL Finer]: transaction: 2016-08-24 09:13:31.492--ClientSession(1567168090)--Connection(907506504)--Thread(Thread[Test worker,5,main])--commit transaction
[EL Finest]: connection: 2016-08-24 09:13:31.492--ServerSession(516354556)--Connection(444852282)--Thread(Thread[Test worker,5,main])--Connection released to connection pool [default].
[EL Finer]: transaction: 2016-08-24 09:13:31.492--UnitOfWork(507158175)--Thread(Thread[Test worker,5,main])--end unit of work commit
[EL Finer]: transaction: 2016-08-24 09:13:31.492--UnitOfWork(507158175)--Thread(Thread[Test worker,5,main])--resume unit of work
[EL Finer]: transaction: 2016-08-24 09:13:31.492--UnitOfWork(507158175)--Thread(Thread[Test worker,5,main])--release unit of work
[EL Finer]: connection: 2016-08-24 09:13:31.492--ClientSession(1567168090)--Thread(Thread[Test worker,5,main])--client released
[EL Finer]: connection: 2016-08-24 09:13:31.512--ServerSession(516354556)--Thread(Thread[Test worker,5,main])--client acquired: 345053663
[EL Finer]: transaction: 2016-08-24 09:13:31.512--ClientSession(345053663)--Thread(Thread[Test worker,5,main])--acquire unit of work: 1111067141
[EL Finest]: connection: 2016-08-24 09:13:31.512--ServerSession(516354556)--Connection(1335128122)--Thread(Thread[Test worker,5,main])--Connection acquired from connection pool [default].
[EL Finer]: transaction: 2016-08-24 09:13:31.512--ClientSession(345053663)--Connection(1335128122)--Thread(Thread[Test worker,5,main])--begin transaction
[EL Finest]: connection: 2016-08-24 09:13:31.512--ClientSession(345053663)--Thread(Thread[Test worker,5,main])--reconnecting to external connection pool
[EL Finer]: transaction: 2016-08-24 09:13:31.513--UnitOfWork(1111067141)--Thread(Thread[Test worker,5,main])--begin unit of work flush
[EL Finer]: transaction: 2016-08-24 09:13:31.513--UnitOfWork(1111067141)--Thread(Thread[Test worker,5,main])--end unit of work flush
[EL Finest]: query: 2016-08-24 09:13:31.513--UnitOfWork(1111067141)--Thread(Thread[Test worker,5,main])--Execute query ReadAllQuery(name="Address.findByCityId" referenceClass=Address sql="SELECT addressId, address1, address2, address3, addressLabel, addressTypeId, cityId, countryId, latitude, longitude, stateId, versionId, zipcode, createdBy, createdDate, updatedBy, updatedDate, activeStatus, txnAccessCode FROM ast_Address_T WHERE ((activeStatus = ?) AND (cityId = ?))")
[EL Fine]: sql: 2016-08-24 09:13:31.513--ClientSession(345053663)--Connection(805610095)--Thread(Thread[Test worker,5,main])--SELECT addressId, address1, address2, address3, addressLabel, addressTypeId, cityId, countryId, latitude, longitude, stateId, versionId, zipcode, createdBy, createdDate, updatedBy, updatedDate, activeStatus, txnAccessCode FROM ast_Address_T WHERE ((activeStatus = ?) AND (cityId = ?))
	bind => [1, 1F79ED6E-E1C9-4D18-A21F-ACE20C377BF3]
[EL Finer]: transaction: 2016-08-24 09:13:31.515--UnitOfWork(1111067141)--Thread(Thread[Test worker,5,main])--begin unit of work commit
[EL Finer]: transaction: 2016-08-24 09:13:31.515--ClientSession(345053663)--Connection(805610095)--Thread(Thread[Test worker,5,main])--commit transaction
[EL Finest]: connection: 2016-08-24 09:13:31.515--ServerSession(516354556)--Connection(1335128122)--Thread(Thread[Test worker,5,main])--Connection released to connection pool [default].
[EL Finer]: transaction: 2016-08-24 09:13:31.515--UnitOfWork(1111067141)--Thread(Thread[Test worker,5,main])--end unit of work commit
[EL Finer]: transaction: 2016-08-24 09:13:31.515--UnitOfWork(1111067141)--Thread(Thread[Test worker,5,main])--resume unit of work
[EL Finer]: transaction: 2016-08-24 09:13:31.516--UnitOfWork(1111067141)--Thread(Thread[Test worker,5,main])--release unit of work
[EL Finer]: connection: 2016-08-24 09:13:31.516--ClientSession(345053663)--Thread(Thread[Test worker,5,main])--client released
[EL Finer]: connection: 2016-08-24 09:13:31.534--ServerSession(516354556)--Thread(Thread[Test worker,5,main])--client acquired: 529094263
[EL Finer]: transaction: 2016-08-24 09:13:31.534--ClientSession(529094263)--Thread(Thread[Test worker,5,main])--acquire unit of work: 1904979661
[EL Finest]: connection: 2016-08-24 09:13:31.534--ServerSession(516354556)--Connection(159469304)--Thread(Thread[Test worker,5,main])--Connection acquired from connection pool [default].
[EL Finer]: transaction: 2016-08-24 09:13:31.534--ClientSession(529094263)--Connection(159469304)--Thread(Thread[Test worker,5,main])--begin transaction
[EL Finest]: connection: 2016-08-24 09:13:31.534--ClientSession(529094263)--Thread(Thread[Test worker,5,main])--reconnecting to external connection pool
[EL Finer]: transaction: 2016-08-24 09:13:31.536--UnitOfWork(1904979661)--Thread(Thread[Test worker,5,main])--begin unit of work flush
[EL Finer]: transaction: 2016-08-24 09:13:31.536--UnitOfWork(1904979661)--Thread(Thread[Test worker,5,main])--end unit of work flush
[EL Finest]: query: 2016-08-24 09:13:31.536--UnitOfWork(1904979661)--Thread(Thread[Test worker,5,main])--Execute query ReadAllQuery(name="Address.findByCountryId" referenceClass=Address sql="SELECT addressId, address1, address2, address3, addressLabel, addressTypeId, cityId, countryId, latitude, longitude, stateId, versionId, zipcode, createdBy, createdDate, updatedBy, updatedDate, activeStatus, txnAccessCode FROM ast_Address_T WHERE ((activeStatus = ?) AND (countryId = ?))")
[EL Fine]: sql: 2016-08-24 09:13:31.536--ClientSession(529094263)--Connection(729890511)--Thread(Thread[Test worker,5,main])--SELECT addressId, address1, address2, address3, addressLabel, addressTypeId, cityId, countryId, latitude, longitude, stateId, versionId, zipcode, createdBy, createdDate, updatedBy, updatedDate, activeStatus, txnAccessCode FROM ast_Address_T WHERE ((activeStatus = ?) AND (countryId = ?))
	bind => [1, 941341C5-3FAE-4915-9F7E-CFD02421B1E4]
[EL Finer]: transaction: 2016-08-24 09:13:31.537--UnitOfWork(1904979661)--Thread(Thread[Test worker,5,main])--begin unit of work commit
[EL Finer]: transaction: 2016-08-24 09:13:31.538--ClientSession(529094263)--Connection(729890511)--Thread(Thread[Test worker,5,main])--commit transaction
[EL Finest]: connection: 2016-08-24 09:13:31.538--ServerSession(516354556)--Connection(159469304)--Thread(Thread[Test worker,5,main])--Connection released to connection pool [default].
[EL Finer]: transaction: 2016-08-24 09:13:31.538--UnitOfWork(1904979661)--Thread(Thread[Test worker,5,main])--end unit of work commit
[EL Finer]: transaction: 2016-08-24 09:13:31.538--UnitOfWork(1904979661)--Thread(Thread[Test worker,5,main])--resume unit of work
[EL Finer]: transaction: 2016-08-24 09:13:31.538--UnitOfWork(1904979661)--Thread(Thread[Test worker,5,main])--release unit of work
[EL Finer]: connection: 2016-08-24 09:13:31.538--ClientSession(529094263)--Thread(Thread[Test worker,5,main])--client released
[EL Finer]: connection: 2016-08-24 09:13:31.556--ServerSession(516354556)--Thread(Thread[Test worker,5,main])--client acquired: 900305277
[EL Finer]: transaction: 2016-08-24 09:13:31.556--ClientSession(900305277)--Thread(Thread[Test worker,5,main])--acquire unit of work: 261013777
[EL Finest]: connection: 2016-08-24 09:13:31.557--ServerSession(516354556)--Connection(1696942865)--Thread(Thread[Test worker,5,main])--Connection acquired from connection pool [default].
[EL Finer]: transaction: 2016-08-24 09:13:31.557--ClientSession(900305277)--Connection(1696942865)--Thread(Thread[Test worker,5,main])--begin transaction
[EL Finest]: connection: 2016-08-24 09:13:31.557--ClientSession(900305277)--Thread(Thread[Test worker,5,main])--reconnecting to external connection pool
[EL Finer]: transaction: 2016-08-24 09:13:31.558--UnitOfWork(261013777)--Thread(Thread[Test worker,5,main])--begin unit of work flush
[EL Finer]: transaction: 2016-08-24 09:13:31.558--UnitOfWork(261013777)--Thread(Thread[Test worker,5,main])--end unit of work flush
[EL Finest]: query: 2016-08-24 09:13:31.558--UnitOfWork(261013777)--Thread(Thread[Test worker,5,main])--Execute query ReadAllQuery(name="Address.findByStateId" referenceClass=Address sql="SELECT addressId, address1, address2, address3, addressLabel, addressTypeId, cityId, countryId, latitude, longitude, stateId, versionId, zipcode, createdBy, createdDate, updatedBy, updatedDate, activeStatus, txnAccessCode FROM ast_Address_T WHERE ((activeStatus = ?) AND (stateId = ?))")
[EL Fine]: sql: 2016-08-24 09:13:31.558--ClientSession(900305277)--Connection(1170165543)--Thread(Thread[Test worker,5,main])--SELECT addressId, address1, address2, address3, addressLabel, addressTypeId, cityId, countryId, latitude, longitude, stateId, versionId, zipcode, createdBy, createdDate, updatedBy, updatedDate, activeStatus, txnAccessCode FROM ast_Address_T WHERE ((activeStatus = ?) AND (stateId = ?))
	bind => [1, B91121A7-625A-4A4C-AD3E-F7D9ECC41B8D]
[EL Finer]: transaction: 2016-08-24 09:13:31.56--UnitOfWork(261013777)--Thread(Thread[Test worker,5,main])--begin unit of work commit
[EL Finer]: transaction: 2016-08-24 09:13:31.56--ClientSession(900305277)--Connection(1170165543)--Thread(Thread[Test worker,5,main])--commit transaction
[EL Finest]: connection: 2016-08-24 09:13:31.561--ServerSession(516354556)--Connection(1696942865)--Thread(Thread[Test worker,5,main])--Connection released to connection pool [default].
[EL Finer]: transaction: 2016-08-24 09:13:31.561--UnitOfWork(261013777)--Thread(Thread[Test worker,5,main])--end unit of work commit
[EL Finer]: transaction: 2016-08-24 09:13:31.561--UnitOfWork(261013777)--Thread(Thread[Test worker,5,main])--resume unit of work
[EL Finer]: transaction: 2016-08-24 09:13:31.561--UnitOfWork(261013777)--Thread(Thread[Test worker,5,main])--release unit of work
[EL Finer]: connection: 2016-08-24 09:13:31.561--ClientSession(900305277)--Thread(Thread[Test worker,5,main])--client released
[EL Finer]: connection: 2016-08-24 09:13:31.602--ServerSession(516354556)--Thread(Thread[Test worker,5,main])--client acquired: 1222683806
[EL Finer]: transaction: 2016-08-24 09:13:31.602--ClientSession(1222683806)--Thread(Thread[Test worker,5,main])--acquire unit of work: 375709299
[EL Finest]: connection: 2016-08-24 09:13:31.602--ServerSession(516354556)--Connection(944266113)--Thread(Thread[Test worker,5,main])--Connection acquired from connection pool [default].
[EL Finer]: transaction: 2016-08-24 09:13:31.602--ClientSession(1222683806)--Connection(944266113)--Thread(Thread[Test worker,5,main])--begin transaction
[EL Finest]: connection: 2016-08-24 09:13:31.603--ClientSession(1222683806)--Thread(Thread[Test worker,5,main])--reconnecting to external connection pool
[EL Finest]: query: 2016-08-24 09:13:31.604--UnitOfWork(375709299)--Thread(Thread[Test worker,5,main])--Execute query ReadObjectQuery(name="readAddress" referenceClass=Address sql="SELECT addressId, address1, address2, address3, addressLabel, addressTypeId, cityId, countryId, latitude, longitude, stateId, versionId, zipcode, createdBy, createdDate, updatedBy, updatedDate, activeStatus, txnAccessCode FROM ast_Address_T WHERE (addressId = ?)")
[EL Fine]: sql: 2016-08-24 09:13:31.604--ClientSession(1222683806)--Connection(640578635)--Thread(Thread[Test worker,5,main])--SELECT addressId, address1, address2, address3, addressLabel, addressTypeId, cityId, countryId, latitude, longitude, stateId, versionId, zipcode, createdBy, createdDate, updatedBy, updatedDate, activeStatus, txnAccessCode FROM ast_Address_T WHERE (addressId = ?)
	bind => [F866E66E-A78F-453A-972F-6BC65D8D94BB]
[EL Finest]: transaction: 2016-08-24 09:13:31.605--UnitOfWork(375709299)--Thread(Thread[Test worker,5,main])--remove() operation called on: 0Tw2FE
[EL Finer]: transaction: 2016-08-24 09:13:31.605--UnitOfWork(375709299)--Thread(Thread[Test worker,5,main])--begin unit of work commit
[EL Finest]: query: 2016-08-24 09:13:31.605--UnitOfWork(375709299)--Thread(Thread[Test worker,5,main])--Execute query DoesExistQuery(referenceClass=Address )
[EL Finest]: query: 2016-08-24 09:13:31.606--UnitOfWork(375709299)--Thread(Thread[Test worker,5,main])--Execute query DeleteObjectQuery(0Tw2FE)
[EL Fine]: sql: 2016-08-24 09:13:31.606--ClientSession(1222683806)--Connection(640578635)--Thread(Thread[Test worker,5,main])--DELETE FROM ast_Address_T WHERE ((addressId = ?) AND (versionId = ?))
	bind => [F866E66E-A78F-453A-972F-6BC65D8D94BB, 2]
[EL Finer]: transaction: 2016-08-24 09:13:31.607--ClientSession(1222683806)--Connection(640578635)--Thread(Thread[Test worker,5,main])--commit transaction
[EL Finest]: connection: 2016-08-24 09:13:31.681--ServerSession(516354556)--Connection(944266113)--Thread(Thread[Test worker,5,main])--Connection released to connection pool [default].
[EL Finer]: transaction: 2016-08-24 09:13:31.681--UnitOfWork(375709299)--Thread(Thread[Test worker,5,main])--end unit of work commit
[EL Finer]: transaction: 2016-08-24 09:13:31.681--UnitOfWork(375709299)--Thread(Thread[Test worker,5,main])--resume unit of work
[EL Finer]: transaction: 2016-08-24 09:13:31.681--UnitOfWork(375709299)--Thread(Thread[Test worker,5,main])--release unit of work
[EL Finer]: connection: 2016-08-24 09:13:31.681--ClientSession(1222683806)--Thread(Thread[Test worker,5,main])--client released
[EL Finer]: connection: 2016-08-24 09:13:31.701--ServerSession(516354556)--Thread(Thread[Test worker,5,main])--client acquired: 796180385
[EL Finer]: transaction: 2016-08-24 09:13:31.702--ClientSession(796180385)--Thread(Thread[Test worker,5,main])--acquire unit of work: 433126238
[EL Finest]: connection: 2016-08-24 09:13:31.702--ServerSession(516354556)--Connection(1730602383)--Thread(Thread[Test worker,5,main])--Connection acquired from connection pool [default].
[EL Finer]: transaction: 2016-08-24 09:13:31.702--ClientSession(796180385)--Connection(1730602383)--Thread(Thread[Test worker,5,main])--begin transaction
[EL Finest]: connection: 2016-08-24 09:13:31.702--ClientSession(796180385)--Thread(Thread[Test worker,5,main])--reconnecting to external connection pool
[EL Finest]: query: 2016-08-24 09:13:31.703--UnitOfWork(433126238)--Thread(Thread[Test worker,5,main])--Execute query ReadObjectQuery(name="readAddressType" referenceClass=AddressType sql="SELECT addressTypeId, addressType, addressTypeDesc, addressTypeIcon, versionId, createdBy, createdDate, updatedBy, updatedDate, activeStatus, txnAccessCode FROM ast_AddressType_M WHERE (addressTypeId = ?)")
[EL Fine]: sql: 2016-08-24 09:13:31.703--ClientSession(796180385)--Connection(1320944344)--Thread(Thread[Test worker,5,main])--SELECT addressTypeId, addressType, addressTypeDesc, addressTypeIcon, versionId, createdBy, createdDate, updatedBy, updatedDate, activeStatus, txnAccessCode FROM ast_AddressType_M WHERE (addressTypeId = ?)
	bind => [1753E7B1-F106-4198-92E8-C3F42A1E220C]
[EL Finest]: transaction: 2016-08-24 09:13:31.705--UnitOfWork(433126238)--Thread(Thread[Test worker,5,main])--remove() operation called on: 2cZK0aTctnQyPhChF5qUR37IRT4n2lGYJBaiNuWQRZkYrv2Fa1
[EL Finer]: transaction: 2016-08-24 09:13:31.706--UnitOfWork(433126238)--Thread(Thread[Test worker,5,main])--begin unit of work commit
[EL Finest]: query: 2016-08-24 09:13:31.706--UnitOfWork(433126238)--Thread(Thread[Test worker,5,main])--Execute query DoesExistQuery(referenceClass=AddressType )
[EL Finest]: query: 2016-08-24 09:13:31.706--UnitOfWork(433126238)--Thread(Thread[Test worker,5,main])--Execute query DeleteObjectQuery(2cZK0aTctnQyPhChF5qUR37IRT4n2lGYJBaiNuWQRZkYrv2Fa1)
[EL Fine]: sql: 2016-08-24 09:13:31.706--ClientSession(796180385)--Connection(1320944344)--Thread(Thread[Test worker,5,main])--DELETE FROM ast_AddressType_M WHERE ((addressTypeId = ?) AND (versionId = ?))
	bind => [1753E7B1-F106-4198-92E8-C3F42A1E220C, 1]
[EL Finer]: transaction: 2016-08-24 09:13:31.708--ClientSession(796180385)--Connection(1320944344)--Thread(Thread[Test worker,5,main])--commit transaction
[EL Finest]: connection: 2016-08-24 09:13:31.734--ServerSession(516354556)--Connection(1730602383)--Thread(Thread[Test worker,5,main])--Connection released to connection pool [default].
[EL Finer]: transaction: 2016-08-24 09:13:31.734--UnitOfWork(433126238)--Thread(Thread[Test worker,5,main])--end unit of work commit
[EL Finer]: transaction: 2016-08-24 09:13:31.734--UnitOfWork(433126238)--Thread(Thread[Test worker,5,main])--resume unit of work
[EL Finer]: transaction: 2016-08-24 09:13:31.734--UnitOfWork(433126238)--Thread(Thread[Test worker,5,main])--release unit of work
[EL Finer]: connection: 2016-08-24 09:13:31.735--ClientSession(796180385)--Thread(Thread[Test worker,5,main])--client released
[EL Finer]: connection: 2016-08-24 09:13:31.761--ServerSession(516354556)--Thread(Thread[Test worker,5,main])--client acquired: 1849827497
[EL Finer]: transaction: 2016-08-24 09:13:31.761--ClientSession(1849827497)--Thread(Thread[Test worker,5,main])--acquire unit of work: 929984460
[EL Finest]: connection: 2016-08-24 09:13:31.762--ServerSession(516354556)--Connection(862836354)--Thread(Thread[Test worker,5,main])--Connection acquired from connection pool [default].
[EL Finer]: transaction: 2016-08-24 09:13:31.762--ClientSession(1849827497)--Connection(862836354)--Thread(Thread[Test worker,5,main])--begin transaction
[EL Finest]: connection: 2016-08-24 09:13:31.762--ClientSession(1849827497)--Thread(Thread[Test worker,5,main])--reconnecting to external connection pool
[EL Finest]: query: 2016-08-24 09:13:31.763--UnitOfWork(929984460)--Thread(Thread[Test worker,5,main])--Execute query ReadObjectQuery(name="readCity" referenceClass=City sql="SELECT cityId, cityCode, cityCodeChar2, cityDescription, cityFlag, cityLatitude, cityLongitude, cityName, countryId, stateId, versionId, createdBy, createdDate, updatedBy, updatedDate, activeStatus, txnAccessCode FROM ast_City_M WHERE (cityId = ?)")
[EL Fine]: sql: 2016-08-24 09:13:31.763--ClientSession(1849827497)--Connection(1148203651)--Thread(Thread[Test worker,5,main])--SELECT cityId, cityCode, cityCodeChar2, cityDescription, cityFlag, cityLatitude, cityLongitude, cityName, countryId, stateId, versionId, createdBy, createdDate, updatedBy, updatedDate, activeStatus, txnAccessCode FROM ast_City_M WHERE (cityId = ?)
	bind => [1F79ED6E-E1C9-4D18-A21F-ACE20C377BF3]
[EL Finest]: transaction: 2016-08-24 09:13:31.765--UnitOfWork(929984460)--Thread(Thread[Test worker,5,main])--remove() operation called on: QARXopiW50SgjHHYkY8vH2WRZD5V7wIDFfJwfyha43elKa9R4R,yZzVesVq80nKZWvhScHbY6A3uK5WGve3,2
[EL Finer]: transaction: 2016-08-24 09:13:31.766--UnitOfWork(929984460)--Thread(Thread[Test worker,5,main])--begin unit of work commit
[EL Finest]: query: 2016-08-24 09:13:31.766--UnitOfWork(929984460)--Thread(Thread[Test worker,5,main])--Execute query DoesExistQuery(referenceClass=City )
[EL Finest]: query: 2016-08-24 09:13:31.766--UnitOfWork(929984460)--Thread(Thread[Test worker,5,main])--Execute query DeleteObjectQuery(QARXopiW50SgjHHYkY8vH2WRZD5V7wIDFfJwfyha43elKa9R4R,yZzVesVq80nKZWvhScHbY6A3uK5WGve3,2)
[EL Fine]: sql: 2016-08-24 09:13:31.766--ClientSession(1849827497)--Connection(1148203651)--Thread(Thread[Test worker,5,main])--DELETE FROM ast_City_M WHERE ((cityId = ?) AND (versionId = ?))
	bind => [1F79ED6E-E1C9-4D18-A21F-ACE20C377BF3, 1]
[EL Finer]: transaction: 2016-08-24 09:13:31.768--ClientSession(1849827497)--Connection(1148203651)--Thread(Thread[Test worker,5,main])--commit transaction
[EL Finest]: connection: 2016-08-24 09:13:31.907--ServerSession(516354556)--Connection(862836354)--Thread(Thread[Test worker,5,main])--Connection released to connection pool [default].
[EL Finer]: transaction: 2016-08-24 09:13:31.907--UnitOfWork(929984460)--Thread(Thread[Test worker,5,main])--end unit of work commit
[EL Finer]: transaction: 2016-08-24 09:13:31.907--UnitOfWork(929984460)--Thread(Thread[Test worker,5,main])--resume unit of work
[EL Finer]: transaction: 2016-08-24 09:13:31.908--UnitOfWork(929984460)--Thread(Thread[Test worker,5,main])--release unit of work
[EL Finer]: connection: 2016-08-24 09:13:31.908--ClientSession(1849827497)--Thread(Thread[Test worker,5,main])--client released
[EL Finer]: connection: 2016-08-24 09:13:31.929--ServerSession(516354556)--Thread(Thread[Test worker,5,main])--client acquired: 1139039861
[EL Finer]: transaction: 2016-08-24 09:13:31.929--ClientSession(1139039861)--Thread(Thread[Test worker,5,main])--acquire unit of work: 1173714469
[EL Finest]: connection: 2016-08-24 09:13:31.929--ServerSession(516354556)--Connection(1981782788)--Thread(Thread[Test worker,5,main])--Connection acquired from connection pool [default].
[EL Finer]: transaction: 2016-08-24 09:13:31.929--ClientSession(1139039861)--Connection(1981782788)--Thread(Thread[Test worker,5,main])--begin transaction
[EL Finest]: connection: 2016-08-24 09:13:31.929--ClientSession(1139039861)--Thread(Thread[Test worker,5,main])--reconnecting to external connection pool
[EL Finest]: query: 2016-08-24 09:13:31.931--UnitOfWork(1173714469)--Thread(Thread[Test worker,5,main])--Execute query ReadObjectQuery(name="readState" referenceClass=State sql="SELECT stateId, countryId, stateCapital, stateCapitalLatitude, stateCapitalLongitude, stateCode, stateCodeChar2, stateCodeChar3, stateDescription, stateFlag, stateName, versionId, createdBy, createdDate, updatedBy, updatedDate, activeStatus, txnAccessCode FROM ast_State_M WHERE (stateId = ?)")
[EL Fine]: sql: 2016-08-24 09:13:31.931--ClientSession(1139039861)--Connection(1103199584)--Thread(Thread[Test worker,5,main])--SELECT stateId, countryId, stateCapital, stateCapitalLatitude, stateCapitalLongitude, stateCode, stateCodeChar2, stateCodeChar3, stateDescription, stateFlag, stateName, versionId, createdBy, createdDate, updatedBy, updatedDate, activeStatus, txnAccessCode FROM ast_State_M WHERE (stateId = ?)
	bind => [B91121A7-625A-4A4C-AD3E-F7D9ECC41B8D]
[EL Finest]: transaction: 2016-08-24 09:13:31.933--UnitOfWork(1173714469)--Thread(Thread[Test worker,5,main])--remove() operation called on: 6RZgymAXmqmY6sSCKKr43nhnVsEK1Qjpc3T2gbHqZbVAqfpAZ4
[EL Finer]: transaction: 2016-08-24 09:13:31.933--UnitOfWork(1173714469)--Thread(Thread[Test worker,5,main])--begin unit of work commit
[EL Finest]: query: 2016-08-24 09:13:31.934--UnitOfWork(1173714469)--Thread(Thread[Test worker,5,main])--Execute query DoesExistQuery(referenceClass=State )
[EL Finest]: query: 2016-08-24 09:13:31.934--UnitOfWork(1173714469)--Thread(Thread[Test worker,5,main])--Execute query DeleteObjectQuery(6RZgymAXmqmY6sSCKKr43nhnVsEK1Qjpc3T2gbHqZbVAqfpAZ4)
[EL Fine]: sql: 2016-08-24 09:13:31.934--ClientSession(1139039861)--Connection(1103199584)--Thread(Thread[Test worker,5,main])--DELETE FROM ast_State_M WHERE ((stateId = ?) AND (versionId = ?))
	bind => [B91121A7-625A-4A4C-AD3E-F7D9ECC41B8D, 1]
[EL Finer]: transaction: 2016-08-24 09:13:31.936--ClientSession(1139039861)--Connection(1103199584)--Thread(Thread[Test worker,5,main])--commit transaction
[EL Finest]: connection: 2016-08-24 09:13:31.965--ServerSession(516354556)--Connection(1981782788)--Thread(Thread[Test worker,5,main])--Connection released to connection pool [default].
[EL Finer]: transaction: 2016-08-24 09:13:31.966--UnitOfWork(1173714469)--Thread(Thread[Test worker,5,main])--end unit of work commit
[EL Finer]: transaction: 2016-08-24 09:13:31.966--UnitOfWork(1173714469)--Thread(Thread[Test worker,5,main])--resume unit of work
[EL Finer]: transaction: 2016-08-24 09:13:31.966--UnitOfWork(1173714469)--Thread(Thread[Test worker,5,main])--release unit of work
[EL Finer]: connection: 2016-08-24 09:13:31.966--ClientSession(1139039861)--Thread(Thread[Test worker,5,main])--client released
[EL Finer]: connection: 2016-08-24 09:13:31.986--ServerSession(516354556)--Thread(Thread[Test worker,5,main])--client acquired: 1161960517
[EL Finer]: transaction: 2016-08-24 09:13:31.986--ClientSession(1161960517)--Thread(Thread[Test worker,5,main])--acquire unit of work: 2001607048
[EL Finest]: connection: 2016-08-24 09:13:31.986--ServerSession(516354556)--Connection(678325481)--Thread(Thread[Test worker,5,main])--Connection acquired from connection pool [default].
[EL Finer]: transaction: 2016-08-24 09:13:31.986--ClientSession(1161960517)--Connection(678325481)--Thread(Thread[Test worker,5,main])--begin transaction
[EL Finest]: connection: 2016-08-24 09:13:31.986--ClientSession(1161960517)--Thread(Thread[Test worker,5,main])--reconnecting to external connection pool
[EL Finest]: query: 2016-08-24 09:13:31.988--UnitOfWork(2001607048)--Thread(Thread[Test worker,5,main])--Execute query ReadObjectQuery(name="readCountry" referenceClass=Country sql="SELECT countryId, capital, capitalLatitude, capitalLongitude, countryCode1, countryCode2, countryFlag, countryName, currencyCode, currencyName, currencySymbol, isoNumeric, versionId, createdBy, createdDate, updatedBy, updatedDate, activeStatus, txnAccessCode FROM ast_Country_M WHERE (countryId = ?)")
[EL Fine]: sql: 2016-08-24 09:13:31.988--ClientSession(1161960517)--Connection(884525618)--Thread(Thread[Test worker,5,main])--SELECT countryId, capital, capitalLatitude, capitalLongitude, countryCode1, countryCode2, countryFlag, countryName, currencyCode, currencyName, currencySymbol, isoNumeric, versionId, createdBy, createdDate, updatedBy, updatedDate, activeStatus, txnAccessCode FROM ast_Country_M WHERE (countryId = ?)
	bind => [941341C5-3FAE-4915-9F7E-CFD02421B1E4]
[EL Finest]: transaction: 2016-08-24 09:13:31.99--UnitOfWork(2001607048)--Thread(Thread[Test worker,5,main])--remove() operation called on: XZtm3fKbFHSUoyyayZdXeiV20PNLFbfLPcaORbsKVCRu1CcRHl
[EL Finer]: transaction: 2016-08-24 09:13:31.99--UnitOfWork(2001607048)--Thread(Thread[Test worker,5,main])--begin unit of work commit
[EL Finest]: query: 2016-08-24 09:13:31.99--UnitOfWork(2001607048)--Thread(Thread[Test worker,5,main])--Execute query DoesExistQuery(referenceClass=Country )
[EL Finest]: query: 2016-08-24 09:13:31.991--UnitOfWork(2001607048)--Thread(Thread[Test worker,5,main])--Execute query DeleteObjectQuery(XZtm3fKbFHSUoyyayZdXeiV20PNLFbfLPcaORbsKVCRu1CcRHl)
[EL Fine]: sql: 2016-08-24 09:13:31.991--ClientSession(1161960517)--Connection(884525618)--Thread(Thread[Test worker,5,main])--DELETE FROM ast_Country_M WHERE ((countryId = ?) AND (versionId = ?))
	bind => [941341C5-3FAE-4915-9F7E-CFD02421B1E4, 1]
[EL Finer]: transaction: 2016-08-24 09:13:31.992--ClientSession(1161960517)--Connection(884525618)--Thread(Thread[Test worker,5,main])--commit transaction
[EL Finest]: connection: 2016-08-24 09:13:32.057--ServerSession(516354556)--Connection(678325481)--Thread(Thread[Test worker,5,main])--Connection released to connection pool [default].
[EL Finer]: transaction: 2016-08-24 09:13:32.057--UnitOfWork(2001607048)--Thread(Thread[Test worker,5,main])--end unit of work commit
[EL Finer]: transaction: 2016-08-24 09:13:32.057--UnitOfWork(2001607048)--Thread(Thread[Test worker,5,main])--resume unit of work
[EL Finer]: transaction: 2016-08-24 09:13:32.057--UnitOfWork(2001607048)--Thread(Thread[Test worker,5,main])--release unit of work
[EL Finer]: connection: 2016-08-24 09:13:32.057--ClientSession(1161960517)--Thread(Thread[Test worker,5,main])--client released
]]></system-out>
  <system-err><![CDATA[Address.addressLabel size must be between 0 and 11
java.lang.SecurityException: Address.addressLabel size must be between 0 and 11
	at com.athena.server.pluggable.utils.helper.EntityValidatorHelper.validateEntity(EntityValidatorHelper.java:37)
	at projecttwo.app.shared.organization.locationmanagement.Address.isValid(Address.java:274)
	at projecttwo.app.server.service.organization.locationmanagement.AddressTestCase.validateAddress(AddressTestCase.java:359)
	at projecttwo.app.server.service.organization.locationmanagement.AddressTestCase.test5NegativeTesting(AddressTestCase.java:397)
	at sun.reflect.NativeMethodAccessorImpl.invoke0(Native Method)
	at sun.reflect.NativeMethodAccessorImpl.invoke(NativeMethodAccessorImpl.java:57)
	at sun.reflect.DelegatingMethodAccessorImpl.invoke(DelegatingMethodAccessorImpl.java:43)
	at java.lang.reflect.Method.invoke(Method.java:606)
	at org.junit.runners.model.FrameworkMethod$1.runReflectiveCall(FrameworkMethod.java:47)
	at org.junit.internal.runners.model.ReflectiveCallable.run(ReflectiveCallable.java:12)
	at org.junit.runners.model.FrameworkMethod.invokeExplosively(FrameworkMethod.java:44)
	at org.junit.internal.runners.statements.InvokeMethod.evaluate(InvokeMethod.java:17)
	at org.junit.internal.runners.statements.RunBefores.evaluate(RunBefores.java:26)
	at org.springframework.test.context.junit4.statements.RunBeforeTestMethodCallbacks.evaluate(RunBeforeTestMethodCallbacks.java:74)
	at org.junit.internal.runners.statements.RunAfters.evaluate(RunAfters.java:27)
	at org.springframework.test.context.junit4.statements.RunAfterTestMethodCallbacks.evaluate(RunAfterTestMethodCallbacks.java:83)
	at org.springframework.test.context.junit4.statements.SpringRepeat.evaluate(SpringRepeat.java:72)
	at org.springframework.test.context.junit4.SpringJUnit4ClassRunner.runChild(SpringJUnit4ClassRunner.java:233)
	at org.springframework.test.context.junit4.SpringJUnit4ClassRunner.runChild(SpringJUnit4ClassRunner.java:87)
	at org.junit.runners.ParentRunner$3.run(ParentRunner.java:238)
	at org.junit.runners.ParentRunner$1.schedule(ParentRunner.java:63)
	at org.junit.runners.ParentRunner.runChildren(ParentRunner.java:236)
	at org.junit.runners.ParentRunner.access$000(ParentRunner.java:53)
	at org.junit.runners.ParentRunner$2.evaluate(ParentRunner.java:229)
	at org.junit.internal.runners.statements.RunBefores.evaluate(RunBefores.java:26)
	at org.springframework.test.context.junit4.statements.RunBeforeTestClassCallbacks.evaluate(RunBeforeTestClassCallbacks.java:61)
	at org.springframework.test.context.junit4.statements.RunAfterTestClassCallbacks.evaluate(RunAfterTestClassCallbacks.java:71)
	at org.junit.runners.ParentRunner.run(ParentRunner.java:309)
	at org.springframework.test.context.junit4.SpringJUnit4ClassRunner.run(SpringJUnit4ClassRunner.java:176)
	at org.gradle.api.internal.tasks.testing.junit.JUnitTestClassExecuter.runTestClass(JUnitTestClassExecuter.java:86)
	at org.gradle.api.internal.tasks.testing.junit.JUnitTestClassExecuter.execute(JUnitTestClassExecuter.java:49)
	at org.gradle.api.internal.tasks.testing.junit.JUnitTestClassProcessor.processTestClass(JUnitTestClassProcessor.java:64)
	at org.gradle.api.internal.tasks.testing.SuiteTestClassProcessor.processTestClass(SuiteTestClassProcessor.java:50)
	at sun.reflect.GeneratedMethodAccessor108.invoke(Unknown Source)
	at sun.reflect.DelegatingMethodAccessorImpl.invoke(DelegatingMethodAccessorImpl.java:43)
	at java.lang.reflect.Method.invoke(Method.java:606)
	at org.gradle.messaging.dispatch.ReflectionDispatch.dispatch(ReflectionDispatch.java:35)
	at org.gradle.messaging.dispatch.ReflectionDispatch.dispatch(ReflectionDispatch.java:24)
	at org.gradle.messaging.dispatch.ContextClassLoaderDispatch.dispatch(ContextClassLoaderDispatch.java:32)
	at org.gradle.messaging.dispatch.ProxyDispatchAdapter$DispatchingInvocationHandler.invoke(ProxyDispatchAdapter.java:93)
	at com.sun.proxy.$Proxy2.processTestClass(Unknown Source)
	at org.gradle.api.internal.tasks.testing.worker.TestWorker.processTestClass(TestWorker.java:106)
	at sun.reflect.GeneratedMethodAccessor107.invoke(Unknown Source)
	at sun.reflect.DelegatingMethodAccessorImpl.invoke(DelegatingMethodAccessorImpl.java:43)
	at java.lang.reflect.Method.invoke(Method.java:606)
	at org.gradle.messaging.dispatch.ReflectionDispatch.dispatch(ReflectionDispatch.java:35)
	at org.gradle.messaging.dispatch.ReflectionDispatch.dispatch(ReflectionDispatch.java:24)
	at org.gradle.messaging.remote.internal.hub.MessageHub$Handler.run(MessageHub.java:360)
	at org.gradle.internal.concurrent.DefaultExecutorFactory$StoppableExecutorImpl$1.run(DefaultExecutorFactory.java:64)
	at java.util.concurrent.ThreadPoolExecutor.runWorker(ThreadPoolExecutor.java:1145)
	at java.util.concurrent.ThreadPoolExecutor$Worker.run(ThreadPoolExecutor.java:615)
	at java.lang.Thread.run(Thread.java:745)
Address.address1 size must be between 0 and 56
java.lang.SecurityException: Address.address1 size must be between 0 and 56
	at com.athena.server.pluggable.utils.helper.EntityValidatorHelper.validateEntity(EntityValidatorHelper.java:37)
	at projecttwo.app.shared.organization.locationmanagement.Address.isValid(Address.java:274)
	at projecttwo.app.server.service.organization.locationmanagement.AddressTestCase.validateAddress(AddressTestCase.java:359)
	at projecttwo.app.server.service.organization.locationmanagement.AddressTestCase.test5NegativeTesting(AddressTestCase.java:402)
	at sun.reflect.NativeMethodAccessorImpl.invoke0(Native Method)
	at sun.reflect.NativeMethodAccessorImpl.invoke(NativeMethodAccessorImpl.java:57)
	at sun.reflect.DelegatingMethodAccessorImpl.invoke(DelegatingMethodAccessorImpl.java:43)
	at java.lang.reflect.Method.invoke(Method.java:606)
	at org.junit.runners.model.FrameworkMethod$1.runReflectiveCall(FrameworkMethod.java:47)
	at org.junit.internal.runners.model.ReflectiveCallable.run(ReflectiveCallable.java:12)
	at org.junit.runners.model.FrameworkMethod.invokeExplosively(FrameworkMethod.java:44)
	at org.junit.internal.runners.statements.InvokeMethod.evaluate(InvokeMethod.java:17)
	at org.junit.internal.runners.statements.RunBefores.evaluate(RunBefores.java:26)
	at org.springframework.test.context.junit4.statements.RunBeforeTestMethodCallbacks.evaluate(RunBeforeTestMethodCallbacks.java:74)
	at org.junit.internal.runners.statements.RunAfters.evaluate(RunAfters.java:27)
	at org.springframework.test.context.junit4.statements.RunAfterTestMethodCallbacks.evaluate(RunAfterTestMethodCallbacks.java:83)
	at org.springframework.test.context.junit4.statements.SpringRepeat.evaluate(SpringRepeat.java:72)
	at org.springframework.test.context.junit4.SpringJUnit4ClassRunner.runChild(SpringJUnit4ClassRunner.java:233)
	at org.springframework.test.context.junit4.SpringJUnit4ClassRunner.runChild(SpringJUnit4ClassRunner.java:87)
	at org.junit.runners.ParentRunner$3.run(ParentRunner.java:238)
	at org.junit.runners.ParentRunner$1.schedule(ParentRunner.java:63)
	at org.junit.runners.ParentRunner.runChildren(ParentRunner.java:236)
	at org.junit.runners.ParentRunner.access$000(ParentRunner.java:53)
	at org.junit.runners.ParentRunner$2.evaluate(ParentRunner.java:229)
	at org.junit.internal.runners.statements.RunBefores.evaluate(RunBefores.java:26)
	at org.springframework.test.context.junit4.statements.RunBeforeTestClassCallbacks.evaluate(RunBeforeTestClassCallbacks.java:61)
	at org.springframework.test.context.junit4.statements.RunAfterTestClassCallbacks.evaluate(RunAfterTestClassCallbacks.java:71)
	at org.junit.runners.ParentRunner.run(ParentRunner.java:309)
	at org.springframework.test.context.junit4.SpringJUnit4ClassRunner.run(SpringJUnit4ClassRunner.java:176)
	at org.gradle.api.internal.tasks.testing.junit.JUnitTestClassExecuter.runTestClass(JUnitTestClassExecuter.java:86)
	at org.gradle.api.internal.tasks.testing.junit.JUnitTestClassExecuter.execute(JUnitTestClassExecuter.java:49)
	at org.gradle.api.internal.tasks.testing.junit.JUnitTestClassProcessor.processTestClass(JUnitTestClassProcessor.java:64)
	at org.gradle.api.internal.tasks.testing.SuiteTestClassProcessor.processTestClass(SuiteTestClassProcessor.java:50)
	at sun.reflect.GeneratedMethodAccessor108.invoke(Unknown Source)
	at sun.reflect.DelegatingMethodAccessorImpl.invoke(DelegatingMethodAccessorImpl.java:43)
	at java.lang.reflect.Method.invoke(Method.java:606)
	at org.gradle.messaging.dispatch.ReflectionDispatch.dispatch(ReflectionDispatch.java:35)
	at org.gradle.messaging.dispatch.ReflectionDispatch.dispatch(ReflectionDispatch.java:24)
	at org.gradle.messaging.dispatch.ContextClassLoaderDispatch.dispatch(ContextClassLoaderDispatch.java:32)
	at org.gradle.messaging.dispatch.ProxyDispatchAdapter$DispatchingInvocationHandler.invoke(ProxyDispatchAdapter.java:93)
	at com.sun.proxy.$Proxy2.processTestClass(Unknown Source)
	at org.gradle.api.internal.tasks.testing.worker.TestWorker.processTestClass(TestWorker.java:106)
	at sun.reflect.GeneratedMethodAccessor107.invoke(Unknown Source)
	at sun.reflect.DelegatingMethodAccessorImpl.invoke(DelegatingMethodAccessorImpl.java:43)
	at java.lang.reflect.Method.invoke(Method.java:606)
	at org.gradle.messaging.dispatch.ReflectionDispatch.dispatch(ReflectionDispatch.java:35)
	at org.gradle.messaging.dispatch.ReflectionDispatch.dispatch(ReflectionDispatch.java:24)
	at org.gradle.messaging.remote.internal.hub.MessageHub$Handler.run(MessageHub.java:360)
	at org.gradle.internal.concurrent.DefaultExecutorFactory$StoppableExecutorImpl$1.run(DefaultExecutorFactory.java:64)
	at java.util.concurrent.ThreadPoolExecutor.runWorker(ThreadPoolExecutor.java:1145)
	at java.util.concurrent.ThreadPoolExecutor$Worker.run(ThreadPoolExecutor.java:615)
	at java.lang.Thread.run(Thread.java:745)
Address.address2 size must be between 0 and 56
java.lang.SecurityException: Address.address2 size must be between 0 and 56
	at com.athena.server.pluggable.utils.helper.EntityValidatorHelper.validateEntity(EntityValidatorHelper.java:37)
	at projecttwo.app.shared.organization.locationmanagement.Address.isValid(Address.java:274)
	at projecttwo.app.server.service.organization.locationmanagement.AddressTestCase.validateAddress(AddressTestCase.java:359)
	at projecttwo.app.server.service.organization.locationmanagement.AddressTestCase.test5NegativeTesting(AddressTestCase.java:407)
	at sun.reflect.NativeMethodAccessorImpl.invoke0(Native Method)
	at sun.reflect.NativeMethodAccessorImpl.invoke(NativeMethodAccessorImpl.java:57)
	at sun.reflect.DelegatingMethodAccessorImpl.invoke(DelegatingMethodAccessorImpl.java:43)
	at java.lang.reflect.Method.invoke(Method.java:606)
	at org.junit.runners.model.FrameworkMethod$1.runReflectiveCall(FrameworkMethod.java:47)
	at org.junit.internal.runners.model.ReflectiveCallable.run(ReflectiveCallable.java:12)
	at org.junit.runners.model.FrameworkMethod.invokeExplosively(FrameworkMethod.java:44)
	at org.junit.internal.runners.statements.InvokeMethod.evaluate(InvokeMethod.java:17)
	at org.junit.internal.runners.statements.RunBefores.evaluate(RunBefores.java:26)
	at org.springframework.test.context.junit4.statements.RunBeforeTestMethodCallbacks.evaluate(RunBeforeTestMethodCallbacks.java:74)
	at org.junit.internal.runners.statements.RunAfters.evaluate(RunAfters.java:27)
	at org.springframework.test.context.junit4.statements.RunAfterTestMethodCallbacks.evaluate(RunAfterTestMethodCallbacks.java:83)
	at org.springframework.test.context.junit4.statements.SpringRepeat.evaluate(SpringRepeat.java:72)
	at org.springframework.test.context.junit4.SpringJUnit4ClassRunner.runChild(SpringJUnit4ClassRunner.java:233)
	at org.springframework.test.context.junit4.SpringJUnit4ClassRunner.runChild(SpringJUnit4ClassRunner.java:87)
	at org.junit.runners.ParentRunner$3.run(ParentRunner.java:238)
	at org.junit.runners.ParentRunner$1.schedule(ParentRunner.java:63)
	at org.junit.runners.ParentRunner.runChildren(ParentRunner.java:236)
	at org.junit.runners.ParentRunner.access$000(ParentRunner.java:53)
	at org.junit.runners.ParentRunner$2.evaluate(ParentRunner.java:229)
	at org.junit.internal.runners.statements.RunBefores.evaluate(RunBefores.java:26)
	at org.springframework.test.context.junit4.statements.RunBeforeTestClassCallbacks.evaluate(RunBeforeTestClassCallbacks.java:61)
	at org.springframework.test.context.junit4.statements.RunAfterTestClassCallbacks.evaluate(RunAfterTestClassCallbacks.java:71)
	at org.junit.runners.ParentRunner.run(ParentRunner.java:309)
	at org.springframework.test.context.junit4.SpringJUnit4ClassRunner.run(SpringJUnit4ClassRunner.java:176)
	at org.gradle.api.internal.tasks.testing.junit.JUnitTestClassExecuter.runTestClass(JUnitTestClassExecuter.java:86)
	at org.gradle.api.internal.tasks.testing.junit.JUnitTestClassExecuter.execute(JUnitTestClassExecuter.java:49)
	at org.gradle.api.internal.tasks.testing.junit.JUnitTestClassProcessor.processTestClass(JUnitTestClassProcessor.java:64)
	at org.gradle.api.internal.tasks.testing.SuiteTestClassProcessor.processTestClass(SuiteTestClassProcessor.java:50)
	at sun.reflect.GeneratedMethodAccessor108.invoke(Unknown Source)
	at sun.reflect.DelegatingMethodAccessorImpl.invoke(DelegatingMethodAccessorImpl.java:43)
	at java.lang.reflect.Method.invoke(Method.java:606)
	at org.gradle.messaging.dispatch.ReflectionDispatch.dispatch(ReflectionDispatch.java:35)
	at org.gradle.messaging.dispatch.ReflectionDispatch.dispatch(ReflectionDispatch.java:24)
	at org.gradle.messaging.dispatch.ContextClassLoaderDispatch.dispatch(ContextClassLoaderDispatch.java:32)
	at org.gradle.messaging.dispatch.ProxyDispatchAdapter$DispatchingInvocationHandler.invoke(ProxyDispatchAdapter.java:93)
	at com.sun.proxy.$Proxy2.processTestClass(Unknown Source)
	at org.gradle.api.internal.tasks.testing.worker.TestWorker.processTestClass(TestWorker.java:106)
	at sun.reflect.GeneratedMethodAccessor107.invoke(Unknown Source)
	at sun.reflect.DelegatingMethodAccessorImpl.invoke(DelegatingMethodAccessorImpl.java:43)
	at java.lang.reflect.Method.invoke(Method.java:606)
	at org.gradle.messaging.dispatch.ReflectionDispatch.dispatch(ReflectionDispatch.java:35)
	at org.gradle.messaging.dispatch.ReflectionDispatch.dispatch(ReflectionDispatch.java:24)
	at org.gradle.messaging.remote.internal.hub.MessageHub$Handler.run(MessageHub.java:360)
	at org.gradle.internal.concurrent.DefaultExecutorFactory$StoppableExecutorImpl$1.run(DefaultExecutorFactory.java:64)
	at java.util.concurrent.ThreadPoolExecutor.runWorker(ThreadPoolExecutor.java:1145)
	at java.util.concurrent.ThreadPoolExecutor$Worker.run(ThreadPoolExecutor.java:615)
	at java.lang.Thread.run(Thread.java:745)
Address.address3 size must be between 0 and 56
java.lang.SecurityException: Address.address3 size must be between 0 and 56
	at com.athena.server.pluggable.utils.helper.EntityValidatorHelper.validateEntity(EntityValidatorHelper.java:37)
	at projecttwo.app.shared.organization.locationmanagement.Address.isValid(Address.java:274)
	at projecttwo.app.server.service.organization.locationmanagement.AddressTestCase.validateAddress(AddressTestCase.java:359)
	at projecttwo.app.server.service.organization.locationmanagement.AddressTestCase.test5NegativeTesting(AddressTestCase.java:412)
	at sun.reflect.NativeMethodAccessorImpl.invoke0(Native Method)
	at sun.reflect.NativeMethodAccessorImpl.invoke(NativeMethodAccessorImpl.java:57)
	at sun.reflect.DelegatingMethodAccessorImpl.invoke(DelegatingMethodAccessorImpl.java:43)
	at java.lang.reflect.Method.invoke(Method.java:606)
	at org.junit.runners.model.FrameworkMethod$1.runReflectiveCall(FrameworkMethod.java:47)
	at org.junit.internal.runners.model.ReflectiveCallable.run(ReflectiveCallable.java:12)
	at org.junit.runners.model.FrameworkMethod.invokeExplosively(FrameworkMethod.java:44)
	at org.junit.internal.runners.statements.InvokeMethod.evaluate(InvokeMethod.java:17)
	at org.junit.internal.runners.statements.RunBefores.evaluate(RunBefores.java:26)
	at org.springframework.test.context.junit4.statements.RunBeforeTestMethodCallbacks.evaluate(RunBeforeTestMethodCallbacks.java:74)
	at org.junit.internal.runners.statements.RunAfters.evaluate(RunAfters.java:27)
	at org.springframework.test.context.junit4.statements.RunAfterTestMethodCallbacks.evaluate(RunAfterTestMethodCallbacks.java:83)
	at org.springframework.test.context.junit4.statements.SpringRepeat.evaluate(SpringRepeat.java:72)
	at org.springframework.test.context.junit4.SpringJUnit4ClassRunner.runChild(SpringJUnit4ClassRunner.java:233)
	at org.springframework.test.context.junit4.SpringJUnit4ClassRunner.runChild(SpringJUnit4ClassRunner.java:87)
	at org.junit.runners.ParentRunner$3.run(ParentRunner.java:238)
	at org.junit.runners.ParentRunner$1.schedule(ParentRunner.java:63)
	at org.junit.runners.ParentRunner.runChildren(ParentRunner.java:236)
	at org.junit.runners.ParentRunner.access$000(ParentRunner.java:53)
	at org.junit.runners.ParentRunner$2.evaluate(ParentRunner.java:229)
	at org.junit.internal.runners.statements.RunBefores.evaluate(RunBefores.java:26)
	at org.springframework.test.context.junit4.statements.RunBeforeTestClassCallbacks.evaluate(RunBeforeTestClassCallbacks.java:61)
	at org.springframework.test.context.junit4.statements.RunAfterTestClassCallbacks.evaluate(RunAfterTestClassCallbacks.java:71)
	at org.junit.runners.ParentRunner.run(ParentRunner.java:309)
	at org.springframework.test.context.junit4.SpringJUnit4ClassRunner.run(SpringJUnit4ClassRunner.java:176)
	at org.gradle.api.internal.tasks.testing.junit.JUnitTestClassExecuter.runTestClass(JUnitTestClassExecuter.java:86)
	at org.gradle.api.internal.tasks.testing.junit.JUnitTestClassExecuter.execute(JUnitTestClassExecuter.java:49)
	at org.gradle.api.internal.tasks.testing.junit.JUnitTestClassProcessor.processTestClass(JUnitTestClassProcessor.java:64)
	at org.gradle.api.internal.tasks.testing.SuiteTestClassProcessor.processTestClass(SuiteTestClassProcessor.java:50)
	at sun.reflect.GeneratedMethodAccessor108.invoke(Unknown Source)
	at sun.reflect.DelegatingMethodAccessorImpl.invoke(DelegatingMethodAccessorImpl.java:43)
	at java.lang.reflect.Method.invoke(Method.java:606)
	at org.gradle.messaging.dispatch.ReflectionDispatch.dispatch(ReflectionDispatch.java:35)
	at org.gradle.messaging.dispatch.ReflectionDispatch.dispatch(ReflectionDispatch.java:24)
	at org.gradle.messaging.dispatch.ContextClassLoaderDispatch.dispatch(ContextClassLoaderDispatch.java:32)
	at org.gradle.messaging.dispatch.ProxyDispatchAdapter$DispatchingInvocationHandler.invoke(ProxyDispatchAdapter.java:93)
	at com.sun.proxy.$Proxy2.processTestClass(Unknown Source)
	at org.gradle.api.internal.tasks.testing.worker.TestWorker.processTestClass(TestWorker.java:106)
	at sun.reflect.GeneratedMethodAccessor107.invoke(Unknown Source)
	at sun.reflect.DelegatingMethodAccessorImpl.invoke(DelegatingMethodAccessorImpl.java:43)
	at java.lang.reflect.Method.invoke(Method.java:606)
	at org.gradle.messaging.dispatch.ReflectionDispatch.dispatch(ReflectionDispatch.java:35)
	at org.gradle.messaging.dispatch.ReflectionDispatch.dispatch(ReflectionDispatch.java:24)
	at org.gradle.messaging.remote.internal.hub.MessageHub$Handler.run(MessageHub.java:360)
	at org.gradle.internal.concurrent.DefaultExecutorFactory$StoppableExecutorImpl$1.run(DefaultExecutorFactory.java:64)
	at java.util.concurrent.ThreadPoolExecutor.runWorker(ThreadPoolExecutor.java:1145)
	at java.util.concurrent.ThreadPoolExecutor$Worker.run(ThreadPoolExecutor.java:615)
	at java.lang.Thread.run(Thread.java:745)
Address.zipcode may not be null
java.lang.SecurityException: Address.zipcode may not be null
	at com.athena.server.pluggable.utils.helper.EntityValidatorHelper.validateEntity(EntityValidatorHelper.java:37)
	at projecttwo.app.shared.organization.locationmanagement.Address.isValid(Address.java:274)
	at projecttwo.app.server.service.organization.locationmanagement.AddressTestCase.validateAddress(AddressTestCase.java:361)
	at projecttwo.app.server.service.organization.locationmanagement.AddressTestCase.test5NegativeTesting(AddressTestCase.java:418)
	at sun.reflect.NativeMethodAccessorImpl.invoke0(Native Method)
	at sun.reflect.NativeMethodAccessorImpl.invoke(NativeMethodAccessorImpl.java:57)
	at sun.reflect.DelegatingMethodAccessorImpl.invoke(DelegatingMethodAccessorImpl.java:43)
	at java.lang.reflect.Method.invoke(Method.java:606)
	at org.junit.runners.model.FrameworkMethod$1.runReflectiveCall(FrameworkMethod.java:47)
	at org.junit.internal.runners.model.ReflectiveCallable.run(ReflectiveCallable.java:12)
	at org.junit.runners.model.FrameworkMethod.invokeExplosively(FrameworkMethod.java:44)
	at org.junit.internal.runners.statements.InvokeMethod.evaluate(InvokeMethod.java:17)
	at org.junit.internal.runners.statements.RunBefores.evaluate(RunBefores.java:26)
	at org.springframework.test.context.junit4.statements.RunBeforeTestMethodCallbacks.evaluate(RunBeforeTestMethodCallbacks.java:74)
	at org.junit.internal.runners.statements.RunAfters.evaluate(RunAfters.java:27)
	at org.springframework.test.context.junit4.statements.RunAfterTestMethodCallbacks.evaluate(RunAfterTestMethodCallbacks.java:83)
	at org.springframework.test.context.junit4.statements.SpringRepeat.evaluate(SpringRepeat.java:72)
	at org.springframework.test.context.junit4.SpringJUnit4ClassRunner.runChild(SpringJUnit4ClassRunner.java:233)
	at org.springframework.test.context.junit4.SpringJUnit4ClassRunner.runChild(SpringJUnit4ClassRunner.java:87)
	at org.junit.runners.ParentRunner$3.run(ParentRunner.java:238)
	at org.junit.runners.ParentRunner$1.schedule(ParentRunner.java:63)
	at org.junit.runners.ParentRunner.runChildren(ParentRunner.java:236)
	at org.junit.runners.ParentRunner.access$000(ParentRunner.java:53)
	at org.junit.runners.ParentRunner$2.evaluate(ParentRunner.java:229)
	at org.junit.internal.runners.statements.RunBefores.evaluate(RunBefores.java:26)
	at org.springframework.test.context.junit4.statements.RunBeforeTestClassCallbacks.evaluate(RunBeforeTestClassCallbacks.java:61)
	at org.springframework.test.context.junit4.statements.RunAfterTestClassCallbacks.evaluate(RunAfterTestClassCallbacks.java:71)
	at org.junit.runners.ParentRunner.run(ParentRunner.java:309)
	at org.springframework.test.context.junit4.SpringJUnit4ClassRunner.run(SpringJUnit4ClassRunner.java:176)
	at org.gradle.api.internal.tasks.testing.junit.JUnitTestClassExecuter.runTestClass(JUnitTestClassExecuter.java:86)
	at org.gradle.api.internal.tasks.testing.junit.JUnitTestClassExecuter.execute(JUnitTestClassExecuter.java:49)
	at org.gradle.api.internal.tasks.testing.junit.JUnitTestClassProcessor.processTestClass(JUnitTestClassProcessor.java:64)
	at org.gradle.api.internal.tasks.testing.SuiteTestClassProcessor.processTestClass(SuiteTestClassProcessor.java:50)
	at sun.reflect.GeneratedMethodAccessor108.invoke(Unknown Source)
	at sun.reflect.DelegatingMethodAccessorImpl.invoke(DelegatingMethodAccessorImpl.java:43)
	at java.lang.reflect.Method.invoke(Method.java:606)
	at org.gradle.messaging.dispatch.ReflectionDispatch.dispatch(ReflectionDispatch.java:35)
	at org.gradle.messaging.dispatch.ReflectionDispatch.dispatch(ReflectionDispatch.java:24)
	at org.gradle.messaging.dispatch.ContextClassLoaderDispatch.dispatch(ContextClassLoaderDispatch.java:32)
	at org.gradle.messaging.dispatch.ProxyDispatchAdapter$DispatchingInvocationHandler.invoke(ProxyDispatchAdapter.java:93)
	at com.sun.proxy.$Proxy2.processTestClass(Unknown Source)
	at org.gradle.api.internal.tasks.testing.worker.TestWorker.processTestClass(TestWorker.java:106)
	at sun.reflect.GeneratedMethodAccessor107.invoke(Unknown Source)
	at sun.reflect.DelegatingMethodAccessorImpl.invoke(DelegatingMethodAccessorImpl.java:43)
	at java.lang.reflect.Method.invoke(Method.java:606)
	at org.gradle.messaging.dispatch.ReflectionDispatch.dispatch(ReflectionDispatch.java:35)
	at org.gradle.messaging.dispatch.ReflectionDispatch.dispatch(ReflectionDispatch.java:24)
	at org.gradle.messaging.remote.internal.hub.MessageHub$Handler.run(MessageHub.java:360)
	at org.gradle.internal.concurrent.DefaultExecutorFactory$StoppableExecutorImpl$1.run(DefaultExecutorFactory.java:64)
	at java.util.concurrent.ThreadPoolExecutor.runWorker(ThreadPoolExecutor.java:1145)
	at java.util.concurrent.ThreadPoolExecutor$Worker.run(ThreadPoolExecutor.java:615)
	at java.lang.Thread.run(Thread.java:745)
Address.zipcode size must be between 0 and 6
java.lang.SecurityException: Address.zipcode size must be between 0 and 6
	at com.athena.server.pluggable.utils.helper.EntityValidatorHelper.validateEntity(EntityValidatorHelper.java:37)
	at projecttwo.app.shared.organization.locationmanagement.Address.isValid(Address.java:274)
	at projecttwo.app.server.service.organization.locationmanagement.AddressTestCase.validateAddress(AddressTestCase.java:359)
	at projecttwo.app.server.service.organization.locationmanagement.AddressTestCase.test5NegativeTesting(AddressTestCase.java:423)
	at sun.reflect.NativeMethodAccessorImpl.invoke0(Native Method)
	at sun.reflect.NativeMethodAccessorImpl.invoke(NativeMethodAccessorImpl.java:57)
	at sun.reflect.DelegatingMethodAccessorImpl.invoke(DelegatingMethodAccessorImpl.java:43)
	at java.lang.reflect.Method.invoke(Method.java:606)
	at org.junit.runners.model.FrameworkMethod$1.runReflectiveCall(FrameworkMethod.java:47)
	at org.junit.internal.runners.model.ReflectiveCallable.run(ReflectiveCallable.java:12)
	at org.junit.runners.model.FrameworkMethod.invokeExplosively(FrameworkMethod.java:44)
	at org.junit.internal.runners.statements.InvokeMethod.evaluate(InvokeMethod.java:17)
	at org.junit.internal.runners.statements.RunBefores.evaluate(RunBefores.java:26)
	at org.springframework.test.context.junit4.statements.RunBeforeTestMethodCallbacks.evaluate(RunBeforeTestMethodCallbacks.java:74)
	at org.junit.internal.runners.statements.RunAfters.evaluate(RunAfters.java:27)
	at org.springframework.test.context.junit4.statements.RunAfterTestMethodCallbacks.evaluate(RunAfterTestMethodCallbacks.java:83)
	at org.springframework.test.context.junit4.statements.SpringRepeat.evaluate(SpringRepeat.java:72)
	at org.springframework.test.context.junit4.SpringJUnit4ClassRunner.runChild(SpringJUnit4ClassRunner.java:233)
	at org.springframework.test.context.junit4.SpringJUnit4ClassRunner.runChild(SpringJUnit4ClassRunner.java:87)
	at org.junit.runners.ParentRunner$3.run(ParentRunner.java:238)
	at org.junit.runners.ParentRunner$1.schedule(ParentRunner.java:63)
	at org.junit.runners.ParentRunner.runChildren(ParentRunner.java:236)
	at org.junit.runners.ParentRunner.access$000(ParentRunner.java:53)
	at org.junit.runners.ParentRunner$2.evaluate(ParentRunner.java:229)
	at org.junit.internal.runners.statements.RunBefores.evaluate(RunBefores.java:26)
	at org.springframework.test.context.junit4.statements.RunBeforeTestClassCallbacks.evaluate(RunBeforeTestClassCallbacks.java:61)
	at org.springframework.test.context.junit4.statements.RunAfterTestClassCallbacks.evaluate(RunAfterTestClassCallbacks.java:71)
	at org.junit.runners.ParentRunner.run(ParentRunner.java:309)
	at org.springframework.test.context.junit4.SpringJUnit4ClassRunner.run(SpringJUnit4ClassRunner.java:176)
	at org.gradle.api.internal.tasks.testing.junit.JUnitTestClassExecuter.runTestClass(JUnitTestClassExecuter.java:86)
	at org.gradle.api.internal.tasks.testing.junit.JUnitTestClassExecuter.execute(JUnitTestClassExecuter.java:49)
	at org.gradle.api.internal.tasks.testing.junit.JUnitTestClassProcessor.processTestClass(JUnitTestClassProcessor.java:64)
	at org.gradle.api.internal.tasks.testing.SuiteTestClassProcessor.processTestClass(SuiteTestClassProcessor.java:50)
	at sun.reflect.GeneratedMethodAccessor108.invoke(Unknown Source)
	at sun.reflect.DelegatingMethodAccessorImpl.invoke(DelegatingMethodAccessorImpl.java:43)
	at java.lang.reflect.Method.invoke(Method.java:606)
	at org.gradle.messaging.dispatch.ReflectionDispatch.dispatch(ReflectionDispatch.java:35)
	at org.gradle.messaging.dispatch.ReflectionDispatch.dispatch(ReflectionDispatch.java:24)
	at org.gradle.messaging.dispatch.ContextClassLoaderDispatch.dispatch(ContextClassLoaderDispatch.java:32)
	at org.gradle.messaging.dispatch.ProxyDispatchAdapter$DispatchingInvocationHandler.invoke(ProxyDispatchAdapter.java:93)
	at com.sun.proxy.$Proxy2.processTestClass(Unknown Source)
	at org.gradle.api.internal.tasks.testing.worker.TestWorker.processTestClass(TestWorker.java:106)
	at sun.reflect.GeneratedMethodAccessor107.invoke(Unknown Source)
	at sun.reflect.DelegatingMethodAccessorImpl.invoke(DelegatingMethodAccessorImpl.java:43)
	at java.lang.reflect.Method.invoke(Method.java:606)
	at org.gradle.messaging.dispatch.ReflectionDispatch.dispatch(ReflectionDispatch.java:35)
	at org.gradle.messaging.dispatch.ReflectionDispatch.dispatch(ReflectionDispatch.java:24)
	at org.gradle.messaging.remote.internal.hub.MessageHub$Handler.run(MessageHub.java:360)
	at org.gradle.internal.concurrent.DefaultExecutorFactory$StoppableExecutorImpl$1.run(DefaultExecutorFactory.java:64)
	at java.util.concurrent.ThreadPoolExecutor.runWorker(ThreadPoolExecutor.java:1145)
	at java.util.concurrent.ThreadPoolExecutor$Worker.run(ThreadPoolExecutor.java:615)
	at java.lang.Thread.run(Thread.java:745)
Address.latitude size must be between 0 and 64
java.lang.SecurityException: Address.latitude size must be between 0 and 64
	at com.athena.server.pluggable.utils.helper.EntityValidatorHelper.validateEntity(EntityValidatorHelper.java:37)
	at projecttwo.app.shared.organization.locationmanagement.Address.isValid(Address.java:274)
	at projecttwo.app.server.service.organization.locationmanagement.AddressTestCase.validateAddress(AddressTestCase.java:359)
	at projecttwo.app.server.service.organization.locationmanagement.AddressTestCase.test5NegativeTesting(AddressTestCase.java:428)
	at sun.reflect.NativeMethodAccessorImpl.invoke0(Native Method)
	at sun.reflect.NativeMethodAccessorImpl.invoke(NativeMethodAccessorImpl.java:57)
	at sun.reflect.DelegatingMethodAccessorImpl.invoke(DelegatingMethodAccessorImpl.java:43)
	at java.lang.reflect.Method.invoke(Method.java:606)
	at org.junit.runners.model.FrameworkMethod$1.runReflectiveCall(FrameworkMethod.java:47)
	at org.junit.internal.runners.model.ReflectiveCallable.run(ReflectiveCallable.java:12)
	at org.junit.runners.model.FrameworkMethod.invokeExplosively(FrameworkMethod.java:44)
	at org.junit.internal.runners.statements.InvokeMethod.evaluate(InvokeMethod.java:17)
	at org.junit.internal.runners.statements.RunBefores.evaluate(RunBefores.java:26)
	at org.springframework.test.context.junit4.statements.RunBeforeTestMethodCallbacks.evaluate(RunBeforeTestMethodCallbacks.java:74)
	at org.junit.internal.runners.statements.RunAfters.evaluate(RunAfters.java:27)
	at org.springframework.test.context.junit4.statements.RunAfterTestMethodCallbacks.evaluate(RunAfterTestMethodCallbacks.java:83)
	at org.springframework.test.context.junit4.statements.SpringRepeat.evaluate(SpringRepeat.java:72)
	at org.springframework.test.context.junit4.SpringJUnit4ClassRunner.runChild(SpringJUnit4ClassRunner.java:233)
	at org.springframework.test.context.junit4.SpringJUnit4ClassRunner.runChild(SpringJUnit4ClassRunner.java:87)
	at org.junit.runners.ParentRunner$3.run(ParentRunner.java:238)
	at org.junit.runners.ParentRunner$1.schedule(ParentRunner.java:63)
	at org.junit.runners.ParentRunner.runChildren(ParentRunner.java:236)
	at org.junit.runners.ParentRunner.access$000(ParentRunner.java:53)
	at org.junit.runners.ParentRunner$2.evaluate(ParentRunner.java:229)
	at org.junit.internal.runners.statements.RunBefores.evaluate(RunBefores.java:26)
	at org.springframework.test.context.junit4.statements.RunBeforeTestClassCallbacks.evaluate(RunBeforeTestClassCallbacks.java:61)
	at org.springframework.test.context.junit4.statements.RunAfterTestClassCallbacks.evaluate(RunAfterTestClassCallbacks.java:71)
	at org.junit.runners.ParentRunner.run(ParentRunner.java:309)
	at org.springframework.test.context.junit4.SpringJUnit4ClassRunner.run(SpringJUnit4ClassRunner.java:176)
	at org.gradle.api.internal.tasks.testing.junit.JUnitTestClassExecuter.runTestClass(JUnitTestClassExecuter.java:86)
	at org.gradle.api.internal.tasks.testing.junit.JUnitTestClassExecuter.execute(JUnitTestClassExecuter.java:49)
	at org.gradle.api.internal.tasks.testing.junit.JUnitTestClassProcessor.processTestClass(JUnitTestClassProcessor.java:64)
	at org.gradle.api.internal.tasks.testing.SuiteTestClassProcessor.processTestClass(SuiteTestClassProcessor.java:50)
	at sun.reflect.GeneratedMethodAccessor108.invoke(Unknown Source)
	at sun.reflect.DelegatingMethodAccessorImpl.invoke(DelegatingMethodAccessorImpl.java:43)
	at java.lang.reflect.Method.invoke(Method.java:606)
	at org.gradle.messaging.dispatch.ReflectionDispatch.dispatch(ReflectionDispatch.java:35)
	at org.gradle.messaging.dispatch.ReflectionDispatch.dispatch(ReflectionDispatch.java:24)
	at org.gradle.messaging.dispatch.ContextClassLoaderDispatch.dispatch(ContextClassLoaderDispatch.java:32)
	at org.gradle.messaging.dispatch.ProxyDispatchAdapter$DispatchingInvocationHandler.invoke(ProxyDispatchAdapter.java:93)
	at com.sun.proxy.$Proxy2.processTestClass(Unknown Source)
	at org.gradle.api.internal.tasks.testing.worker.TestWorker.processTestClass(TestWorker.java:106)
	at sun.reflect.GeneratedMethodAccessor107.invoke(Unknown Source)
	at sun.reflect.DelegatingMethodAccessorImpl.invoke(DelegatingMethodAccessorImpl.java:43)
	at java.lang.reflect.Method.invoke(Method.java:606)
	at org.gradle.messaging.dispatch.ReflectionDispatch.dispatch(ReflectionDispatch.java:35)
	at org.gradle.messaging.dispatch.ReflectionDispatch.dispatch(ReflectionDispatch.java:24)
	at org.gradle.messaging.remote.internal.hub.MessageHub$Handler.run(MessageHub.java:360)
	at org.gradle.internal.concurrent.DefaultExecutorFactory$StoppableExecutorImpl$1.run(DefaultExecutorFactory.java:64)
	at java.util.concurrent.ThreadPoolExecutor.runWorker(ThreadPoolExecutor.java:1145)
	at java.util.concurrent.ThreadPoolExecutor$Worker.run(ThreadPoolExecutor.java:615)
	at java.lang.Thread.run(Thread.java:745)
Address.longitude size must be between 0 and 64
java.lang.SecurityException: Address.longitude size must be between 0 and 64
	at com.athena.server.pluggable.utils.helper.EntityValidatorHelper.validateEntity(EntityValidatorHelper.java:37)
	at projecttwo.app.shared.organization.locationmanagement.Address.isValid(Address.java:274)
	at projecttwo.app.server.service.organization.locationmanagement.AddressTestCase.validateAddress(AddressTestCase.java:359)
	at projecttwo.app.server.service.organization.locationmanagement.AddressTestCase.test5NegativeTesting(AddressTestCase.java:433)
	at sun.reflect.NativeMethodAccessorImpl.invoke0(Native Method)
	at sun.reflect.NativeMethodAccessorImpl.invoke(NativeMethodAccessorImpl.java:57)
	at sun.reflect.DelegatingMethodAccessorImpl.invoke(DelegatingMethodAccessorImpl.java:43)
	at java.lang.reflect.Method.invoke(Method.java:606)
	at org.junit.runners.model.FrameworkMethod$1.runReflectiveCall(FrameworkMethod.java:47)
	at org.junit.internal.runners.model.ReflectiveCallable.run(ReflectiveCallable.java:12)
	at org.junit.runners.model.FrameworkMethod.invokeExplosively(FrameworkMethod.java:44)
	at org.junit.internal.runners.statements.InvokeMethod.evaluate(InvokeMethod.java:17)
	at org.junit.internal.runners.statements.RunBefores.evaluate(RunBefores.java:26)
	at org.springframework.test.context.junit4.statements.RunBeforeTestMethodCallbacks.evaluate(RunBeforeTestMethodCallbacks.java:74)
	at org.junit.internal.runners.statements.RunAfters.evaluate(RunAfters.java:27)
	at org.springframework.test.context.junit4.statements.RunAfterTestMethodCallbacks.evaluate(RunAfterTestMethodCallbacks.java:83)
	at org.springframework.test.context.junit4.statements.SpringRepeat.evaluate(SpringRepeat.java:72)
	at org.springframework.test.context.junit4.SpringJUnit4ClassRunner.runChild(SpringJUnit4ClassRunner.java:233)
	at org.springframework.test.context.junit4.SpringJUnit4ClassRunner.runChild(SpringJUnit4ClassRunner.java:87)
	at org.junit.runners.ParentRunner$3.run(ParentRunner.java:238)
	at org.junit.runners.ParentRunner$1.schedule(ParentRunner.java:63)
	at org.junit.runners.ParentRunner.runChildren(ParentRunner.java:236)
	at org.junit.runners.ParentRunner.access$000(ParentRunner.java:53)
	at org.junit.runners.ParentRunner$2.evaluate(ParentRunner.java:229)
	at org.junit.internal.runners.statements.RunBefores.evaluate(RunBefores.java:26)
	at org.springframework.test.context.junit4.statements.RunBeforeTestClassCallbacks.evaluate(RunBeforeTestClassCallbacks.java:61)
	at org.springframework.test.context.junit4.statements.RunAfterTestClassCallbacks.evaluate(RunAfterTestClassCallbacks.java:71)
	at org.junit.runners.ParentRunner.run(ParentRunner.java:309)
	at org.springframework.test.context.junit4.SpringJUnit4ClassRunner.run(SpringJUnit4ClassRunner.java:176)
	at org.gradle.api.internal.tasks.testing.junit.JUnitTestClassExecuter.runTestClass(JUnitTestClassExecuter.java:86)
	at org.gradle.api.internal.tasks.testing.junit.JUnitTestClassExecuter.execute(JUnitTestClassExecuter.java:49)
	at org.gradle.api.internal.tasks.testing.junit.JUnitTestClassProcessor.processTestClass(JUnitTestClassProcessor.java:64)
	at org.gradle.api.internal.tasks.testing.SuiteTestClassProcessor.processTestClass(SuiteTestClassProcessor.java:50)
	at sun.reflect.GeneratedMethodAccessor108.invoke(Unknown Source)
	at sun.reflect.DelegatingMethodAccessorImpl.invoke(DelegatingMethodAccessorImpl.java:43)
	at java.lang.reflect.Method.invoke(Method.java:606)
	at org.gradle.messaging.dispatch.ReflectionDispatch.dispatch(ReflectionDispatch.java:35)
	at org.gradle.messaging.dispatch.ReflectionDispatch.dispatch(ReflectionDispatch.java:24)
	at org.gradle.messaging.dispatch.ContextClassLoaderDispatch.dispatch(ContextClassLoaderDispatch.java:32)
	at org.gradle.messaging.dispatch.ProxyDispatchAdapter$DispatchingInvocationHandler.invoke(ProxyDispatchAdapter.java:93)
	at com.sun.proxy.$Proxy2.processTestClass(Unknown Source)
	at org.gradle.api.internal.tasks.testing.worker.TestWorker.processTestClass(TestWorker.java:106)
	at sun.reflect.GeneratedMethodAccessor107.invoke(Unknown Source)
	at sun.reflect.DelegatingMethodAccessorImpl.invoke(DelegatingMethodAccessorImpl.java:43)
	at java.lang.reflect.Method.invoke(Method.java:606)
	at org.gradle.messaging.dispatch.ReflectionDispatch.dispatch(ReflectionDispatch.java:35)
	at org.gradle.messaging.dispatch.ReflectionDispatch.dispatch(ReflectionDispatch.java:24)
	at org.gradle.messaging.remote.internal.hub.MessageHub$Handler.run(MessageHub.java:360)
	at org.gradle.internal.concurrent.DefaultExecutorFactory$StoppableExecutorImpl$1.run(DefaultExecutorFactory.java:64)
	at java.util.concurrent.ThreadPoolExecutor.runWorker(ThreadPoolExecutor.java:1145)
	at java.util.concurrent.ThreadPoolExecutor$Worker.run(ThreadPoolExecutor.java:615)
	at java.lang.Thread.run(Thread.java:745)
]]></system-err>
</testsuite>
