<?xml version="1.0" encoding="UTF-8"?>
<testsuite name="projecttwo.app.server.service.organization.contactmanagement.CommunicationTypeTestCase" tests="5" skipped="0" failures="0" errors="0" timestamp="2016-08-24T09:13:27" hostname="779044df1698" time="0.453">
  <properties/>
  <testcase name="test1Save" classname="projecttwo.app.server.service.organization.contactmanagement.CommunicationTypeTestCase" time="0.154"/>
  <testcase name="test2Update" classname="projecttwo.app.server.service.organization.contactmanagement.CommunicationTypeTestCase" time="0.076"/>
  <testcase name="test3FindById" classname="projecttwo.app.server.service.organization.contactmanagement.CommunicationTypeTestCase" time="0.025"/>
  <testcase name="test5NegativeTesting" classname="projecttwo.app.server.service.organization.contactmanagement.CommunicationTypeTestCase" time="0.014"/>
  <testcase name="test6Delete" classname="projecttwo.app.server.service.organization.contactmanagement.CommunicationTypeTestCase" time="0.184"/>
  <system-out><![CDATA[Wed Aug 24 09:13:27 UTC 2016|Log Manager Factory|Initialization Process started.....
Wed Aug 24 09:13:27 UTC 2016|Log Manager|Initialized with Path = [/home/applifire/workspace/project2/src/main/webapp/WEB-INF/conf]
Wed Aug 24 09:13:27 UTC 2016|Alarm Manager|Initialized with Path = [/home/applifire/workspace/project2/src/main/webapp/WEB-INF/conf]
Wed Aug 24 09:13:27 UTC 2016|Alarm Manager|Loading Alarms ......
Wed Aug 24 09:13:27 UTC 2016|Alarm XML Parser|FWA|XML Parsing Complete........ 
Wed Aug 24 09:13:27 UTC 2016|Alarm File Manager|FWA|Alarm File Status.. [ApplicationFrameworkAlarms.xml]|Version=15|Status=Done 
Wed Aug 24 09:13:27 UTC 2016|Alarm File Manager|FWA|Alarm Stats = ( BC/AL=5/786 SYS=5/11 [786/0]  TPL=0/0 [0/0]  APP= A.Map=[875]  E.Map EC/RC=[391/79] )
Wed Aug 24 09:13:27 UTC 2016|Alarm XML Parser|APP|XML Parsing Complete........ 
Wed Aug 24 09:13:27 UTC 2016|Alarm File Manager|APP|Alarm File Status.. [ApplicationAlarms.xml]|Version=1|Status=Done 
Wed Aug 24 09:13:27 UTC 2016|Alarm File Manager|APP|Alarm Stats = ( BC/AL=5/786 SYS=5/11 [786/0]  TPL=0/0 [0/0]  APP=0/0 [0/0]  A.Map=[875]  E.Map EC/RC=[391/79] )
Wed Aug 24 09:13:27 UTC 2016|ApplicationAlarmContext| <><><><><> Create App Alarms ....  <><><><><> 
Wed Aug 24 09:13:27 UTC 2016|ApplicationAlarmContext|Alarms are generated ONLY in Development Mode.. 
Wed Aug 24 09:13:27 UTC 2016|Alarm Manager|APP|Alarm Stats = ( BC/AL=5/786 SYS=5/11 [786/0]  TPL=0/0 [0/0]  APP=0/0 [0/0]  A.Map=[875]  E.Map EC/RC=[391/79] )
Wed Aug 24 09:13:27 UTC 2016|Alarm Manager|Initialized Exception Lookup...
Wed Aug 24 09:13:27 UTC 2016|Log Manager|Initialize Log Config File ......
Wed Aug 24 09:13:27 UTC 2016|Pluggable Connectors|Adding Connectors : StandardOutputConnector isEnabled=true isDefault=false isFallBack=true
Wed Aug 24 09:13:27 UTC 2016|Pluggable Connectors|Adding Connectors : StandardFileConnector isEnabled=true isDefault=false isFallBack=false
Wed Aug 24 09:13:27 UTC 2016|Pluggable Connectors|Adding Connectors : Sprinkler isEnabled=true isDefault=true isFallBack=false
Wed Aug 24 09:13:27 UTC 2016|Pluggable Connectors|Default Connector Name : com.spartan.logger.core.LogMessenger
Wed Aug 24 09:13:27 UTC 2016|Log Config Parser|Connector Least Log Level =[4]  FallBack Log Level =[3]
Wed Aug 24 09:13:27 UTC 2016|Log Manager|Loading Default Connector for Logging ......
Wed Aug 24 09:13:27 UTC 2016|Log Manager|Loading class .. com.spartan.logger.core.LogMessenger
Wed Aug 24 09:13:27 UTC 2016|Plugggable Connector|Connector class com.spartan.logger.core.LogMessenger Initialized... @ Log Level = 3
Wed Aug 24 09:13:27 UTC 2016|Log Manager|Starting the Default Connector [com.spartan.logger.core.LogMessenger@37376f91] ....
Wed Aug 24 09:13:27 UTC 2016|Scheduler|Starting the Scheduler ......
Wed Aug 24 09:13:27 UTC 2016|Scheduler|Adding [LMID=[48db90a1-da1c-4294-b0dc-2cb1386596b8]] Delay=5 Time Unit=MINUTES
Wed Aug 24 09:13:27 UTC 2016|Scheduler|Adding [App Alarm Manager File=[ApplicationAlarms.xml]] Delay=30 Time Unit=MINUTES
Wed Aug 24 09:13:27 UTC 2016|Scheduler|Adding [FW Alarm Manager File=[ApplicationFrameworkAlarms.xml]] Delay=3 Time Unit=MINUTES
Wed Aug 24 09:13:27 UTC 2016|Scheduler|Startup Completed..
Wed Aug 24 09:13:27 UTC 2016|Log Manager|Initialization Process Complete ......
Wed Aug 24 09:13:27 UTC 2016|Log Manager Factory|Log Manager READY! ID = 48db90a1-da1c-4294-b0dc-2cb1386596b8
[EL Finer]: connection: 2016-08-24 09:13:27.244--ServerSession(516354556)--Thread(Thread[Test worker,5,main])--client acquired: 1528810670
[EL Finer]: transaction: 2016-08-24 09:13:27.244--ClientSession(1528810670)--Thread(Thread[Test worker,5,main])--acquire unit of work: 79094335
[EL Finest]: connection: 2016-08-24 09:13:27.245--ServerSession(516354556)--Connection(46110852)--Thread(Thread[Test worker,5,main])--Connection acquired from connection pool [default].
[EL Finer]: transaction: 2016-08-24 09:13:27.245--ClientSession(1528810670)--Connection(46110852)--Thread(Thread[Test worker,5,main])--begin transaction
[EL Finest]: connection: 2016-08-24 09:13:27.245--ClientSession(1528810670)--Thread(Thread[Test worker,5,main])--reconnecting to external connection pool
[EL Finest]: transaction: 2016-08-24 09:13:27.248--UnitOfWork(79094335)--Thread(Thread[Test worker,5,main])--persist() operation called on: wq0yiYaAr5KSRTmVoWeQcfJXzQxAVAl5QnFLBDqVZHtN64ehvO.
[EL Finest]: sequencing: 2016-08-24 09:13:27.248--UnitOfWork(79094335)--Thread(Thread[Test worker,5,main])--assign sequence to the object (3849DC58-0BC6-4604-B00A-2938A61D91FD -> wq0yiYaAr5KSRTmVoWeQcfJXzQxAVAl5QnFLBDqVZHtN64ehvO)
[EL Finer]: transaction: 2016-08-24 09:13:27.249--UnitOfWork(79094335)--Thread(Thread[Test worker,5,main])--begin unit of work commit
[EL Finest]: query: 2016-08-24 09:13:27.249--UnitOfWork(79094335)--Thread(Thread[Test worker,5,main])--Execute query InsertObjectQuery(wq0yiYaAr5KSRTmVoWeQcfJXzQxAVAl5QnFLBDqVZHtN64ehvO)
[EL Fine]: sql: 2016-08-24 09:13:27.249--ClientSession(1528810670)--Connection(1152828151)--Thread(Thread[Test worker,5,main])--INSERT INTO ast_CommunicationGroup_M (commGroupId, commGroupDescription, commGroupName, versionId, createdBy, createdDate, updatedBy, updatedDate, activeStatus, txnAccessCode) VALUES (?, ?, ?, ?, ?, ?, ?, ?, ?, ?)
	bind => [3849DC58-0BC6-4604-B00A-2938A61D91FD, QX5rTT8oe1tSN03iWunDYU7LvHcKuamQerHkuHS2NuSxbbo9E5, wq0yiYaAr5KSRTmVoWeQcfJXzQxAVAl5QnFLBDqVZHtN64ehvO, 1, AAAAA, 2016-08-24 09:13:27.228, AAAAA, 2016-08-24 09:13:27.228, 1, 51000]
[EL Finer]: transaction: 2016-08-24 09:13:27.251--ClientSession(1528810670)--Connection(1152828151)--Thread(Thread[Test worker,5,main])--commit transaction
[EL Finest]: connection: 2016-08-24 09:13:27.305--ServerSession(516354556)--Connection(46110852)--Thread(Thread[Test worker,5,main])--Connection released to connection pool [default].
[EL Finer]: transaction: 2016-08-24 09:13:27.305--UnitOfWork(79094335)--Thread(Thread[Test worker,5,main])--end unit of work commit
[EL Finer]: transaction: 2016-08-24 09:13:27.305--UnitOfWork(79094335)--Thread(Thread[Test worker,5,main])--resume unit of work
[EL Finer]: transaction: 2016-08-24 09:13:27.305--UnitOfWork(79094335)--Thread(Thread[Test worker,5,main])--release unit of work
[EL Finer]: connection: 2016-08-24 09:13:27.305--ClientSession(1528810670)--Thread(Thread[Test worker,5,main])--client released
[EL Finer]: connection: 2016-08-24 09:13:27.321--ServerSession(516354556)--Thread(Thread[Test worker,5,main])--client acquired: 1766128443
[EL Finer]: transaction: 2016-08-24 09:13:27.321--ClientSession(1766128443)--Thread(Thread[Test worker,5,main])--acquire unit of work: 801772667
[EL Finest]: connection: 2016-08-24 09:13:27.321--ServerSession(516354556)--Connection(2080812991)--Thread(Thread[Test worker,5,main])--Connection acquired from connection pool [default].
[EL Finer]: transaction: 2016-08-24 09:13:27.321--ClientSession(1766128443)--Connection(2080812991)--Thread(Thread[Test worker,5,main])--begin transaction
[EL Finest]: connection: 2016-08-24 09:13:27.321--ClientSession(1766128443)--Thread(Thread[Test worker,5,main])--reconnecting to external connection pool
[EL Finest]: transaction: 2016-08-24 09:13:27.322--UnitOfWork(801772667)--Thread(Thread[Test worker,5,main])--persist() operation called on: GgpbwtiYxBG1YGILLkasXTAT588yGHNS0ZrPu9c4OHxjF9YUtC,3849DC58-0BC6-4604-B00A-2938A61D91FD.
[EL Finest]: sequencing: 2016-08-24 09:13:27.322--UnitOfWork(801772667)--Thread(Thread[Test worker,5,main])--assign sequence to the object (343D4614-8134-45C4-A94A-2515EF17A8D0 -> GgpbwtiYxBG1YGILLkasXTAT588yGHNS0ZrPu9c4OHxjF9YUtC,3849DC58-0BC6-4604-B00A-2938A61D91FD)
[EL Finer]: transaction: 2016-08-24 09:13:27.323--UnitOfWork(801772667)--Thread(Thread[Test worker,5,main])--begin unit of work commit
[EL Finest]: query: 2016-08-24 09:13:27.323--UnitOfWork(801772667)--Thread(Thread[Test worker,5,main])--Execute query InsertObjectQuery(GgpbwtiYxBG1YGILLkasXTAT588yGHNS0ZrPu9c4OHxjF9YUtC,3849DC58-0BC6-4604-B00A-2938A61D91FD)
[EL Fine]: sql: 2016-08-24 09:13:27.323--ClientSession(1766128443)--Connection(1688830394)--Thread(Thread[Test worker,5,main])--INSERT INTO ast_CommunicationType_M (commType, commGroupId, commTypeDescription, commTypeName, versionId, createdBy, createdDate, updatedBy, updatedDate, activeStatus, txnAccessCode) VALUES (?, ?, ?, ?, ?, ?, ?, ?, ?, ?, ?)
	bind => [343D4614-8134-45C4-A94A-2515EF17A8D0, 3849DC58-0BC6-4604-B00A-2938A61D91FD, m8XpJ6Gs8tnIBClr2r3qjorGYDDJWkX1BqWWNOadXAPRK71vlT, GgpbwtiYxBG1YGILLkasXTAT588yGHNS0ZrPu9c4OHxjF9YUtC, 1, AAAAA, 2016-08-24 09:13:27.305, AAAAA, 2016-08-24 09:13:27.305, 1, 51000]
[EL Finer]: transaction: 2016-08-24 09:13:27.325--ClientSession(1766128443)--Connection(1688830394)--Thread(Thread[Test worker,5,main])--commit transaction
[EL Finest]: connection: 2016-08-24 09:13:27.354--ServerSession(516354556)--Connection(2080812991)--Thread(Thread[Test worker,5,main])--Connection released to connection pool [default].
[EL Finer]: transaction: 2016-08-24 09:13:27.355--UnitOfWork(801772667)--Thread(Thread[Test worker,5,main])--end unit of work commit
[EL Finer]: transaction: 2016-08-24 09:13:27.355--UnitOfWork(801772667)--Thread(Thread[Test worker,5,main])--resume unit of work
[EL Finer]: transaction: 2016-08-24 09:13:27.355--UnitOfWork(801772667)--Thread(Thread[Test worker,5,main])--release unit of work
[EL Finer]: connection: 2016-08-24 09:13:27.355--ClientSession(1766128443)--Thread(Thread[Test worker,5,main])--client released
[EL Finer]: connection: 2016-08-24 09:13:27.373--ServerSession(516354556)--Thread(Thread[Test worker,5,main])--client acquired: 1528642510
[EL Finer]: transaction: 2016-08-24 09:13:27.374--ClientSession(1528642510)--Thread(Thread[Test worker,5,main])--acquire unit of work: 1547796509
[EL Finest]: connection: 2016-08-24 09:13:27.374--ServerSession(516354556)--Connection(1346510652)--Thread(Thread[Test worker,5,main])--Connection acquired from connection pool [default].
[EL Finer]: transaction: 2016-08-24 09:13:27.374--ClientSession(1528642510)--Connection(1346510652)--Thread(Thread[Test worker,5,main])--begin transaction
[EL Finest]: connection: 2016-08-24 09:13:27.374--ClientSession(1528642510)--Thread(Thread[Test worker,5,main])--reconnecting to external connection pool
[EL Finer]: transaction: 2016-08-24 09:13:27.375--UnitOfWork(1547796509)--Thread(Thread[Test worker,5,main])--begin unit of work flush
[EL Finer]: transaction: 2016-08-24 09:13:27.375--UnitOfWork(1547796509)--Thread(Thread[Test worker,5,main])--end unit of work flush
[EL Finest]: query: 2016-08-24 09:13:27.375--UnitOfWork(1547796509)--Thread(Thread[Test worker,5,main])--Execute query ReadAllQuery(name="CommunicationType.findById" referenceClass=CommunicationType sql="SELECT commType, commGroupId, commTypeDescription, commTypeName, versionId, createdBy, createdDate, updatedBy, updatedDate, activeStatus, txnAccessCode FROM ast_CommunicationType_M WHERE ((activeStatus = ?) AND (commType = ?))")
[EL Fine]: sql: 2016-08-24 09:13:27.376--ClientSession(1528642510)--Connection(1745251561)--Thread(Thread[Test worker,5,main])--SELECT commType, commGroupId, commTypeDescription, commTypeName, versionId, createdBy, createdDate, updatedBy, updatedDate, activeStatus, txnAccessCode FROM ast_CommunicationType_M WHERE ((activeStatus = ?) AND (commType = ?))
	bind => [1, 343D4614-8134-45C4-A94A-2515EF17A8D0]
[EL Finer]: transaction: 2016-08-24 09:13:27.377--UnitOfWork(1547796509)--Thread(Thread[Test worker,5,main])--begin unit of work commit
[EL Finer]: transaction: 2016-08-24 09:13:27.377--ClientSession(1528642510)--Connection(1745251561)--Thread(Thread[Test worker,5,main])--commit transaction
[EL Finest]: connection: 2016-08-24 09:13:27.378--ServerSession(516354556)--Connection(1346510652)--Thread(Thread[Test worker,5,main])--Connection released to connection pool [default].
[EL Finer]: transaction: 2016-08-24 09:13:27.378--UnitOfWork(1547796509)--Thread(Thread[Test worker,5,main])--end unit of work commit
[EL Finer]: transaction: 2016-08-24 09:13:27.378--UnitOfWork(1547796509)--Thread(Thread[Test worker,5,main])--resume unit of work
[EL Finer]: transaction: 2016-08-24 09:13:27.378--UnitOfWork(1547796509)--Thread(Thread[Test worker,5,main])--release unit of work
[EL Finer]: connection: 2016-08-24 09:13:27.378--ClientSession(1528642510)--Thread(Thread[Test worker,5,main])--client released
[EL Finer]: connection: 2016-08-24 09:13:27.379--ServerSession(516354556)--Thread(Thread[Test worker,5,main])--client acquired: 1495378704
[EL Finer]: transaction: 2016-08-24 09:13:27.379--ClientSession(1495378704)--Thread(Thread[Test worker,5,main])--acquire unit of work: 828757287
[EL Finest]: connection: 2016-08-24 09:13:27.379--ServerSession(516354556)--Connection(344788167)--Thread(Thread[Test worker,5,main])--Connection acquired from connection pool [default].
[EL Finer]: transaction: 2016-08-24 09:13:27.379--ClientSession(1495378704)--Connection(344788167)--Thread(Thread[Test worker,5,main])--begin transaction
[EL Finest]: connection: 2016-08-24 09:13:27.379--ClientSession(1495378704)--Thread(Thread[Test worker,5,main])--reconnecting to external connection pool
[EL Finest]: transaction: 2016-08-24 09:13:27.382--UnitOfWork(828757287)--Thread(Thread[Test worker,5,main])--Merge clone with references dYdbDCLkMrr104APWpMoAt8SOmaKtPkEFrSYK3D0CTXr285RRV,3849DC58-0BC6-4604-B00A-2938A61D91FD
[EL Finest]: query: 2016-08-24 09:13:27.382--UnitOfWork(828757287)--Thread(Thread[Test worker,5,main])--Execute query ReadObjectQuery(referenceClass=CommunicationType )
[EL Fine]: sql: 2016-08-24 09:13:27.382--ClientSession(1495378704)--Connection(1077765632)--Thread(Thread[Test worker,5,main])--SELECT commType, commGroupId, commTypeDescription, commTypeName, versionId, createdBy, createdDate, updatedBy, updatedDate, activeStatus, txnAccessCode FROM ast_CommunicationType_M WHERE (commType = ?)
	bind => [343D4614-8134-45C4-A94A-2515EF17A8D0]
[EL Finer]: transaction: 2016-08-24 09:13:27.385--UnitOfWork(828757287)--Thread(Thread[Test worker,5,main])--begin unit of work commit
[EL Finest]: query: 2016-08-24 09:13:27.385--UnitOfWork(828757287)--Thread(Thread[Test worker,5,main])--Execute query UpdateObjectQuery(dYdbDCLkMrr104APWpMoAt8SOmaKtPkEFrSYK3D0CTXr285RRV,3849DC58-0BC6-4604-B00A-2938A61D91FD)
[EL Fine]: sql: 2016-08-24 09:13:27.385--ClientSession(1495378704)--Connection(1077765632)--Thread(Thread[Test worker,5,main])--UPDATE ast_CommunicationType_M SET commTypeDescription = ?, commTypeName = ?, versionId = ? WHERE ((commType = ?) AND (versionId = ?))
	bind => [ffjGwFJ5caMjmZgso9RwH3EgWr5BJQbIrk2wpha06YKEgTZETH, dYdbDCLkMrr104APWpMoAt8SOmaKtPkEFrSYK3D0CTXr285RRV, 2, 343D4614-8134-45C4-A94A-2515EF17A8D0, 1]
[EL Finer]: transaction: 2016-08-24 09:13:27.386--ClientSession(1495378704)--Connection(1077765632)--Thread(Thread[Test worker,5,main])--commit transaction
[EL Finest]: connection: 2016-08-24 09:13:27.43--ServerSession(516354556)--Connection(344788167)--Thread(Thread[Test worker,5,main])--Connection released to connection pool [default].
[EL Finer]: transaction: 2016-08-24 09:13:27.43--UnitOfWork(828757287)--Thread(Thread[Test worker,5,main])--end unit of work commit
[EL Finer]: transaction: 2016-08-24 09:13:27.43--UnitOfWork(828757287)--Thread(Thread[Test worker,5,main])--resume unit of work
[EL Finer]: transaction: 2016-08-24 09:13:27.431--UnitOfWork(828757287)--Thread(Thread[Test worker,5,main])--release unit of work
[EL Finer]: connection: 2016-08-24 09:13:27.431--ClientSession(1495378704)--Thread(Thread[Test worker,5,main])--client released
[EL Finer]: connection: 2016-08-24 09:13:27.451--ServerSession(516354556)--Thread(Thread[Test worker,5,main])--client acquired: 780580682
[EL Finer]: transaction: 2016-08-24 09:13:27.451--ClientSession(780580682)--Thread(Thread[Test worker,5,main])--acquire unit of work: 241922851
[EL Finest]: connection: 2016-08-24 09:13:27.451--ServerSession(516354556)--Connection(810812986)--Thread(Thread[Test worker,5,main])--Connection acquired from connection pool [default].
[EL Finer]: transaction: 2016-08-24 09:13:27.451--ClientSession(780580682)--Connection(810812986)--Thread(Thread[Test worker,5,main])--begin transaction
[EL Finest]: connection: 2016-08-24 09:13:27.451--ClientSession(780580682)--Thread(Thread[Test worker,5,main])--reconnecting to external connection pool
[EL Finer]: transaction: 2016-08-24 09:13:27.453--UnitOfWork(241922851)--Thread(Thread[Test worker,5,main])--begin unit of work flush
[EL Finer]: transaction: 2016-08-24 09:13:27.453--UnitOfWork(241922851)--Thread(Thread[Test worker,5,main])--end unit of work flush
[EL Finest]: query: 2016-08-24 09:13:27.453--UnitOfWork(241922851)--Thread(Thread[Test worker,5,main])--Execute query ReadAllQuery(name="CommunicationType.findById" referenceClass=CommunicationType sql="SELECT commType, commGroupId, commTypeDescription, commTypeName, versionId, createdBy, createdDate, updatedBy, updatedDate, activeStatus, txnAccessCode FROM ast_CommunicationType_M WHERE ((activeStatus = ?) AND (commType = ?))")
[EL Fine]: sql: 2016-08-24 09:13:27.453--ClientSession(780580682)--Connection(1666868252)--Thread(Thread[Test worker,5,main])--SELECT commType, commGroupId, commTypeDescription, commTypeName, versionId, createdBy, createdDate, updatedBy, updatedDate, activeStatus, txnAccessCode FROM ast_CommunicationType_M WHERE ((activeStatus = ?) AND (commType = ?))
	bind => [1, 343D4614-8134-45C4-A94A-2515EF17A8D0]
[EL Finer]: transaction: 2016-08-24 09:13:27.454--UnitOfWork(241922851)--Thread(Thread[Test worker,5,main])--begin unit of work commit
[EL Finer]: transaction: 2016-08-24 09:13:27.455--ClientSession(780580682)--Connection(1666868252)--Thread(Thread[Test worker,5,main])--commit transaction
[EL Finest]: connection: 2016-08-24 09:13:27.455--ServerSession(516354556)--Connection(810812986)--Thread(Thread[Test worker,5,main])--Connection released to connection pool [default].
[EL Finer]: transaction: 2016-08-24 09:13:27.455--UnitOfWork(241922851)--Thread(Thread[Test worker,5,main])--end unit of work commit
[EL Finer]: transaction: 2016-08-24 09:13:27.455--UnitOfWork(241922851)--Thread(Thread[Test worker,5,main])--resume unit of work
[EL Finer]: transaction: 2016-08-24 09:13:27.455--UnitOfWork(241922851)--Thread(Thread[Test worker,5,main])--release unit of work
[EL Finer]: connection: 2016-08-24 09:13:27.456--ClientSession(780580682)--Thread(Thread[Test worker,5,main])--client released
[EL Finer]: connection: 2016-08-24 09:13:27.489--ServerSession(516354556)--Thread(Thread[Test worker,5,main])--client acquired: 1723342187
[EL Finer]: transaction: 2016-08-24 09:13:27.489--ClientSession(1723342187)--Thread(Thread[Test worker,5,main])--acquire unit of work: 1100189820
[EL Finest]: connection: 2016-08-24 09:13:27.489--ServerSession(516354556)--Connection(1056104070)--Thread(Thread[Test worker,5,main])--Connection acquired from connection pool [default].
[EL Finer]: transaction: 2016-08-24 09:13:27.489--ClientSession(1723342187)--Connection(1056104070)--Thread(Thread[Test worker,5,main])--begin transaction
[EL Finest]: connection: 2016-08-24 09:13:27.489--ClientSession(1723342187)--Thread(Thread[Test worker,5,main])--reconnecting to external connection pool
[EL Finest]: query: 2016-08-24 09:13:27.49--UnitOfWork(1100189820)--Thread(Thread[Test worker,5,main])--Execute query ReadObjectQuery(name="readCommunicationType" referenceClass=CommunicationType sql="SELECT commType, commGroupId, commTypeDescription, commTypeName, versionId, createdBy, createdDate, updatedBy, updatedDate, activeStatus, txnAccessCode FROM ast_CommunicationType_M WHERE (commType = ?)")
[EL Fine]: sql: 2016-08-24 09:13:27.49--ClientSession(1723342187)--Connection(895061759)--Thread(Thread[Test worker,5,main])--SELECT commType, commGroupId, commTypeDescription, commTypeName, versionId, createdBy, createdDate, updatedBy, updatedDate, activeStatus, txnAccessCode FROM ast_CommunicationType_M WHERE (commType = ?)
	bind => [343D4614-8134-45C4-A94A-2515EF17A8D0]
[EL Finest]: transaction: 2016-08-24 09:13:27.491--UnitOfWork(1100189820)--Thread(Thread[Test worker,5,main])--remove() operation called on: dYdbDCLkMrr104APWpMoAt8SOmaKtPkEFrSYK3D0CTXr285RRV,3849DC58-0BC6-4604-B00A-2938A61D91FD
[EL Finer]: transaction: 2016-08-24 09:13:27.492--UnitOfWork(1100189820)--Thread(Thread[Test worker,5,main])--begin unit of work commit
[EL Finest]: query: 2016-08-24 09:13:27.492--UnitOfWork(1100189820)--Thread(Thread[Test worker,5,main])--Execute query DoesExistQuery(referenceClass=CommunicationType )
[EL Finest]: query: 2016-08-24 09:13:27.492--UnitOfWork(1100189820)--Thread(Thread[Test worker,5,main])--Execute query DeleteObjectQuery(dYdbDCLkMrr104APWpMoAt8SOmaKtPkEFrSYK3D0CTXr285RRV,3849DC58-0BC6-4604-B00A-2938A61D91FD)
[EL Fine]: sql: 2016-08-24 09:13:27.492--ClientSession(1723342187)--Connection(895061759)--Thread(Thread[Test worker,5,main])--DELETE FROM ast_CommunicationType_M WHERE ((commType = ?) AND (versionId = ?))
	bind => [343D4614-8134-45C4-A94A-2515EF17A8D0, 2]
[EL Finer]: transaction: 2016-08-24 09:13:27.493--ClientSession(1723342187)--Connection(895061759)--Thread(Thread[Test worker,5,main])--commit transaction
[EL Finest]: connection: 2016-08-24 09:13:27.571--ServerSession(516354556)--Connection(1056104070)--Thread(Thread[Test worker,5,main])--Connection released to connection pool [default].
[EL Finer]: transaction: 2016-08-24 09:13:27.571--UnitOfWork(1100189820)--Thread(Thread[Test worker,5,main])--end unit of work commit
[EL Finer]: transaction: 2016-08-24 09:13:27.571--UnitOfWork(1100189820)--Thread(Thread[Test worker,5,main])--resume unit of work
[EL Finer]: transaction: 2016-08-24 09:13:27.572--UnitOfWork(1100189820)--Thread(Thread[Test worker,5,main])--release unit of work
[EL Finer]: connection: 2016-08-24 09:13:27.572--ClientSession(1723342187)--Thread(Thread[Test worker,5,main])--client released
[EL Finer]: connection: 2016-08-24 09:13:27.585--ServerSession(516354556)--Thread(Thread[Test worker,5,main])--client acquired: 131108300
[EL Finer]: transaction: 2016-08-24 09:13:27.585--ClientSession(131108300)--Thread(Thread[Test worker,5,main])--acquire unit of work: 218976278
[EL Finest]: connection: 2016-08-24 09:13:27.585--ServerSession(516354556)--Connection(1694817035)--Thread(Thread[Test worker,5,main])--Connection acquired from connection pool [default].
[EL Finer]: transaction: 2016-08-24 09:13:27.585--ClientSession(131108300)--Connection(1694817035)--Thread(Thread[Test worker,5,main])--begin transaction
[EL Finest]: connection: 2016-08-24 09:13:27.585--ClientSession(131108300)--Thread(Thread[Test worker,5,main])--reconnecting to external connection pool
[EL Finest]: query: 2016-08-24 09:13:27.586--UnitOfWork(218976278)--Thread(Thread[Test worker,5,main])--Execute query ReadObjectQuery(name="readCommunicationGroup" referenceClass=CommunicationGroup sql="SELECT commGroupId, commGroupDescription, commGroupName, versionId, createdBy, createdDate, updatedBy, updatedDate, activeStatus, txnAccessCode FROM ast_CommunicationGroup_M WHERE (commGroupId = ?)")
[EL Fine]: sql: 2016-08-24 09:13:27.586--ClientSession(131108300)--Connection(195977567)--Thread(Thread[Test worker,5,main])--SELECT commGroupId, commGroupDescription, commGroupName, versionId, createdBy, createdDate, updatedBy, updatedDate, activeStatus, txnAccessCode FROM ast_CommunicationGroup_M WHERE (commGroupId = ?)
	bind => [3849DC58-0BC6-4604-B00A-2938A61D91FD]
[EL Finest]: transaction: 2016-08-24 09:13:27.587--UnitOfWork(218976278)--Thread(Thread[Test worker,5,main])--remove() operation called on: wq0yiYaAr5KSRTmVoWeQcfJXzQxAVAl5QnFLBDqVZHtN64ehvO
[EL Finer]: transaction: 2016-08-24 09:13:27.588--UnitOfWork(218976278)--Thread(Thread[Test worker,5,main])--begin unit of work commit
[EL Finest]: query: 2016-08-24 09:13:27.588--UnitOfWork(218976278)--Thread(Thread[Test worker,5,main])--Execute query DoesExistQuery(referenceClass=CommunicationGroup )
[EL Finest]: query: 2016-08-24 09:13:27.588--UnitOfWork(218976278)--Thread(Thread[Test worker,5,main])--Execute query DeleteObjectQuery(wq0yiYaAr5KSRTmVoWeQcfJXzQxAVAl5QnFLBDqVZHtN64ehvO)
[EL Fine]: sql: 2016-08-24 09:13:27.588--ClientSession(131108300)--Connection(195977567)--Thread(Thread[Test worker,5,main])--DELETE FROM ast_CommunicationGroup_M WHERE ((commGroupId = ?) AND (versionId = ?))
	bind => [3849DC58-0BC6-4604-B00A-2938A61D91FD, 1]
[EL Finer]: transaction: 2016-08-24 09:13:27.589--ClientSession(131108300)--Connection(195977567)--Thread(Thread[Test worker,5,main])--commit transaction
[EL Finest]: connection: 2016-08-24 09:13:27.653--ServerSession(516354556)--Connection(1694817035)--Thread(Thread[Test worker,5,main])--Connection released to connection pool [default].
[EL Finer]: transaction: 2016-08-24 09:13:27.654--UnitOfWork(218976278)--Thread(Thread[Test worker,5,main])--end unit of work commit
[EL Finer]: transaction: 2016-08-24 09:13:27.654--UnitOfWork(218976278)--Thread(Thread[Test worker,5,main])--resume unit of work
[EL Finer]: transaction: 2016-08-24 09:13:27.654--UnitOfWork(218976278)--Thread(Thread[Test worker,5,main])--release unit of work
[EL Finer]: connection: 2016-08-24 09:13:27.654--ClientSession(131108300)--Thread(Thread[Test worker,5,main])--client released
]]></system-out>
  <system-err><![CDATA[CommunicationType.commTypeName may not be null
java.lang.SecurityException: CommunicationType.commTypeName may not be null
	at com.athena.server.pluggable.utils.helper.EntityValidatorHelper.validateEntity(EntityValidatorHelper.java:37)
	at projecttwo.app.shared.organization.contactmanagement.CommunicationType.isValid(CommunicationType.java:173)
	at projecttwo.app.server.service.organization.contactmanagement.CommunicationTypeTestCase.validateCommunicationType(CommunicationTypeTestCase.java:221)
	at projecttwo.app.server.service.organization.contactmanagement.CommunicationTypeTestCase.test5NegativeTesting(CommunicationTypeTestCase.java:253)
	at sun.reflect.NativeMethodAccessorImpl.invoke0(Native Method)
	at sun.reflect.NativeMethodAccessorImpl.invoke(NativeMethodAccessorImpl.java:57)
	at sun.reflect.DelegatingMethodAccessorImpl.invoke(DelegatingMethodAccessorImpl.java:43)
	at java.lang.reflect.Method.invoke(Method.java:606)
	at org.junit.runners.model.FrameworkMethod$1.runReflectiveCall(FrameworkMethod.java:47)
	at org.junit.internal.runners.model.ReflectiveCallable.run(ReflectiveCallable.java:12)
	at org.junit.runners.model.FrameworkMethod.invokeExplosively(FrameworkMethod.java:44)
	at org.junit.internal.runners.statements.InvokeMethod.evaluate(InvokeMethod.java:17)
	at org.junit.internal.runners.statements.RunBefores.evaluate(RunBefores.java:26)
	at org.springframework.test.context.junit4.statements.RunBeforeTestMethodCallbacks.evaluate(RunBeforeTestMethodCallbacks.java:74)
	at org.junit.internal.runners.statements.RunAfters.evaluate(RunAfters.java:27)
	at org.springframework.test.context.junit4.statements.RunAfterTestMethodCallbacks.evaluate(RunAfterTestMethodCallbacks.java:83)
	at org.springframework.test.context.junit4.statements.SpringRepeat.evaluate(SpringRepeat.java:72)
	at org.springframework.test.context.junit4.SpringJUnit4ClassRunner.runChild(SpringJUnit4ClassRunner.java:233)
	at org.springframework.test.context.junit4.SpringJUnit4ClassRunner.runChild(SpringJUnit4ClassRunner.java:87)
	at org.junit.runners.ParentRunner$3.run(ParentRunner.java:238)
	at org.junit.runners.ParentRunner$1.schedule(ParentRunner.java:63)
	at org.junit.runners.ParentRunner.runChildren(ParentRunner.java:236)
	at org.junit.runners.ParentRunner.access$000(ParentRunner.java:53)
	at org.junit.runners.ParentRunner$2.evaluate(ParentRunner.java:229)
	at org.junit.internal.runners.statements.RunBefores.evaluate(RunBefores.java:26)
	at org.springframework.test.context.junit4.statements.RunBeforeTestClassCallbacks.evaluate(RunBeforeTestClassCallbacks.java:61)
	at org.springframework.test.context.junit4.statements.RunAfterTestClassCallbacks.evaluate(RunAfterTestClassCallbacks.java:71)
	at org.junit.runners.ParentRunner.run(ParentRunner.java:309)
	at org.springframework.test.context.junit4.SpringJUnit4ClassRunner.run(SpringJUnit4ClassRunner.java:176)
	at org.gradle.api.internal.tasks.testing.junit.JUnitTestClassExecuter.runTestClass(JUnitTestClassExecuter.java:86)
	at org.gradle.api.internal.tasks.testing.junit.JUnitTestClassExecuter.execute(JUnitTestClassExecuter.java:49)
	at org.gradle.api.internal.tasks.testing.junit.JUnitTestClassProcessor.processTestClass(JUnitTestClassProcessor.java:64)
	at org.gradle.api.internal.tasks.testing.SuiteTestClassProcessor.processTestClass(SuiteTestClassProcessor.java:50)
	at sun.reflect.GeneratedMethodAccessor108.invoke(Unknown Source)
	at sun.reflect.DelegatingMethodAccessorImpl.invoke(DelegatingMethodAccessorImpl.java:43)
	at java.lang.reflect.Method.invoke(Method.java:606)
	at org.gradle.messaging.dispatch.ReflectionDispatch.dispatch(ReflectionDispatch.java:35)
	at org.gradle.messaging.dispatch.ReflectionDispatch.dispatch(ReflectionDispatch.java:24)
	at org.gradle.messaging.dispatch.ContextClassLoaderDispatch.dispatch(ContextClassLoaderDispatch.java:32)
	at org.gradle.messaging.dispatch.ProxyDispatchAdapter$DispatchingInvocationHandler.invoke(ProxyDispatchAdapter.java:93)
	at com.sun.proxy.$Proxy2.processTestClass(Unknown Source)
	at org.gradle.api.internal.tasks.testing.worker.TestWorker.processTestClass(TestWorker.java:106)
	at sun.reflect.GeneratedMethodAccessor107.invoke(Unknown Source)
	at sun.reflect.DelegatingMethodAccessorImpl.invoke(DelegatingMethodAccessorImpl.java:43)
	at java.lang.reflect.Method.invoke(Method.java:606)
	at org.gradle.messaging.dispatch.ReflectionDispatch.dispatch(ReflectionDispatch.java:35)
	at org.gradle.messaging.dispatch.ReflectionDispatch.dispatch(ReflectionDispatch.java:24)
	at org.gradle.messaging.remote.internal.hub.MessageHub$Handler.run(MessageHub.java:360)
	at org.gradle.internal.concurrent.DefaultExecutorFactory$StoppableExecutorImpl$1.run(DefaultExecutorFactory.java:64)
	at java.util.concurrent.ThreadPoolExecutor.runWorker(ThreadPoolExecutor.java:1145)
	at java.util.concurrent.ThreadPoolExecutor$Worker.run(ThreadPoolExecutor.java:615)
	at java.lang.Thread.run(Thread.java:745)
CommunicationType.commTypeName size must be between 0 and 128
java.lang.SecurityException: CommunicationType.commTypeName size must be between 0 and 128
	at com.athena.server.pluggable.utils.helper.EntityValidatorHelper.validateEntity(EntityValidatorHelper.java:37)
	at projecttwo.app.shared.organization.contactmanagement.CommunicationType.isValid(CommunicationType.java:173)
	at projecttwo.app.server.service.organization.contactmanagement.CommunicationTypeTestCase.validateCommunicationType(CommunicationTypeTestCase.java:219)
	at projecttwo.app.server.service.organization.contactmanagement.CommunicationTypeTestCase.test5NegativeTesting(CommunicationTypeTestCase.java:258)
	at sun.reflect.NativeMethodAccessorImpl.invoke0(Native Method)
	at sun.reflect.NativeMethodAccessorImpl.invoke(NativeMethodAccessorImpl.java:57)
	at sun.reflect.DelegatingMethodAccessorImpl.invoke(DelegatingMethodAccessorImpl.java:43)
	at java.lang.reflect.Method.invoke(Method.java:606)
	at org.junit.runners.model.FrameworkMethod$1.runReflectiveCall(FrameworkMethod.java:47)
	at org.junit.internal.runners.model.ReflectiveCallable.run(ReflectiveCallable.java:12)
	at org.junit.runners.model.FrameworkMethod.invokeExplosively(FrameworkMethod.java:44)
	at org.junit.internal.runners.statements.InvokeMethod.evaluate(InvokeMethod.java:17)
	at org.junit.internal.runners.statements.RunBefores.evaluate(RunBefores.java:26)
	at org.springframework.test.context.junit4.statements.RunBeforeTestMethodCallbacks.evaluate(RunBeforeTestMethodCallbacks.java:74)
	at org.junit.internal.runners.statements.RunAfters.evaluate(RunAfters.java:27)
	at org.springframework.test.context.junit4.statements.RunAfterTestMethodCallbacks.evaluate(RunAfterTestMethodCallbacks.java:83)
	at org.springframework.test.context.junit4.statements.SpringRepeat.evaluate(SpringRepeat.java:72)
	at org.springframework.test.context.junit4.SpringJUnit4ClassRunner.runChild(SpringJUnit4ClassRunner.java:233)
	at org.springframework.test.context.junit4.SpringJUnit4ClassRunner.runChild(SpringJUnit4ClassRunner.java:87)
	at org.junit.runners.ParentRunner$3.run(ParentRunner.java:238)
	at org.junit.runners.ParentRunner$1.schedule(ParentRunner.java:63)
	at org.junit.runners.ParentRunner.runChildren(ParentRunner.java:236)
	at org.junit.runners.ParentRunner.access$000(ParentRunner.java:53)
	at org.junit.runners.ParentRunner$2.evaluate(ParentRunner.java:229)
	at org.junit.internal.runners.statements.RunBefores.evaluate(RunBefores.java:26)
	at org.springframework.test.context.junit4.statements.RunBeforeTestClassCallbacks.evaluate(RunBeforeTestClassCallbacks.java:61)
	at org.springframework.test.context.junit4.statements.RunAfterTestClassCallbacks.evaluate(RunAfterTestClassCallbacks.java:71)
	at org.junit.runners.ParentRunner.run(ParentRunner.java:309)
	at org.springframework.test.context.junit4.SpringJUnit4ClassRunner.run(SpringJUnit4ClassRunner.java:176)
	at org.gradle.api.internal.tasks.testing.junit.JUnitTestClassExecuter.runTestClass(JUnitTestClassExecuter.java:86)
	at org.gradle.api.internal.tasks.testing.junit.JUnitTestClassExecuter.execute(JUnitTestClassExecuter.java:49)
	at org.gradle.api.internal.tasks.testing.junit.JUnitTestClassProcessor.processTestClass(JUnitTestClassProcessor.java:64)
	at org.gradle.api.internal.tasks.testing.SuiteTestClassProcessor.processTestClass(SuiteTestClassProcessor.java:50)
	at sun.reflect.GeneratedMethodAccessor108.invoke(Unknown Source)
	at sun.reflect.DelegatingMethodAccessorImpl.invoke(DelegatingMethodAccessorImpl.java:43)
	at java.lang.reflect.Method.invoke(Method.java:606)
	at org.gradle.messaging.dispatch.ReflectionDispatch.dispatch(ReflectionDispatch.java:35)
	at org.gradle.messaging.dispatch.ReflectionDispatch.dispatch(ReflectionDispatch.java:24)
	at org.gradle.messaging.dispatch.ContextClassLoaderDispatch.dispatch(ContextClassLoaderDispatch.java:32)
	at org.gradle.messaging.dispatch.ProxyDispatchAdapter$DispatchingInvocationHandler.invoke(ProxyDispatchAdapter.java:93)
	at com.sun.proxy.$Proxy2.processTestClass(Unknown Source)
	at org.gradle.api.internal.tasks.testing.worker.TestWorker.processTestClass(TestWorker.java:106)
	at sun.reflect.GeneratedMethodAccessor107.invoke(Unknown Source)
	at sun.reflect.DelegatingMethodAccessorImpl.invoke(DelegatingMethodAccessorImpl.java:43)
	at java.lang.reflect.Method.invoke(Method.java:606)
	at org.gradle.messaging.dispatch.ReflectionDispatch.dispatch(ReflectionDispatch.java:35)
	at org.gradle.messaging.dispatch.ReflectionDispatch.dispatch(ReflectionDispatch.java:24)
	at org.gradle.messaging.remote.internal.hub.MessageHub$Handler.run(MessageHub.java:360)
	at org.gradle.internal.concurrent.DefaultExecutorFactory$StoppableExecutorImpl$1.run(DefaultExecutorFactory.java:64)
	at java.util.concurrent.ThreadPoolExecutor.runWorker(ThreadPoolExecutor.java:1145)
	at java.util.concurrent.ThreadPoolExecutor$Worker.run(ThreadPoolExecutor.java:615)
	at java.lang.Thread.run(Thread.java:745)
CommunicationType.commTypeDescription size must be between 0 and 256
java.lang.SecurityException: CommunicationType.commTypeDescription size must be between 0 and 256
	at com.athena.server.pluggable.utils.helper.EntityValidatorHelper.validateEntity(EntityValidatorHelper.java:37)
	at projecttwo.app.shared.organization.contactmanagement.CommunicationType.isValid(CommunicationType.java:173)
	at projecttwo.app.server.service.organization.contactmanagement.CommunicationTypeTestCase.validateCommunicationType(CommunicationTypeTestCase.java:219)
	at projecttwo.app.server.service.organization.contactmanagement.CommunicationTypeTestCase.test5NegativeTesting(CommunicationTypeTestCase.java:263)
	at sun.reflect.NativeMethodAccessorImpl.invoke0(Native Method)
	at sun.reflect.NativeMethodAccessorImpl.invoke(NativeMethodAccessorImpl.java:57)
	at sun.reflect.DelegatingMethodAccessorImpl.invoke(DelegatingMethodAccessorImpl.java:43)
	at java.lang.reflect.Method.invoke(Method.java:606)
	at org.junit.runners.model.FrameworkMethod$1.runReflectiveCall(FrameworkMethod.java:47)
	at org.junit.internal.runners.model.ReflectiveCallable.run(ReflectiveCallable.java:12)
	at org.junit.runners.model.FrameworkMethod.invokeExplosively(FrameworkMethod.java:44)
	at org.junit.internal.runners.statements.InvokeMethod.evaluate(InvokeMethod.java:17)
	at org.junit.internal.runners.statements.RunBefores.evaluate(RunBefores.java:26)
	at org.springframework.test.context.junit4.statements.RunBeforeTestMethodCallbacks.evaluate(RunBeforeTestMethodCallbacks.java:74)
	at org.junit.internal.runners.statements.RunAfters.evaluate(RunAfters.java:27)
	at org.springframework.test.context.junit4.statements.RunAfterTestMethodCallbacks.evaluate(RunAfterTestMethodCallbacks.java:83)
	at org.springframework.test.context.junit4.statements.SpringRepeat.evaluate(SpringRepeat.java:72)
	at org.springframework.test.context.junit4.SpringJUnit4ClassRunner.runChild(SpringJUnit4ClassRunner.java:233)
	at org.springframework.test.context.junit4.SpringJUnit4ClassRunner.runChild(SpringJUnit4ClassRunner.java:87)
	at org.junit.runners.ParentRunner$3.run(ParentRunner.java:238)
	at org.junit.runners.ParentRunner$1.schedule(ParentRunner.java:63)
	at org.junit.runners.ParentRunner.runChildren(ParentRunner.java:236)
	at org.junit.runners.ParentRunner.access$000(ParentRunner.java:53)
	at org.junit.runners.ParentRunner$2.evaluate(ParentRunner.java:229)
	at org.junit.internal.runners.statements.RunBefores.evaluate(RunBefores.java:26)
	at org.springframework.test.context.junit4.statements.RunBeforeTestClassCallbacks.evaluate(RunBeforeTestClassCallbacks.java:61)
	at org.springframework.test.context.junit4.statements.RunAfterTestClassCallbacks.evaluate(RunAfterTestClassCallbacks.java:71)
	at org.junit.runners.ParentRunner.run(ParentRunner.java:309)
	at org.springframework.test.context.junit4.SpringJUnit4ClassRunner.run(SpringJUnit4ClassRunner.java:176)
	at org.gradle.api.internal.tasks.testing.junit.JUnitTestClassExecuter.runTestClass(JUnitTestClassExecuter.java:86)
	at org.gradle.api.internal.tasks.testing.junit.JUnitTestClassExecuter.execute(JUnitTestClassExecuter.java:49)
	at org.gradle.api.internal.tasks.testing.junit.JUnitTestClassProcessor.processTestClass(JUnitTestClassProcessor.java:64)
	at org.gradle.api.internal.tasks.testing.SuiteTestClassProcessor.processTestClass(SuiteTestClassProcessor.java:50)
	at sun.reflect.GeneratedMethodAccessor108.invoke(Unknown Source)
	at sun.reflect.DelegatingMethodAccessorImpl.invoke(DelegatingMethodAccessorImpl.java:43)
	at java.lang.reflect.Method.invoke(Method.java:606)
	at org.gradle.messaging.dispatch.ReflectionDispatch.dispatch(ReflectionDispatch.java:35)
	at org.gradle.messaging.dispatch.ReflectionDispatch.dispatch(ReflectionDispatch.java:24)
	at org.gradle.messaging.dispatch.ContextClassLoaderDispatch.dispatch(ContextClassLoaderDispatch.java:32)
	at org.gradle.messaging.dispatch.ProxyDispatchAdapter$DispatchingInvocationHandler.invoke(ProxyDispatchAdapter.java:93)
	at com.sun.proxy.$Proxy2.processTestClass(Unknown Source)
	at org.gradle.api.internal.tasks.testing.worker.TestWorker.processTestClass(TestWorker.java:106)
	at sun.reflect.GeneratedMethodAccessor107.invoke(Unknown Source)
	at sun.reflect.DelegatingMethodAccessorImpl.invoke(DelegatingMethodAccessorImpl.java:43)
	at java.lang.reflect.Method.invoke(Method.java:606)
	at org.gradle.messaging.dispatch.ReflectionDispatch.dispatch(ReflectionDispatch.java:35)
	at org.gradle.messaging.dispatch.ReflectionDispatch.dispatch(ReflectionDispatch.java:24)
	at org.gradle.messaging.remote.internal.hub.MessageHub$Handler.run(MessageHub.java:360)
	at org.gradle.internal.concurrent.DefaultExecutorFactory$StoppableExecutorImpl$1.run(DefaultExecutorFactory.java:64)
	at java.util.concurrent.ThreadPoolExecutor.runWorker(ThreadPoolExecutor.java:1145)
	at java.util.concurrent.ThreadPoolExecutor$Worker.run(ThreadPoolExecutor.java:615)
	at java.lang.Thread.run(Thread.java:745)
]]></system-err>
</testsuite>
