<?xml version="1.0" encoding="UTF-8"?>
<testsuite name="projecttwo.app.server.service.organization.locationmanagement.TimezoneTestCase" tests="5" skipped="0" failures="0" errors="0" timestamp="2016-08-24T09:13:29" hostname="779044df1698" time="0.352">
  <properties/>
  <testcase name="test1Save" classname="projecttwo.app.server.service.organization.locationmanagement.TimezoneTestCase" time="0.126"/>
  <testcase name="test2Update" classname="projecttwo.app.server.service.organization.locationmanagement.TimezoneTestCase" time="0.075"/>
  <testcase name="test3FindById" classname="projecttwo.app.server.service.organization.locationmanagement.TimezoneTestCase" time="0.035"/>
  <testcase name="test5NegativeTesting" classname="projecttwo.app.server.service.organization.locationmanagement.TimezoneTestCase" time="0.027"/>
  <testcase name="test6Delete" classname="projecttwo.app.server.service.organization.locationmanagement.TimezoneTestCase" time="0.089"/>
  <system-out><![CDATA[Wed Aug 24 09:13:29 UTC 2016|Log Manager Factory|Initialization Process started.....
Wed Aug 24 09:13:29 UTC 2016|Log Manager|Initialized with Path = [/home/applifire/workspace/project2/src/main/webapp/WEB-INF/conf]
Wed Aug 24 09:13:29 UTC 2016|Alarm Manager|Initialized with Path = [/home/applifire/workspace/project2/src/main/webapp/WEB-INF/conf]
Wed Aug 24 09:13:29 UTC 2016|Alarm Manager|Loading Alarms ......
Wed Aug 24 09:13:29 UTC 2016|Alarm XML Parser|FWA|XML Parsing Complete........ 
Wed Aug 24 09:13:29 UTC 2016|Alarm File Manager|FWA|Alarm File Status.. [ApplicationFrameworkAlarms.xml]|Version=15|Status=Done 
Wed Aug 24 09:13:29 UTC 2016|Alarm File Manager|FWA|Alarm Stats = ( BC/AL=5/786 SYS=5/11 [786/0]  TPL=0/0 [0/0]  APP= A.Map=[875]  E.Map EC/RC=[391/79] )
Wed Aug 24 09:13:29 UTC 2016|Alarm XML Parser|APP|XML Parsing Complete........ 
Wed Aug 24 09:13:29 UTC 2016|Alarm File Manager|APP|Alarm File Status.. [ApplicationAlarms.xml]|Version=1|Status=Done 
Wed Aug 24 09:13:29 UTC 2016|Alarm File Manager|APP|Alarm Stats = ( BC/AL=5/786 SYS=5/11 [786/0]  TPL=0/0 [0/0]  APP=0/0 [0/0]  A.Map=[875]  E.Map EC/RC=[391/79] )
Wed Aug 24 09:13:29 UTC 2016|ApplicationAlarmContext| <><><><><> Create App Alarms ....  <><><><><> 
Wed Aug 24 09:13:29 UTC 2016|ApplicationAlarmContext|Alarms are generated ONLY in Development Mode.. 
Wed Aug 24 09:13:29 UTC 2016|Alarm Manager|APP|Alarm Stats = ( BC/AL=5/786 SYS=5/11 [786/0]  TPL=0/0 [0/0]  APP=0/0 [0/0]  A.Map=[875]  E.Map EC/RC=[391/79] )
Wed Aug 24 09:13:29 UTC 2016|Alarm Manager|Initialized Exception Lookup...
Wed Aug 24 09:13:29 UTC 2016|Log Manager|Initialize Log Config File ......
Wed Aug 24 09:13:29 UTC 2016|Pluggable Connectors|Adding Connectors : StandardOutputConnector isEnabled=true isDefault=false isFallBack=true
Wed Aug 24 09:13:29 UTC 2016|Pluggable Connectors|Adding Connectors : StandardFileConnector isEnabled=true isDefault=false isFallBack=false
Wed Aug 24 09:13:29 UTC 2016|Pluggable Connectors|Adding Connectors : Sprinkler isEnabled=true isDefault=true isFallBack=false
Wed Aug 24 09:13:29 UTC 2016|Pluggable Connectors|Default Connector Name : com.spartan.logger.core.LogMessenger
Wed Aug 24 09:13:29 UTC 2016|Log Config Parser|Connector Least Log Level =[4]  FallBack Log Level =[3]
Wed Aug 24 09:13:29 UTC 2016|Log Manager|Loading Default Connector for Logging ......
Wed Aug 24 09:13:29 UTC 2016|Log Manager|Loading class .. com.spartan.logger.core.LogMessenger
Wed Aug 24 09:13:29 UTC 2016|Plugggable Connector|Connector class com.spartan.logger.core.LogMessenger Initialized... @ Log Level = 3
Wed Aug 24 09:13:29 UTC 2016|Log Manager|Starting the Default Connector [com.spartan.logger.core.LogMessenger@385bbcb1] ....
Wed Aug 24 09:13:29 UTC 2016|Scheduler|Starting the Scheduler ......
Wed Aug 24 09:13:29 UTC 2016|Scheduler|Adding [LMID=[48db90a1-da1c-4294-b0dc-2cb1386596b8]] Delay=5 Time Unit=MINUTES
Wed Aug 24 09:13:29 UTC 2016|Scheduler|Adding [App Alarm Manager File=[ApplicationAlarms.xml]] Delay=30 Time Unit=MINUTES
Wed Aug 24 09:13:29 UTC 2016|Scheduler|Adding [FW Alarm Manager File=[ApplicationFrameworkAlarms.xml]] Delay=3 Time Unit=MINUTES
Wed Aug 24 09:13:29 UTC 2016|Scheduler|Startup Completed..
Wed Aug 24 09:13:29 UTC 2016|Log Manager|Initialization Process Complete ......
Wed Aug 24 09:13:29 UTC 2016|Log Manager Factory|Log Manager READY! ID = 48db90a1-da1c-4294-b0dc-2cb1386596b8
[EL Finer]: connection: 2016-08-24 09:13:29.689--ServerSession(516354556)--Thread(Thread[Test worker,5,main])--client acquired: 1098085105
[EL Finer]: transaction: 2016-08-24 09:13:29.689--ClientSession(1098085105)--Thread(Thread[Test worker,5,main])--acquire unit of work: 41897417
[EL Finest]: connection: 2016-08-24 09:13:29.689--ServerSession(516354556)--Connection(1942734950)--Thread(Thread[Test worker,5,main])--Connection acquired from connection pool [default].
[EL Finer]: transaction: 2016-08-24 09:13:29.689--ClientSession(1098085105)--Connection(1942734950)--Thread(Thread[Test worker,5,main])--begin transaction
[EL Finest]: connection: 2016-08-24 09:13:29.689--ClientSession(1098085105)--Thread(Thread[Test worker,5,main])--reconnecting to external connection pool
Wed Aug 24 09:13:29 UTC 2016|Unknown Alarm = ORGLM312100100 Alarm Split = ORG-LM-3-1-2-100-100
[EL Finest]: transaction: 2016-08-24 09:13:29.69--UnitOfWork(41897417)--Thread(Thread[Test worker,5,main])--persist() operation called on: 6,aKl6hMcELlhAMhxxFqfaYI8UfJgC82BJ3RuFINsH08AjlvnKry.
[EL Finest]: sequencing: 2016-08-24 09:13:29.69--UnitOfWork(41897417)--Thread(Thread[Test worker,5,main])--assign sequence to the object (DD94F1FA-1B28-48DD-AA4F-19751076A565 -> 6,aKl6hMcELlhAMhxxFqfaYI8UfJgC82BJ3RuFINsH08AjlvnKry)
[EL Finer]: transaction: 2016-08-24 09:13:29.691--UnitOfWork(41897417)--Thread(Thread[Test worker,5,main])--begin unit of work commit
[EL Finest]: query: 2016-08-24 09:13:29.691--UnitOfWork(41897417)--Thread(Thread[Test worker,5,main])--Execute query InsertObjectQuery(6,aKl6hMcELlhAMhxxFqfaYI8UfJgC82BJ3RuFINsH08AjlvnKry)
[EL Fine]: sql: 2016-08-24 09:13:29.691--ClientSession(1098085105)--Connection(1939485439)--Thread(Thread[Test worker,5,main])--INSERT INTO ast_Timezone_M (timeZoneId, cities, country, gmtLabel, timeZoneLabel, utcdifference, versionId, createdBy, createdDate, updatedBy, updatedDate, activeStatus, txnAccessCode) VALUES (?, ?, ?, ?, ?, ?, ?, ?, ?, ?, ?, ?, ?)
	bind => [DD94F1FA-1B28-48DD-AA4F-19751076A565, O22NAfHmPgS7aBTGSAKPzZdXdzmUHseobmYhYXUnxnbyjB1uwk, vheWFrcqXIDUbo6ejlFdiHSqbUzHSsDyg4t007Iak2gMulOnQl, O60LvXfR4CvYudBySFyCKAInHyAlLtHHqkkRx9MC1axIpztCCi, aKl6hMcELlhAMhxxFqfaYI8UfJgC82BJ3RuFINsH08AjlvnKry, 6, 1, AAAAA, 2016-08-24 09:13:29.668, AAAAA, 2016-08-24 09:13:29.668, 1, 51000]
[EL Finer]: transaction: 2016-08-24 09:13:29.693--ClientSession(1098085105)--Connection(1939485439)--Thread(Thread[Test worker,5,main])--commit transaction
[EL Finest]: connection: 2016-08-24 09:13:29.764--ServerSession(516354556)--Connection(1942734950)--Thread(Thread[Test worker,5,main])--Connection released to connection pool [default].
[EL Finer]: transaction: 2016-08-24 09:13:29.764--UnitOfWork(41897417)--Thread(Thread[Test worker,5,main])--end unit of work commit
[EL Finer]: transaction: 2016-08-24 09:13:29.764--UnitOfWork(41897417)--Thread(Thread[Test worker,5,main])--resume unit of work
[EL Finer]: transaction: 2016-08-24 09:13:29.764--UnitOfWork(41897417)--Thread(Thread[Test worker,5,main])--release unit of work
[EL Finer]: connection: 2016-08-24 09:13:29.764--ClientSession(1098085105)--Thread(Thread[Test worker,5,main])--client released
[EL Finer]: connection: 2016-08-24 09:13:29.793--ServerSession(516354556)--Thread(Thread[Test worker,5,main])--client acquired: 1571793817
[EL Finer]: transaction: 2016-08-24 09:13:29.793--ClientSession(1571793817)--Thread(Thread[Test worker,5,main])--acquire unit of work: 942340572
[EL Finest]: connection: 2016-08-24 09:13:29.793--ServerSession(516354556)--Connection(226096979)--Thread(Thread[Test worker,5,main])--Connection acquired from connection pool [default].
[EL Finer]: transaction: 2016-08-24 09:13:29.793--ClientSession(1571793817)--Connection(226096979)--Thread(Thread[Test worker,5,main])--begin transaction
[EL Finest]: connection: 2016-08-24 09:13:29.793--ClientSession(1571793817)--Thread(Thread[Test worker,5,main])--reconnecting to external connection pool
[EL Finer]: transaction: 2016-08-24 09:13:29.795--UnitOfWork(942340572)--Thread(Thread[Test worker,5,main])--begin unit of work flush
[EL Finer]: transaction: 2016-08-24 09:13:29.795--UnitOfWork(942340572)--Thread(Thread[Test worker,5,main])--end unit of work flush
[EL Finest]: query: 2016-08-24 09:13:29.795--UnitOfWork(942340572)--Thread(Thread[Test worker,5,main])--Execute query ReadAllQuery(name="Timezone.findById" referenceClass=Timezone sql="SELECT timeZoneId, cities, country, gmtLabel, timeZoneLabel, utcdifference, versionId, createdBy, createdDate, updatedBy, updatedDate, activeStatus, txnAccessCode FROM ast_Timezone_M WHERE ((activeStatus = ?) AND (timeZoneId = ?))")
[EL Fine]: sql: 2016-08-24 09:13:29.795--ClientSession(1571793817)--Connection(1219136151)--Thread(Thread[Test worker,5,main])--SELECT timeZoneId, cities, country, gmtLabel, timeZoneLabel, utcdifference, versionId, createdBy, createdDate, updatedBy, updatedDate, activeStatus, txnAccessCode FROM ast_Timezone_M WHERE ((activeStatus = ?) AND (timeZoneId = ?))
	bind => [1, DD94F1FA-1B28-48DD-AA4F-19751076A565]
[EL Finer]: transaction: 2016-08-24 09:13:29.797--UnitOfWork(942340572)--Thread(Thread[Test worker,5,main])--begin unit of work commit
[EL Finer]: transaction: 2016-08-24 09:13:29.798--ClientSession(1571793817)--Connection(1219136151)--Thread(Thread[Test worker,5,main])--commit transaction
[EL Finest]: connection: 2016-08-24 09:13:29.798--ServerSession(516354556)--Connection(226096979)--Thread(Thread[Test worker,5,main])--Connection released to connection pool [default].
[EL Finer]: transaction: 2016-08-24 09:13:29.798--UnitOfWork(942340572)--Thread(Thread[Test worker,5,main])--end unit of work commit
[EL Finer]: transaction: 2016-08-24 09:13:29.798--UnitOfWork(942340572)--Thread(Thread[Test worker,5,main])--resume unit of work
[EL Finer]: transaction: 2016-08-24 09:13:29.799--UnitOfWork(942340572)--Thread(Thread[Test worker,5,main])--release unit of work
[EL Finer]: connection: 2016-08-24 09:13:29.799--ClientSession(1571793817)--Thread(Thread[Test worker,5,main])--client released
[EL Finer]: connection: 2016-08-24 09:13:29.799--ServerSession(516354556)--Thread(Thread[Test worker,5,main])--client acquired: 1126020406
[EL Finer]: transaction: 2016-08-24 09:13:29.799--ClientSession(1126020406)--Thread(Thread[Test worker,5,main])--acquire unit of work: 1399066278
[EL Finest]: connection: 2016-08-24 09:13:29.799--ServerSession(516354556)--Connection(1308483343)--Thread(Thread[Test worker,5,main])--Connection acquired from connection pool [default].
[EL Finer]: transaction: 2016-08-24 09:13:29.799--ClientSession(1126020406)--Connection(1308483343)--Thread(Thread[Test worker,5,main])--begin transaction
[EL Finest]: connection: 2016-08-24 09:13:29.799--ClientSession(1126020406)--Thread(Thread[Test worker,5,main])--reconnecting to external connection pool
[EL Finest]: transaction: 2016-08-24 09:13:29.803--UnitOfWork(1399066278)--Thread(Thread[Test worker,5,main])--Merge clone with references 3,b7qhetLFJf0zqq2EjL4axGY2217lDdxT65DpitiamzBXNLYryj
[EL Finest]: query: 2016-08-24 09:13:29.803--UnitOfWork(1399066278)--Thread(Thread[Test worker,5,main])--Execute query ReadObjectQuery(referenceClass=Timezone )
[EL Fine]: sql: 2016-08-24 09:13:29.804--ClientSession(1126020406)--Connection(341461192)--Thread(Thread[Test worker,5,main])--SELECT timeZoneId, cities, country, gmtLabel, timeZoneLabel, utcdifference, versionId, createdBy, createdDate, updatedBy, updatedDate, activeStatus, txnAccessCode FROM ast_Timezone_M WHERE (timeZoneId = ?)
	bind => [DD94F1FA-1B28-48DD-AA4F-19751076A565]
[EL Finer]: transaction: 2016-08-24 09:13:29.805--UnitOfWork(1399066278)--Thread(Thread[Test worker,5,main])--begin unit of work commit
[EL Finest]: query: 2016-08-24 09:13:29.806--UnitOfWork(1399066278)--Thread(Thread[Test worker,5,main])--Execute query UpdateObjectQuery(3,b7qhetLFJf0zqq2EjL4axGY2217lDdxT65DpitiamzBXNLYryj)
[EL Fine]: sql: 2016-08-24 09:13:29.806--ClientSession(1126020406)--Connection(341461192)--Thread(Thread[Test worker,5,main])--UPDATE ast_Timezone_M SET cities = ?, country = ?, gmtLabel = ?, timeZoneLabel = ?, utcdifference = ?, versionId = ? WHERE ((timeZoneId = ?) AND (versionId = ?))
	bind => [DsTMwAj3LgF8wXtCvmi8cVHA2O6qYblQQUV5FKwZbSTExie3lK, HDoQRPHnAm7u2Vc5Iwfs2JqYMmIssV0HG3gMfva6zgXNH6fSG8, qxe8igasTKWhmxmEgOZRgmBOcEjeQfB7mIMHbw7DSPmwSPe09g, b7qhetLFJf0zqq2EjL4axGY2217lDdxT65DpitiamzBXNLYryj, 3, 2, DD94F1FA-1B28-48DD-AA4F-19751076A565, 1]
[EL Finer]: transaction: 2016-08-24 09:13:29.807--ClientSession(1126020406)--Connection(341461192)--Thread(Thread[Test worker,5,main])--commit transaction
[EL Finest]: connection: 2016-08-24 09:13:29.839--ServerSession(516354556)--Connection(1308483343)--Thread(Thread[Test worker,5,main])--Connection released to connection pool [default].
[EL Finer]: transaction: 2016-08-24 09:13:29.839--UnitOfWork(1399066278)--Thread(Thread[Test worker,5,main])--end unit of work commit
[EL Finer]: transaction: 2016-08-24 09:13:29.839--UnitOfWork(1399066278)--Thread(Thread[Test worker,5,main])--resume unit of work
[EL Finer]: transaction: 2016-08-24 09:13:29.839--UnitOfWork(1399066278)--Thread(Thread[Test worker,5,main])--release unit of work
[EL Finer]: connection: 2016-08-24 09:13:29.839--ClientSession(1126020406)--Thread(Thread[Test worker,5,main])--client released
[EL Finer]: connection: 2016-08-24 09:13:29.869--ServerSession(516354556)--Thread(Thread[Test worker,5,main])--client acquired: 1803663711
[EL Finer]: transaction: 2016-08-24 09:13:29.869--ClientSession(1803663711)--Thread(Thread[Test worker,5,main])--acquire unit of work: 296829725
[EL Finest]: connection: 2016-08-24 09:13:29.869--ServerSession(516354556)--Connection(212676094)--Thread(Thread[Test worker,5,main])--Connection acquired from connection pool [default].
[EL Finer]: transaction: 2016-08-24 09:13:29.869--ClientSession(1803663711)--Connection(212676094)--Thread(Thread[Test worker,5,main])--begin transaction
[EL Finest]: connection: 2016-08-24 09:13:29.869--ClientSession(1803663711)--Thread(Thread[Test worker,5,main])--reconnecting to external connection pool
[EL Finer]: transaction: 2016-08-24 09:13:29.871--UnitOfWork(296829725)--Thread(Thread[Test worker,5,main])--begin unit of work flush
[EL Finer]: transaction: 2016-08-24 09:13:29.871--UnitOfWork(296829725)--Thread(Thread[Test worker,5,main])--end unit of work flush
[EL Finest]: query: 2016-08-24 09:13:29.871--UnitOfWork(296829725)--Thread(Thread[Test worker,5,main])--Execute query ReadAllQuery(name="Timezone.findById" referenceClass=Timezone sql="SELECT timeZoneId, cities, country, gmtLabel, timeZoneLabel, utcdifference, versionId, createdBy, createdDate, updatedBy, updatedDate, activeStatus, txnAccessCode FROM ast_Timezone_M WHERE ((activeStatus = ?) AND (timeZoneId = ?))")
[EL Fine]: sql: 2016-08-24 09:13:29.871--ClientSession(1803663711)--Connection(2138223932)--Thread(Thread[Test worker,5,main])--SELECT timeZoneId, cities, country, gmtLabel, timeZoneLabel, utcdifference, versionId, createdBy, createdDate, updatedBy, updatedDate, activeStatus, txnAccessCode FROM ast_Timezone_M WHERE ((activeStatus = ?) AND (timeZoneId = ?))
	bind => [1, DD94F1FA-1B28-48DD-AA4F-19751076A565]
[EL Finer]: transaction: 2016-08-24 09:13:29.873--UnitOfWork(296829725)--Thread(Thread[Test worker,5,main])--begin unit of work commit
[EL Finer]: transaction: 2016-08-24 09:13:29.874--ClientSession(1803663711)--Connection(2138223932)--Thread(Thread[Test worker,5,main])--commit transaction
[EL Finest]: connection: 2016-08-24 09:13:29.874--ServerSession(516354556)--Connection(212676094)--Thread(Thread[Test worker,5,main])--Connection released to connection pool [default].
[EL Finer]: transaction: 2016-08-24 09:13:29.874--UnitOfWork(296829725)--Thread(Thread[Test worker,5,main])--end unit of work commit
[EL Finer]: transaction: 2016-08-24 09:13:29.874--UnitOfWork(296829725)--Thread(Thread[Test worker,5,main])--resume unit of work
[EL Finer]: transaction: 2016-08-24 09:13:29.875--UnitOfWork(296829725)--Thread(Thread[Test worker,5,main])--release unit of work
[EL Finer]: connection: 2016-08-24 09:13:29.875--ClientSession(1803663711)--Thread(Thread[Test worker,5,main])--client released
[EL Finer]: connection: 2016-08-24 09:13:29.926--ServerSession(516354556)--Thread(Thread[Test worker,5,main])--client acquired: 2069593807
[EL Finer]: transaction: 2016-08-24 09:13:29.926--ClientSession(2069593807)--Thread(Thread[Test worker,5,main])--acquire unit of work: 870483790
[EL Finest]: connection: 2016-08-24 09:13:29.926--ServerSession(516354556)--Connection(1562455166)--Thread(Thread[Test worker,5,main])--Connection acquired from connection pool [default].
[EL Finer]: transaction: 2016-08-24 09:13:29.926--ClientSession(2069593807)--Connection(1562455166)--Thread(Thread[Test worker,5,main])--begin transaction
[EL Finest]: connection: 2016-08-24 09:13:29.926--ClientSession(2069593807)--Thread(Thread[Test worker,5,main])--reconnecting to external connection pool
[EL Finest]: query: 2016-08-24 09:13:29.927--UnitOfWork(870483790)--Thread(Thread[Test worker,5,main])--Execute query ReadObjectQuery(name="readTimezone" referenceClass=Timezone sql="SELECT timeZoneId, cities, country, gmtLabel, timeZoneLabel, utcdifference, versionId, createdBy, createdDate, updatedBy, updatedDate, activeStatus, txnAccessCode FROM ast_Timezone_M WHERE (timeZoneId = ?)")
[EL Fine]: sql: 2016-08-24 09:13:29.927--ClientSession(2069593807)--Connection(1306751622)--Thread(Thread[Test worker,5,main])--SELECT timeZoneId, cities, country, gmtLabel, timeZoneLabel, utcdifference, versionId, createdBy, createdDate, updatedBy, updatedDate, activeStatus, txnAccessCode FROM ast_Timezone_M WHERE (timeZoneId = ?)
	bind => [DD94F1FA-1B28-48DD-AA4F-19751076A565]
[EL Finest]: transaction: 2016-08-24 09:13:29.929--UnitOfWork(870483790)--Thread(Thread[Test worker,5,main])--remove() operation called on: 3,b7qhetLFJf0zqq2EjL4axGY2217lDdxT65DpitiamzBXNLYryj
[EL Finer]: transaction: 2016-08-24 09:13:29.929--UnitOfWork(870483790)--Thread(Thread[Test worker,5,main])--begin unit of work commit
[EL Finest]: query: 2016-08-24 09:13:29.929--UnitOfWork(870483790)--Thread(Thread[Test worker,5,main])--Execute query DoesExistQuery(referenceClass=Timezone )
[EL Finest]: query: 2016-08-24 09:13:29.929--UnitOfWork(870483790)--Thread(Thread[Test worker,5,main])--Execute query DeleteObjectQuery(3,b7qhetLFJf0zqq2EjL4axGY2217lDdxT65DpitiamzBXNLYryj)
[EL Fine]: sql: 2016-08-24 09:13:29.93--ClientSession(2069593807)--Connection(1306751622)--Thread(Thread[Test worker,5,main])--DELETE FROM ast_Timezone_M WHERE ((timeZoneId = ?) AND (versionId = ?))
	bind => [DD94F1FA-1B28-48DD-AA4F-19751076A565, 2]
[EL Finer]: transaction: 2016-08-24 09:13:29.931--ClientSession(2069593807)--Connection(1306751622)--Thread(Thread[Test worker,5,main])--commit transaction
[EL Finest]: connection: 2016-08-24 09:13:29.99--ServerSession(516354556)--Connection(1562455166)--Thread(Thread[Test worker,5,main])--Connection released to connection pool [default].
[EL Finer]: transaction: 2016-08-24 09:13:29.99--UnitOfWork(870483790)--Thread(Thread[Test worker,5,main])--end unit of work commit
[EL Finer]: transaction: 2016-08-24 09:13:29.99--UnitOfWork(870483790)--Thread(Thread[Test worker,5,main])--resume unit of work
[EL Finer]: transaction: 2016-08-24 09:13:29.99--UnitOfWork(870483790)--Thread(Thread[Test worker,5,main])--release unit of work
[EL Finer]: connection: 2016-08-24 09:13:29.99--ClientSession(2069593807)--Thread(Thread[Test worker,5,main])--client released
]]></system-out>
  <system-err><![CDATA[Timezone.utcdifference may not be null
java.lang.SecurityException: Timezone.utcdifference may not be null
	at com.athena.server.pluggable.utils.helper.EntityValidatorHelper.validateEntity(EntityValidatorHelper.java:37)
	at projecttwo.app.shared.organization.locationmanagement.Timezone.isValid(Timezone.java:204)
	at projecttwo.app.server.service.organization.locationmanagement.TimezoneTestCase.validateTimezone(TimezoneTestCase.java:212)
	at projecttwo.app.server.service.organization.locationmanagement.TimezoneTestCase.test5NegativeTesting(TimezoneTestCase.java:247)
	at sun.reflect.NativeMethodAccessorImpl.invoke0(Native Method)
	at sun.reflect.NativeMethodAccessorImpl.invoke(NativeMethodAccessorImpl.java:57)
	at sun.reflect.DelegatingMethodAccessorImpl.invoke(DelegatingMethodAccessorImpl.java:43)
	at java.lang.reflect.Method.invoke(Method.java:606)
	at org.junit.runners.model.FrameworkMethod$1.runReflectiveCall(FrameworkMethod.java:47)
	at org.junit.internal.runners.model.ReflectiveCallable.run(ReflectiveCallable.java:12)
	at org.junit.runners.model.FrameworkMethod.invokeExplosively(FrameworkMethod.java:44)
	at org.junit.internal.runners.statements.InvokeMethod.evaluate(InvokeMethod.java:17)
	at org.junit.internal.runners.statements.RunBefores.evaluate(RunBefores.java:26)
	at org.springframework.test.context.junit4.statements.RunBeforeTestMethodCallbacks.evaluate(RunBeforeTestMethodCallbacks.java:74)
	at org.junit.internal.runners.statements.RunAfters.evaluate(RunAfters.java:27)
	at org.springframework.test.context.junit4.statements.RunAfterTestMethodCallbacks.evaluate(RunAfterTestMethodCallbacks.java:83)
	at org.springframework.test.context.junit4.statements.SpringRepeat.evaluate(SpringRepeat.java:72)
	at org.springframework.test.context.junit4.SpringJUnit4ClassRunner.runChild(SpringJUnit4ClassRunner.java:233)
	at org.springframework.test.context.junit4.SpringJUnit4ClassRunner.runChild(SpringJUnit4ClassRunner.java:87)
	at org.junit.runners.ParentRunner$3.run(ParentRunner.java:238)
	at org.junit.runners.ParentRunner$1.schedule(ParentRunner.java:63)
	at org.junit.runners.ParentRunner.runChildren(ParentRunner.java:236)
	at org.junit.runners.ParentRunner.access$000(ParentRunner.java:53)
	at org.junit.runners.ParentRunner$2.evaluate(ParentRunner.java:229)
	at org.junit.internal.runners.statements.RunBefores.evaluate(RunBefores.java:26)
	at org.springframework.test.context.junit4.statements.RunBeforeTestClassCallbacks.evaluate(RunBeforeTestClassCallbacks.java:61)
	at org.springframework.test.context.junit4.statements.RunAfterTestClassCallbacks.evaluate(RunAfterTestClassCallbacks.java:71)
	at org.junit.runners.ParentRunner.run(ParentRunner.java:309)
	at org.springframework.test.context.junit4.SpringJUnit4ClassRunner.run(SpringJUnit4ClassRunner.java:176)
	at org.gradle.api.internal.tasks.testing.junit.JUnitTestClassExecuter.runTestClass(JUnitTestClassExecuter.java:86)
	at org.gradle.api.internal.tasks.testing.junit.JUnitTestClassExecuter.execute(JUnitTestClassExecuter.java:49)
	at org.gradle.api.internal.tasks.testing.junit.JUnitTestClassProcessor.processTestClass(JUnitTestClassProcessor.java:64)
	at org.gradle.api.internal.tasks.testing.SuiteTestClassProcessor.processTestClass(SuiteTestClassProcessor.java:50)
	at sun.reflect.GeneratedMethodAccessor108.invoke(Unknown Source)
	at sun.reflect.DelegatingMethodAccessorImpl.invoke(DelegatingMethodAccessorImpl.java:43)
	at java.lang.reflect.Method.invoke(Method.java:606)
	at org.gradle.messaging.dispatch.ReflectionDispatch.dispatch(ReflectionDispatch.java:35)
	at org.gradle.messaging.dispatch.ReflectionDispatch.dispatch(ReflectionDispatch.java:24)
	at org.gradle.messaging.dispatch.ContextClassLoaderDispatch.dispatch(ContextClassLoaderDispatch.java:32)
	at org.gradle.messaging.dispatch.ProxyDispatchAdapter$DispatchingInvocationHandler.invoke(ProxyDispatchAdapter.java:93)
	at com.sun.proxy.$Proxy2.processTestClass(Unknown Source)
	at org.gradle.api.internal.tasks.testing.worker.TestWorker.processTestClass(TestWorker.java:106)
	at sun.reflect.GeneratedMethodAccessor107.invoke(Unknown Source)
	at sun.reflect.DelegatingMethodAccessorImpl.invoke(DelegatingMethodAccessorImpl.java:43)
	at java.lang.reflect.Method.invoke(Method.java:606)
	at org.gradle.messaging.dispatch.ReflectionDispatch.dispatch(ReflectionDispatch.java:35)
	at org.gradle.messaging.dispatch.ReflectionDispatch.dispatch(ReflectionDispatch.java:24)
	at org.gradle.messaging.remote.internal.hub.MessageHub$Handler.run(MessageHub.java:360)
	at org.gradle.internal.concurrent.DefaultExecutorFactory$StoppableExecutorImpl$1.run(DefaultExecutorFactory.java:64)
	at java.util.concurrent.ThreadPoolExecutor.runWorker(ThreadPoolExecutor.java:1145)
	at java.util.concurrent.ThreadPoolExecutor$Worker.run(ThreadPoolExecutor.java:615)
	at java.lang.Thread.run(Thread.java:745)
Timezone.utcdifference must be less than or equal to 11
java.lang.SecurityException: Timezone.utcdifference must be less than or equal to 11
	at com.athena.server.pluggable.utils.helper.EntityValidatorHelper.validateEntity(EntityValidatorHelper.java:37)
	at projecttwo.app.shared.organization.locationmanagement.Timezone.isValid(Timezone.java:204)
	at projecttwo.app.server.service.organization.locationmanagement.TimezoneTestCase.validateTimezone(TimezoneTestCase.java:210)
	at projecttwo.app.server.service.organization.locationmanagement.TimezoneTestCase.test5NegativeTesting(TimezoneTestCase.java:252)
	at sun.reflect.NativeMethodAccessorImpl.invoke0(Native Method)
	at sun.reflect.NativeMethodAccessorImpl.invoke(NativeMethodAccessorImpl.java:57)
	at sun.reflect.DelegatingMethodAccessorImpl.invoke(DelegatingMethodAccessorImpl.java:43)
	at java.lang.reflect.Method.invoke(Method.java:606)
	at org.junit.runners.model.FrameworkMethod$1.runReflectiveCall(FrameworkMethod.java:47)
	at org.junit.internal.runners.model.ReflectiveCallable.run(ReflectiveCallable.java:12)
	at org.junit.runners.model.FrameworkMethod.invokeExplosively(FrameworkMethod.java:44)
	at org.junit.internal.runners.statements.InvokeMethod.evaluate(InvokeMethod.java:17)
	at org.junit.internal.runners.statements.RunBefores.evaluate(RunBefores.java:26)
	at org.springframework.test.context.junit4.statements.RunBeforeTestMethodCallbacks.evaluate(RunBeforeTestMethodCallbacks.java:74)
	at org.junit.internal.runners.statements.RunAfters.evaluate(RunAfters.java:27)
	at org.springframework.test.context.junit4.statements.RunAfterTestMethodCallbacks.evaluate(RunAfterTestMethodCallbacks.java:83)
	at org.springframework.test.context.junit4.statements.SpringRepeat.evaluate(SpringRepeat.java:72)
	at org.springframework.test.context.junit4.SpringJUnit4ClassRunner.runChild(SpringJUnit4ClassRunner.java:233)
	at org.springframework.test.context.junit4.SpringJUnit4ClassRunner.runChild(SpringJUnit4ClassRunner.java:87)
	at org.junit.runners.ParentRunner$3.run(ParentRunner.java:238)
	at org.junit.runners.ParentRunner$1.schedule(ParentRunner.java:63)
	at org.junit.runners.ParentRunner.runChildren(ParentRunner.java:236)
	at org.junit.runners.ParentRunner.access$000(ParentRunner.java:53)
	at org.junit.runners.ParentRunner$2.evaluate(ParentRunner.java:229)
	at org.junit.internal.runners.statements.RunBefores.evaluate(RunBefores.java:26)
	at org.springframework.test.context.junit4.statements.RunBeforeTestClassCallbacks.evaluate(RunBeforeTestClassCallbacks.java:61)
	at org.springframework.test.context.junit4.statements.RunAfterTestClassCallbacks.evaluate(RunAfterTestClassCallbacks.java:71)
	at org.junit.runners.ParentRunner.run(ParentRunner.java:309)
	at org.springframework.test.context.junit4.SpringJUnit4ClassRunner.run(SpringJUnit4ClassRunner.java:176)
	at org.gradle.api.internal.tasks.testing.junit.JUnitTestClassExecuter.runTestClass(JUnitTestClassExecuter.java:86)
	at org.gradle.api.internal.tasks.testing.junit.JUnitTestClassExecuter.execute(JUnitTestClassExecuter.java:49)
	at org.gradle.api.internal.tasks.testing.junit.JUnitTestClassProcessor.processTestClass(JUnitTestClassProcessor.java:64)
	at org.gradle.api.internal.tasks.testing.SuiteTestClassProcessor.processTestClass(SuiteTestClassProcessor.java:50)
	at sun.reflect.GeneratedMethodAccessor108.invoke(Unknown Source)
	at sun.reflect.DelegatingMethodAccessorImpl.invoke(DelegatingMethodAccessorImpl.java:43)
	at java.lang.reflect.Method.invoke(Method.java:606)
	at org.gradle.messaging.dispatch.ReflectionDispatch.dispatch(ReflectionDispatch.java:35)
	at org.gradle.messaging.dispatch.ReflectionDispatch.dispatch(ReflectionDispatch.java:24)
	at org.gradle.messaging.dispatch.ContextClassLoaderDispatch.dispatch(ContextClassLoaderDispatch.java:32)
	at org.gradle.messaging.dispatch.ProxyDispatchAdapter$DispatchingInvocationHandler.invoke(ProxyDispatchAdapter.java:93)
	at com.sun.proxy.$Proxy2.processTestClass(Unknown Source)
	at org.gradle.api.internal.tasks.testing.worker.TestWorker.processTestClass(TestWorker.java:106)
	at sun.reflect.GeneratedMethodAccessor107.invoke(Unknown Source)
	at sun.reflect.DelegatingMethodAccessorImpl.invoke(DelegatingMethodAccessorImpl.java:43)
	at java.lang.reflect.Method.invoke(Method.java:606)
	at org.gradle.messaging.dispatch.ReflectionDispatch.dispatch(ReflectionDispatch.java:35)
	at org.gradle.messaging.dispatch.ReflectionDispatch.dispatch(ReflectionDispatch.java:24)
	at org.gradle.messaging.remote.internal.hub.MessageHub$Handler.run(MessageHub.java:360)
	at org.gradle.internal.concurrent.DefaultExecutorFactory$StoppableExecutorImpl$1.run(DefaultExecutorFactory.java:64)
	at java.util.concurrent.ThreadPoolExecutor.runWorker(ThreadPoolExecutor.java:1145)
	at java.util.concurrent.ThreadPoolExecutor$Worker.run(ThreadPoolExecutor.java:615)
	at java.lang.Thread.run(Thread.java:745)
Timezone.gmtLabel size must be between 0 and 256
java.lang.SecurityException: Timezone.gmtLabel size must be between 0 and 256
	at com.athena.server.pluggable.utils.helper.EntityValidatorHelper.validateEntity(EntityValidatorHelper.java:37)
	at projecttwo.app.shared.organization.locationmanagement.Timezone.isValid(Timezone.java:204)
	at projecttwo.app.server.service.organization.locationmanagement.TimezoneTestCase.validateTimezone(TimezoneTestCase.java:210)
	at projecttwo.app.server.service.organization.locationmanagement.TimezoneTestCase.test5NegativeTesting(TimezoneTestCase.java:257)
	at sun.reflect.NativeMethodAccessorImpl.invoke0(Native Method)
	at sun.reflect.NativeMethodAccessorImpl.invoke(NativeMethodAccessorImpl.java:57)
	at sun.reflect.DelegatingMethodAccessorImpl.invoke(DelegatingMethodAccessorImpl.java:43)
	at java.lang.reflect.Method.invoke(Method.java:606)
	at org.junit.runners.model.FrameworkMethod$1.runReflectiveCall(FrameworkMethod.java:47)
	at org.junit.internal.runners.model.ReflectiveCallable.run(ReflectiveCallable.java:12)
	at org.junit.runners.model.FrameworkMethod.invokeExplosively(FrameworkMethod.java:44)
	at org.junit.internal.runners.statements.InvokeMethod.evaluate(InvokeMethod.java:17)
	at org.junit.internal.runners.statements.RunBefores.evaluate(RunBefores.java:26)
	at org.springframework.test.context.junit4.statements.RunBeforeTestMethodCallbacks.evaluate(RunBeforeTestMethodCallbacks.java:74)
	at org.junit.internal.runners.statements.RunAfters.evaluate(RunAfters.java:27)
	at org.springframework.test.context.junit4.statements.RunAfterTestMethodCallbacks.evaluate(RunAfterTestMethodCallbacks.java:83)
	at org.springframework.test.context.junit4.statements.SpringRepeat.evaluate(SpringRepeat.java:72)
	at org.springframework.test.context.junit4.SpringJUnit4ClassRunner.runChild(SpringJUnit4ClassRunner.java:233)
	at org.springframework.test.context.junit4.SpringJUnit4ClassRunner.runChild(SpringJUnit4ClassRunner.java:87)
	at org.junit.runners.ParentRunner$3.run(ParentRunner.java:238)
	at org.junit.runners.ParentRunner$1.schedule(ParentRunner.java:63)
	at org.junit.runners.ParentRunner.runChildren(ParentRunner.java:236)
	at org.junit.runners.ParentRunner.access$000(ParentRunner.java:53)
	at org.junit.runners.ParentRunner$2.evaluate(ParentRunner.java:229)
	at org.junit.internal.runners.statements.RunBefores.evaluate(RunBefores.java:26)
	at org.springframework.test.context.junit4.statements.RunBeforeTestClassCallbacks.evaluate(RunBeforeTestClassCallbacks.java:61)
	at org.springframework.test.context.junit4.statements.RunAfterTestClassCallbacks.evaluate(RunAfterTestClassCallbacks.java:71)
	at org.junit.runners.ParentRunner.run(ParentRunner.java:309)
	at org.springframework.test.context.junit4.SpringJUnit4ClassRunner.run(SpringJUnit4ClassRunner.java:176)
	at org.gradle.api.internal.tasks.testing.junit.JUnitTestClassExecuter.runTestClass(JUnitTestClassExecuter.java:86)
	at org.gradle.api.internal.tasks.testing.junit.JUnitTestClassExecuter.execute(JUnitTestClassExecuter.java:49)
	at org.gradle.api.internal.tasks.testing.junit.JUnitTestClassProcessor.processTestClass(JUnitTestClassProcessor.java:64)
	at org.gradle.api.internal.tasks.testing.SuiteTestClassProcessor.processTestClass(SuiteTestClassProcessor.java:50)
	at sun.reflect.GeneratedMethodAccessor108.invoke(Unknown Source)
	at sun.reflect.DelegatingMethodAccessorImpl.invoke(DelegatingMethodAccessorImpl.java:43)
	at java.lang.reflect.Method.invoke(Method.java:606)
	at org.gradle.messaging.dispatch.ReflectionDispatch.dispatch(ReflectionDispatch.java:35)
	at org.gradle.messaging.dispatch.ReflectionDispatch.dispatch(ReflectionDispatch.java:24)
	at org.gradle.messaging.dispatch.ContextClassLoaderDispatch.dispatch(ContextClassLoaderDispatch.java:32)
	at org.gradle.messaging.dispatch.ProxyDispatchAdapter$DispatchingInvocationHandler.invoke(ProxyDispatchAdapter.java:93)
	at com.sun.proxy.$Proxy2.processTestClass(Unknown Source)
	at org.gradle.api.internal.tasks.testing.worker.TestWorker.processTestClass(TestWorker.java:106)
	at sun.reflect.GeneratedMethodAccessor107.invoke(Unknown Source)
	at sun.reflect.DelegatingMethodAccessorImpl.invoke(DelegatingMethodAccessorImpl.java:43)
	at java.lang.reflect.Method.invoke(Method.java:606)
	at org.gradle.messaging.dispatch.ReflectionDispatch.dispatch(ReflectionDispatch.java:35)
	at org.gradle.messaging.dispatch.ReflectionDispatch.dispatch(ReflectionDispatch.java:24)
	at org.gradle.messaging.remote.internal.hub.MessageHub$Handler.run(MessageHub.java:360)
	at org.gradle.internal.concurrent.DefaultExecutorFactory$StoppableExecutorImpl$1.run(DefaultExecutorFactory.java:64)
	at java.util.concurrent.ThreadPoolExecutor.runWorker(ThreadPoolExecutor.java:1145)
	at java.util.concurrent.ThreadPoolExecutor$Worker.run(ThreadPoolExecutor.java:615)
	at java.lang.Thread.run(Thread.java:745)
Timezone.timeZoneLabel size must be between 0 and 256
java.lang.SecurityException: Timezone.timeZoneLabel size must be between 0 and 256
	at com.athena.server.pluggable.utils.helper.EntityValidatorHelper.validateEntity(EntityValidatorHelper.java:37)
	at projecttwo.app.shared.organization.locationmanagement.Timezone.isValid(Timezone.java:204)
	at projecttwo.app.server.service.organization.locationmanagement.TimezoneTestCase.validateTimezone(TimezoneTestCase.java:210)
	at projecttwo.app.server.service.organization.locationmanagement.TimezoneTestCase.test5NegativeTesting(TimezoneTestCase.java:262)
	at sun.reflect.NativeMethodAccessorImpl.invoke0(Native Method)
	at sun.reflect.NativeMethodAccessorImpl.invoke(NativeMethodAccessorImpl.java:57)
	at sun.reflect.DelegatingMethodAccessorImpl.invoke(DelegatingMethodAccessorImpl.java:43)
	at java.lang.reflect.Method.invoke(Method.java:606)
	at org.junit.runners.model.FrameworkMethod$1.runReflectiveCall(FrameworkMethod.java:47)
	at org.junit.internal.runners.model.ReflectiveCallable.run(ReflectiveCallable.java:12)
	at org.junit.runners.model.FrameworkMethod.invokeExplosively(FrameworkMethod.java:44)
	at org.junit.internal.runners.statements.InvokeMethod.evaluate(InvokeMethod.java:17)
	at org.junit.internal.runners.statements.RunBefores.evaluate(RunBefores.java:26)
	at org.springframework.test.context.junit4.statements.RunBeforeTestMethodCallbacks.evaluate(RunBeforeTestMethodCallbacks.java:74)
	at org.junit.internal.runners.statements.RunAfters.evaluate(RunAfters.java:27)
	at org.springframework.test.context.junit4.statements.RunAfterTestMethodCallbacks.evaluate(RunAfterTestMethodCallbacks.java:83)
	at org.springframework.test.context.junit4.statements.SpringRepeat.evaluate(SpringRepeat.java:72)
	at org.springframework.test.context.junit4.SpringJUnit4ClassRunner.runChild(SpringJUnit4ClassRunner.java:233)
	at org.springframework.test.context.junit4.SpringJUnit4ClassRunner.runChild(SpringJUnit4ClassRunner.java:87)
	at org.junit.runners.ParentRunner$3.run(ParentRunner.java:238)
	at org.junit.runners.ParentRunner$1.schedule(ParentRunner.java:63)
	at org.junit.runners.ParentRunner.runChildren(ParentRunner.java:236)
	at org.junit.runners.ParentRunner.access$000(ParentRunner.java:53)
	at org.junit.runners.ParentRunner$2.evaluate(ParentRunner.java:229)
	at org.junit.internal.runners.statements.RunBefores.evaluate(RunBefores.java:26)
	at org.springframework.test.context.junit4.statements.RunBeforeTestClassCallbacks.evaluate(RunBeforeTestClassCallbacks.java:61)
	at org.springframework.test.context.junit4.statements.RunAfterTestClassCallbacks.evaluate(RunAfterTestClassCallbacks.java:71)
	at org.junit.runners.ParentRunner.run(ParentRunner.java:309)
	at org.springframework.test.context.junit4.SpringJUnit4ClassRunner.run(SpringJUnit4ClassRunner.java:176)
	at org.gradle.api.internal.tasks.testing.junit.JUnitTestClassExecuter.runTestClass(JUnitTestClassExecuter.java:86)
	at org.gradle.api.internal.tasks.testing.junit.JUnitTestClassExecuter.execute(JUnitTestClassExecuter.java:49)
	at org.gradle.api.internal.tasks.testing.junit.JUnitTestClassProcessor.processTestClass(JUnitTestClassProcessor.java:64)
	at org.gradle.api.internal.tasks.testing.SuiteTestClassProcessor.processTestClass(SuiteTestClassProcessor.java:50)
	at sun.reflect.GeneratedMethodAccessor108.invoke(Unknown Source)
	at sun.reflect.DelegatingMethodAccessorImpl.invoke(DelegatingMethodAccessorImpl.java:43)
	at java.lang.reflect.Method.invoke(Method.java:606)
	at org.gradle.messaging.dispatch.ReflectionDispatch.dispatch(ReflectionDispatch.java:35)
	at org.gradle.messaging.dispatch.ReflectionDispatch.dispatch(ReflectionDispatch.java:24)
	at org.gradle.messaging.dispatch.ContextClassLoaderDispatch.dispatch(ContextClassLoaderDispatch.java:32)
	at org.gradle.messaging.dispatch.ProxyDispatchAdapter$DispatchingInvocationHandler.invoke(ProxyDispatchAdapter.java:93)
	at com.sun.proxy.$Proxy2.processTestClass(Unknown Source)
	at org.gradle.api.internal.tasks.testing.worker.TestWorker.processTestClass(TestWorker.java:106)
	at sun.reflect.GeneratedMethodAccessor107.invoke(Unknown Source)
	at sun.reflect.DelegatingMethodAccessorImpl.invoke(DelegatingMethodAccessorImpl.java:43)
	at java.lang.reflect.Method.invoke(Method.java:606)
	at org.gradle.messaging.dispatch.ReflectionDispatch.dispatch(ReflectionDispatch.java:35)
	at org.gradle.messaging.dispatch.ReflectionDispatch.dispatch(ReflectionDispatch.java:24)
	at org.gradle.messaging.remote.internal.hub.MessageHub$Handler.run(MessageHub.java:360)
	at org.gradle.internal.concurrent.DefaultExecutorFactory$StoppableExecutorImpl$1.run(DefaultExecutorFactory.java:64)
	at java.util.concurrent.ThreadPoolExecutor.runWorker(ThreadPoolExecutor.java:1145)
	at java.util.concurrent.ThreadPoolExecutor$Worker.run(ThreadPoolExecutor.java:615)
	at java.lang.Thread.run(Thread.java:745)
Timezone.country size must be between 0 and 256
java.lang.SecurityException: Timezone.country size must be between 0 and 256
	at com.athena.server.pluggable.utils.helper.EntityValidatorHelper.validateEntity(EntityValidatorHelper.java:37)
	at projecttwo.app.shared.organization.locationmanagement.Timezone.isValid(Timezone.java:204)
	at projecttwo.app.server.service.organization.locationmanagement.TimezoneTestCase.validateTimezone(TimezoneTestCase.java:210)
	at projecttwo.app.server.service.organization.locationmanagement.TimezoneTestCase.test5NegativeTesting(TimezoneTestCase.java:267)
	at sun.reflect.NativeMethodAccessorImpl.invoke0(Native Method)
	at sun.reflect.NativeMethodAccessorImpl.invoke(NativeMethodAccessorImpl.java:57)
	at sun.reflect.DelegatingMethodAccessorImpl.invoke(DelegatingMethodAccessorImpl.java:43)
	at java.lang.reflect.Method.invoke(Method.java:606)
	at org.junit.runners.model.FrameworkMethod$1.runReflectiveCall(FrameworkMethod.java:47)
	at org.junit.internal.runners.model.ReflectiveCallable.run(ReflectiveCallable.java:12)
	at org.junit.runners.model.FrameworkMethod.invokeExplosively(FrameworkMethod.java:44)
	at org.junit.internal.runners.statements.InvokeMethod.evaluate(InvokeMethod.java:17)
	at org.junit.internal.runners.statements.RunBefores.evaluate(RunBefores.java:26)
	at org.springframework.test.context.junit4.statements.RunBeforeTestMethodCallbacks.evaluate(RunBeforeTestMethodCallbacks.java:74)
	at org.junit.internal.runners.statements.RunAfters.evaluate(RunAfters.java:27)
	at org.springframework.test.context.junit4.statements.RunAfterTestMethodCallbacks.evaluate(RunAfterTestMethodCallbacks.java:83)
	at org.springframework.test.context.junit4.statements.SpringRepeat.evaluate(SpringRepeat.java:72)
	at org.springframework.test.context.junit4.SpringJUnit4ClassRunner.runChild(SpringJUnit4ClassRunner.java:233)
	at org.springframework.test.context.junit4.SpringJUnit4ClassRunner.runChild(SpringJUnit4ClassRunner.java:87)
	at org.junit.runners.ParentRunner$3.run(ParentRunner.java:238)
	at org.junit.runners.ParentRunner$1.schedule(ParentRunner.java:63)
	at org.junit.runners.ParentRunner.runChildren(ParentRunner.java:236)
	at org.junit.runners.ParentRunner.access$000(ParentRunner.java:53)
	at org.junit.runners.ParentRunner$2.evaluate(ParentRunner.java:229)
	at org.junit.internal.runners.statements.RunBefores.evaluate(RunBefores.java:26)
	at org.springframework.test.context.junit4.statements.RunBeforeTestClassCallbacks.evaluate(RunBeforeTestClassCallbacks.java:61)
	at org.springframework.test.context.junit4.statements.RunAfterTestClassCallbacks.evaluate(RunAfterTestClassCallbacks.java:71)
	at org.junit.runners.ParentRunner.run(ParentRunner.java:309)
	at org.springframework.test.context.junit4.SpringJUnit4ClassRunner.run(SpringJUnit4ClassRunner.java:176)
	at org.gradle.api.internal.tasks.testing.junit.JUnitTestClassExecuter.runTestClass(JUnitTestClassExecuter.java:86)
	at org.gradle.api.internal.tasks.testing.junit.JUnitTestClassExecuter.execute(JUnitTestClassExecuter.java:49)
	at org.gradle.api.internal.tasks.testing.junit.JUnitTestClassProcessor.processTestClass(JUnitTestClassProcessor.java:64)
	at org.gradle.api.internal.tasks.testing.SuiteTestClassProcessor.processTestClass(SuiteTestClassProcessor.java:50)
	at sun.reflect.GeneratedMethodAccessor108.invoke(Unknown Source)
	at sun.reflect.DelegatingMethodAccessorImpl.invoke(DelegatingMethodAccessorImpl.java:43)
	at java.lang.reflect.Method.invoke(Method.java:606)
	at org.gradle.messaging.dispatch.ReflectionDispatch.dispatch(ReflectionDispatch.java:35)
	at org.gradle.messaging.dispatch.ReflectionDispatch.dispatch(ReflectionDispatch.java:24)
	at org.gradle.messaging.dispatch.ContextClassLoaderDispatch.dispatch(ContextClassLoaderDispatch.java:32)
	at org.gradle.messaging.dispatch.ProxyDispatchAdapter$DispatchingInvocationHandler.invoke(ProxyDispatchAdapter.java:93)
	at com.sun.proxy.$Proxy2.processTestClass(Unknown Source)
	at org.gradle.api.internal.tasks.testing.worker.TestWorker.processTestClass(TestWorker.java:106)
	at sun.reflect.GeneratedMethodAccessor107.invoke(Unknown Source)
	at sun.reflect.DelegatingMethodAccessorImpl.invoke(DelegatingMethodAccessorImpl.java:43)
	at java.lang.reflect.Method.invoke(Method.java:606)
	at org.gradle.messaging.dispatch.ReflectionDispatch.dispatch(ReflectionDispatch.java:35)
	at org.gradle.messaging.dispatch.ReflectionDispatch.dispatch(ReflectionDispatch.java:24)
	at org.gradle.messaging.remote.internal.hub.MessageHub$Handler.run(MessageHub.java:360)
	at org.gradle.internal.concurrent.DefaultExecutorFactory$StoppableExecutorImpl$1.run(DefaultExecutorFactory.java:64)
	at java.util.concurrent.ThreadPoolExecutor.runWorker(ThreadPoolExecutor.java:1145)
	at java.util.concurrent.ThreadPoolExecutor$Worker.run(ThreadPoolExecutor.java:615)
	at java.lang.Thread.run(Thread.java:745)
Timezone.cities size must be between 0 and 256
java.lang.SecurityException: Timezone.cities size must be between 0 and 256
	at com.athena.server.pluggable.utils.helper.EntityValidatorHelper.validateEntity(EntityValidatorHelper.java:37)
	at projecttwo.app.shared.organization.locationmanagement.Timezone.isValid(Timezone.java:204)
	at projecttwo.app.server.service.organization.locationmanagement.TimezoneTestCase.validateTimezone(TimezoneTestCase.java:210)
	at projecttwo.app.server.service.organization.locationmanagement.TimezoneTestCase.test5NegativeTesting(TimezoneTestCase.java:272)
	at sun.reflect.NativeMethodAccessorImpl.invoke0(Native Method)
	at sun.reflect.NativeMethodAccessorImpl.invoke(NativeMethodAccessorImpl.java:57)
	at sun.reflect.DelegatingMethodAccessorImpl.invoke(DelegatingMethodAccessorImpl.java:43)
	at java.lang.reflect.Method.invoke(Method.java:606)
	at org.junit.runners.model.FrameworkMethod$1.runReflectiveCall(FrameworkMethod.java:47)
	at org.junit.internal.runners.model.ReflectiveCallable.run(ReflectiveCallable.java:12)
	at org.junit.runners.model.FrameworkMethod.invokeExplosively(FrameworkMethod.java:44)
	at org.junit.internal.runners.statements.InvokeMethod.evaluate(InvokeMethod.java:17)
	at org.junit.internal.runners.statements.RunBefores.evaluate(RunBefores.java:26)
	at org.springframework.test.context.junit4.statements.RunBeforeTestMethodCallbacks.evaluate(RunBeforeTestMethodCallbacks.java:74)
	at org.junit.internal.runners.statements.RunAfters.evaluate(RunAfters.java:27)
	at org.springframework.test.context.junit4.statements.RunAfterTestMethodCallbacks.evaluate(RunAfterTestMethodCallbacks.java:83)
	at org.springframework.test.context.junit4.statements.SpringRepeat.evaluate(SpringRepeat.java:72)
	at org.springframework.test.context.junit4.SpringJUnit4ClassRunner.runChild(SpringJUnit4ClassRunner.java:233)
	at org.springframework.test.context.junit4.SpringJUnit4ClassRunner.runChild(SpringJUnit4ClassRunner.java:87)
	at org.junit.runners.ParentRunner$3.run(ParentRunner.java:238)
	at org.junit.runners.ParentRunner$1.schedule(ParentRunner.java:63)
	at org.junit.runners.ParentRunner.runChildren(ParentRunner.java:236)
	at org.junit.runners.ParentRunner.access$000(ParentRunner.java:53)
	at org.junit.runners.ParentRunner$2.evaluate(ParentRunner.java:229)
	at org.junit.internal.runners.statements.RunBefores.evaluate(RunBefores.java:26)
	at org.springframework.test.context.junit4.statements.RunBeforeTestClassCallbacks.evaluate(RunBeforeTestClassCallbacks.java:61)
	at org.springframework.test.context.junit4.statements.RunAfterTestClassCallbacks.evaluate(RunAfterTestClassCallbacks.java:71)
	at org.junit.runners.ParentRunner.run(ParentRunner.java:309)
	at org.springframework.test.context.junit4.SpringJUnit4ClassRunner.run(SpringJUnit4ClassRunner.java:176)
	at org.gradle.api.internal.tasks.testing.junit.JUnitTestClassExecuter.runTestClass(JUnitTestClassExecuter.java:86)
	at org.gradle.api.internal.tasks.testing.junit.JUnitTestClassExecuter.execute(JUnitTestClassExecuter.java:49)
	at org.gradle.api.internal.tasks.testing.junit.JUnitTestClassProcessor.processTestClass(JUnitTestClassProcessor.java:64)
	at org.gradle.api.internal.tasks.testing.SuiteTestClassProcessor.processTestClass(SuiteTestClassProcessor.java:50)
	at sun.reflect.GeneratedMethodAccessor108.invoke(Unknown Source)
	at sun.reflect.DelegatingMethodAccessorImpl.invoke(DelegatingMethodAccessorImpl.java:43)
	at java.lang.reflect.Method.invoke(Method.java:606)
	at org.gradle.messaging.dispatch.ReflectionDispatch.dispatch(ReflectionDispatch.java:35)
	at org.gradle.messaging.dispatch.ReflectionDispatch.dispatch(ReflectionDispatch.java:24)
	at org.gradle.messaging.dispatch.ContextClassLoaderDispatch.dispatch(ContextClassLoaderDispatch.java:32)
	at org.gradle.messaging.dispatch.ProxyDispatchAdapter$DispatchingInvocationHandler.invoke(ProxyDispatchAdapter.java:93)
	at com.sun.proxy.$Proxy2.processTestClass(Unknown Source)
	at org.gradle.api.internal.tasks.testing.worker.TestWorker.processTestClass(TestWorker.java:106)
	at sun.reflect.GeneratedMethodAccessor107.invoke(Unknown Source)
	at sun.reflect.DelegatingMethodAccessorImpl.invoke(DelegatingMethodAccessorImpl.java:43)
	at java.lang.reflect.Method.invoke(Method.java:606)
	at org.gradle.messaging.dispatch.ReflectionDispatch.dispatch(ReflectionDispatch.java:35)
	at org.gradle.messaging.dispatch.ReflectionDispatch.dispatch(ReflectionDispatch.java:24)
	at org.gradle.messaging.remote.internal.hub.MessageHub$Handler.run(MessageHub.java:360)
	at org.gradle.internal.concurrent.DefaultExecutorFactory$StoppableExecutorImpl$1.run(DefaultExecutorFactory.java:64)
	at java.util.concurrent.ThreadPoolExecutor.runWorker(ThreadPoolExecutor.java:1145)
	at java.util.concurrent.ThreadPoolExecutor$Worker.run(ThreadPoolExecutor.java:615)
	at java.lang.Thread.run(Thread.java:745)
]]></system-err>
</testsuite>
