<?xml version="1.0" encoding="UTF-8"?>
<testsuite name="projecttwo.app.server.service.organization.contactmanagement.GenderTestCase" tests="5" skipped="0" failures="0" errors="0" timestamp="2016-08-24T09:13:27" hostname="779044df1698" time="0.345">
  <properties/>
  <testcase name="test1Save" classname="projecttwo.app.server.service.organization.contactmanagement.GenderTestCase" time="0.113"/>
  <testcase name="test2Update" classname="projecttwo.app.server.service.organization.contactmanagement.GenderTestCase" time="0.1"/>
  <testcase name="test3FindById" classname="projecttwo.app.server.service.organization.contactmanagement.GenderTestCase" time="0.024"/>
  <testcase name="test5NegativeTesting" classname="projecttwo.app.server.service.organization.contactmanagement.GenderTestCase" time="0.009"/>
  <testcase name="test6Delete" classname="projecttwo.app.server.service.organization.contactmanagement.GenderTestCase" time="0.098"/>
  <system-out><![CDATA[Wed Aug 24 09:13:27 UTC 2016|Log Manager Factory|Initialization Process started.....
Wed Aug 24 09:13:27 UTC 2016|Log Manager|Initialized with Path = [/home/applifire/workspace/project2/src/main/webapp/WEB-INF/conf]
Wed Aug 24 09:13:27 UTC 2016|Alarm Manager|Initialized with Path = [/home/applifire/workspace/project2/src/main/webapp/WEB-INF/conf]
Wed Aug 24 09:13:27 UTC 2016|Alarm Manager|Loading Alarms ......
Wed Aug 24 09:13:27 UTC 2016|Alarm XML Parser|FWA|XML Parsing Complete........ 
Wed Aug 24 09:13:27 UTC 2016|Alarm File Manager|FWA|Alarm File Status.. [ApplicationFrameworkAlarms.xml]|Version=15|Status=Done 
Wed Aug 24 09:13:27 UTC 2016|Alarm File Manager|FWA|Alarm Stats = ( BC/AL=5/786 SYS=5/11 [786/0]  TPL=0/0 [0/0]  APP= A.Map=[875]  E.Map EC/RC=[391/79] )
Wed Aug 24 09:13:27 UTC 2016|Alarm XML Parser|APP|XML Parsing Complete........ 
Wed Aug 24 09:13:27 UTC 2016|Alarm File Manager|APP|Alarm File Status.. [ApplicationAlarms.xml]|Version=1|Status=Done 
Wed Aug 24 09:13:27 UTC 2016|Alarm File Manager|APP|Alarm Stats = ( BC/AL=5/786 SYS=5/11 [786/0]  TPL=0/0 [0/0]  APP=0/0 [0/0]  A.Map=[875]  E.Map EC/RC=[391/79] )
Wed Aug 24 09:13:27 UTC 2016|ApplicationAlarmContext| <><><><><> Create App Alarms ....  <><><><><> 
Wed Aug 24 09:13:27 UTC 2016|ApplicationAlarmContext|Alarms are generated ONLY in Development Mode.. 
Wed Aug 24 09:13:27 UTC 2016|Alarm Manager|APP|Alarm Stats = ( BC/AL=5/786 SYS=5/11 [786/0]  TPL=0/0 [0/0]  APP=0/0 [0/0]  A.Map=[875]  E.Map EC/RC=[391/79] )
Wed Aug 24 09:13:27 UTC 2016|Alarm Manager|Initialized Exception Lookup...
Wed Aug 24 09:13:27 UTC 2016|Log Manager|Initialize Log Config File ......
Wed Aug 24 09:13:27 UTC 2016|Pluggable Connectors|Adding Connectors : StandardOutputConnector isEnabled=true isDefault=false isFallBack=true
Wed Aug 24 09:13:27 UTC 2016|Pluggable Connectors|Adding Connectors : StandardFileConnector isEnabled=true isDefault=false isFallBack=false
Wed Aug 24 09:13:27 UTC 2016|Pluggable Connectors|Adding Connectors : Sprinkler isEnabled=true isDefault=true isFallBack=false
Wed Aug 24 09:13:27 UTC 2016|Pluggable Connectors|Default Connector Name : com.spartan.logger.core.LogMessenger
Wed Aug 24 09:13:27 UTC 2016|Log Config Parser|Connector Least Log Level =[4]  FallBack Log Level =[3]
Wed Aug 24 09:13:27 UTC 2016|Log Manager|Loading Default Connector for Logging ......
Wed Aug 24 09:13:27 UTC 2016|Log Manager|Loading class .. com.spartan.logger.core.LogMessenger
Wed Aug 24 09:13:27 UTC 2016|Plugggable Connector|Connector class com.spartan.logger.core.LogMessenger Initialized... @ Log Level = 3
Wed Aug 24 09:13:27 UTC 2016|Log Manager|Starting the Default Connector [com.spartan.logger.core.LogMessenger@1f8d1fd1] ....
Wed Aug 24 09:13:27 UTC 2016|Scheduler|Starting the Scheduler ......
Wed Aug 24 09:13:27 UTC 2016|Scheduler|Adding [LMID=[48db90a1-da1c-4294-b0dc-2cb1386596b8]] Delay=5 Time Unit=MINUTES
Wed Aug 24 09:13:27 UTC 2016|Scheduler|Adding [App Alarm Manager File=[ApplicationAlarms.xml]] Delay=30 Time Unit=MINUTES
Wed Aug 24 09:13:27 UTC 2016|Scheduler|Adding [FW Alarm Manager File=[ApplicationFrameworkAlarms.xml]] Delay=3 Time Unit=MINUTES
Wed Aug 24 09:13:27 UTC 2016|Scheduler|Startup Completed..
Wed Aug 24 09:13:27 UTC 2016|Log Manager|Initialization Process Complete ......
Wed Aug 24 09:13:27 UTC 2016|Log Manager Factory|Log Manager READY! ID = 48db90a1-da1c-4294-b0dc-2cb1386596b8
[EL Finer]: connection: 2016-08-24 09:13:27.699--ServerSession(516354556)--Thread(Thread[Test worker,5,main])--client acquired: 2113624675
[EL Finer]: transaction: 2016-08-24 09:13:27.699--ClientSession(2113624675)--Thread(Thread[Test worker,5,main])--acquire unit of work: 15424051
[EL Finest]: connection: 2016-08-24 09:13:27.699--ServerSession(516354556)--Connection(1533987517)--Thread(Thread[Test worker,5,main])--Connection acquired from connection pool [default].
[EL Finer]: transaction: 2016-08-24 09:13:27.699--ClientSession(2113624675)--Connection(1533987517)--Thread(Thread[Test worker,5,main])--begin transaction
[EL Finest]: connection: 2016-08-24 09:13:27.699--ClientSession(2113624675)--Thread(Thread[Test worker,5,main])--reconnecting to external connection pool
[EL Finest]: transaction: 2016-08-24 09:13:27.7--UnitOfWork(15424051)--Thread(Thread[Test worker,5,main])--persist() operation called on: aB4RDlXIg0zkiCFXjr49JTlrwqSWmsVp3oWTCkZL2h5QFwpRTo.
[EL Finest]: sequencing: 2016-08-24 09:13:27.701--UnitOfWork(15424051)--Thread(Thread[Test worker,5,main])--assign sequence to the object (6C2AFDE9-31ED-4730-9DE4-099B0619D1AF -> aB4RDlXIg0zkiCFXjr49JTlrwqSWmsVp3oWTCkZL2h5QFwpRTo)
[EL Finer]: transaction: 2016-08-24 09:13:27.701--UnitOfWork(15424051)--Thread(Thread[Test worker,5,main])--begin unit of work commit
[EL Finest]: query: 2016-08-24 09:13:27.701--UnitOfWork(15424051)--Thread(Thread[Test worker,5,main])--Execute query InsertObjectQuery(aB4RDlXIg0zkiCFXjr49JTlrwqSWmsVp3oWTCkZL2h5QFwpRTo)
[EL Fine]: sql: 2016-08-24 09:13:27.701--ClientSession(2113624675)--Connection(1202091898)--Thread(Thread[Test worker,5,main])--INSERT INTO ast_Gender_M (genderId, gender, versionId, createdBy, createdDate, updatedBy, updatedDate, activeStatus, txnAccessCode) VALUES (?, ?, ?, ?, ?, ?, ?, ?, ?)
	bind => [6C2AFDE9-31ED-4730-9DE4-099B0619D1AF, aB4RDlXIg0zkiCFXjr49JTlrwqSWmsVp3oWTCkZL2h5QFwpRTo, 1, AAAAA, 2016-08-24 09:13:27.686, AAAAA, 2016-08-24 09:13:27.686, 1, 51000]
[EL Finer]: transaction: 2016-08-24 09:13:27.706--ClientSession(2113624675)--Connection(1202091898)--Thread(Thread[Test worker,5,main])--commit transaction
[EL Finest]: connection: 2016-08-24 09:13:27.779--ServerSession(516354556)--Connection(1533987517)--Thread(Thread[Test worker,5,main])--Connection released to connection pool [default].
[EL Finer]: transaction: 2016-08-24 09:13:27.779--UnitOfWork(15424051)--Thread(Thread[Test worker,5,main])--end unit of work commit
[EL Finer]: transaction: 2016-08-24 09:13:27.779--UnitOfWork(15424051)--Thread(Thread[Test worker,5,main])--resume unit of work
[EL Finer]: transaction: 2016-08-24 09:13:27.779--UnitOfWork(15424051)--Thread(Thread[Test worker,5,main])--release unit of work
[EL Finer]: connection: 2016-08-24 09:13:27.779--ClientSession(2113624675)--Thread(Thread[Test worker,5,main])--client released
[EL Finer]: connection: 2016-08-24 09:13:27.81--ServerSession(516354556)--Thread(Thread[Test worker,5,main])--client acquired: 1051051332
[EL Finer]: transaction: 2016-08-24 09:13:27.81--ClientSession(1051051332)--Thread(Thread[Test worker,5,main])--acquire unit of work: 1966740349
[EL Finest]: connection: 2016-08-24 09:13:27.81--ServerSession(516354556)--Connection(936751019)--Thread(Thread[Test worker,5,main])--Connection acquired from connection pool [default].
[EL Finer]: transaction: 2016-08-24 09:13:27.81--ClientSession(1051051332)--Connection(936751019)--Thread(Thread[Test worker,5,main])--begin transaction
[EL Finest]: connection: 2016-08-24 09:13:27.81--ClientSession(1051051332)--Thread(Thread[Test worker,5,main])--reconnecting to external connection pool
[EL Finer]: transaction: 2016-08-24 09:13:27.812--UnitOfWork(1966740349)--Thread(Thread[Test worker,5,main])--begin unit of work flush
[EL Finer]: transaction: 2016-08-24 09:13:27.812--UnitOfWork(1966740349)--Thread(Thread[Test worker,5,main])--end unit of work flush
[EL Finest]: query: 2016-08-24 09:13:27.812--UnitOfWork(1966740349)--Thread(Thread[Test worker,5,main])--Execute query ReadAllQuery(name="Gender.findById" referenceClass=Gender sql="SELECT genderId, gender, versionId, createdBy, createdDate, updatedBy, updatedDate, activeStatus, txnAccessCode FROM ast_Gender_M WHERE ((activeStatus = ?) AND (genderId = ?))")
[EL Fine]: sql: 2016-08-24 09:13:27.813--ClientSession(1051051332)--Connection(1760806830)--Thread(Thread[Test worker,5,main])--SELECT genderId, gender, versionId, createdBy, createdDate, updatedBy, updatedDate, activeStatus, txnAccessCode FROM ast_Gender_M WHERE ((activeStatus = ?) AND (genderId = ?))
	bind => [1, 6C2AFDE9-31ED-4730-9DE4-099B0619D1AF]
[EL Finer]: transaction: 2016-08-24 09:13:27.815--UnitOfWork(1966740349)--Thread(Thread[Test worker,5,main])--begin unit of work commit
[EL Finer]: transaction: 2016-08-24 09:13:27.815--ClientSession(1051051332)--Connection(1760806830)--Thread(Thread[Test worker,5,main])--commit transaction
[EL Finest]: connection: 2016-08-24 09:13:27.816--ServerSession(516354556)--Connection(936751019)--Thread(Thread[Test worker,5,main])--Connection released to connection pool [default].
[EL Finer]: transaction: 2016-08-24 09:13:27.816--UnitOfWork(1966740349)--Thread(Thread[Test worker,5,main])--end unit of work commit
[EL Finer]: transaction: 2016-08-24 09:13:27.816--UnitOfWork(1966740349)--Thread(Thread[Test worker,5,main])--resume unit of work
[EL Finer]: transaction: 2016-08-24 09:13:27.816--UnitOfWork(1966740349)--Thread(Thread[Test worker,5,main])--release unit of work
[EL Finer]: connection: 2016-08-24 09:13:27.816--ClientSession(1051051332)--Thread(Thread[Test worker,5,main])--client released
[EL Finer]: connection: 2016-08-24 09:13:27.817--ServerSession(516354556)--Thread(Thread[Test worker,5,main])--client acquired: 268625625
[EL Finer]: transaction: 2016-08-24 09:13:27.817--ClientSession(268625625)--Thread(Thread[Test worker,5,main])--acquire unit of work: 780253381
[EL Finest]: connection: 2016-08-24 09:13:27.817--ServerSession(516354556)--Connection(1183425885)--Thread(Thread[Test worker,5,main])--Connection acquired from connection pool [default].
[EL Finer]: transaction: 2016-08-24 09:13:27.817--ClientSession(268625625)--Connection(1183425885)--Thread(Thread[Test worker,5,main])--begin transaction
[EL Finest]: connection: 2016-08-24 09:13:27.817--ClientSession(268625625)--Thread(Thread[Test worker,5,main])--reconnecting to external connection pool
[EL Finest]: transaction: 2016-08-24 09:13:27.821--UnitOfWork(780253381)--Thread(Thread[Test worker,5,main])--Merge clone with references 0cp3GBrwBxxb5c0sLZYK9m4YKcc7z9ER6aYt31vk7ZqFRUv67Z
[EL Finest]: query: 2016-08-24 09:13:27.821--UnitOfWork(780253381)--Thread(Thread[Test worker,5,main])--Execute query ReadObjectQuery(referenceClass=Gender )
[EL Fine]: sql: 2016-08-24 09:13:27.821--ClientSession(268625625)--Connection(930937317)--Thread(Thread[Test worker,5,main])--SELECT genderId, gender, versionId, createdBy, createdDate, updatedBy, updatedDate, activeStatus, txnAccessCode FROM ast_Gender_M WHERE (genderId = ?)
	bind => [6C2AFDE9-31ED-4730-9DE4-099B0619D1AF]
[EL Finer]: transaction: 2016-08-24 09:13:27.823--UnitOfWork(780253381)--Thread(Thread[Test worker,5,main])--begin unit of work commit
[EL Finest]: query: 2016-08-24 09:13:27.824--UnitOfWork(780253381)--Thread(Thread[Test worker,5,main])--Execute query UpdateObjectQuery(0cp3GBrwBxxb5c0sLZYK9m4YKcc7z9ER6aYt31vk7ZqFRUv67Z)
[EL Fine]: sql: 2016-08-24 09:13:27.824--ClientSession(268625625)--Connection(930937317)--Thread(Thread[Test worker,5,main])--UPDATE ast_Gender_M SET gender = ?, versionId = ? WHERE ((genderId = ?) AND (versionId = ?))
	bind => [0cp3GBrwBxxb5c0sLZYK9m4YKcc7z9ER6aYt31vk7ZqFRUv67Z, 2, 6C2AFDE9-31ED-4730-9DE4-099B0619D1AF, 1]
[EL Finer]: transaction: 2016-08-24 09:13:27.829--ClientSession(268625625)--Connection(930937317)--Thread(Thread[Test worker,5,main])--commit transaction
[EL Finest]: connection: 2016-08-24 09:13:27.879--ServerSession(516354556)--Connection(1183425885)--Thread(Thread[Test worker,5,main])--Connection released to connection pool [default].
[EL Finer]: transaction: 2016-08-24 09:13:27.879--UnitOfWork(780253381)--Thread(Thread[Test worker,5,main])--end unit of work commit
[EL Finer]: transaction: 2016-08-24 09:13:27.879--UnitOfWork(780253381)--Thread(Thread[Test worker,5,main])--resume unit of work
[EL Finer]: transaction: 2016-08-24 09:13:27.88--UnitOfWork(780253381)--Thread(Thread[Test worker,5,main])--release unit of work
[EL Finer]: connection: 2016-08-24 09:13:27.88--ClientSession(268625625)--Thread(Thread[Test worker,5,main])--client released
[EL Finer]: connection: 2016-08-24 09:13:27.9--ServerSession(516354556)--Thread(Thread[Test worker,5,main])--client acquired: 553634353
[EL Finer]: transaction: 2016-08-24 09:13:27.9--ClientSession(553634353)--Thread(Thread[Test worker,5,main])--acquire unit of work: 2033412067
[EL Finest]: connection: 2016-08-24 09:13:27.9--ServerSession(516354556)--Connection(501851711)--Thread(Thread[Test worker,5,main])--Connection acquired from connection pool [default].
[EL Finer]: transaction: 2016-08-24 09:13:27.9--ClientSession(553634353)--Connection(501851711)--Thread(Thread[Test worker,5,main])--begin transaction
[EL Finest]: connection: 2016-08-24 09:13:27.9--ClientSession(553634353)--Thread(Thread[Test worker,5,main])--reconnecting to external connection pool
[EL Finer]: transaction: 2016-08-24 09:13:27.901--UnitOfWork(2033412067)--Thread(Thread[Test worker,5,main])--begin unit of work flush
[EL Finer]: transaction: 2016-08-24 09:13:27.901--UnitOfWork(2033412067)--Thread(Thread[Test worker,5,main])--end unit of work flush
[EL Finest]: query: 2016-08-24 09:13:27.901--UnitOfWork(2033412067)--Thread(Thread[Test worker,5,main])--Execute query ReadAllQuery(name="Gender.findById" referenceClass=Gender sql="SELECT genderId, gender, versionId, createdBy, createdDate, updatedBy, updatedDate, activeStatus, txnAccessCode FROM ast_Gender_M WHERE ((activeStatus = ?) AND (genderId = ?))")
[EL Fine]: sql: 2016-08-24 09:13:27.902--ClientSession(553634353)--Connection(87624831)--Thread(Thread[Test worker,5,main])--SELECT genderId, gender, versionId, createdBy, createdDate, updatedBy, updatedDate, activeStatus, txnAccessCode FROM ast_Gender_M WHERE ((activeStatus = ?) AND (genderId = ?))
	bind => [1, 6C2AFDE9-31ED-4730-9DE4-099B0619D1AF]
[EL Finer]: transaction: 2016-08-24 09:13:27.903--UnitOfWork(2033412067)--Thread(Thread[Test worker,5,main])--begin unit of work commit
[EL Finer]: transaction: 2016-08-24 09:13:27.903--ClientSession(553634353)--Connection(87624831)--Thread(Thread[Test worker,5,main])--commit transaction
[EL Finest]: connection: 2016-08-24 09:13:27.904--ServerSession(516354556)--Connection(501851711)--Thread(Thread[Test worker,5,main])--Connection released to connection pool [default].
[EL Finer]: transaction: 2016-08-24 09:13:27.904--UnitOfWork(2033412067)--Thread(Thread[Test worker,5,main])--end unit of work commit
[EL Finer]: transaction: 2016-08-24 09:13:27.904--UnitOfWork(2033412067)--Thread(Thread[Test worker,5,main])--resume unit of work
[EL Finer]: transaction: 2016-08-24 09:13:27.904--UnitOfWork(2033412067)--Thread(Thread[Test worker,5,main])--release unit of work
[EL Finer]: connection: 2016-08-24 09:13:27.904--ClientSession(553634353)--Thread(Thread[Test worker,5,main])--client released
[EL Finer]: connection: 2016-08-24 09:13:27.931--ServerSession(516354556)--Thread(Thread[Test worker,5,main])--client acquired: 730522265
[EL Finer]: transaction: 2016-08-24 09:13:27.932--ClientSession(730522265)--Thread(Thread[Test worker,5,main])--acquire unit of work: 723697956
[EL Finest]: connection: 2016-08-24 09:13:27.932--ServerSession(516354556)--Connection(1991653531)--Thread(Thread[Test worker,5,main])--Connection acquired from connection pool [default].
[EL Finer]: transaction: 2016-08-24 09:13:27.932--ClientSession(730522265)--Connection(1991653531)--Thread(Thread[Test worker,5,main])--begin transaction
[EL Finest]: connection: 2016-08-24 09:13:27.932--ClientSession(730522265)--Thread(Thread[Test worker,5,main])--reconnecting to external connection pool
[EL Finest]: query: 2016-08-24 09:13:27.933--UnitOfWork(723697956)--Thread(Thread[Test worker,5,main])--Execute query ReadObjectQuery(name="readGender" referenceClass=Gender sql="SELECT genderId, gender, versionId, createdBy, createdDate, updatedBy, updatedDate, activeStatus, txnAccessCode FROM ast_Gender_M WHERE (genderId = ?)")
[EL Fine]: sql: 2016-08-24 09:13:27.933--ClientSession(730522265)--Connection(462282319)--Thread(Thread[Test worker,5,main])--SELECT genderId, gender, versionId, createdBy, createdDate, updatedBy, updatedDate, activeStatus, txnAccessCode FROM ast_Gender_M WHERE (genderId = ?)
	bind => [6C2AFDE9-31ED-4730-9DE4-099B0619D1AF]
[EL Finest]: transaction: 2016-08-24 09:13:27.934--UnitOfWork(723697956)--Thread(Thread[Test worker,5,main])--remove() operation called on: 0cp3GBrwBxxb5c0sLZYK9m4YKcc7z9ER6aYt31vk7ZqFRUv67Z
[EL Finer]: transaction: 2016-08-24 09:13:27.935--UnitOfWork(723697956)--Thread(Thread[Test worker,5,main])--begin unit of work commit
[EL Finest]: query: 2016-08-24 09:13:27.935--UnitOfWork(723697956)--Thread(Thread[Test worker,5,main])--Execute query DoesExistQuery(referenceClass=Gender )
[EL Finest]: query: 2016-08-24 09:13:27.935--UnitOfWork(723697956)--Thread(Thread[Test worker,5,main])--Execute query DeleteObjectQuery(0cp3GBrwBxxb5c0sLZYK9m4YKcc7z9ER6aYt31vk7ZqFRUv67Z)
[EL Fine]: sql: 2016-08-24 09:13:27.935--ClientSession(730522265)--Connection(462282319)--Thread(Thread[Test worker,5,main])--DELETE FROM ast_Gender_M WHERE ((genderId = ?) AND (versionId = ?))
	bind => [6C2AFDE9-31ED-4730-9DE4-099B0619D1AF, 2]
[EL Finer]: transaction: 2016-08-24 09:13:27.945--ClientSession(730522265)--Connection(462282319)--Thread(Thread[Test worker,5,main])--commit transaction
[EL Finest]: connection: 2016-08-24 09:13:28.011--ServerSession(516354556)--Connection(1991653531)--Thread(Thread[Test worker,5,main])--Connection released to connection pool [default].
[EL Finer]: transaction: 2016-08-24 09:13:28.011--UnitOfWork(723697956)--Thread(Thread[Test worker,5,main])--end unit of work commit
[EL Finer]: transaction: 2016-08-24 09:13:28.011--UnitOfWork(723697956)--Thread(Thread[Test worker,5,main])--resume unit of work
[EL Finer]: transaction: 2016-08-24 09:13:28.012--UnitOfWork(723697956)--Thread(Thread[Test worker,5,main])--release unit of work
[EL Finer]: connection: 2016-08-24 09:13:28.012--ClientSession(730522265)--Thread(Thread[Test worker,5,main])--client released
]]></system-out>
  <system-err><![CDATA[Gender.gender may not be null
java.lang.SecurityException: Gender.gender may not be null
	at com.athena.server.pluggable.utils.helper.EntityValidatorHelper.validateEntity(EntityValidatorHelper.java:37)
	at projecttwo.app.shared.organization.contactmanagement.Gender.isValid(Gender.java:148)
	at projecttwo.app.server.service.organization.contactmanagement.GenderTestCase.validateGender(GenderTestCase.java:204)
	at projecttwo.app.server.service.organization.contactmanagement.GenderTestCase.test5NegativeTesting(GenderTestCase.java:235)
	at sun.reflect.NativeMethodAccessorImpl.invoke0(Native Method)
	at sun.reflect.NativeMethodAccessorImpl.invoke(NativeMethodAccessorImpl.java:57)
	at sun.reflect.DelegatingMethodAccessorImpl.invoke(DelegatingMethodAccessorImpl.java:43)
	at java.lang.reflect.Method.invoke(Method.java:606)
	at org.junit.runners.model.FrameworkMethod$1.runReflectiveCall(FrameworkMethod.java:47)
	at org.junit.internal.runners.model.ReflectiveCallable.run(ReflectiveCallable.java:12)
	at org.junit.runners.model.FrameworkMethod.invokeExplosively(FrameworkMethod.java:44)
	at org.junit.internal.runners.statements.InvokeMethod.evaluate(InvokeMethod.java:17)
	at org.junit.internal.runners.statements.RunBefores.evaluate(RunBefores.java:26)
	at org.springframework.test.context.junit4.statements.RunBeforeTestMethodCallbacks.evaluate(RunBeforeTestMethodCallbacks.java:74)
	at org.junit.internal.runners.statements.RunAfters.evaluate(RunAfters.java:27)
	at org.springframework.test.context.junit4.statements.RunAfterTestMethodCallbacks.evaluate(RunAfterTestMethodCallbacks.java:83)
	at org.springframework.test.context.junit4.statements.SpringRepeat.evaluate(SpringRepeat.java:72)
	at org.springframework.test.context.junit4.SpringJUnit4ClassRunner.runChild(SpringJUnit4ClassRunner.java:233)
	at org.springframework.test.context.junit4.SpringJUnit4ClassRunner.runChild(SpringJUnit4ClassRunner.java:87)
	at org.junit.runners.ParentRunner$3.run(ParentRunner.java:238)
	at org.junit.runners.ParentRunner$1.schedule(ParentRunner.java:63)
	at org.junit.runners.ParentRunner.runChildren(ParentRunner.java:236)
	at org.junit.runners.ParentRunner.access$000(ParentRunner.java:53)
	at org.junit.runners.ParentRunner$2.evaluate(ParentRunner.java:229)
	at org.junit.internal.runners.statements.RunBefores.evaluate(RunBefores.java:26)
	at org.springframework.test.context.junit4.statements.RunBeforeTestClassCallbacks.evaluate(RunBeforeTestClassCallbacks.java:61)
	at org.springframework.test.context.junit4.statements.RunAfterTestClassCallbacks.evaluate(RunAfterTestClassCallbacks.java:71)
	at org.junit.runners.ParentRunner.run(ParentRunner.java:309)
	at org.springframework.test.context.junit4.SpringJUnit4ClassRunner.run(SpringJUnit4ClassRunner.java:176)
	at org.gradle.api.internal.tasks.testing.junit.JUnitTestClassExecuter.runTestClass(JUnitTestClassExecuter.java:86)
	at org.gradle.api.internal.tasks.testing.junit.JUnitTestClassExecuter.execute(JUnitTestClassExecuter.java:49)
	at org.gradle.api.internal.tasks.testing.junit.JUnitTestClassProcessor.processTestClass(JUnitTestClassProcessor.java:64)
	at org.gradle.api.internal.tasks.testing.SuiteTestClassProcessor.processTestClass(SuiteTestClassProcessor.java:50)
	at sun.reflect.GeneratedMethodAccessor108.invoke(Unknown Source)
	at sun.reflect.DelegatingMethodAccessorImpl.invoke(DelegatingMethodAccessorImpl.java:43)
	at java.lang.reflect.Method.invoke(Method.java:606)
	at org.gradle.messaging.dispatch.ReflectionDispatch.dispatch(ReflectionDispatch.java:35)
	at org.gradle.messaging.dispatch.ReflectionDispatch.dispatch(ReflectionDispatch.java:24)
	at org.gradle.messaging.dispatch.ContextClassLoaderDispatch.dispatch(ContextClassLoaderDispatch.java:32)
	at org.gradle.messaging.dispatch.ProxyDispatchAdapter$DispatchingInvocationHandler.invoke(ProxyDispatchAdapter.java:93)
	at com.sun.proxy.$Proxy2.processTestClass(Unknown Source)
	at org.gradle.api.internal.tasks.testing.worker.TestWorker.processTestClass(TestWorker.java:106)
	at sun.reflect.GeneratedMethodAccessor107.invoke(Unknown Source)
	at sun.reflect.DelegatingMethodAccessorImpl.invoke(DelegatingMethodAccessorImpl.java:43)
	at java.lang.reflect.Method.invoke(Method.java:606)
	at org.gradle.messaging.dispatch.ReflectionDispatch.dispatch(ReflectionDispatch.java:35)
	at org.gradle.messaging.dispatch.ReflectionDispatch.dispatch(ReflectionDispatch.java:24)
	at org.gradle.messaging.remote.internal.hub.MessageHub$Handler.run(MessageHub.java:360)
	at org.gradle.internal.concurrent.DefaultExecutorFactory$StoppableExecutorImpl$1.run(DefaultExecutorFactory.java:64)
	at java.util.concurrent.ThreadPoolExecutor.runWorker(ThreadPoolExecutor.java:1145)
	at java.util.concurrent.ThreadPoolExecutor$Worker.run(ThreadPoolExecutor.java:615)
	at java.lang.Thread.run(Thread.java:745)
Gender.gender size must be between 0 and 256
java.lang.SecurityException: Gender.gender size must be between 0 and 256
	at com.athena.server.pluggable.utils.helper.EntityValidatorHelper.validateEntity(EntityValidatorHelper.java:37)
	at projecttwo.app.shared.organization.contactmanagement.Gender.isValid(Gender.java:148)
	at projecttwo.app.server.service.organization.contactmanagement.GenderTestCase.validateGender(GenderTestCase.java:202)
	at projecttwo.app.server.service.organization.contactmanagement.GenderTestCase.test5NegativeTesting(GenderTestCase.java:240)
	at sun.reflect.NativeMethodAccessorImpl.invoke0(Native Method)
	at sun.reflect.NativeMethodAccessorImpl.invoke(NativeMethodAccessorImpl.java:57)
	at sun.reflect.DelegatingMethodAccessorImpl.invoke(DelegatingMethodAccessorImpl.java:43)
	at java.lang.reflect.Method.invoke(Method.java:606)
	at org.junit.runners.model.FrameworkMethod$1.runReflectiveCall(FrameworkMethod.java:47)
	at org.junit.internal.runners.model.ReflectiveCallable.run(ReflectiveCallable.java:12)
	at org.junit.runners.model.FrameworkMethod.invokeExplosively(FrameworkMethod.java:44)
	at org.junit.internal.runners.statements.InvokeMethod.evaluate(InvokeMethod.java:17)
	at org.junit.internal.runners.statements.RunBefores.evaluate(RunBefores.java:26)
	at org.springframework.test.context.junit4.statements.RunBeforeTestMethodCallbacks.evaluate(RunBeforeTestMethodCallbacks.java:74)
	at org.junit.internal.runners.statements.RunAfters.evaluate(RunAfters.java:27)
	at org.springframework.test.context.junit4.statements.RunAfterTestMethodCallbacks.evaluate(RunAfterTestMethodCallbacks.java:83)
	at org.springframework.test.context.junit4.statements.SpringRepeat.evaluate(SpringRepeat.java:72)
	at org.springframework.test.context.junit4.SpringJUnit4ClassRunner.runChild(SpringJUnit4ClassRunner.java:233)
	at org.springframework.test.context.junit4.SpringJUnit4ClassRunner.runChild(SpringJUnit4ClassRunner.java:87)
	at org.junit.runners.ParentRunner$3.run(ParentRunner.java:238)
	at org.junit.runners.ParentRunner$1.schedule(ParentRunner.java:63)
	at org.junit.runners.ParentRunner.runChildren(ParentRunner.java:236)
	at org.junit.runners.ParentRunner.access$000(ParentRunner.java:53)
	at org.junit.runners.ParentRunner$2.evaluate(ParentRunner.java:229)
	at org.junit.internal.runners.statements.RunBefores.evaluate(RunBefores.java:26)
	at org.springframework.test.context.junit4.statements.RunBeforeTestClassCallbacks.evaluate(RunBeforeTestClassCallbacks.java:61)
	at org.springframework.test.context.junit4.statements.RunAfterTestClassCallbacks.evaluate(RunAfterTestClassCallbacks.java:71)
	at org.junit.runners.ParentRunner.run(ParentRunner.java:309)
	at org.springframework.test.context.junit4.SpringJUnit4ClassRunner.run(SpringJUnit4ClassRunner.java:176)
	at org.gradle.api.internal.tasks.testing.junit.JUnitTestClassExecuter.runTestClass(JUnitTestClassExecuter.java:86)
	at org.gradle.api.internal.tasks.testing.junit.JUnitTestClassExecuter.execute(JUnitTestClassExecuter.java:49)
	at org.gradle.api.internal.tasks.testing.junit.JUnitTestClassProcessor.processTestClass(JUnitTestClassProcessor.java:64)
	at org.gradle.api.internal.tasks.testing.SuiteTestClassProcessor.processTestClass(SuiteTestClassProcessor.java:50)
	at sun.reflect.GeneratedMethodAccessor108.invoke(Unknown Source)
	at sun.reflect.DelegatingMethodAccessorImpl.invoke(DelegatingMethodAccessorImpl.java:43)
	at java.lang.reflect.Method.invoke(Method.java:606)
	at org.gradle.messaging.dispatch.ReflectionDispatch.dispatch(ReflectionDispatch.java:35)
	at org.gradle.messaging.dispatch.ReflectionDispatch.dispatch(ReflectionDispatch.java:24)
	at org.gradle.messaging.dispatch.ContextClassLoaderDispatch.dispatch(ContextClassLoaderDispatch.java:32)
	at org.gradle.messaging.dispatch.ProxyDispatchAdapter$DispatchingInvocationHandler.invoke(ProxyDispatchAdapter.java:93)
	at com.sun.proxy.$Proxy2.processTestClass(Unknown Source)
	at org.gradle.api.internal.tasks.testing.worker.TestWorker.processTestClass(TestWorker.java:106)
	at sun.reflect.GeneratedMethodAccessor107.invoke(Unknown Source)
	at sun.reflect.DelegatingMethodAccessorImpl.invoke(DelegatingMethodAccessorImpl.java:43)
	at java.lang.reflect.Method.invoke(Method.java:606)
	at org.gradle.messaging.dispatch.ReflectionDispatch.dispatch(ReflectionDispatch.java:35)
	at org.gradle.messaging.dispatch.ReflectionDispatch.dispatch(ReflectionDispatch.java:24)
	at org.gradle.messaging.remote.internal.hub.MessageHub$Handler.run(MessageHub.java:360)
	at org.gradle.internal.concurrent.DefaultExecutorFactory$StoppableExecutorImpl$1.run(DefaultExecutorFactory.java:64)
	at java.util.concurrent.ThreadPoolExecutor.runWorker(ThreadPoolExecutor.java:1145)
	at java.util.concurrent.ThreadPoolExecutor$Worker.run(ThreadPoolExecutor.java:615)
	at java.lang.Thread.run(Thread.java:745)
]]></system-err>
</testsuite>
