<?xml version="1.0" encoding="UTF-8"?>
<testsuite name="projecttwo.app.server.service.organization.contactmanagement.TitleTestCase" tests="5" skipped="0" failures="0" errors="0" timestamp="2016-08-24T09:13:28" hostname="779044df1698" time="1.584">
  <properties/>
  <testcase name="test1Save" classname="projecttwo.app.server.service.organization.contactmanagement.TitleTestCase" time="0.14"/>
  <testcase name="test2Update" classname="projecttwo.app.server.service.organization.contactmanagement.TitleTestCase" time="0.154"/>
  <testcase name="test3FindById" classname="projecttwo.app.server.service.organization.contactmanagement.TitleTestCase" time="0.033"/>
  <testcase name="test5NegativeTesting" classname="projecttwo.app.server.service.organization.contactmanagement.TitleTestCase" time="0.011"/>
  <testcase name="test6Delete" classname="projecttwo.app.server.service.organization.contactmanagement.TitleTestCase" time="1.245"/>
  <system-out><![CDATA[Wed Aug 24 09:13:28 UTC 2016|Log Manager Factory|Initialization Process started.....
Wed Aug 24 09:13:28 UTC 2016|Log Manager|Initialized with Path = [/home/applifire/workspace/project2/src/main/webapp/WEB-INF/conf]
Wed Aug 24 09:13:28 UTC 2016|Alarm Manager|Initialized with Path = [/home/applifire/workspace/project2/src/main/webapp/WEB-INF/conf]
Wed Aug 24 09:13:28 UTC 2016|Alarm Manager|Loading Alarms ......
Wed Aug 24 09:13:28 UTC 2016|Alarm XML Parser|FWA|XML Parsing Complete........ 
Wed Aug 24 09:13:28 UTC 2016|Alarm File Manager|FWA|Alarm File Status.. [ApplicationFrameworkAlarms.xml]|Version=15|Status=Done 
Wed Aug 24 09:13:28 UTC 2016|Alarm File Manager|FWA|Alarm Stats = ( BC/AL=5/786 SYS=5/11 [786/0]  TPL=0/0 [0/0]  APP= A.Map=[875]  E.Map EC/RC=[391/79] )
Wed Aug 24 09:13:28 UTC 2016|Alarm XML Parser|APP|XML Parsing Complete........ 
Wed Aug 24 09:13:28 UTC 2016|Alarm File Manager|APP|Alarm File Status.. [ApplicationAlarms.xml]|Version=1|Status=Done 
Wed Aug 24 09:13:28 UTC 2016|Alarm File Manager|APP|Alarm Stats = ( BC/AL=5/786 SYS=5/11 [786/0]  TPL=0/0 [0/0]  APP=0/0 [0/0]  A.Map=[875]  E.Map EC/RC=[391/79] )
Wed Aug 24 09:13:28 UTC 2016|ApplicationAlarmContext| <><><><><> Create App Alarms ....  <><><><><> 
Wed Aug 24 09:13:28 UTC 2016|ApplicationAlarmContext|Alarms are generated ONLY in Development Mode.. 
Wed Aug 24 09:13:28 UTC 2016|Alarm Manager|APP|Alarm Stats = ( BC/AL=5/786 SYS=5/11 [786/0]  TPL=0/0 [0/0]  APP=0/0 [0/0]  A.Map=[875]  E.Map EC/RC=[391/79] )
Wed Aug 24 09:13:28 UTC 2016|Alarm Manager|Initialized Exception Lookup...
Wed Aug 24 09:13:28 UTC 2016|Log Manager|Initialize Log Config File ......
Wed Aug 24 09:13:28 UTC 2016|Pluggable Connectors|Adding Connectors : StandardOutputConnector isEnabled=true isDefault=false isFallBack=true
Wed Aug 24 09:13:28 UTC 2016|Pluggable Connectors|Adding Connectors : StandardFileConnector isEnabled=true isDefault=false isFallBack=false
Wed Aug 24 09:13:28 UTC 2016|Pluggable Connectors|Adding Connectors : Sprinkler isEnabled=true isDefault=true isFallBack=false
Wed Aug 24 09:13:28 UTC 2016|Pluggable Connectors|Default Connector Name : com.spartan.logger.core.LogMessenger
Wed Aug 24 09:13:28 UTC 2016|Log Config Parser|Connector Least Log Level =[4]  FallBack Log Level =[3]
Wed Aug 24 09:13:28 UTC 2016|Log Manager|Loading Default Connector for Logging ......
Wed Aug 24 09:13:28 UTC 2016|Log Manager|Loading class .. com.spartan.logger.core.LogMessenger
Wed Aug 24 09:13:28 UTC 2016|Plugggable Connector|Connector class com.spartan.logger.core.LogMessenger Initialized... @ Log Level = 3
Wed Aug 24 09:13:28 UTC 2016|Log Manager|Starting the Default Connector [com.spartan.logger.core.LogMessenger@2a2ff190] ....
Wed Aug 24 09:13:28 UTC 2016|Scheduler|Starting the Scheduler ......
Wed Aug 24 09:13:28 UTC 2016|Scheduler|Adding [LMID=[48db90a1-da1c-4294-b0dc-2cb1386596b8]] Delay=5 Time Unit=MINUTES
Wed Aug 24 09:13:28 UTC 2016|Scheduler|Adding [App Alarm Manager File=[ApplicationAlarms.xml]] Delay=30 Time Unit=MINUTES
Wed Aug 24 09:13:28 UTC 2016|Scheduler|Adding [FW Alarm Manager File=[ApplicationFrameworkAlarms.xml]] Delay=3 Time Unit=MINUTES
Wed Aug 24 09:13:28 UTC 2016|Scheduler|Startup Completed..
Wed Aug 24 09:13:28 UTC 2016|Log Manager|Initialization Process Complete ......
Wed Aug 24 09:13:28 UTC 2016|Log Manager Factory|Log Manager READY! ID = 48db90a1-da1c-4294-b0dc-2cb1386596b8
[EL Finer]: connection: 2016-08-24 09:13:28.071--ServerSession(516354556)--Thread(Thread[Test worker,5,main])--client acquired: 400134451
[EL Finer]: transaction: 2016-08-24 09:13:28.071--ClientSession(400134451)--Thread(Thread[Test worker,5,main])--acquire unit of work: 1288419200
[EL Finest]: connection: 2016-08-24 09:13:28.071--ServerSession(516354556)--Connection(1383881699)--Thread(Thread[Test worker,5,main])--Connection acquired from connection pool [default].
[EL Finer]: transaction: 2016-08-24 09:13:28.071--ClientSession(400134451)--Connection(1383881699)--Thread(Thread[Test worker,5,main])--begin transaction
[EL Finest]: connection: 2016-08-24 09:13:28.071--ClientSession(400134451)--Thread(Thread[Test worker,5,main])--reconnecting to external connection pool
[EL Finest]: transaction: 2016-08-24 09:13:28.072--UnitOfWork(1288419200)--Thread(Thread[Test worker,5,main])--persist() operation called on: weG1OSLtLft6cWFJ7c0qTYFJafuTOhft2ZfUN4ozYl6w8SYNCM.
[EL Finest]: sequencing: 2016-08-24 09:13:28.073--UnitOfWork(1288419200)--Thread(Thread[Test worker,5,main])--assign sequence to the object (201F17B5-952D-468F-AD27-15B25FC8BF31 -> weG1OSLtLft6cWFJ7c0qTYFJafuTOhft2ZfUN4ozYl6w8SYNCM)
[EL Finer]: transaction: 2016-08-24 09:13:28.073--UnitOfWork(1288419200)--Thread(Thread[Test worker,5,main])--begin unit of work commit
[EL Finest]: query: 2016-08-24 09:13:28.073--UnitOfWork(1288419200)--Thread(Thread[Test worker,5,main])--Execute query InsertObjectQuery(weG1OSLtLft6cWFJ7c0qTYFJafuTOhft2ZfUN4ozYl6w8SYNCM)
[EL Fine]: sql: 2016-08-24 09:13:28.073--ClientSession(400134451)--Connection(1690875458)--Thread(Thread[Test worker,5,main])--INSERT INTO ast_Title_M (titleId, titles, versionId, createdBy, createdDate, updatedBy, updatedDate, activeStatus, txnAccessCode) VALUES (?, ?, ?, ?, ?, ?, ?, ?, ?)
	bind => [201F17B5-952D-468F-AD27-15B25FC8BF31, weG1OSLtLft6cWFJ7c0qTYFJafuTOhft2ZfUN4ozYl6w8SYNCM, 1, AAAAA, 2016-08-24 09:13:28.055, AAAAA, 2016-08-24 09:13:28.055, 1, 51000]
[EL Finer]: transaction: 2016-08-24 09:13:28.075--ClientSession(400134451)--Connection(1690875458)--Thread(Thread[Test worker,5,main])--commit transaction
[EL Finest]: connection: 2016-08-24 09:13:28.17--ServerSession(516354556)--Connection(1383881699)--Thread(Thread[Test worker,5,main])--Connection released to connection pool [default].
[EL Finer]: transaction: 2016-08-24 09:13:28.17--UnitOfWork(1288419200)--Thread(Thread[Test worker,5,main])--end unit of work commit
[EL Finer]: transaction: 2016-08-24 09:13:28.17--UnitOfWork(1288419200)--Thread(Thread[Test worker,5,main])--resume unit of work
[EL Finer]: transaction: 2016-08-24 09:13:28.171--UnitOfWork(1288419200)--Thread(Thread[Test worker,5,main])--release unit of work
[EL Finer]: connection: 2016-08-24 09:13:28.171--ClientSession(400134451)--Thread(Thread[Test worker,5,main])--client released
[EL Finer]: connection: 2016-08-24 09:13:28.201--ServerSession(516354556)--Thread(Thread[Test worker,5,main])--client acquired: 1593096672
[EL Finer]: transaction: 2016-08-24 09:13:28.201--ClientSession(1593096672)--Thread(Thread[Test worker,5,main])--acquire unit of work: 349655508
[EL Finest]: connection: 2016-08-24 09:13:28.201--ServerSession(516354556)--Connection(1144864764)--Thread(Thread[Test worker,5,main])--Connection acquired from connection pool [default].
[EL Finer]: transaction: 2016-08-24 09:13:28.201--ClientSession(1593096672)--Connection(1144864764)--Thread(Thread[Test worker,5,main])--begin transaction
[EL Finest]: connection: 2016-08-24 09:13:28.201--ClientSession(1593096672)--Thread(Thread[Test worker,5,main])--reconnecting to external connection pool
[EL Finer]: transaction: 2016-08-24 09:13:28.203--UnitOfWork(349655508)--Thread(Thread[Test worker,5,main])--begin unit of work flush
[EL Finer]: transaction: 2016-08-24 09:13:28.203--UnitOfWork(349655508)--Thread(Thread[Test worker,5,main])--end unit of work flush
[EL Finest]: query: 2016-08-24 09:13:28.203--UnitOfWork(349655508)--Thread(Thread[Test worker,5,main])--Execute query ReadAllQuery(name="Title.findById" referenceClass=Title sql="SELECT titleId, titles, versionId, createdBy, createdDate, updatedBy, updatedDate, activeStatus, txnAccessCode FROM ast_Title_M WHERE ((activeStatus = ?) AND (titleId = ?))")
[EL Fine]: sql: 2016-08-24 09:13:28.204--ClientSession(1593096672)--Connection(483860266)--Thread(Thread[Test worker,5,main])--SELECT titleId, titles, versionId, createdBy, createdDate, updatedBy, updatedDate, activeStatus, txnAccessCode FROM ast_Title_M WHERE ((activeStatus = ?) AND (titleId = ?))
	bind => [1, 201F17B5-952D-468F-AD27-15B25FC8BF31]
[EL Finer]: transaction: 2016-08-24 09:13:28.206--UnitOfWork(349655508)--Thread(Thread[Test worker,5,main])--begin unit of work commit
[EL Finer]: transaction: 2016-08-24 09:13:28.206--ClientSession(1593096672)--Connection(483860266)--Thread(Thread[Test worker,5,main])--commit transaction
[EL Finest]: connection: 2016-08-24 09:13:28.207--ServerSession(516354556)--Connection(1144864764)--Thread(Thread[Test worker,5,main])--Connection released to connection pool [default].
[EL Finer]: transaction: 2016-08-24 09:13:28.207--UnitOfWork(349655508)--Thread(Thread[Test worker,5,main])--end unit of work commit
[EL Finer]: transaction: 2016-08-24 09:13:28.207--UnitOfWork(349655508)--Thread(Thread[Test worker,5,main])--resume unit of work
[EL Finer]: transaction: 2016-08-24 09:13:28.207--UnitOfWork(349655508)--Thread(Thread[Test worker,5,main])--release unit of work
[EL Finer]: connection: 2016-08-24 09:13:28.207--ClientSession(1593096672)--Thread(Thread[Test worker,5,main])--client released
[EL Finer]: connection: 2016-08-24 09:13:28.208--ServerSession(516354556)--Thread(Thread[Test worker,5,main])--client acquired: 554564403
[EL Finer]: transaction: 2016-08-24 09:13:28.208--ClientSession(554564403)--Thread(Thread[Test worker,5,main])--acquire unit of work: 484893241
[EL Finest]: connection: 2016-08-24 09:13:28.208--ServerSession(516354556)--Connection(2047744769)--Thread(Thread[Test worker,5,main])--Connection acquired from connection pool [default].
[EL Finer]: transaction: 2016-08-24 09:13:28.208--ClientSession(554564403)--Connection(2047744769)--Thread(Thread[Test worker,5,main])--begin transaction
[EL Finest]: connection: 2016-08-24 09:13:28.208--ClientSession(554564403)--Thread(Thread[Test worker,5,main])--reconnecting to external connection pool
[EL Finest]: transaction: 2016-08-24 09:13:28.212--UnitOfWork(484893241)--Thread(Thread[Test worker,5,main])--Merge clone with references vyP6z5YnrIy8qUE3OheaqkKErGhwY5Z1mXm3asn8pQ69rLeoeW
[EL Finest]: query: 2016-08-24 09:13:28.212--UnitOfWork(484893241)--Thread(Thread[Test worker,5,main])--Execute query ReadObjectQuery(referenceClass=Title )
[EL Fine]: sql: 2016-08-24 09:13:28.212--ClientSession(554564403)--Connection(1085232189)--Thread(Thread[Test worker,5,main])--SELECT titleId, titles, versionId, createdBy, createdDate, updatedBy, updatedDate, activeStatus, txnAccessCode FROM ast_Title_M WHERE (titleId = ?)
	bind => [201F17B5-952D-468F-AD27-15B25FC8BF31]
[EL Finer]: transaction: 2016-08-24 09:13:28.214--UnitOfWork(484893241)--Thread(Thread[Test worker,5,main])--begin unit of work commit
[EL Finest]: query: 2016-08-24 09:13:28.214--UnitOfWork(484893241)--Thread(Thread[Test worker,5,main])--Execute query UpdateObjectQuery(vyP6z5YnrIy8qUE3OheaqkKErGhwY5Z1mXm3asn8pQ69rLeoeW)
[EL Fine]: sql: 2016-08-24 09:13:28.215--ClientSession(554564403)--Connection(1085232189)--Thread(Thread[Test worker,5,main])--UPDATE ast_Title_M SET titles = ?, versionId = ? WHERE ((titleId = ?) AND (versionId = ?))
	bind => [vyP6z5YnrIy8qUE3OheaqkKErGhwY5Z1mXm3asn8pQ69rLeoeW, 2, 201F17B5-952D-468F-AD27-15B25FC8BF31, 1]
[EL Finer]: transaction: 2016-08-24 09:13:28.217--ClientSession(554564403)--Connection(1085232189)--Thread(Thread[Test worker,5,main])--commit transaction
[EL Finest]: connection: 2016-08-24 09:13:28.323--ServerSession(516354556)--Connection(2047744769)--Thread(Thread[Test worker,5,main])--Connection released to connection pool [default].
[EL Finer]: transaction: 2016-08-24 09:13:28.324--UnitOfWork(484893241)--Thread(Thread[Test worker,5,main])--end unit of work commit
[EL Finer]: transaction: 2016-08-24 09:13:28.324--UnitOfWork(484893241)--Thread(Thread[Test worker,5,main])--resume unit of work
[EL Finer]: transaction: 2016-08-24 09:13:28.324--UnitOfWork(484893241)--Thread(Thread[Test worker,5,main])--release unit of work
[EL Finer]: connection: 2016-08-24 09:13:28.325--ClientSession(554564403)--Thread(Thread[Test worker,5,main])--client released
[EL Finer]: connection: 2016-08-24 09:13:28.353--ServerSession(516354556)--Thread(Thread[Test worker,5,main])--client acquired: 1588979159
[EL Finer]: transaction: 2016-08-24 09:13:28.353--ClientSession(1588979159)--Thread(Thread[Test worker,5,main])--acquire unit of work: 2013574868
[EL Finest]: connection: 2016-08-24 09:13:28.353--ServerSession(516354556)--Connection(2105497050)--Thread(Thread[Test worker,5,main])--Connection acquired from connection pool [default].
[EL Finer]: transaction: 2016-08-24 09:13:28.353--ClientSession(1588979159)--Connection(2105497050)--Thread(Thread[Test worker,5,main])--begin transaction
[EL Finest]: connection: 2016-08-24 09:13:28.353--ClientSession(1588979159)--Thread(Thread[Test worker,5,main])--reconnecting to external connection pool
[EL Finer]: transaction: 2016-08-24 09:13:28.355--UnitOfWork(2013574868)--Thread(Thread[Test worker,5,main])--begin unit of work flush
[EL Finer]: transaction: 2016-08-24 09:13:28.355--UnitOfWork(2013574868)--Thread(Thread[Test worker,5,main])--end unit of work flush
[EL Finest]: query: 2016-08-24 09:13:28.355--UnitOfWork(2013574868)--Thread(Thread[Test worker,5,main])--Execute query ReadAllQuery(name="Title.findById" referenceClass=Title sql="SELECT titleId, titles, versionId, createdBy, createdDate, updatedBy, updatedDate, activeStatus, txnAccessCode FROM ast_Title_M WHERE ((activeStatus = ?) AND (titleId = ?))")
[EL Fine]: sql: 2016-08-24 09:13:28.355--ClientSession(1588979159)--Connection(1930505122)--Thread(Thread[Test worker,5,main])--SELECT titleId, titles, versionId, createdBy, createdDate, updatedBy, updatedDate, activeStatus, txnAccessCode FROM ast_Title_M WHERE ((activeStatus = ?) AND (titleId = ?))
	bind => [1, 201F17B5-952D-468F-AD27-15B25FC8BF31]
[EL Finer]: transaction: 2016-08-24 09:13:28.357--UnitOfWork(2013574868)--Thread(Thread[Test worker,5,main])--begin unit of work commit
[EL Finer]: transaction: 2016-08-24 09:13:28.357--ClientSession(1588979159)--Connection(1930505122)--Thread(Thread[Test worker,5,main])--commit transaction
[EL Finest]: connection: 2016-08-24 09:13:28.358--ServerSession(516354556)--Connection(2105497050)--Thread(Thread[Test worker,5,main])--Connection released to connection pool [default].
[EL Finer]: transaction: 2016-08-24 09:13:28.358--UnitOfWork(2013574868)--Thread(Thread[Test worker,5,main])--end unit of work commit
[EL Finer]: transaction: 2016-08-24 09:13:28.358--UnitOfWork(2013574868)--Thread(Thread[Test worker,5,main])--resume unit of work
[EL Finer]: transaction: 2016-08-24 09:13:28.358--UnitOfWork(2013574868)--Thread(Thread[Test worker,5,main])--release unit of work
[EL Finer]: connection: 2016-08-24 09:13:28.358--ClientSession(1588979159)--Thread(Thread[Test worker,5,main])--client released
[EL Finer]: connection: 2016-08-24 09:13:28.394--ServerSession(516354556)--Thread(Thread[Test worker,5,main])--client acquired: 321103369
[EL Finer]: transaction: 2016-08-24 09:13:28.394--ClientSession(321103369)--Thread(Thread[Test worker,5,main])--acquire unit of work: 157917872
[EL Finest]: connection: 2016-08-24 09:13:28.394--ServerSession(516354556)--Connection(1983370659)--Thread(Thread[Test worker,5,main])--Connection acquired from connection pool [default].
[EL Finer]: transaction: 2016-08-24 09:13:28.394--ClientSession(321103369)--Connection(1983370659)--Thread(Thread[Test worker,5,main])--begin transaction
[EL Finest]: connection: 2016-08-24 09:13:28.394--ClientSession(321103369)--Thread(Thread[Test worker,5,main])--reconnecting to external connection pool
[EL Finest]: query: 2016-08-24 09:13:28.396--UnitOfWork(157917872)--Thread(Thread[Test worker,5,main])--Execute query ReadObjectQuery(name="readTitle" referenceClass=Title sql="SELECT titleId, titles, versionId, createdBy, createdDate, updatedBy, updatedDate, activeStatus, txnAccessCode FROM ast_Title_M WHERE (titleId = ?)")
[EL Fine]: sql: 2016-08-24 09:13:28.397--ClientSession(321103369)--Connection(1187373808)--Thread(Thread[Test worker,5,main])--SELECT titleId, titles, versionId, createdBy, createdDate, updatedBy, updatedDate, activeStatus, txnAccessCode FROM ast_Title_M WHERE (titleId = ?)
	bind => [201F17B5-952D-468F-AD27-15B25FC8BF31]
[EL Finest]: transaction: 2016-08-24 09:13:28.398--UnitOfWork(157917872)--Thread(Thread[Test worker,5,main])--remove() operation called on: vyP6z5YnrIy8qUE3OheaqkKErGhwY5Z1mXm3asn8pQ69rLeoeW
[EL Finer]: transaction: 2016-08-24 09:13:28.399--UnitOfWork(157917872)--Thread(Thread[Test worker,5,main])--begin unit of work commit
[EL Finest]: query: 2016-08-24 09:13:28.399--UnitOfWork(157917872)--Thread(Thread[Test worker,5,main])--Execute query DoesExistQuery(referenceClass=Title )
[EL Finest]: query: 2016-08-24 09:13:28.399--UnitOfWork(157917872)--Thread(Thread[Test worker,5,main])--Execute query DeleteObjectQuery(vyP6z5YnrIy8qUE3OheaqkKErGhwY5Z1mXm3asn8pQ69rLeoeW)
[EL Fine]: sql: 2016-08-24 09:13:28.399--ClientSession(321103369)--Connection(1187373808)--Thread(Thread[Test worker,5,main])--DELETE FROM ast_Title_M WHERE ((titleId = ?) AND (versionId = ?))
	bind => [201F17B5-952D-468F-AD27-15B25FC8BF31, 2]
[EL Finer]: transaction: 2016-08-24 09:13:28.4--ClientSession(321103369)--Connection(1187373808)--Thread(Thread[Test worker,5,main])--commit transaction
[EL Finest]: connection: 2016-08-24 09:13:29.614--ServerSession(516354556)--Connection(1983370659)--Thread(Thread[Test worker,5,main])--Connection released to connection pool [default].
[EL Finer]: transaction: 2016-08-24 09:13:29.614--UnitOfWork(157917872)--Thread(Thread[Test worker,5,main])--end unit of work commit
[EL Finer]: transaction: 2016-08-24 09:13:29.615--UnitOfWork(157917872)--Thread(Thread[Test worker,5,main])--resume unit of work
[EL Finer]: transaction: 2016-08-24 09:13:29.615--UnitOfWork(157917872)--Thread(Thread[Test worker,5,main])--release unit of work
[EL Finer]: connection: 2016-08-24 09:13:29.615--ClientSession(321103369)--Thread(Thread[Test worker,5,main])--client released
]]></system-out>
  <system-err><![CDATA[Title.titles may not be null
java.lang.SecurityException: Title.titles may not be null
	at com.athena.server.pluggable.utils.helper.EntityValidatorHelper.validateEntity(EntityValidatorHelper.java:37)
	at projecttwo.app.shared.organization.contactmanagement.Title.isValid(Title.java:148)
	at projecttwo.app.server.service.organization.contactmanagement.TitleTestCase.validateTitle(TitleTestCase.java:204)
	at projecttwo.app.server.service.organization.contactmanagement.TitleTestCase.test5NegativeTesting(TitleTestCase.java:235)
	at sun.reflect.NativeMethodAccessorImpl.invoke0(Native Method)
	at sun.reflect.NativeMethodAccessorImpl.invoke(NativeMethodAccessorImpl.java:57)
	at sun.reflect.DelegatingMethodAccessorImpl.invoke(DelegatingMethodAccessorImpl.java:43)
	at java.lang.reflect.Method.invoke(Method.java:606)
	at org.junit.runners.model.FrameworkMethod$1.runReflectiveCall(FrameworkMethod.java:47)
	at org.junit.internal.runners.model.ReflectiveCallable.run(ReflectiveCallable.java:12)
	at org.junit.runners.model.FrameworkMethod.invokeExplosively(FrameworkMethod.java:44)
	at org.junit.internal.runners.statements.InvokeMethod.evaluate(InvokeMethod.java:17)
	at org.junit.internal.runners.statements.RunBefores.evaluate(RunBefores.java:26)
	at org.springframework.test.context.junit4.statements.RunBeforeTestMethodCallbacks.evaluate(RunBeforeTestMethodCallbacks.java:74)
	at org.junit.internal.runners.statements.RunAfters.evaluate(RunAfters.java:27)
	at org.springframework.test.context.junit4.statements.RunAfterTestMethodCallbacks.evaluate(RunAfterTestMethodCallbacks.java:83)
	at org.springframework.test.context.junit4.statements.SpringRepeat.evaluate(SpringRepeat.java:72)
	at org.springframework.test.context.junit4.SpringJUnit4ClassRunner.runChild(SpringJUnit4ClassRunner.java:233)
	at org.springframework.test.context.junit4.SpringJUnit4ClassRunner.runChild(SpringJUnit4ClassRunner.java:87)
	at org.junit.runners.ParentRunner$3.run(ParentRunner.java:238)
	at org.junit.runners.ParentRunner$1.schedule(ParentRunner.java:63)
	at org.junit.runners.ParentRunner.runChildren(ParentRunner.java:236)
	at org.junit.runners.ParentRunner.access$000(ParentRunner.java:53)
	at org.junit.runners.ParentRunner$2.evaluate(ParentRunner.java:229)
	at org.junit.internal.runners.statements.RunBefores.evaluate(RunBefores.java:26)
	at org.springframework.test.context.junit4.statements.RunBeforeTestClassCallbacks.evaluate(RunBeforeTestClassCallbacks.java:61)
	at org.springframework.test.context.junit4.statements.RunAfterTestClassCallbacks.evaluate(RunAfterTestClassCallbacks.java:71)
	at org.junit.runners.ParentRunner.run(ParentRunner.java:309)
	at org.springframework.test.context.junit4.SpringJUnit4ClassRunner.run(SpringJUnit4ClassRunner.java:176)
	at org.gradle.api.internal.tasks.testing.junit.JUnitTestClassExecuter.runTestClass(JUnitTestClassExecuter.java:86)
	at org.gradle.api.internal.tasks.testing.junit.JUnitTestClassExecuter.execute(JUnitTestClassExecuter.java:49)
	at org.gradle.api.internal.tasks.testing.junit.JUnitTestClassProcessor.processTestClass(JUnitTestClassProcessor.java:64)
	at org.gradle.api.internal.tasks.testing.SuiteTestClassProcessor.processTestClass(SuiteTestClassProcessor.java:50)
	at sun.reflect.GeneratedMethodAccessor108.invoke(Unknown Source)
	at sun.reflect.DelegatingMethodAccessorImpl.invoke(DelegatingMethodAccessorImpl.java:43)
	at java.lang.reflect.Method.invoke(Method.java:606)
	at org.gradle.messaging.dispatch.ReflectionDispatch.dispatch(ReflectionDispatch.java:35)
	at org.gradle.messaging.dispatch.ReflectionDispatch.dispatch(ReflectionDispatch.java:24)
	at org.gradle.messaging.dispatch.ContextClassLoaderDispatch.dispatch(ContextClassLoaderDispatch.java:32)
	at org.gradle.messaging.dispatch.ProxyDispatchAdapter$DispatchingInvocationHandler.invoke(ProxyDispatchAdapter.java:93)
	at com.sun.proxy.$Proxy2.processTestClass(Unknown Source)
	at org.gradle.api.internal.tasks.testing.worker.TestWorker.processTestClass(TestWorker.java:106)
	at sun.reflect.GeneratedMethodAccessor107.invoke(Unknown Source)
	at sun.reflect.DelegatingMethodAccessorImpl.invoke(DelegatingMethodAccessorImpl.java:43)
	at java.lang.reflect.Method.invoke(Method.java:606)
	at org.gradle.messaging.dispatch.ReflectionDispatch.dispatch(ReflectionDispatch.java:35)
	at org.gradle.messaging.dispatch.ReflectionDispatch.dispatch(ReflectionDispatch.java:24)
	at org.gradle.messaging.remote.internal.hub.MessageHub$Handler.run(MessageHub.java:360)
	at org.gradle.internal.concurrent.DefaultExecutorFactory$StoppableExecutorImpl$1.run(DefaultExecutorFactory.java:64)
	at java.util.concurrent.ThreadPoolExecutor.runWorker(ThreadPoolExecutor.java:1145)
	at java.util.concurrent.ThreadPoolExecutor$Worker.run(ThreadPoolExecutor.java:615)
	at java.lang.Thread.run(Thread.java:745)
Title.titles size must be between 0 and 256
java.lang.SecurityException: Title.titles size must be between 0 and 256
	at com.athena.server.pluggable.utils.helper.EntityValidatorHelper.validateEntity(EntityValidatorHelper.java:37)
	at projecttwo.app.shared.organization.contactmanagement.Title.isValid(Title.java:148)
	at projecttwo.app.server.service.organization.contactmanagement.TitleTestCase.validateTitle(TitleTestCase.java:202)
	at projecttwo.app.server.service.organization.contactmanagement.TitleTestCase.test5NegativeTesting(TitleTestCase.java:240)
	at sun.reflect.NativeMethodAccessorImpl.invoke0(Native Method)
	at sun.reflect.NativeMethodAccessorImpl.invoke(NativeMethodAccessorImpl.java:57)
	at sun.reflect.DelegatingMethodAccessorImpl.invoke(DelegatingMethodAccessorImpl.java:43)
	at java.lang.reflect.Method.invoke(Method.java:606)
	at org.junit.runners.model.FrameworkMethod$1.runReflectiveCall(FrameworkMethod.java:47)
	at org.junit.internal.runners.model.ReflectiveCallable.run(ReflectiveCallable.java:12)
	at org.junit.runners.model.FrameworkMethod.invokeExplosively(FrameworkMethod.java:44)
	at org.junit.internal.runners.statements.InvokeMethod.evaluate(InvokeMethod.java:17)
	at org.junit.internal.runners.statements.RunBefores.evaluate(RunBefores.java:26)
	at org.springframework.test.context.junit4.statements.RunBeforeTestMethodCallbacks.evaluate(RunBeforeTestMethodCallbacks.java:74)
	at org.junit.internal.runners.statements.RunAfters.evaluate(RunAfters.java:27)
	at org.springframework.test.context.junit4.statements.RunAfterTestMethodCallbacks.evaluate(RunAfterTestMethodCallbacks.java:83)
	at org.springframework.test.context.junit4.statements.SpringRepeat.evaluate(SpringRepeat.java:72)
	at org.springframework.test.context.junit4.SpringJUnit4ClassRunner.runChild(SpringJUnit4ClassRunner.java:233)
	at org.springframework.test.context.junit4.SpringJUnit4ClassRunner.runChild(SpringJUnit4ClassRunner.java:87)
	at org.junit.runners.ParentRunner$3.run(ParentRunner.java:238)
	at org.junit.runners.ParentRunner$1.schedule(ParentRunner.java:63)
	at org.junit.runners.ParentRunner.runChildren(ParentRunner.java:236)
	at org.junit.runners.ParentRunner.access$000(ParentRunner.java:53)
	at org.junit.runners.ParentRunner$2.evaluate(ParentRunner.java:229)
	at org.junit.internal.runners.statements.RunBefores.evaluate(RunBefores.java:26)
	at org.springframework.test.context.junit4.statements.RunBeforeTestClassCallbacks.evaluate(RunBeforeTestClassCallbacks.java:61)
	at org.springframework.test.context.junit4.statements.RunAfterTestClassCallbacks.evaluate(RunAfterTestClassCallbacks.java:71)
	at org.junit.runners.ParentRunner.run(ParentRunner.java:309)
	at org.springframework.test.context.junit4.SpringJUnit4ClassRunner.run(SpringJUnit4ClassRunner.java:176)
	at org.gradle.api.internal.tasks.testing.junit.JUnitTestClassExecuter.runTestClass(JUnitTestClassExecuter.java:86)
	at org.gradle.api.internal.tasks.testing.junit.JUnitTestClassExecuter.execute(JUnitTestClassExecuter.java:49)
	at org.gradle.api.internal.tasks.testing.junit.JUnitTestClassProcessor.processTestClass(JUnitTestClassProcessor.java:64)
	at org.gradle.api.internal.tasks.testing.SuiteTestClassProcessor.processTestClass(SuiteTestClassProcessor.java:50)
	at sun.reflect.GeneratedMethodAccessor108.invoke(Unknown Source)
	at sun.reflect.DelegatingMethodAccessorImpl.invoke(DelegatingMethodAccessorImpl.java:43)
	at java.lang.reflect.Method.invoke(Method.java:606)
	at org.gradle.messaging.dispatch.ReflectionDispatch.dispatch(ReflectionDispatch.java:35)
	at org.gradle.messaging.dispatch.ReflectionDispatch.dispatch(ReflectionDispatch.java:24)
	at org.gradle.messaging.dispatch.ContextClassLoaderDispatch.dispatch(ContextClassLoaderDispatch.java:32)
	at org.gradle.messaging.dispatch.ProxyDispatchAdapter$DispatchingInvocationHandler.invoke(ProxyDispatchAdapter.java:93)
	at com.sun.proxy.$Proxy2.processTestClass(Unknown Source)
	at org.gradle.api.internal.tasks.testing.worker.TestWorker.processTestClass(TestWorker.java:106)
	at sun.reflect.GeneratedMethodAccessor107.invoke(Unknown Source)
	at sun.reflect.DelegatingMethodAccessorImpl.invoke(DelegatingMethodAccessorImpl.java:43)
	at java.lang.reflect.Method.invoke(Method.java:606)
	at org.gradle.messaging.dispatch.ReflectionDispatch.dispatch(ReflectionDispatch.java:35)
	at org.gradle.messaging.dispatch.ReflectionDispatch.dispatch(ReflectionDispatch.java:24)
	at org.gradle.messaging.remote.internal.hub.MessageHub$Handler.run(MessageHub.java:360)
	at org.gradle.internal.concurrent.DefaultExecutorFactory$StoppableExecutorImpl$1.run(DefaultExecutorFactory.java:64)
	at java.util.concurrent.ThreadPoolExecutor.runWorker(ThreadPoolExecutor.java:1145)
	at java.util.concurrent.ThreadPoolExecutor$Worker.run(ThreadPoolExecutor.java:615)
	at java.lang.Thread.run(Thread.java:745)
]]></system-err>
</testsuite>
